[2025-09-22 18:12:42,315][jax._src.xla_bridge][INFO] - Unable to initialize backend 'tpu': INTERNAL: Failed to open libtpu.so: libtpu.so: cannot open shared object file: No such file or directory
[2025-09-22 18:12:42,387][root][INFO] - Using JAX default device: cuda:0.
[2025-09-22 18:12:42,522][absl][INFO] - Device count: 1, process count: 1 (id 0), local device count: 1, devices to be used count: 1
[2025-09-22 18:12:43,132][root][INFO] - Using JAX default device: cuda:0.
[2025-09-22 18:12:49,292][root][INFO] - Using JAX default device: cuda:0.
[2025-09-22 18:12:58,416][absl][INFO] - {'eval/walltime': 9.060508966445923, 'eval/episode_reward': Array(280.1272, dtype=float32), 'eval/episode_reward/angle_in_bounds': Array(0., dtype=float32), 'eval/episode_reward/cart_in_bounds': Array(0., dtype=float32), 'eval/episode_reward/centered': Array(721.52405, dtype=float32), 'eval/episode_reward/small_control': Array(923.9684, dtype=float32), 'eval/episode_reward/small_velocity': Array(631.84155, dtype=float32), 'eval/episode_reward/upright': Array(570.74536, dtype=float32), 'eval/episode_reward_std': Array(59.778, dtype=float32), 'eval/episode_reward/angle_in_bounds_std': Array(0., dtype=float32), 'eval/episode_reward/cart_in_bounds_std': Array(0., dtype=float32), 'eval/episode_reward/centered_std': Array(65.59639, dtype=float32), 'eval/episode_reward/small_control_std': Array(11.044095, dtype=float32), 'eval/episode_reward/small_velocity_std': Array(68.4579, dtype=float32), 'eval/episode_reward/upright_std': Array(89.32887, dtype=float32), 'eval/avg_episode_length': Array(1000., dtype=float32), 'eval/std_episode_length': Array(0., dtype=float32), 'eval/epoch_eval_time': 9.060508966445923, 'eval/sps': 14127.241689625445}
[2025-09-22 18:12:58,567][absl][INFO] - starting iteration 0 16.0451078414917
[2025-09-22 18:13:12,220][root][INFO] - saving checkpoint to /home/seul/Desktop/project/mujoco/ppo_ckpt/000000983040
[2025-09-22 18:13:12,220][absl][INFO] - orbax-checkpoint version: 0.11.25
[2025-09-22 18:13:12,220][absl][INFO] - Created BasePyTreeCheckpointHandler: use_ocdbt=True, use_zarr3=False, pytree_metadata_options=PyTreeMetadataOptions(support_rich_types=False), array_metadata_store=<orbax.checkpoint._src.metadata.array_metadata_store.Store object at 0x7f9a3d851390>, enable_pinned_host_transfer=True, save_concurrent_bytes: 96000000000 (89.4 GiB), restore_concurrent_bytes: 96000000000 (89.4 GiB)
[2025-09-22 18:13:12,220][absl][INFO] - [thread=MainThread] Failed to get flag value for EXPERIMENTAL_ORBAX_USE_DISTRIBUTED_PROCESS_ID.
[2025-09-22 18:13:12,220][absl][INFO] - [process=0] Started saving checkpoint to /home/seul/Desktop/project/mujoco/ppo_ckpt/000000983040.
[2025-09-22 18:13:12,221][absl][INFO] - Specified `force`: removing existing directory.
[2025-09-22 18:13:12,222][absl][INFO] - Creating tmp directory /home/seul/Desktop/project/mujoco/ppo_ckpt/000000983040.orbax-checkpoint-tmp
[2025-09-22 18:13:12,222][absl][INFO] - Wrote Metadata={'item_handlers': None, 'metrics': {}, 'performance_metrics': {}, 'init_timestamp_nsecs': 1758532392222619830, 'commit_timestamp_nsecs': None, 'custom_metadata': {}}, json={"item_handlers": null, "metrics": {}, "performance_metrics": {}, "init_timestamp_nsecs": 1758532392222619830, "commit_timestamp_nsecs": null, "custom_metadata": {}} to /home/seul/Desktop/project/mujoco/ppo_ckpt/000000983040.orbax-checkpoint-tmp/_CHECKPOINT_METADATA
[2025-09-22 18:13:12,225][absl][INFO] - Transferring arrays to host memory with options: use_replica_parallel=True, min_slice_bytes_for_replica_parallel=None, max_replicas_for_replica_parallel=None, enable_pinned_host_transfer=True
[2025-09-22 18:13:12,230][absl][INFO] - Using ThreadSafeKeyValueSignalingClient
[2025-09-22 18:13:12,230][absl][INFO] - [process=0][thread=MainThread] Initiated "orbax.checkpoint._src.serialization.type_handlers.ArrayHandler".serialize. Time taken: 0.005571s
[2025-09-22 18:13:12,231][absl][INFO] - [process=0] /jax/checkpoint/write/blocking_gbytes_per_sec: 0 Bytes/s (total gbytes: 1.0 MiB) (time elapsed: 7 milliseconds) (per-host)
[2025-09-22 18:13:12,231][absl][INFO] - [process=0][thread=MainThread] Initiated Pytree async_save. Time taken: 0.007867s (batch_requests_ready=0.000781s, total_serialization_initiated=0.006884s, others=0.000203s)
[2025-09-22 18:13:12,231][absl][WARNING] - [process=0][thread=MainThread][operation_id=1] _SignalingThread.join() waiting for signals ([]) blocking the main thread will slow down blocking save times. This is likely due to main thread calling result() on a CommitFuture.
[2025-09-22 18:13:12,235][absl][INFO] - [process=0][thread=array_type_handler] Wrote 26 array_metadata.ArrayMetadata to /home/seul/Desktop/project/mujoco/ppo_ckpt/000000983040.orbax-checkpoint-tmp/array_metadatas/process_0
[2025-09-22 18:13:12,371][absl][INFO] - [process=0][thread=write_metadata_after_commits] Commit + Array metadata written. Time taken: 0.140056s (commit=0.138208s, array_metadata_write=0.001848s)
[2025-09-22 18:13:12,372][absl][INFO] - [process=0] /jax/checkpoint/write/gbytes_per_sec: 0 Bytes/s (total gbytes: 1.0 MiB) (time elapsed: 148 milliseconds) (per-host)
[2025-09-22 18:13:12,372][absl][INFO] - Read Metadata={'item_handlers': None, 'metrics': {}, 'performance_metrics': {}, 'init_timestamp_nsecs': 1758532392222619830, 'commit_timestamp_nsecs': None, 'custom_metadata': {}} from /home/seul/Desktop/project/mujoco/ppo_ckpt/000000983040.orbax-checkpoint-tmp/_CHECKPOINT_METADATA
[2025-09-22 18:13:12,372][absl][INFO] - Updated Metadata={'item_handlers': 'orbax.checkpoint._src.handlers.pytree_checkpoint_handler.PyTreeCheckpointHandler', 'metrics': {}, 'performance_metrics': {}, 'init_timestamp_nsecs': 1758532392222619830, 'commit_timestamp_nsecs': None, 'custom_metadata': {}} to /home/seul/Desktop/project/mujoco/ppo_ckpt/000000983040.orbax-checkpoint-tmp/_CHECKPOINT_METADATA
[2025-09-22 18:13:12,373][absl][INFO] - [process=0][thread=MainThread] Skipped cross-host ArrayMetadata validation because only one process is found: process_index=0.
[2025-09-22 18:13:12,400][absl][INFO] - [process=0][thread=MainThread] Pytree save finalize (merge_ocdbt + ArrayMetadata validation) completed. Time taken: 0.027342s. use_zarr3=False, enable_post_merge_validation=True, directory=/home/seul/Desktop/project/mujoco/ppo_ckpt/000000983040.orbax-checkpoint-tmp
[2025-09-22 18:13:12,401][absl][INFO] - Renaming /home/seul/Desktop/project/mujoco/ppo_ckpt/000000983040.orbax-checkpoint-tmp to /home/seul/Desktop/project/mujoco/ppo_ckpt/000000983040
[2025-09-22 18:13:12,402][absl][INFO] - [process=0][thread=MainThread] Finished saving checkpoint (finalized tmp dir) to `/home/seul/Desktop/project/mujoco/ppo_ckpt/000000983040`.
[2025-09-22 18:13:12,402][absl][INFO] - Finished synchronous save in 0.18 seconds to /home/seul/Desktop/project/mujoco/ppo_ckpt/000000983040
[2025-09-22 18:13:12,547][absl][INFO] - {'eval/walltime': 9.202659368515015, 'training/sps': np.float64(73359.40402076006), 'training/walltime': 13.40032696723938, 'training/entropy_loss': Array(-0.00522284, dtype=float32), 'training/policy_loss': Array(-0.00057095, dtype=float32), 'training/total_loss': Array(910.90125, dtype=float32), 'training/v_loss': Array(910.90704, dtype=float32), 'eval/episode_reward': Array(282.65762, dtype=float32), 'eval/episode_reward/angle_in_bounds': Array(0., dtype=float32), 'eval/episode_reward/cart_in_bounds': Array(0., dtype=float32), 'eval/episode_reward/centered': Array(729.676, dtype=float32), 'eval/episode_reward/small_control': Array(919.87256, dtype=float32), 'eval/episode_reward/small_velocity': Array(614.1146, dtype=float32), 'eval/episode_reward/upright': Array(582.3014, dtype=float32), 'eval/episode_reward_std': Array(55.537495, dtype=float32), 'eval/episode_reward/angle_in_bounds_std': Array(0., dtype=float32), 'eval/episode_reward/cart_in_bounds_std': Array(0., dtype=float32), 'eval/episode_reward/centered_std': Array(67.72888, dtype=float32), 'eval/episode_reward/small_control_std': Array(14.074052, dtype=float32), 'eval/episode_reward/small_velocity_std': Array(59.8503, dtype=float32), 'eval/episode_reward/upright_std': Array(58.709053, dtype=float32), 'eval/avg_episode_length': Array(1000., dtype=float32), 'eval/std_episode_length': Array(0., dtype=float32), 'eval/epoch_eval_time': 0.1421504020690918, 'eval/sps': 900454.7165317617}
[2025-09-22 18:13:12,586][absl][INFO] - starting iteration 1 30.06364393234253
[2025-09-22 18:13:14,859][root][INFO] - saving checkpoint to /home/seul/Desktop/project/mujoco/ppo_ckpt/000001966080
[2025-09-22 18:13:14,859][absl][INFO] - Created BasePyTreeCheckpointHandler: use_ocdbt=True, use_zarr3=False, pytree_metadata_options=PyTreeMetadataOptions(support_rich_types=False), array_metadata_store=<orbax.checkpoint._src.metadata.array_metadata_store.Store object at 0x7f9a3d851390>, enable_pinned_host_transfer=True, save_concurrent_bytes: 96000000000 (89.4 GiB), restore_concurrent_bytes: 96000000000 (89.4 GiB)
[2025-09-22 18:13:14,859][absl][INFO] - [process=0] Started saving checkpoint to /home/seul/Desktop/project/mujoco/ppo_ckpt/000001966080.
[2025-09-22 18:13:14,859][absl][INFO] - Specified `force`: removing existing directory.
[2025-09-22 18:13:14,860][absl][INFO] - Creating tmp directory /home/seul/Desktop/project/mujoco/ppo_ckpt/000001966080.orbax-checkpoint-tmp
[2025-09-22 18:13:14,862][absl][INFO] - Transferring arrays to host memory with options: use_replica_parallel=True, min_slice_bytes_for_replica_parallel=None, max_replicas_for_replica_parallel=None, enable_pinned_host_transfer=True
[2025-09-22 18:13:14,866][absl][INFO] - [process=0][thread=MainThread] Initiated "orbax.checkpoint._src.serialization.type_handlers.ArrayHandler".serialize. Time taken: 0.003227s
[2025-09-22 18:13:14,867][absl][INFO] - [process=0] /jax/checkpoint/write/blocking_gbytes_per_sec: 0 Bytes/s (total gbytes: 1.0 MiB) (time elapsed: 5 milliseconds) (per-host)
[2025-09-22 18:13:14,869][absl][INFO] - [process=0][thread=MainThread] Initiated Pytree async_save. Time taken: 0.008265s (batch_requests_ready=0.000661s, total_serialization_initiated=0.004100s, others=0.003504s)
[2025-09-22 18:13:14,869][absl][WARNING] - [process=0][thread=MainThread][operation_id=2] _SignalingThread.join() waiting for signals ([]) blocking the main thread will slow down blocking save times. This is likely due to main thread calling result() on a CommitFuture.
[2025-09-22 18:13:14,871][absl][INFO] - [process=0][thread=array_type_handler] Wrote 26 array_metadata.ArrayMetadata to /home/seul/Desktop/project/mujoco/ppo_ckpt/000001966080.orbax-checkpoint-tmp/array_metadatas/process_0
[2025-09-22 18:13:14,996][absl][INFO] - [process=0][thread=write_metadata_after_commits] Commit + Array metadata written. Time taken: 0.126652s (commit=0.125407s, array_metadata_write=0.001245s)
[2025-09-22 18:13:14,996][absl][INFO] - [process=0] /jax/checkpoint/write/gbytes_per_sec: 0 Bytes/s (total gbytes: 1.0 MiB) (time elapsed: 134 milliseconds) (per-host)
[2025-09-22 18:13:14,998][absl][INFO] - [process=0][thread=MainThread] Skipped cross-host ArrayMetadata validation because only one process is found: process_index=0.
[2025-09-22 18:13:15,023][absl][INFO] - [process=0][thread=MainThread] Pytree save finalize (merge_ocdbt + ArrayMetadata validation) completed. Time taken: 0.026658s. use_zarr3=False, enable_post_merge_validation=True, directory=/home/seul/Desktop/project/mujoco/ppo_ckpt/000001966080.orbax-checkpoint-tmp
[2025-09-22 18:13:15,024][absl][INFO] - Renaming /home/seul/Desktop/project/mujoco/ppo_ckpt/000001966080.orbax-checkpoint-tmp to /home/seul/Desktop/project/mujoco/ppo_ckpt/000001966080
[2025-09-22 18:13:15,025][absl][INFO] - [process=0][thread=MainThread] Finished saving checkpoint (finalized tmp dir) to `/home/seul/Desktop/project/mujoco/ppo_ckpt/000001966080`.
[2025-09-22 18:13:15,025][absl][INFO] - Finished synchronous save in 0.17 seconds to /home/seul/Desktop/project/mujoco/ppo_ckpt/000001966080
[2025-09-22 18:13:15,169][absl][INFO] - {'eval/walltime': 9.344181776046753, 'training/sps': np.float64(433704.61307567515), 'training/walltime': 15.666938781738281, 'training/entropy_loss': Array(-0.00498872, dtype=float32), 'training/policy_loss': Array(-0.0030702, dtype=float32), 'training/total_loss': Array(271.77454, dtype=float32), 'training/v_loss': Array(271.7826, dtype=float32), 'eval/episode_reward': Array(253.66617, dtype=float32), 'eval/episode_reward/angle_in_bounds': Array(0., dtype=float32), 'eval/episode_reward/cart_in_bounds': Array(0., dtype=float32), 'eval/episode_reward/centered': Array(704.0929, dtype=float32), 'eval/episode_reward/small_control': Array(922.27026, dtype=float32), 'eval/episode_reward/small_velocity': Array(577.5694, dtype=float32), 'eval/episode_reward/upright': Array(584.94635, dtype=float32), 'eval/episode_reward_std': Array(39.313335, dtype=float32), 'eval/episode_reward/angle_in_bounds_std': Array(0., dtype=float32), 'eval/episode_reward/cart_in_bounds_std': Array(0., dtype=float32), 'eval/episode_reward/centered_std': Array(41.85918, dtype=float32), 'eval/episode_reward/small_control_std': Array(8.745147, dtype=float32), 'eval/episode_reward/small_velocity_std': Array(45.105392, dtype=float32), 'eval/episode_reward/upright_std': Array(38.188335, dtype=float32), 'eval/avg_episode_length': Array(1000., dtype=float32), 'eval/std_episode_length': Array(0., dtype=float32), 'eval/epoch_eval_time': 0.14152240753173828, 'eval/sps': 904450.413418061}
[2025-09-22 18:13:15,208][absl][INFO] - starting iteration 2 32.68607497215271
[2025-09-22 18:13:17,481][root][INFO] - saving checkpoint to /home/seul/Desktop/project/mujoco/ppo_ckpt/000002949120
[2025-09-22 18:13:17,482][absl][INFO] - Created BasePyTreeCheckpointHandler: use_ocdbt=True, use_zarr3=False, pytree_metadata_options=PyTreeMetadataOptions(support_rich_types=False), array_metadata_store=<orbax.checkpoint._src.metadata.array_metadata_store.Store object at 0x7f9a3d851390>, enable_pinned_host_transfer=True, save_concurrent_bytes: 96000000000 (89.4 GiB), restore_concurrent_bytes: 96000000000 (89.4 GiB)
[2025-09-22 18:13:17,482][absl][INFO] - [process=0] Started saving checkpoint to /home/seul/Desktop/project/mujoco/ppo_ckpt/000002949120.
[2025-09-22 18:13:17,482][absl][INFO] - Specified `force`: removing existing directory.
[2025-09-22 18:13:17,483][absl][INFO] - Creating tmp directory /home/seul/Desktop/project/mujoco/ppo_ckpt/000002949120.orbax-checkpoint-tmp
[2025-09-22 18:13:17,485][absl][INFO] - Transferring arrays to host memory with options: use_replica_parallel=True, min_slice_bytes_for_replica_parallel=None, max_replicas_for_replica_parallel=None, enable_pinned_host_transfer=True
[2025-09-22 18:13:17,488][absl][INFO] - [process=0][thread=MainThread] Initiated "orbax.checkpoint._src.serialization.type_handlers.ArrayHandler".serialize. Time taken: 0.003020s
[2025-09-22 18:13:17,489][absl][INFO] - [process=0] /jax/checkpoint/write/blocking_gbytes_per_sec: 0 Bytes/s (total gbytes: 1.0 MiB) (time elapsed: 5 milliseconds) (per-host)
[2025-09-22 18:13:17,490][absl][INFO] - [process=0][thread=MainThread] Initiated Pytree async_save. Time taken: 0.006029s (batch_requests_ready=0.000651s, total_serialization_initiated=0.003884s, others=0.001494s)
[2025-09-22 18:13:17,490][absl][WARNING] - [process=0][thread=MainThread][operation_id=3] _SignalingThread.join() waiting for signals ([]) blocking the main thread will slow down blocking save times. This is likely due to main thread calling result() on a CommitFuture.
[2025-09-22 18:13:17,493][absl][INFO] - [process=0][thread=array_type_handler] Wrote 26 array_metadata.ArrayMetadata to /home/seul/Desktop/project/mujoco/ppo_ckpt/000002949120.orbax-checkpoint-tmp/array_metadatas/process_0
[2025-09-22 18:13:17,617][absl][INFO] - [process=0][thread=write_metadata_after_commits] Commit + Array metadata written. Time taken: 0.125280s (commit=0.124250s, array_metadata_write=0.001030s)
[2025-09-22 18:13:17,617][absl][INFO] - [process=0] /jax/checkpoint/write/gbytes_per_sec: 0 Bytes/s (total gbytes: 1.0 MiB) (time elapsed: 133 milliseconds) (per-host)
[2025-09-22 18:13:17,619][absl][INFO] - [process=0][thread=MainThread] Skipped cross-host ArrayMetadata validation because only one process is found: process_index=0.
[2025-09-22 18:13:17,644][absl][INFO] - [process=0][thread=MainThread] Pytree save finalize (merge_ocdbt + ArrayMetadata validation) completed. Time taken: 0.026598s. use_zarr3=False, enable_post_merge_validation=True, directory=/home/seul/Desktop/project/mujoco/ppo_ckpt/000002949120.orbax-checkpoint-tmp
[2025-09-22 18:13:17,645][absl][INFO] - Renaming /home/seul/Desktop/project/mujoco/ppo_ckpt/000002949120.orbax-checkpoint-tmp to /home/seul/Desktop/project/mujoco/ppo_ckpt/000002949120
[2025-09-22 18:13:17,646][absl][INFO] - [process=0][thread=MainThread] Finished saving checkpoint (finalized tmp dir) to `/home/seul/Desktop/project/mujoco/ppo_ckpt/000002949120`.
[2025-09-22 18:13:17,646][absl][INFO] - Finished synchronous save in 0.16 seconds to /home/seul/Desktop/project/mujoco/ppo_ckpt/000002949120
[2025-09-22 18:13:17,789][absl][INFO] - {'eval/walltime': 9.485544204711914, 'training/sps': np.float64(433595.15227842674), 'training/walltime': 17.934122800827026, 'training/entropy_loss': Array(-0.00473914, dtype=float32), 'training/policy_loss': Array(-0.0159769, dtype=float32), 'training/total_loss': Array(110.10527, dtype=float32), 'training/v_loss': Array(110.12598, dtype=float32), 'eval/episode_reward': Array(338.898, dtype=float32), 'eval/episode_reward/angle_in_bounds': Array(0., dtype=float32), 'eval/episode_reward/cart_in_bounds': Array(0., dtype=float32), 'eval/episode_reward/centered': Array(781.04266, dtype=float32), 'eval/episode_reward/small_control': Array(933.42303, dtype=float32), 'eval/episode_reward/small_velocity': Array(640.8939, dtype=float32), 'eval/episode_reward/upright': Array(625.3329, dtype=float32), 'eval/episode_reward_std': Array(54.86738, dtype=float32), 'eval/episode_reward/angle_in_bounds_std': Array(0., dtype=float32), 'eval/episode_reward/cart_in_bounds_std': Array(0., dtype=float32), 'eval/episode_reward/centered_std': Array(64.56995, dtype=float32), 'eval/episode_reward/small_control_std': Array(5.6965194, dtype=float32), 'eval/episode_reward/small_velocity_std': Array(45.640335, dtype=float32), 'eval/episode_reward/upright_std': Array(47.858624, dtype=float32), 'eval/avg_episode_length': Array(1000., dtype=float32), 'eval/std_episode_length': Array(0., dtype=float32), 'eval/epoch_eval_time': 0.14136242866516113, 'eval/sps': 905473.9735915819}
[2025-09-22 18:13:17,829][absl][INFO] - starting iteration 3 35.30692648887634
[2025-09-22 18:13:20,106][root][INFO] - saving checkpoint to /home/seul/Desktop/project/mujoco/ppo_ckpt/000003932160
[2025-09-22 18:13:20,106][absl][INFO] - Created BasePyTreeCheckpointHandler: use_ocdbt=True, use_zarr3=False, pytree_metadata_options=PyTreeMetadataOptions(support_rich_types=False), array_metadata_store=<orbax.checkpoint._src.metadata.array_metadata_store.Store object at 0x7f9a3d851390>, enable_pinned_host_transfer=True, save_concurrent_bytes: 96000000000 (89.4 GiB), restore_concurrent_bytes: 96000000000 (89.4 GiB)
[2025-09-22 18:13:20,106][absl][INFO] - [process=0] Started saving checkpoint to /home/seul/Desktop/project/mujoco/ppo_ckpt/000003932160.
[2025-09-22 18:13:20,106][absl][INFO] - Specified `force`: removing existing directory.
[2025-09-22 18:13:20,107][absl][INFO] - Creating tmp directory /home/seul/Desktop/project/mujoco/ppo_ckpt/000003932160.orbax-checkpoint-tmp
[2025-09-22 18:13:20,110][absl][INFO] - Transferring arrays to host memory with options: use_replica_parallel=True, min_slice_bytes_for_replica_parallel=None, max_replicas_for_replica_parallel=None, enable_pinned_host_transfer=True
[2025-09-22 18:13:20,112][absl][INFO] - [process=0][thread=MainThread] Initiated "orbax.checkpoint._src.serialization.type_handlers.ArrayHandler".serialize. Time taken: 0.002708s
[2025-09-22 18:13:20,114][absl][INFO] - [process=0] /jax/checkpoint/write/blocking_gbytes_per_sec: 0 Bytes/s (total gbytes: 1.0 MiB) (time elapsed: 6 milliseconds) (per-host)
[2025-09-22 18:13:20,116][absl][INFO] - [process=0][thread=MainThread] Initiated Pytree async_save. Time taken: 0.007839s (batch_requests_ready=0.000654s, total_serialization_initiated=0.004530s, others=0.002655s)
[2025-09-22 18:13:20,116][absl][WARNING] - [process=0][thread=MainThread][operation_id=4] _SignalingThread.join() waiting for signals ([]) blocking the main thread will slow down blocking save times. This is likely due to main thread calling result() on a CommitFuture.
[2025-09-22 18:13:20,118][absl][INFO] - [process=0][thread=array_type_handler] Wrote 26 array_metadata.ArrayMetadata to /home/seul/Desktop/project/mujoco/ppo_ckpt/000003932160.orbax-checkpoint-tmp/array_metadatas/process_0
[2025-09-22 18:13:20,244][absl][INFO] - [process=0][thread=write_metadata_after_commits] Commit + Array metadata written. Time taken: 0.128035s (commit=0.126554s, array_metadata_write=0.001481s)
[2025-09-22 18:13:20,244][absl][INFO] - [process=0] /jax/checkpoint/write/gbytes_per_sec: 0 Bytes/s (total gbytes: 1.0 MiB) (time elapsed: 136 milliseconds) (per-host)
[2025-09-22 18:13:20,246][absl][INFO] - [process=0][thread=MainThread] Skipped cross-host ArrayMetadata validation because only one process is found: process_index=0.
[2025-09-22 18:13:20,272][absl][INFO] - [process=0][thread=MainThread] Pytree save finalize (merge_ocdbt + ArrayMetadata validation) completed. Time taken: 0.026635s. use_zarr3=False, enable_post_merge_validation=True, directory=/home/seul/Desktop/project/mujoco/ppo_ckpt/000003932160.orbax-checkpoint-tmp
[2025-09-22 18:13:20,273][absl][INFO] - Renaming /home/seul/Desktop/project/mujoco/ppo_ckpt/000003932160.orbax-checkpoint-tmp to /home/seul/Desktop/project/mujoco/ppo_ckpt/000003932160
[2025-09-22 18:13:20,274][absl][INFO] - [process=0][thread=MainThread] Finished saving checkpoint (finalized tmp dir) to `/home/seul/Desktop/project/mujoco/ppo_ckpt/000003932160`.
[2025-09-22 18:13:20,274][absl][INFO] - Finished synchronous save in 0.17 seconds to /home/seul/Desktop/project/mujoco/ppo_ckpt/000003932160
[2025-09-22 18:13:20,417][absl][INFO] - {'eval/walltime': 9.626187801361084, 'training/sps': np.float64(432869.5044891446), 'training/walltime': 20.20510745048523, 'training/entropy_loss': Array(-0.00543476, dtype=float32), 'training/policy_loss': Array(-0.00342235, dtype=float32), 'training/total_loss': Array(148.07388, dtype=float32), 'training/v_loss': Array(148.08273, dtype=float32), 'eval/episode_reward': Array(378.09763, dtype=float32), 'eval/episode_reward/angle_in_bounds': Array(0., dtype=float32), 'eval/episode_reward/cart_in_bounds': Array(0., dtype=float32), 'eval/episode_reward/centered': Array(786.9232, dtype=float32), 'eval/episode_reward/small_control': Array(939.55566, dtype=float32), 'eval/episode_reward/small_velocity': Array(696.9636, dtype=float32), 'eval/episode_reward/upright': Array(631.6523, dtype=float32), 'eval/episode_reward_std': Array(58.05901, dtype=float32), 'eval/episode_reward/angle_in_bounds_std': Array(0., dtype=float32), 'eval/episode_reward/cart_in_bounds_std': Array(0., dtype=float32), 'eval/episode_reward/centered_std': Array(54.331306, dtype=float32), 'eval/episode_reward/small_control_std': Array(3.8364606, dtype=float32), 'eval/episode_reward/small_velocity_std': Array(41.13298, dtype=float32), 'eval/episode_reward/upright_std': Array(60.402256, dtype=float32), 'eval/avg_episode_length': Array(1000., dtype=float32), 'eval/std_episode_length': Array(0., dtype=float32), 'eval/epoch_eval_time': 0.14064359664916992, 'eval/sps': 910101.8677678666}
[2025-09-22 18:13:20,457][absl][INFO] - starting iteration 4 37.935112714767456
[2025-09-22 18:13:22,731][root][INFO] - saving checkpoint to /home/seul/Desktop/project/mujoco/ppo_ckpt/000004915200
[2025-09-22 18:13:22,731][absl][INFO] - Created BasePyTreeCheckpointHandler: use_ocdbt=True, use_zarr3=False, pytree_metadata_options=PyTreeMetadataOptions(support_rich_types=False), array_metadata_store=<orbax.checkpoint._src.metadata.array_metadata_store.Store object at 0x7f9a3d851390>, enable_pinned_host_transfer=True, save_concurrent_bytes: 96000000000 (89.4 GiB), restore_concurrent_bytes: 96000000000 (89.4 GiB)
[2025-09-22 18:13:22,731][absl][INFO] - [process=0] Started saving checkpoint to /home/seul/Desktop/project/mujoco/ppo_ckpt/000004915200.
[2025-09-22 18:13:22,731][absl][INFO] - Specified `force`: removing existing directory.
[2025-09-22 18:13:22,732][absl][INFO] - Creating tmp directory /home/seul/Desktop/project/mujoco/ppo_ckpt/000004915200.orbax-checkpoint-tmp
[2025-09-22 18:13:22,735][absl][INFO] - Transferring arrays to host memory with options: use_replica_parallel=True, min_slice_bytes_for_replica_parallel=None, max_replicas_for_replica_parallel=None, enable_pinned_host_transfer=True
[2025-09-22 18:13:22,737][absl][INFO] - [process=0][thread=MainThread] Initiated "orbax.checkpoint._src.serialization.type_handlers.ArrayHandler".serialize. Time taken: 0.002810s
[2025-09-22 18:13:22,741][absl][INFO] - [process=0] /jax/checkpoint/write/blocking_gbytes_per_sec: 0 Bytes/s (total gbytes: 1.0 MiB) (time elapsed: 7 milliseconds) (per-host)
[2025-09-22 18:13:22,741][absl][INFO] - [process=0][thread=MainThread] Initiated Pytree async_save. Time taken: 0.008049s (batch_requests_ready=0.000647s, total_serialization_initiated=0.003704s, others=0.003697s)
[2025-09-22 18:13:22,742][absl][WARNING] - [process=0][thread=MainThread][operation_id=5] _SignalingThread.join() waiting for signals ([]) blocking the main thread will slow down blocking save times. This is likely due to main thread calling result() on a CommitFuture.
[2025-09-22 18:13:22,743][absl][INFO] - [process=0][thread=array_type_handler] Wrote 26 array_metadata.ArrayMetadata to /home/seul/Desktop/project/mujoco/ppo_ckpt/000004915200.orbax-checkpoint-tmp/array_metadatas/process_0
[2025-09-22 18:13:22,867][absl][INFO] - [process=0][thread=write_metadata_after_commits] Commit + Array metadata written. Time taken: 0.126119s (commit=0.124893s, array_metadata_write=0.001226s)
[2025-09-22 18:13:22,867][absl][INFO] - [process=0] /jax/checkpoint/write/gbytes_per_sec: 0 Bytes/s (total gbytes: 1.0 MiB) (time elapsed: 134 milliseconds) (per-host)
[2025-09-22 18:13:22,869][absl][INFO] - [process=0][thread=MainThread] Skipped cross-host ArrayMetadata validation because only one process is found: process_index=0.
[2025-09-22 18:13:22,895][absl][INFO] - [process=0][thread=MainThread] Pytree save finalize (merge_ocdbt + ArrayMetadata validation) completed. Time taken: 0.026800s. use_zarr3=False, enable_post_merge_validation=True, directory=/home/seul/Desktop/project/mujoco/ppo_ckpt/000004915200.orbax-checkpoint-tmp
[2025-09-22 18:13:22,895][absl][INFO] - Renaming /home/seul/Desktop/project/mujoco/ppo_ckpt/000004915200.orbax-checkpoint-tmp to /home/seul/Desktop/project/mujoco/ppo_ckpt/000004915200
[2025-09-22 18:13:22,896][absl][INFO] - [process=0][thread=MainThread] Finished saving checkpoint (finalized tmp dir) to `/home/seul/Desktop/project/mujoco/ppo_ckpt/000004915200`.
[2025-09-22 18:13:22,897][absl][INFO] - Finished synchronous save in 0.17 seconds to /home/seul/Desktop/project/mujoco/ppo_ckpt/000004915200
[2025-09-22 18:13:23,040][absl][INFO] - {'eval/walltime': 9.766804456710815, 'training/sps': np.float64(433464.28235947154), 'training/walltime': 22.472975969314575, 'training/entropy_loss': Array(-0.0058212, dtype=float32), 'training/policy_loss': Array(-0.01352109, dtype=float32), 'training/total_loss': Array(307.49988, dtype=float32), 'training/v_loss': Array(307.51926, dtype=float32), 'eval/episode_reward': Array(468.9989, dtype=float32), 'eval/episode_reward/angle_in_bounds': Array(0., dtype=float32), 'eval/episode_reward/cart_in_bounds': Array(0., dtype=float32), 'eval/episode_reward/centered': Array(840.6163, dtype=float32), 'eval/episode_reward/small_control': Array(944.08057, dtype=float32), 'eval/episode_reward/small_velocity': Array(757.50684, dtype=float32), 'eval/episode_reward/upright': Array(677.9625, dtype=float32), 'eval/episode_reward_std': Array(57.735443, dtype=float32), 'eval/episode_reward/angle_in_bounds_std': Array(0., dtype=float32), 'eval/episode_reward/cart_in_bounds_std': Array(0., dtype=float32), 'eval/episode_reward/centered_std': Array(50.736565, dtype=float32), 'eval/episode_reward/small_control_std': Array(2.9809656, dtype=float32), 'eval/episode_reward/small_velocity_std': Array(31.465874, dtype=float32), 'eval/episode_reward/upright_std': Array(55.111958, dtype=float32), 'eval/avg_episode_length': Array(1000., dtype=float32), 'eval/std_episode_length': Array(0., dtype=float32), 'eval/epoch_eval_time': 0.14061665534973145, 'eval/sps': 910276.2377731698}
[2025-09-22 18:13:23,082][absl][INFO] - starting iteration 5 40.559640407562256
[2025-09-22 18:13:25,361][root][INFO] - saving checkpoint to /home/seul/Desktop/project/mujoco/ppo_ckpt/000005898240
[2025-09-22 18:13:25,361][absl][INFO] - Created BasePyTreeCheckpointHandler: use_ocdbt=True, use_zarr3=False, pytree_metadata_options=PyTreeMetadataOptions(support_rich_types=False), array_metadata_store=<orbax.checkpoint._src.metadata.array_metadata_store.Store object at 0x7f9a3d851390>, enable_pinned_host_transfer=True, save_concurrent_bytes: 96000000000 (89.4 GiB), restore_concurrent_bytes: 96000000000 (89.4 GiB)
[2025-09-22 18:13:25,361][absl][INFO] - [process=0] Started saving checkpoint to /home/seul/Desktop/project/mujoco/ppo_ckpt/000005898240.
[2025-09-22 18:13:25,362][absl][INFO] - Specified `force`: removing existing directory.
[2025-09-22 18:13:25,363][absl][INFO] - Creating tmp directory /home/seul/Desktop/project/mujoco/ppo_ckpt/000005898240.orbax-checkpoint-tmp
[2025-09-22 18:13:25,365][absl][INFO] - Transferring arrays to host memory with options: use_replica_parallel=True, min_slice_bytes_for_replica_parallel=None, max_replicas_for_replica_parallel=None, enable_pinned_host_transfer=True
[2025-09-22 18:13:25,368][absl][INFO] - [process=0][thread=MainThread] Initiated "orbax.checkpoint._src.serialization.type_handlers.ArrayHandler".serialize. Time taken: 0.003217s
[2025-09-22 18:13:25,369][absl][INFO] - [process=0] /jax/checkpoint/write/blocking_gbytes_per_sec: 0 Bytes/s (total gbytes: 1.0 MiB) (time elapsed: 5 milliseconds) (per-host)
[2025-09-22 18:13:25,372][absl][INFO] - [process=0][thread=MainThread] Initiated Pytree async_save. Time taken: 0.008300s (batch_requests_ready=0.000635s, total_serialization_initiated=0.004101s, others=0.003565s)
[2025-09-22 18:13:25,372][absl][WARNING] - [process=0][thread=MainThread][operation_id=6] _SignalingThread.join() waiting for signals ([]) blocking the main thread will slow down blocking save times. This is likely due to main thread calling result() on a CommitFuture.
[2025-09-22 18:13:25,374][absl][INFO] - [process=0][thread=array_type_handler] Wrote 26 array_metadata.ArrayMetadata to /home/seul/Desktop/project/mujoco/ppo_ckpt/000005898240.orbax-checkpoint-tmp/array_metadatas/process_0
[2025-09-22 18:13:25,500][absl][INFO] - [process=0][thread=write_metadata_after_commits] Commit + Array metadata written. Time taken: 0.128127s (commit=0.126856s, array_metadata_write=0.001271s)
[2025-09-22 18:13:25,500][absl][INFO] - [process=0] /jax/checkpoint/write/gbytes_per_sec: 0 Bytes/s (total gbytes: 1.0 MiB) (time elapsed: 136 milliseconds) (per-host)
[2025-09-22 18:13:25,502][absl][INFO] - [process=0][thread=MainThread] Skipped cross-host ArrayMetadata validation because only one process is found: process_index=0.
[2025-09-22 18:13:25,528][absl][INFO] - [process=0][thread=MainThread] Pytree save finalize (merge_ocdbt + ArrayMetadata validation) completed. Time taken: 0.026556s. use_zarr3=False, enable_post_merge_validation=True, directory=/home/seul/Desktop/project/mujoco/ppo_ckpt/000005898240.orbax-checkpoint-tmp
[2025-09-22 18:13:25,528][absl][INFO] - Renaming /home/seul/Desktop/project/mujoco/ppo_ckpt/000005898240.orbax-checkpoint-tmp to /home/seul/Desktop/project/mujoco/ppo_ckpt/000005898240
[2025-09-22 18:13:25,529][absl][INFO] - [process=0][thread=MainThread] Finished saving checkpoint (finalized tmp dir) to `/home/seul/Desktop/project/mujoco/ppo_ckpt/000005898240`.
[2025-09-22 18:13:25,530][absl][INFO] - Finished synchronous save in 0.17 seconds to /home/seul/Desktop/project/mujoco/ppo_ckpt/000005898240
[2025-09-22 18:13:25,674][absl][INFO] - {'eval/walltime': 9.908939361572266, 'training/sps': np.float64(432455.9445430183), 'training/walltime': 24.746132373809814, 'training/entropy_loss': Array(-0.00595254, dtype=float32), 'training/policy_loss': Array(-0.00203532, dtype=float32), 'training/total_loss': Array(979.7821, dtype=float32), 'training/v_loss': Array(979.79016, dtype=float32), 'eval/episode_reward': Array(445.84625, dtype=float32), 'eval/episode_reward/angle_in_bounds': Array(0., dtype=float32), 'eval/episode_reward/cart_in_bounds': Array(0., dtype=float32), 'eval/episode_reward/centered': Array(831.14923, dtype=float32), 'eval/episode_reward/small_control': Array(942.4804, dtype=float32), 'eval/episode_reward/small_velocity': Array(736.7728, dtype=float32), 'eval/episode_reward/upright': Array(672.2774, dtype=float32), 'eval/episode_reward_std': Array(55.482162, dtype=float32), 'eval/episode_reward/angle_in_bounds_std': Array(0., dtype=float32), 'eval/episode_reward/cart_in_bounds_std': Array(0., dtype=float32), 'eval/episode_reward/centered_std': Array(39.972286, dtype=float32), 'eval/episode_reward/small_control_std': Array(3.105059, dtype=float32), 'eval/episode_reward/small_velocity_std': Array(45.22046, dtype=float32), 'eval/episode_reward/upright_std': Array(56.648354, dtype=float32), 'eval/avg_episode_length': Array(1000., dtype=float32), 'eval/std_episode_length': Array(0., dtype=float32), 'eval/epoch_eval_time': 0.1421349048614502, 'eval/sps': 900552.8946233962}
[2025-09-22 18:13:25,716][absl][INFO] - starting iteration 6 43.19394779205322
[2025-09-22 18:13:27,994][root][INFO] - saving checkpoint to /home/seul/Desktop/project/mujoco/ppo_ckpt/000006881280
[2025-09-22 18:13:27,994][absl][INFO] - Created BasePyTreeCheckpointHandler: use_ocdbt=True, use_zarr3=False, pytree_metadata_options=PyTreeMetadataOptions(support_rich_types=False), array_metadata_store=<orbax.checkpoint._src.metadata.array_metadata_store.Store object at 0x7f9a3d851390>, enable_pinned_host_transfer=True, save_concurrent_bytes: 96000000000 (89.4 GiB), restore_concurrent_bytes: 96000000000 (89.4 GiB)
[2025-09-22 18:13:27,994][absl][INFO] - [process=0] Started saving checkpoint to /home/seul/Desktop/project/mujoco/ppo_ckpt/000006881280.
[2025-09-22 18:13:27,994][absl][INFO] - Specified `force`: removing existing directory.
[2025-09-22 18:13:27,996][absl][INFO] - Creating tmp directory /home/seul/Desktop/project/mujoco/ppo_ckpt/000006881280.orbax-checkpoint-tmp
[2025-09-22 18:13:27,998][absl][INFO] - Transferring arrays to host memory with options: use_replica_parallel=True, min_slice_bytes_for_replica_parallel=None, max_replicas_for_replica_parallel=None, enable_pinned_host_transfer=True
[2025-09-22 18:13:28,001][absl][INFO] - [process=0][thread=MainThread] Initiated "orbax.checkpoint._src.serialization.type_handlers.ArrayHandler".serialize. Time taken: 0.003220s
[2025-09-22 18:13:28,003][absl][INFO] - [process=0] /jax/checkpoint/write/blocking_gbytes_per_sec: 0 Bytes/s (total gbytes: 1.0 MiB) (time elapsed: 6 milliseconds) (per-host)
[2025-09-22 18:13:28,004][absl][INFO] - [process=0][thread=MainThread] Initiated Pytree async_save. Time taken: 0.007214s (batch_requests_ready=0.000646s, total_serialization_initiated=0.005311s, others=0.001257s)
[2025-09-22 18:13:28,004][absl][WARNING] - [process=0][thread=MainThread][operation_id=7] _SignalingThread.join() waiting for signals ([]) blocking the main thread will slow down blocking save times. This is likely due to main thread calling result() on a CommitFuture.
[2025-09-22 18:13:28,007][absl][INFO] - [process=0][thread=array_type_handler] Wrote 26 array_metadata.ArrayMetadata to /home/seul/Desktop/project/mujoco/ppo_ckpt/000006881280.orbax-checkpoint-tmp/array_metadatas/process_0
[2025-09-22 18:13:28,130][absl][INFO] - [process=0][thread=write_metadata_after_commits] Commit + Array metadata written. Time taken: 0.126537s (commit=0.125291s, array_metadata_write=0.001246s)
[2025-09-22 18:13:28,130][absl][INFO] - [process=0] /jax/checkpoint/write/gbytes_per_sec: 0 Bytes/s (total gbytes: 1.0 MiB) (time elapsed: 134 milliseconds) (per-host)
[2025-09-22 18:13:28,132][absl][INFO] - [process=0][thread=MainThread] Skipped cross-host ArrayMetadata validation because only one process is found: process_index=0.
[2025-09-22 18:13:28,158][absl][INFO] - [process=0][thread=MainThread] Pytree save finalize (merge_ocdbt + ArrayMetadata validation) completed. Time taken: 0.026626s. use_zarr3=False, enable_post_merge_validation=True, directory=/home/seul/Desktop/project/mujoco/ppo_ckpt/000006881280.orbax-checkpoint-tmp
[2025-09-22 18:13:28,158][absl][INFO] - Renaming /home/seul/Desktop/project/mujoco/ppo_ckpt/000006881280.orbax-checkpoint-tmp to /home/seul/Desktop/project/mujoco/ppo_ckpt/000006881280
[2025-09-22 18:13:28,159][absl][INFO] - [process=0][thread=MainThread] Finished saving checkpoint (finalized tmp dir) to `/home/seul/Desktop/project/mujoco/ppo_ckpt/000006881280`.
[2025-09-22 18:13:28,160][absl][INFO] - Finished synchronous save in 0.17 seconds to /home/seul/Desktop/project/mujoco/ppo_ckpt/000006881280
[2025-09-22 18:13:28,303][absl][INFO] - {'eval/walltime': 10.050105571746826, 'training/sps': np.float64(432678.9480507419), 'training/walltime': 27.01811718940735, 'training/entropy_loss': Array(-0.00572052, dtype=float32), 'training/policy_loss': Array(-0.00268652, dtype=float32), 'training/total_loss': Array(1047.8245, dtype=float32), 'training/v_loss': Array(1047.8329, dtype=float32), 'eval/episode_reward': Array(404.41156, dtype=float32), 'eval/episode_reward/angle_in_bounds': Array(0., dtype=float32), 'eval/episode_reward/cart_in_bounds': Array(0., dtype=float32), 'eval/episode_reward/centered': Array(803.8996, dtype=float32), 'eval/episode_reward/small_control': Array(942.0166, dtype=float32), 'eval/episode_reward/small_velocity': Array(718.6502, dtype=float32), 'eval/episode_reward/upright': Array(629.9785, dtype=float32), 'eval/episode_reward_std': Array(68.83592, dtype=float32), 'eval/episode_reward/angle_in_bounds_std': Array(0., dtype=float32), 'eval/episode_reward/cart_in_bounds_std': Array(0., dtype=float32), 'eval/episode_reward/centered_std': Array(46.133976, dtype=float32), 'eval/episode_reward/small_control_std': Array(4.040792, dtype=float32), 'eval/episode_reward/small_velocity_std': Array(69.88254, dtype=float32), 'eval/episode_reward/upright_std': Array(84.93473, dtype=float32), 'eval/avg_episode_length': Array(1000., dtype=float32), 'eval/std_episode_length': Array(0., dtype=float32), 'eval/epoch_eval_time': 0.14116621017456055, 'eval/sps': 906732.5661128132}
[2025-09-22 18:13:28,346][absl][INFO] - starting iteration 7 45.824042320251465
[2025-09-22 18:13:30,626][root][INFO] - saving checkpoint to /home/seul/Desktop/project/mujoco/ppo_ckpt/000007864320
[2025-09-22 18:13:30,626][absl][INFO] - Created BasePyTreeCheckpointHandler: use_ocdbt=True, use_zarr3=False, pytree_metadata_options=PyTreeMetadataOptions(support_rich_types=False), array_metadata_store=<orbax.checkpoint._src.metadata.array_metadata_store.Store object at 0x7f9a3d851390>, enable_pinned_host_transfer=True, save_concurrent_bytes: 96000000000 (89.4 GiB), restore_concurrent_bytes: 96000000000 (89.4 GiB)
[2025-09-22 18:13:30,626][absl][INFO] - [process=0] Started saving checkpoint to /home/seul/Desktop/project/mujoco/ppo_ckpt/000007864320.
[2025-09-22 18:13:30,626][absl][INFO] - Specified `force`: removing existing directory.
[2025-09-22 18:13:30,627][absl][INFO] - Creating tmp directory /home/seul/Desktop/project/mujoco/ppo_ckpt/000007864320.orbax-checkpoint-tmp
[2025-09-22 18:13:30,630][absl][INFO] - Transferring arrays to host memory with options: use_replica_parallel=True, min_slice_bytes_for_replica_parallel=None, max_replicas_for_replica_parallel=None, enable_pinned_host_transfer=True
[2025-09-22 18:13:30,633][absl][INFO] - [process=0][thread=MainThread] Initiated "orbax.checkpoint._src.serialization.type_handlers.ArrayHandler".serialize. Time taken: 0.003254s
[2025-09-22 18:13:30,635][absl][INFO] - [process=0] /jax/checkpoint/write/blocking_gbytes_per_sec: 0 Bytes/s (total gbytes: 1.0 MiB) (time elapsed: 6 milliseconds) (per-host)
[2025-09-22 18:13:30,636][absl][INFO] - [process=0][thread=MainThread] Initiated Pytree async_save. Time taken: 0.007541s (batch_requests_ready=0.000662s, total_serialization_initiated=0.004145s, others=0.002735s)
[2025-09-22 18:13:30,636][absl][WARNING] - [process=0][thread=MainThread][operation_id=8] _SignalingThread.join() waiting for signals ([]) blocking the main thread will slow down blocking save times. This is likely due to main thread calling result() on a CommitFuture.
[2025-09-22 18:13:30,639][absl][INFO] - [process=0][thread=array_type_handler] Wrote 26 array_metadata.ArrayMetadata to /home/seul/Desktop/project/mujoco/ppo_ckpt/000007864320.orbax-checkpoint-tmp/array_metadatas/process_0
[2025-09-22 18:13:30,765][absl][INFO] - [process=0][thread=write_metadata_after_commits] Commit + Array metadata written. Time taken: 0.131007s (commit=0.129867s, array_metadata_write=0.001141s)
[2025-09-22 18:13:30,766][absl][INFO] - [process=0] /jax/checkpoint/write/gbytes_per_sec: 0 Bytes/s (total gbytes: 1.0 MiB) (time elapsed: 137 milliseconds) (per-host)
[2025-09-22 18:13:30,767][absl][INFO] - [process=0][thread=MainThread] Skipped cross-host ArrayMetadata validation because only one process is found: process_index=0.
[2025-09-22 18:13:30,793][absl][INFO] - [process=0][thread=MainThread] Pytree save finalize (merge_ocdbt + ArrayMetadata validation) completed. Time taken: 0.026523s. use_zarr3=False, enable_post_merge_validation=True, directory=/home/seul/Desktop/project/mujoco/ppo_ckpt/000007864320.orbax-checkpoint-tmp
[2025-09-22 18:13:30,794][absl][INFO] - Renaming /home/seul/Desktop/project/mujoco/ppo_ckpt/000007864320.orbax-checkpoint-tmp to /home/seul/Desktop/project/mujoco/ppo_ckpt/000007864320
[2025-09-22 18:13:30,795][absl][INFO] - [process=0][thread=MainThread] Finished saving checkpoint (finalized tmp dir) to `/home/seul/Desktop/project/mujoco/ppo_ckpt/000007864320`.
[2025-09-22 18:13:30,795][absl][INFO] - Finished synchronous save in 0.17 seconds to /home/seul/Desktop/project/mujoco/ppo_ckpt/000007864320
[2025-09-22 18:13:30,937][absl][INFO] - {'eval/walltime': 10.190462827682495, 'training/sps': np.float64(432425.3754998829), 'training/walltime': 29.291434288024902, 'training/entropy_loss': Array(-0.00591921, dtype=float32), 'training/policy_loss': Array(-0.00499534, dtype=float32), 'training/total_loss': Array(299.4702, dtype=float32), 'training/v_loss': Array(299.48114, dtype=float32), 'eval/episode_reward': Array(468.6529, dtype=float32), 'eval/episode_reward/angle_in_bounds': Array(0., dtype=float32), 'eval/episode_reward/cart_in_bounds': Array(0., dtype=float32), 'eval/episode_reward/centered': Array(840.0349, dtype=float32), 'eval/episode_reward/small_control': Array(946.4452, dtype=float32), 'eval/episode_reward/small_velocity': Array(770.8342, dtype=float32), 'eval/episode_reward/upright': Array(654.4155, dtype=float32), 'eval/episode_reward_std': Array(65.83487, dtype=float32), 'eval/episode_reward/angle_in_bounds_std': Array(0., dtype=float32), 'eval/episode_reward/cart_in_bounds_std': Array(0., dtype=float32), 'eval/episode_reward/centered_std': Array(38.116, dtype=float32), 'eval/episode_reward/small_control_std': Array(3.7819703, dtype=float32), 'eval/episode_reward/small_velocity_std': Array(45.951836, dtype=float32), 'eval/episode_reward/upright_std': Array(89.82497, dtype=float32), 'eval/avg_episode_length': Array(1000., dtype=float32), 'eval/std_episode_length': Array(0., dtype=float32), 'eval/epoch_eval_time': 0.14035725593566895, 'eval/sps': 911958.5528137374}
[2025-09-22 18:13:30,981][absl][INFO] - starting iteration 8 48.45860052108765
[2025-09-22 18:13:33,260][root][INFO] - saving checkpoint to /home/seul/Desktop/project/mujoco/ppo_ckpt/000008847360
[2025-09-22 18:13:33,260][absl][INFO] - Created BasePyTreeCheckpointHandler: use_ocdbt=True, use_zarr3=False, pytree_metadata_options=PyTreeMetadataOptions(support_rich_types=False), array_metadata_store=<orbax.checkpoint._src.metadata.array_metadata_store.Store object at 0x7f9a3d851390>, enable_pinned_host_transfer=True, save_concurrent_bytes: 96000000000 (89.4 GiB), restore_concurrent_bytes: 96000000000 (89.4 GiB)
[2025-09-22 18:13:33,260][absl][INFO] - [process=0] Started saving checkpoint to /home/seul/Desktop/project/mujoco/ppo_ckpt/000008847360.
[2025-09-22 18:13:33,260][absl][INFO] - Specified `force`: removing existing directory.
[2025-09-22 18:13:33,261][absl][INFO] - Creating tmp directory /home/seul/Desktop/project/mujoco/ppo_ckpt/000008847360.orbax-checkpoint-tmp
[2025-09-22 18:13:33,263][absl][INFO] - Transferring arrays to host memory with options: use_replica_parallel=True, min_slice_bytes_for_replica_parallel=None, max_replicas_for_replica_parallel=None, enable_pinned_host_transfer=True
[2025-09-22 18:13:33,267][absl][INFO] - [process=0][thread=MainThread] Initiated "orbax.checkpoint._src.serialization.type_handlers.ArrayHandler".serialize. Time taken: 0.003211s
[2025-09-22 18:13:33,268][absl][INFO] - [process=0] /jax/checkpoint/write/blocking_gbytes_per_sec: 0 Bytes/s (total gbytes: 1.0 MiB) (time elapsed: 6 milliseconds) (per-host)
[2025-09-22 18:13:33,270][absl][INFO] - [process=0][thread=MainThread] Initiated Pytree async_save. Time taken: 0.008265s (batch_requests_ready=0.000635s, total_serialization_initiated=0.004107s, others=0.003523s)
[2025-09-22 18:13:33,271][absl][WARNING] - [process=0][thread=MainThread][operation_id=9] _SignalingThread.join() waiting for signals ([]) blocking the main thread will slow down blocking save times. This is likely due to main thread calling result() on a CommitFuture.
[2025-09-22 18:13:33,272][absl][INFO] - [process=0][thread=array_type_handler] Wrote 26 array_metadata.ArrayMetadata to /home/seul/Desktop/project/mujoco/ppo_ckpt/000008847360.orbax-checkpoint-tmp/array_metadatas/process_0
[2025-09-22 18:13:33,397][absl][INFO] - [process=0][thread=write_metadata_after_commits] Commit + Array metadata written. Time taken: 0.126370s (commit=0.125134s, array_metadata_write=0.001236s)
[2025-09-22 18:13:33,397][absl][INFO] - [process=0] /jax/checkpoint/write/gbytes_per_sec: 0 Bytes/s (total gbytes: 1.0 MiB) (time elapsed: 134 milliseconds) (per-host)
[2025-09-22 18:13:33,398][absl][INFO] - [process=0][thread=MainThread] Skipped cross-host ArrayMetadata validation because only one process is found: process_index=0.
[2025-09-22 18:13:33,424][absl][INFO] - [process=0][thread=MainThread] Pytree save finalize (merge_ocdbt + ArrayMetadata validation) completed. Time taken: 0.026429s. use_zarr3=False, enable_post_merge_validation=True, directory=/home/seul/Desktop/project/mujoco/ppo_ckpt/000008847360.orbax-checkpoint-tmp
[2025-09-22 18:13:33,424][absl][INFO] - Renaming /home/seul/Desktop/project/mujoco/ppo_ckpt/000008847360.orbax-checkpoint-tmp to /home/seul/Desktop/project/mujoco/ppo_ckpt/000008847360
[2025-09-22 18:13:33,425][absl][INFO] - [process=0][thread=MainThread] Finished saving checkpoint (finalized tmp dir) to `/home/seul/Desktop/project/mujoco/ppo_ckpt/000008847360`.
[2025-09-22 18:13:33,426][absl][INFO] - Finished synchronous save in 0.17 seconds to /home/seul/Desktop/project/mujoco/ppo_ckpt/000008847360
[2025-09-22 18:13:33,568][absl][INFO] - {'eval/walltime': 10.330863952636719, 'training/sps': np.float64(432522.63089306344), 'training/walltime': 31.564240217208862, 'training/entropy_loss': Array(-0.00492603, dtype=float32), 'training/policy_loss': Array(-0.01346306, dtype=float32), 'training/total_loss': Array(302.95276, dtype=float32), 'training/v_loss': Array(302.97113, dtype=float32), 'eval/episode_reward': Array(765.34546, dtype=float32), 'eval/episode_reward/angle_in_bounds': Array(0., dtype=float32), 'eval/episode_reward/cart_in_bounds': Array(0., dtype=float32), 'eval/episode_reward/centered': Array(913.8264, dtype=float32), 'eval/episode_reward/small_control': Array(961.34265, dtype=float32), 'eval/episode_reward/small_velocity': Array(913.2207, dtype=float32), 'eval/episode_reward/upright': Array(880.78406, dtype=float32), 'eval/episode_reward_std': Array(130.23514, dtype=float32), 'eval/episode_reward/angle_in_bounds_std': Array(0., dtype=float32), 'eval/episode_reward/cart_in_bounds_std': Array(0., dtype=float32), 'eval/episode_reward/centered_std': Array(46.673634, dtype=float32), 'eval/episode_reward/small_control_std': Array(5.621271, dtype=float32), 'eval/episode_reward/small_velocity_std': Array(63.551292, dtype=float32), 'eval/episode_reward/upright_std': Array(91.26154, dtype=float32), 'eval/avg_episode_length': Array(1000., dtype=float32), 'eval/std_episode_length': Array(0., dtype=float32), 'eval/epoch_eval_time': 0.14040112495422363, 'eval/sps': 911673.6069011777}
[2025-09-22 18:13:33,880][absl][INFO] - total steps: 8847360
[2025-09-22 18:13:33,958][root][INFO] - Using JAX default device: cuda:0.
