[2025-09-22 18:22:26,397][jax._src.xla_bridge][INFO] - Unable to initialize backend 'tpu': INTERNAL: Failed to open libtpu.so: libtpu.so: cannot open shared object file: No such file or directory
[2025-09-22 18:22:26,459][root][INFO] - Using JAX default device: cuda:0.
[2025-09-22 18:22:26,594][absl][INFO] - Device count: 1, process count: 1 (id 0), local device count: 1, devices to be used count: 1
[2025-09-22 18:22:27,224][root][INFO] - Using JAX default device: cuda:0.
[2025-09-22 18:22:33,643][root][INFO] - Using JAX default device: cuda:0.
[2025-09-22 18:22:42,636][absl][INFO] - {'eval/walltime': 8.92675256729126, 'eval/episode_reward': Array(280.1272, dtype=float32), 'eval/episode_reward/angle_in_bounds': Array(0., dtype=float32), 'eval/episode_reward/cart_in_bounds': Array(0., dtype=float32), 'eval/episode_reward/centered': Array(721.52405, dtype=float32), 'eval/episode_reward/small_control': Array(923.9684, dtype=float32), 'eval/episode_reward/small_velocity': Array(631.84155, dtype=float32), 'eval/episode_reward/upright': Array(570.74536, dtype=float32), 'eval/episode_reward_std': Array(59.778, dtype=float32), 'eval/episode_reward/angle_in_bounds_std': Array(0., dtype=float32), 'eval/episode_reward/cart_in_bounds_std': Array(0., dtype=float32), 'eval/episode_reward/centered_std': Array(65.59639, dtype=float32), 'eval/episode_reward/small_control_std': Array(11.044095, dtype=float32), 'eval/episode_reward/small_velocity_std': Array(68.4579, dtype=float32), 'eval/episode_reward/upright_std': Array(89.32887, dtype=float32), 'eval/avg_episode_length': Array(1000., dtype=float32), 'eval/std_episode_length': Array(0., dtype=float32), 'eval/epoch_eval_time': 8.92675256729126, 'eval/sps': 14338.921016922553}
[2025-09-22 18:22:42,786][absl][INFO] - starting iteration 0 16.19202470779419
[2025-09-22 18:22:56,457][root][INFO] - saving checkpoint to /home/seul/Desktop/project/mujoco/ppo_ckpt/000000983040
[2025-09-22 18:22:56,458][absl][INFO] - orbax-checkpoint version: 0.11.25
[2025-09-22 18:22:56,458][absl][INFO] - Created BasePyTreeCheckpointHandler: use_ocdbt=True, use_zarr3=False, pytree_metadata_options=PyTreeMetadataOptions(support_rich_types=False), array_metadata_store=<orbax.checkpoint._src.metadata.array_metadata_store.Store object at 0x779db5e46090>, enable_pinned_host_transfer=True, save_concurrent_bytes: 96000000000 (89.4 GiB), restore_concurrent_bytes: 96000000000 (89.4 GiB)
[2025-09-22 18:22:56,458][absl][INFO] - [thread=MainThread] Failed to get flag value for EXPERIMENTAL_ORBAX_USE_DISTRIBUTED_PROCESS_ID.
[2025-09-22 18:22:56,458][absl][INFO] - [process=0] Started saving checkpoint to /home/seul/Desktop/project/mujoco/ppo_ckpt/000000983040.
[2025-09-22 18:22:56,458][absl][INFO] - Specified `force`: removing existing directory.
[2025-09-22 18:22:56,459][absl][INFO] - Creating tmp directory /home/seul/Desktop/project/mujoco/ppo_ckpt/000000983040.orbax-checkpoint-tmp
[2025-09-22 18:22:56,460][absl][INFO] - Wrote Metadata={'item_handlers': None, 'metrics': {}, 'performance_metrics': {}, 'init_timestamp_nsecs': 1758532976460103538, 'commit_timestamp_nsecs': None, 'custom_metadata': {}}, json={"item_handlers": null, "metrics": {}, "performance_metrics": {}, "init_timestamp_nsecs": 1758532976460103538, "commit_timestamp_nsecs": null, "custom_metadata": {}} to /home/seul/Desktop/project/mujoco/ppo_ckpt/000000983040.orbax-checkpoint-tmp/_CHECKPOINT_METADATA
[2025-09-22 18:22:56,462][absl][INFO] - Transferring arrays to host memory with options: use_replica_parallel=True, min_slice_bytes_for_replica_parallel=None, max_replicas_for_replica_parallel=None, enable_pinned_host_transfer=True
[2025-09-22 18:22:56,468][absl][INFO] - Using ThreadSafeKeyValueSignalingClient
[2025-09-22 18:22:56,468][absl][INFO] - [process=0][thread=MainThread] Initiated "orbax.checkpoint._src.serialization.type_handlers.ArrayHandler".serialize. Time taken: 0.005437s
[2025-09-22 18:22:56,471][absl][INFO] - [process=0] /jax/checkpoint/write/blocking_gbytes_per_sec: 0 Bytes/s (total gbytes: 1.0 MiB) (time elapsed: 11 milliseconds) (per-host)
[2025-09-22 18:22:56,472][absl][INFO] - [process=0][thread=MainThread] Initiated Pytree async_save. Time taken: 0.011460s (batch_requests_ready=0.000762s, total_serialization_initiated=0.006755s, others=0.003943s)
[2025-09-22 18:22:56,472][absl][WARNING] - [process=0][thread=MainThread][operation_id=1] _SignalingThread.join() waiting for signals ([]) blocking the main thread will slow down blocking save times. This is likely due to main thread calling result() on a CommitFuture.
[2025-09-22 18:22:56,473][absl][INFO] - [process=0][thread=array_type_handler] Wrote 26 array_metadata.ArrayMetadata to /home/seul/Desktop/project/mujoco/ppo_ckpt/000000983040.orbax-checkpoint-tmp/array_metadatas/process_0
[2025-09-22 18:22:56,604][absl][INFO] - [process=0][thread=write_metadata_after_commits] Commit + Array metadata written. Time taken: 0.132434s (commit=0.131297s, array_metadata_write=0.001137s)
[2025-09-22 18:22:56,604][absl][INFO] - [process=0] /jax/checkpoint/write/gbytes_per_sec: 0 Bytes/s (total gbytes: 1.0 MiB) (time elapsed: 144 milliseconds) (per-host)
[2025-09-22 18:22:56,605][absl][INFO] - Read Metadata={'item_handlers': None, 'metrics': {}, 'performance_metrics': {}, 'init_timestamp_nsecs': 1758532976460103538, 'commit_timestamp_nsecs': None, 'custom_metadata': {}} from /home/seul/Desktop/project/mujoco/ppo_ckpt/000000983040.orbax-checkpoint-tmp/_CHECKPOINT_METADATA
[2025-09-22 18:22:56,605][absl][INFO] - Updated Metadata={'item_handlers': 'orbax.checkpoint._src.handlers.pytree_checkpoint_handler.PyTreeCheckpointHandler', 'metrics': {}, 'performance_metrics': {}, 'init_timestamp_nsecs': 1758532976460103538, 'commit_timestamp_nsecs': None, 'custom_metadata': {}} to /home/seul/Desktop/project/mujoco/ppo_ckpt/000000983040.orbax-checkpoint-tmp/_CHECKPOINT_METADATA
[2025-09-22 18:22:56,606][absl][INFO] - [process=0][thread=MainThread] Skipped cross-host ArrayMetadata validation because only one process is found: process_index=0.
[2025-09-22 18:22:56,632][absl][INFO] - [process=0][thread=MainThread] Pytree save finalize (merge_ocdbt + ArrayMetadata validation) completed. Time taken: 0.026977s. use_zarr3=False, enable_post_merge_validation=True, directory=/home/seul/Desktop/project/mujoco/ppo_ckpt/000000983040.orbax-checkpoint-tmp
[2025-09-22 18:22:56,633][absl][INFO] - Renaming /home/seul/Desktop/project/mujoco/ppo_ckpt/000000983040.orbax-checkpoint-tmp to /home/seul/Desktop/project/mujoco/ppo_ckpt/000000983040
[2025-09-22 18:22:56,634][absl][INFO] - [process=0][thread=MainThread] Finished saving checkpoint (finalized tmp dir) to `/home/seul/Desktop/project/mujoco/ppo_ckpt/000000983040`.
[2025-09-22 18:22:56,635][absl][INFO] - Finished synchronous save in 0.18 seconds to /home/seul/Desktop/project/mujoco/ppo_ckpt/000000983040
[2025-09-22 18:22:56,767][absl][INFO] - {'eval/walltime': 9.057509660720825, 'training/sps': np.float64(73229.03806660227), 'training/walltime': 13.424182891845703, 'training/entropy_loss': Array(-0.00522284, dtype=float32), 'training/policy_loss': Array(-0.00057095, dtype=float32), 'training/total_loss': Array(910.90125, dtype=float32), 'training/v_loss': Array(910.90704, dtype=float32), 'eval/episode_reward': Array(282.65762, dtype=float32), 'eval/episode_reward/angle_in_bounds': Array(0., dtype=float32), 'eval/episode_reward/cart_in_bounds': Array(0., dtype=float32), 'eval/episode_reward/centered': Array(729.676, dtype=float32), 'eval/episode_reward/small_control': Array(919.87256, dtype=float32), 'eval/episode_reward/small_velocity': Array(614.1146, dtype=float32), 'eval/episode_reward/upright': Array(582.3014, dtype=float32), 'eval/episode_reward_std': Array(55.537495, dtype=float32), 'eval/episode_reward/angle_in_bounds_std': Array(0., dtype=float32), 'eval/episode_reward/cart_in_bounds_std': Array(0., dtype=float32), 'eval/episode_reward/centered_std': Array(67.72888, dtype=float32), 'eval/episode_reward/small_control_std': Array(14.074052, dtype=float32), 'eval/episode_reward/small_velocity_std': Array(59.8503, dtype=float32), 'eval/episode_reward/upright_std': Array(58.709053, dtype=float32), 'eval/avg_episode_length': Array(1000., dtype=float32), 'eval/std_episode_length': Array(0., dtype=float32), 'eval/epoch_eval_time': 0.13075709342956543, 'eval/sps': 978914.3873020504}
[2025-09-22 18:22:56,808][absl][INFO] - starting iteration 1 30.213738918304443
[2025-09-22 18:22:59,075][root][INFO] - saving checkpoint to /home/seul/Desktop/project/mujoco/ppo_ckpt/000001966080
[2025-09-22 18:22:59,075][absl][INFO] - Created BasePyTreeCheckpointHandler: use_ocdbt=True, use_zarr3=False, pytree_metadata_options=PyTreeMetadataOptions(support_rich_types=False), array_metadata_store=<orbax.checkpoint._src.metadata.array_metadata_store.Store object at 0x779db5e46090>, enable_pinned_host_transfer=True, save_concurrent_bytes: 96000000000 (89.4 GiB), restore_concurrent_bytes: 96000000000 (89.4 GiB)
[2025-09-22 18:22:59,075][absl][INFO] - [process=0] Started saving checkpoint to /home/seul/Desktop/project/mujoco/ppo_ckpt/000001966080.
[2025-09-22 18:22:59,075][absl][INFO] - Specified `force`: removing existing directory.
[2025-09-22 18:22:59,077][absl][INFO] - Creating tmp directory /home/seul/Desktop/project/mujoco/ppo_ckpt/000001966080.orbax-checkpoint-tmp
[2025-09-22 18:22:59,079][absl][INFO] - Transferring arrays to host memory with options: use_replica_parallel=True, min_slice_bytes_for_replica_parallel=None, max_replicas_for_replica_parallel=None, enable_pinned_host_transfer=True
[2025-09-22 18:22:59,082][absl][INFO] - [process=0][thread=MainThread] Initiated "orbax.checkpoint._src.serialization.type_handlers.ArrayHandler".serialize. Time taken: 0.003529s
[2025-09-22 18:22:59,084][absl][INFO] - [process=0] /jax/checkpoint/write/blocking_gbytes_per_sec: 0 Bytes/s (total gbytes: 1.0 MiB) (time elapsed: 6 milliseconds) (per-host)
[2025-09-22 18:22:59,084][absl][INFO] - [process=0][thread=MainThread] Initiated Pytree async_save. Time taken: 0.006523s (batch_requests_ready=0.000671s, total_serialization_initiated=0.004465s, others=0.001387s)
[2025-09-22 18:22:59,084][absl][WARNING] - [process=0][thread=MainThread][operation_id=2] _SignalingThread.join() waiting for signals ([]) blocking the main thread will slow down blocking save times. This is likely due to main thread calling result() on a CommitFuture.
[2025-09-22 18:22:59,088][absl][INFO] - [process=0][thread=array_type_handler] Wrote 26 array_metadata.ArrayMetadata to /home/seul/Desktop/project/mujoco/ppo_ckpt/000001966080.orbax-checkpoint-tmp/array_metadatas/process_0
[2025-09-22 18:22:59,211][absl][INFO] - [process=0][thread=write_metadata_after_commits] Commit + Array metadata written. Time taken: 0.126939s (commit=0.125629s, array_metadata_write=0.001310s)
[2025-09-22 18:22:59,212][absl][INFO] - [process=0] /jax/checkpoint/write/gbytes_per_sec: 0 Bytes/s (total gbytes: 1.0 MiB) (time elapsed: 134 milliseconds) (per-host)
[2025-09-22 18:22:59,213][absl][INFO] - [process=0][thread=MainThread] Skipped cross-host ArrayMetadata validation because only one process is found: process_index=0.
[2025-09-22 18:22:59,239][absl][INFO] - [process=0][thread=MainThread] Pytree save finalize (merge_ocdbt + ArrayMetadata validation) completed. Time taken: 0.026773s. use_zarr3=False, enable_post_merge_validation=True, directory=/home/seul/Desktop/project/mujoco/ppo_ckpt/000001966080.orbax-checkpoint-tmp
[2025-09-22 18:22:59,240][absl][INFO] - Renaming /home/seul/Desktop/project/mujoco/ppo_ckpt/000001966080.orbax-checkpoint-tmp to /home/seul/Desktop/project/mujoco/ppo_ckpt/000001966080
[2025-09-22 18:22:59,241][absl][INFO] - [process=0][thread=MainThread] Finished saving checkpoint (finalized tmp dir) to `/home/seul/Desktop/project/mujoco/ppo_ckpt/000001966080`.
[2025-09-22 18:22:59,241][absl][INFO] - Finished synchronous save in 0.17 seconds to /home/seul/Desktop/project/mujoco/ppo_ckpt/000001966080
[2025-09-22 18:22:59,377][absl][INFO] - {'eval/walltime': 9.191379070281982, 'training/sps': np.float64(434760.5018004443), 'training/walltime': 15.685289859771729, 'training/entropy_loss': Array(-0.00498872, dtype=float32), 'training/policy_loss': Array(-0.0030702, dtype=float32), 'training/total_loss': Array(271.77454, dtype=float32), 'training/v_loss': Array(271.7826, dtype=float32), 'eval/episode_reward': Array(253.66617, dtype=float32), 'eval/episode_reward/angle_in_bounds': Array(0., dtype=float32), 'eval/episode_reward/cart_in_bounds': Array(0., dtype=float32), 'eval/episode_reward/centered': Array(704.0929, dtype=float32), 'eval/episode_reward/small_control': Array(922.27026, dtype=float32), 'eval/episode_reward/small_velocity': Array(577.5694, dtype=float32), 'eval/episode_reward/upright': Array(584.94635, dtype=float32), 'eval/episode_reward_std': Array(39.313335, dtype=float32), 'eval/episode_reward/angle_in_bounds_std': Array(0., dtype=float32), 'eval/episode_reward/cart_in_bounds_std': Array(0., dtype=float32), 'eval/episode_reward/centered_std': Array(41.85918, dtype=float32), 'eval/episode_reward/small_control_std': Array(8.745147, dtype=float32), 'eval/episode_reward/small_velocity_std': Array(45.105392, dtype=float32), 'eval/episode_reward/upright_std': Array(38.188335, dtype=float32), 'eval/avg_episode_length': Array(1000., dtype=float32), 'eval/std_episode_length': Array(0., dtype=float32), 'eval/epoch_eval_time': 0.13386940956115723, 'eval/sps': 956155.7074136804}
[2025-09-22 18:22:59,418][absl][INFO] - starting iteration 2 32.824631690979004
[2025-09-22 18:23:01,687][root][INFO] - saving checkpoint to /home/seul/Desktop/project/mujoco/ppo_ckpt/000002949120
[2025-09-22 18:23:01,687][absl][INFO] - Created BasePyTreeCheckpointHandler: use_ocdbt=True, use_zarr3=False, pytree_metadata_options=PyTreeMetadataOptions(support_rich_types=False), array_metadata_store=<orbax.checkpoint._src.metadata.array_metadata_store.Store object at 0x779db5e46090>, enable_pinned_host_transfer=True, save_concurrent_bytes: 96000000000 (89.4 GiB), restore_concurrent_bytes: 96000000000 (89.4 GiB)
[2025-09-22 18:23:01,687][absl][INFO] - [process=0] Started saving checkpoint to /home/seul/Desktop/project/mujoco/ppo_ckpt/000002949120.
[2025-09-22 18:23:01,687][absl][INFO] - Specified `force`: removing existing directory.
[2025-09-22 18:23:01,688][absl][INFO] - Creating tmp directory /home/seul/Desktop/project/mujoco/ppo_ckpt/000002949120.orbax-checkpoint-tmp
[2025-09-22 18:23:01,691][absl][INFO] - Transferring arrays to host memory with options: use_replica_parallel=True, min_slice_bytes_for_replica_parallel=None, max_replicas_for_replica_parallel=None, enable_pinned_host_transfer=True
[2025-09-22 18:23:01,694][absl][INFO] - [process=0][thread=MainThread] Initiated "orbax.checkpoint._src.serialization.type_handlers.ArrayHandler".serialize. Time taken: 0.003416s
[2025-09-22 18:23:01,696][absl][INFO] - [process=0] /jax/checkpoint/write/blocking_gbytes_per_sec: 0 Bytes/s (total gbytes: 1.0 MiB) (time elapsed: 6 milliseconds) (per-host)
[2025-09-22 18:23:01,697][absl][INFO] - [process=0][thread=MainThread] Initiated Pytree async_save. Time taken: 0.007652s (batch_requests_ready=0.000686s, total_serialization_initiated=0.004449s, others=0.002517s)
[2025-09-22 18:23:01,697][absl][WARNING] - [process=0][thread=MainThread][operation_id=3] _SignalingThread.join() waiting for signals ([]) blocking the main thread will slow down blocking save times. This is likely due to main thread calling result() on a CommitFuture.
[2025-09-22 18:23:01,700][absl][INFO] - [process=0][thread=array_type_handler] Wrote 26 array_metadata.ArrayMetadata to /home/seul/Desktop/project/mujoco/ppo_ckpt/000002949120.orbax-checkpoint-tmp/array_metadatas/process_0
[2025-09-22 18:23:01,824][absl][INFO] - [process=0][thread=write_metadata_after_commits] Commit + Array metadata written. Time taken: 0.128370s (commit=0.127215s, array_metadata_write=0.001155s)
[2025-09-22 18:23:01,825][absl][INFO] - [process=0] /jax/checkpoint/write/gbytes_per_sec: 0 Bytes/s (total gbytes: 1.0 MiB) (time elapsed: 135 milliseconds) (per-host)
[2025-09-22 18:23:01,826][absl][INFO] - [process=0][thread=MainThread] Skipped cross-host ArrayMetadata validation because only one process is found: process_index=0.
[2025-09-22 18:23:01,852][absl][INFO] - [process=0][thread=MainThread] Pytree save finalize (merge_ocdbt + ArrayMetadata validation) completed. Time taken: 0.026702s. use_zarr3=False, enable_post_merge_validation=True, directory=/home/seul/Desktop/project/mujoco/ppo_ckpt/000002949120.orbax-checkpoint-tmp
[2025-09-22 18:23:01,853][absl][INFO] - Renaming /home/seul/Desktop/project/mujoco/ppo_ckpt/000002949120.orbax-checkpoint-tmp to /home/seul/Desktop/project/mujoco/ppo_ckpt/000002949120
[2025-09-22 18:23:01,854][absl][INFO] - [process=0][thread=MainThread] Finished saving checkpoint (finalized tmp dir) to `/home/seul/Desktop/project/mujoco/ppo_ckpt/000002949120`.
[2025-09-22 18:23:01,854][absl][INFO] - Finished synchronous save in 0.17 seconds to /home/seul/Desktop/project/mujoco/ppo_ckpt/000002949120
[2025-09-22 18:23:01,985][absl][INFO] - {'eval/walltime': 9.320760011672974, 'training/sps': np.float64(434619.2150505547), 'training/walltime': 17.947131872177124, 'training/entropy_loss': Array(-0.00473914, dtype=float32), 'training/policy_loss': Array(-0.0159769, dtype=float32), 'training/total_loss': Array(110.10527, dtype=float32), 'training/v_loss': Array(110.12598, dtype=float32), 'eval/episode_reward': Array(338.898, dtype=float32), 'eval/episode_reward/angle_in_bounds': Array(0., dtype=float32), 'eval/episode_reward/cart_in_bounds': Array(0., dtype=float32), 'eval/episode_reward/centered': Array(781.04266, dtype=float32), 'eval/episode_reward/small_control': Array(933.42303, dtype=float32), 'eval/episode_reward/small_velocity': Array(640.8939, dtype=float32), 'eval/episode_reward/upright': Array(625.3329, dtype=float32), 'eval/episode_reward_std': Array(54.86738, dtype=float32), 'eval/episode_reward/angle_in_bounds_std': Array(0., dtype=float32), 'eval/episode_reward/cart_in_bounds_std': Array(0., dtype=float32), 'eval/episode_reward/centered_std': Array(64.56995, dtype=float32), 'eval/episode_reward/small_control_std': Array(5.6965194, dtype=float32), 'eval/episode_reward/small_velocity_std': Array(45.640335, dtype=float32), 'eval/episode_reward/upright_std': Array(47.858624, dtype=float32), 'eval/avg_episode_length': Array(1000., dtype=float32), 'eval/std_episode_length': Array(0., dtype=float32), 'eval/epoch_eval_time': 0.1293809413909912, 'eval/sps': 989326.5470466939}
[2025-09-22 18:23:02,027][absl][INFO] - starting iteration 3 35.43295121192932
[2025-09-22 18:23:04,300][root][INFO] - saving checkpoint to /home/seul/Desktop/project/mujoco/ppo_ckpt/000003932160
[2025-09-22 18:23:04,300][absl][INFO] - Created BasePyTreeCheckpointHandler: use_ocdbt=True, use_zarr3=False, pytree_metadata_options=PyTreeMetadataOptions(support_rich_types=False), array_metadata_store=<orbax.checkpoint._src.metadata.array_metadata_store.Store object at 0x779db5e46090>, enable_pinned_host_transfer=True, save_concurrent_bytes: 96000000000 (89.4 GiB), restore_concurrent_bytes: 96000000000 (89.4 GiB)
[2025-09-22 18:23:04,300][absl][INFO] - [process=0] Started saving checkpoint to /home/seul/Desktop/project/mujoco/ppo_ckpt/000003932160.
[2025-09-22 18:23:04,300][absl][INFO] - Specified `force`: removing existing directory.
[2025-09-22 18:23:04,301][absl][INFO] - Creating tmp directory /home/seul/Desktop/project/mujoco/ppo_ckpt/000003932160.orbax-checkpoint-tmp
[2025-09-22 18:23:04,303][absl][INFO] - Transferring arrays to host memory with options: use_replica_parallel=True, min_slice_bytes_for_replica_parallel=None, max_replicas_for_replica_parallel=None, enable_pinned_host_transfer=True
[2025-09-22 18:23:04,306][absl][INFO] - [process=0][thread=MainThread] Initiated "orbax.checkpoint._src.serialization.type_handlers.ArrayHandler".serialize. Time taken: 0.003034s
[2025-09-22 18:23:04,309][absl][INFO] - [process=0] /jax/checkpoint/write/blocking_gbytes_per_sec: 0 Bytes/s (total gbytes: 1.0 MiB) (time elapsed: 7 milliseconds) (per-host)
[2025-09-22 18:23:04,310][absl][INFO] - [process=0][thread=MainThread] Initiated Pytree async_save. Time taken: 0.008032s (batch_requests_ready=0.000642s, total_serialization_initiated=0.003932s, others=0.003458s)
[2025-09-22 18:23:04,310][absl][WARNING] - [process=0][thread=MainThread][operation_id=4] _SignalingThread.join() waiting for signals ([]) blocking the main thread will slow down blocking save times. This is likely due to main thread calling result() on a CommitFuture.
[2025-09-22 18:23:04,312][absl][INFO] - [process=0][thread=array_type_handler] Wrote 26 array_metadata.ArrayMetadata to /home/seul/Desktop/project/mujoco/ppo_ckpt/000003932160.orbax-checkpoint-tmp/array_metadatas/process_0
[2025-09-22 18:23:04,440][absl][INFO] - [process=0][thread=write_metadata_after_commits] Commit + Array metadata written. Time taken: 0.130467s (commit=0.129068s, array_metadata_write=0.001399s)
[2025-09-22 18:23:04,441][absl][INFO] - [process=0] /jax/checkpoint/write/gbytes_per_sec: 0 Bytes/s (total gbytes: 1.0 MiB) (time elapsed: 138 milliseconds) (per-host)
[2025-09-22 18:23:04,442][absl][INFO] - [process=0][thread=MainThread] Skipped cross-host ArrayMetadata validation because only one process is found: process_index=0.
[2025-09-22 18:23:04,468][absl][INFO] - [process=0][thread=MainThread] Pytree save finalize (merge_ocdbt + ArrayMetadata validation) completed. Time taken: 0.026881s. use_zarr3=False, enable_post_merge_validation=True, directory=/home/seul/Desktop/project/mujoco/ppo_ckpt/000003932160.orbax-checkpoint-tmp
[2025-09-22 18:23:04,469][absl][INFO] - Renaming /home/seul/Desktop/project/mujoco/ppo_ckpt/000003932160.orbax-checkpoint-tmp to /home/seul/Desktop/project/mujoco/ppo_ckpt/000003932160
[2025-09-22 18:23:04,470][absl][INFO] - [process=0][thread=MainThread] Finished saving checkpoint (finalized tmp dir) to `/home/seul/Desktop/project/mujoco/ppo_ckpt/000003932160`.
[2025-09-22 18:23:04,470][absl][INFO] - Finished synchronous save in 0.17 seconds to /home/seul/Desktop/project/mujoco/ppo_ckpt/000003932160
[2025-09-22 18:23:04,605][absl][INFO] - {'eval/walltime': 9.453274011611938, 'training/sps': np.float64(433773.19104723696), 'training/walltime': 20.213385343551636, 'training/entropy_loss': Array(-0.00543476, dtype=float32), 'training/policy_loss': Array(-0.00342235, dtype=float32), 'training/total_loss': Array(148.07388, dtype=float32), 'training/v_loss': Array(148.08273, dtype=float32), 'eval/episode_reward': Array(378.09763, dtype=float32), 'eval/episode_reward/angle_in_bounds': Array(0., dtype=float32), 'eval/episode_reward/cart_in_bounds': Array(0., dtype=float32), 'eval/episode_reward/centered': Array(786.9232, dtype=float32), 'eval/episode_reward/small_control': Array(939.55566, dtype=float32), 'eval/episode_reward/small_velocity': Array(696.9636, dtype=float32), 'eval/episode_reward/upright': Array(631.6523, dtype=float32), 'eval/episode_reward_std': Array(58.05901, dtype=float32), 'eval/episode_reward/angle_in_bounds_std': Array(0., dtype=float32), 'eval/episode_reward/cart_in_bounds_std': Array(0., dtype=float32), 'eval/episode_reward/centered_std': Array(54.331306, dtype=float32), 'eval/episode_reward/small_control_std': Array(3.8364606, dtype=float32), 'eval/episode_reward/small_velocity_std': Array(41.13298, dtype=float32), 'eval/episode_reward/upright_std': Array(60.402256, dtype=float32), 'eval/avg_episode_length': Array(1000., dtype=float32), 'eval/std_episode_length': Array(0., dtype=float32), 'eval/epoch_eval_time': 0.13251399993896484, 'eval/sps': 965935.6751660657}
[2025-09-22 18:23:04,647][absl][INFO] - starting iteration 4 38.05265545845032
[2025-09-22 18:23:06,915][root][INFO] - saving checkpoint to /home/seul/Desktop/project/mujoco/ppo_ckpt/000004915200
[2025-09-22 18:23:06,915][absl][INFO] - Created BasePyTreeCheckpointHandler: use_ocdbt=True, use_zarr3=False, pytree_metadata_options=PyTreeMetadataOptions(support_rich_types=False), array_metadata_store=<orbax.checkpoint._src.metadata.array_metadata_store.Store object at 0x779db5e46090>, enable_pinned_host_transfer=True, save_concurrent_bytes: 96000000000 (89.4 GiB), restore_concurrent_bytes: 96000000000 (89.4 GiB)
[2025-09-22 18:23:06,916][absl][INFO] - [process=0] Started saving checkpoint to /home/seul/Desktop/project/mujoco/ppo_ckpt/000004915200.
[2025-09-22 18:23:06,916][absl][INFO] - Specified `force`: removing existing directory.
[2025-09-22 18:23:06,917][absl][INFO] - Creating tmp directory /home/seul/Desktop/project/mujoco/ppo_ckpt/000004915200.orbax-checkpoint-tmp
[2025-09-22 18:23:06,919][absl][INFO] - Transferring arrays to host memory with options: use_replica_parallel=True, min_slice_bytes_for_replica_parallel=None, max_replicas_for_replica_parallel=None, enable_pinned_host_transfer=True
[2025-09-22 18:23:06,922][absl][INFO] - [process=0][thread=MainThread] Initiated "orbax.checkpoint._src.serialization.type_handlers.ArrayHandler".serialize. Time taken: 0.002913s
[2025-09-22 18:23:06,925][absl][INFO] - [process=0] /jax/checkpoint/write/blocking_gbytes_per_sec: 0 Bytes/s (total gbytes: 1.0 MiB) (time elapsed: 7 milliseconds) (per-host)
[2025-09-22 18:23:06,926][absl][INFO] - [process=0][thread=MainThread] Initiated Pytree async_save. Time taken: 0.008092s (batch_requests_ready=0.000690s, total_serialization_initiated=0.006271s, others=0.001131s)
[2025-09-22 18:23:06,926][absl][WARNING] - [process=0][thread=MainThread][operation_id=5] _SignalingThread.join() waiting for signals ([]) blocking the main thread will slow down blocking save times. This is likely due to main thread calling result() on a CommitFuture.
[2025-09-22 18:23:06,928][absl][INFO] - [process=0][thread=array_type_handler] Wrote 26 array_metadata.ArrayMetadata to /home/seul/Desktop/project/mujoco/ppo_ckpt/000004915200.orbax-checkpoint-tmp/array_metadatas/process_0
[2025-09-22 18:23:07,053][absl][INFO] - [process=0][thread=write_metadata_after_commits] Commit + Array metadata written. Time taken: 0.127405s (commit=0.126087s, array_metadata_write=0.001318s)
[2025-09-22 18:23:07,053][absl][INFO] - [process=0] /jax/checkpoint/write/gbytes_per_sec: 0 Bytes/s (total gbytes: 1.0 MiB) (time elapsed: 135 milliseconds) (per-host)
[2025-09-22 18:23:07,055][absl][INFO] - [process=0][thread=MainThread] Skipped cross-host ArrayMetadata validation because only one process is found: process_index=0.
[2025-09-22 18:23:07,081][absl][INFO] - [process=0][thread=MainThread] Pytree save finalize (merge_ocdbt + ArrayMetadata validation) completed. Time taken: 0.026772s. use_zarr3=False, enable_post_merge_validation=True, directory=/home/seul/Desktop/project/mujoco/ppo_ckpt/000004915200.orbax-checkpoint-tmp
[2025-09-22 18:23:07,081][absl][INFO] - Renaming /home/seul/Desktop/project/mujoco/ppo_ckpt/000004915200.orbax-checkpoint-tmp to /home/seul/Desktop/project/mujoco/ppo_ckpt/000004915200
[2025-09-22 18:23:07,082][absl][INFO] - [process=0][thread=MainThread] Finished saving checkpoint (finalized tmp dir) to `/home/seul/Desktop/project/mujoco/ppo_ckpt/000004915200`.
[2025-09-22 18:23:07,082][absl][INFO] - Finished synchronous save in 0.17 seconds to /home/seul/Desktop/project/mujoco/ppo_ckpt/000004915200
[2025-09-22 18:23:07,214][absl][INFO] - {'eval/walltime': 9.582416296005249, 'training/sps': np.float64(434450.2773561299), 'training/walltime': 22.476106882095337, 'training/entropy_loss': Array(-0.0058212, dtype=float32), 'training/policy_loss': Array(-0.01352109, dtype=float32), 'training/total_loss': Array(307.49988, dtype=float32), 'training/v_loss': Array(307.51926, dtype=float32), 'eval/episode_reward': Array(468.9989, dtype=float32), 'eval/episode_reward/angle_in_bounds': Array(0., dtype=float32), 'eval/episode_reward/cart_in_bounds': Array(0., dtype=float32), 'eval/episode_reward/centered': Array(840.6163, dtype=float32), 'eval/episode_reward/small_control': Array(944.08057, dtype=float32), 'eval/episode_reward/small_velocity': Array(757.50684, dtype=float32), 'eval/episode_reward/upright': Array(677.9625, dtype=float32), 'eval/episode_reward_std': Array(57.735443, dtype=float32), 'eval/episode_reward/angle_in_bounds_std': Array(0., dtype=float32), 'eval/episode_reward/cart_in_bounds_std': Array(0., dtype=float32), 'eval/episode_reward/centered_std': Array(50.736565, dtype=float32), 'eval/episode_reward/small_control_std': Array(2.9809656, dtype=float32), 'eval/episode_reward/small_velocity_std': Array(31.465874, dtype=float32), 'eval/episode_reward/upright_std': Array(55.111958, dtype=float32), 'eval/avg_episode_length': Array(1000., dtype=float32), 'eval/std_episode_length': Array(0., dtype=float32), 'eval/epoch_eval_time': 0.12914228439331055, 'eval/sps': 991154.8382570681}
[2025-09-22 18:23:07,257][absl][INFO] - starting iteration 5 40.66349387168884
[2025-09-22 18:23:09,533][root][INFO] - saving checkpoint to /home/seul/Desktop/project/mujoco/ppo_ckpt/000005898240
[2025-09-22 18:23:09,533][absl][INFO] - Created BasePyTreeCheckpointHandler: use_ocdbt=True, use_zarr3=False, pytree_metadata_options=PyTreeMetadataOptions(support_rich_types=False), array_metadata_store=<orbax.checkpoint._src.metadata.array_metadata_store.Store object at 0x779db5e46090>, enable_pinned_host_transfer=True, save_concurrent_bytes: 96000000000 (89.4 GiB), restore_concurrent_bytes: 96000000000 (89.4 GiB)
[2025-09-22 18:23:09,533][absl][INFO] - [process=0] Started saving checkpoint to /home/seul/Desktop/project/mujoco/ppo_ckpt/000005898240.
[2025-09-22 18:23:09,533][absl][INFO] - Specified `force`: removing existing directory.
[2025-09-22 18:23:09,534][absl][INFO] - Creating tmp directory /home/seul/Desktop/project/mujoco/ppo_ckpt/000005898240.orbax-checkpoint-tmp
[2025-09-22 18:23:09,536][absl][INFO] - Transferring arrays to host memory with options: use_replica_parallel=True, min_slice_bytes_for_replica_parallel=None, max_replicas_for_replica_parallel=None, enable_pinned_host_transfer=True
[2025-09-22 18:23:09,539][absl][INFO] - [process=0][thread=MainThread] Initiated "orbax.checkpoint._src.serialization.type_handlers.ArrayHandler".serialize. Time taken: 0.002758s
[2025-09-22 18:23:09,540][absl][INFO] - [process=0] /jax/checkpoint/write/blocking_gbytes_per_sec: 0 Bytes/s (total gbytes: 1.0 MiB) (time elapsed: 5 milliseconds) (per-host)
[2025-09-22 18:23:09,541][absl][INFO] - [process=0][thread=MainThread] Initiated Pytree async_save. Time taken: 0.005772s (batch_requests_ready=0.000657s, total_serialization_initiated=0.003615s, others=0.001500s)
[2025-09-22 18:23:09,541][absl][WARNING] - [process=0][thread=MainThread][operation_id=6] _SignalingThread.join() waiting for signals ([]) blocking the main thread will slow down blocking save times. This is likely due to main thread calling result() on a CommitFuture.
[2025-09-22 18:23:09,545][absl][INFO] - [process=0][thread=array_type_handler] Wrote 26 array_metadata.ArrayMetadata to /home/seul/Desktop/project/mujoco/ppo_ckpt/000005898240.orbax-checkpoint-tmp/array_metadatas/process_0
[2025-09-22 18:23:09,667][absl][INFO] - [process=0][thread=write_metadata_after_commits] Commit + Array metadata written. Time taken: 0.126076s (commit=0.125054s, array_metadata_write=0.001023s)
[2025-09-22 18:23:09,667][absl][INFO] - [process=0] /jax/checkpoint/write/gbytes_per_sec: 0 Bytes/s (total gbytes: 1.0 MiB) (time elapsed: 132 milliseconds) (per-host)
[2025-09-22 18:23:09,669][absl][INFO] - [process=0][thread=MainThread] Skipped cross-host ArrayMetadata validation because only one process is found: process_index=0.
[2025-09-22 18:23:09,695][absl][INFO] - [process=0][thread=MainThread] Pytree save finalize (merge_ocdbt + ArrayMetadata validation) completed. Time taken: 0.026998s. use_zarr3=False, enable_post_merge_validation=True, directory=/home/seul/Desktop/project/mujoco/ppo_ckpt/000005898240.orbax-checkpoint-tmp
[2025-09-22 18:23:09,696][absl][INFO] - Renaming /home/seul/Desktop/project/mujoco/ppo_ckpt/000005898240.orbax-checkpoint-tmp to /home/seul/Desktop/project/mujoco/ppo_ckpt/000005898240
[2025-09-22 18:23:09,697][absl][INFO] - [process=0][thread=MainThread] Finished saving checkpoint (finalized tmp dir) to `/home/seul/Desktop/project/mujoco/ppo_ckpt/000005898240`.
[2025-09-22 18:23:09,697][absl][INFO] - Finished synchronous save in 0.16 seconds to /home/seul/Desktop/project/mujoco/ppo_ckpt/000005898240
[2025-09-22 18:23:09,829][absl][INFO] - {'eval/walltime': 9.71189832687378, 'training/sps': np.float64(433196.5894712423), 'training/walltime': 24.74537682533264, 'training/entropy_loss': Array(-0.00595254, dtype=float32), 'training/policy_loss': Array(-0.00203532, dtype=float32), 'training/total_loss': Array(979.7821, dtype=float32), 'training/v_loss': Array(979.79016, dtype=float32), 'eval/episode_reward': Array(445.84625, dtype=float32), 'eval/episode_reward/angle_in_bounds': Array(0., dtype=float32), 'eval/episode_reward/cart_in_bounds': Array(0., dtype=float32), 'eval/episode_reward/centered': Array(831.14923, dtype=float32), 'eval/episode_reward/small_control': Array(942.4804, dtype=float32), 'eval/episode_reward/small_velocity': Array(736.7728, dtype=float32), 'eval/episode_reward/upright': Array(672.2774, dtype=float32), 'eval/episode_reward_std': Array(55.482162, dtype=float32), 'eval/episode_reward/angle_in_bounds_std': Array(0., dtype=float32), 'eval/episode_reward/cart_in_bounds_std': Array(0., dtype=float32), 'eval/episode_reward/centered_std': Array(39.972286, dtype=float32), 'eval/episode_reward/small_control_std': Array(3.105059, dtype=float32), 'eval/episode_reward/small_velocity_std': Array(45.22046, dtype=float32), 'eval/episode_reward/upright_std': Array(56.648354, dtype=float32), 'eval/avg_episode_length': Array(1000., dtype=float32), 'eval/std_episode_length': Array(0., dtype=float32), 'eval/epoch_eval_time': 0.12948203086853027, 'eval/sps': 988554.1579894198}
[2025-09-22 18:23:09,875][absl][INFO] - starting iteration 6 43.28094673156738
[2025-09-22 18:23:12,149][root][INFO] - saving checkpoint to /home/seul/Desktop/project/mujoco/ppo_ckpt/000006881280
[2025-09-22 18:23:12,149][absl][INFO] - Created BasePyTreeCheckpointHandler: use_ocdbt=True, use_zarr3=False, pytree_metadata_options=PyTreeMetadataOptions(support_rich_types=False), array_metadata_store=<orbax.checkpoint._src.metadata.array_metadata_store.Store object at 0x779db5e46090>, enable_pinned_host_transfer=True, save_concurrent_bytes: 96000000000 (89.4 GiB), restore_concurrent_bytes: 96000000000 (89.4 GiB)
[2025-09-22 18:23:12,150][absl][INFO] - [process=0] Started saving checkpoint to /home/seul/Desktop/project/mujoco/ppo_ckpt/000006881280.
[2025-09-22 18:23:12,150][absl][INFO] - Specified `force`: removing existing directory.
[2025-09-22 18:23:12,151][absl][INFO] - Creating tmp directory /home/seul/Desktop/project/mujoco/ppo_ckpt/000006881280.orbax-checkpoint-tmp
[2025-09-22 18:23:12,153][absl][INFO] - Transferring arrays to host memory with options: use_replica_parallel=True, min_slice_bytes_for_replica_parallel=None, max_replicas_for_replica_parallel=None, enable_pinned_host_transfer=True
[2025-09-22 18:23:12,156][absl][INFO] - [process=0][thread=MainThread] Initiated "orbax.checkpoint._src.serialization.type_handlers.ArrayHandler".serialize. Time taken: 0.003222s
[2025-09-22 18:23:12,156][absl][INFO] - [process=0] /jax/checkpoint/write/blocking_gbytes_per_sec: 0 Bytes/s (total gbytes: 1.0 MiB) (time elapsed: 4 milliseconds) (per-host)
[2025-09-22 18:23:12,156][absl][INFO] - [process=0][thread=MainThread] Initiated Pytree async_save. Time taken: 0.004922s (batch_requests_ready=0.000662s, total_serialization_initiated=0.004084s, others=0.000176s)
[2025-09-22 18:23:12,157][absl][WARNING] - [process=0][thread=MainThread][operation_id=7] _SignalingThread.join() waiting for signals ([]) blocking the main thread will slow down blocking save times. This is likely due to main thread calling result() on a CommitFuture.
[2025-09-22 18:23:12,162][absl][INFO] - [process=0][thread=array_type_handler] Wrote 26 array_metadata.ArrayMetadata to /home/seul/Desktop/project/mujoco/ppo_ckpt/000006881280.orbax-checkpoint-tmp/array_metadatas/process_0
[2025-09-22 18:23:12,298][absl][INFO] - [process=0][thread=write_metadata_after_commits] Commit + Array metadata written. Time taken: 0.141258s (commit=0.139988s, array_metadata_write=0.001270s)
[2025-09-22 18:23:12,298][absl][INFO] - [process=0] /jax/checkpoint/write/gbytes_per_sec: 0 Bytes/s (total gbytes: 1.0 MiB) (time elapsed: 146 milliseconds) (per-host)
[2025-09-22 18:23:12,300][absl][INFO] - [process=0][thread=MainThread] Skipped cross-host ArrayMetadata validation because only one process is found: process_index=0.
[2025-09-22 18:23:12,329][absl][INFO] - [process=0][thread=MainThread] Pytree save finalize (merge_ocdbt + ArrayMetadata validation) completed. Time taken: 0.029457s. use_zarr3=False, enable_post_merge_validation=True, directory=/home/seul/Desktop/project/mujoco/ppo_ckpt/000006881280.orbax-checkpoint-tmp
[2025-09-22 18:23:12,329][absl][INFO] - Renaming /home/seul/Desktop/project/mujoco/ppo_ckpt/000006881280.orbax-checkpoint-tmp to /home/seul/Desktop/project/mujoco/ppo_ckpt/000006881280
[2025-09-22 18:23:12,330][absl][INFO] - [process=0][thread=MainThread] Finished saving checkpoint (finalized tmp dir) to `/home/seul/Desktop/project/mujoco/ppo_ckpt/000006881280`.
[2025-09-22 18:23:12,330][absl][INFO] - Finished synchronous save in 0.18 seconds to /home/seul/Desktop/project/mujoco/ppo_ckpt/000006881280
[2025-09-22 18:23:12,468][absl][INFO] - {'eval/walltime': 9.847517251968384, 'training/sps': np.float64(433349.3406601376), 'training/walltime': 27.01384687423706, 'training/entropy_loss': Array(-0.00572052, dtype=float32), 'training/policy_loss': Array(-0.00268652, dtype=float32), 'training/total_loss': Array(1047.8245, dtype=float32), 'training/v_loss': Array(1047.8329, dtype=float32), 'eval/episode_reward': Array(404.41156, dtype=float32), 'eval/episode_reward/angle_in_bounds': Array(0., dtype=float32), 'eval/episode_reward/cart_in_bounds': Array(0., dtype=float32), 'eval/episode_reward/centered': Array(803.8996, dtype=float32), 'eval/episode_reward/small_control': Array(942.0166, dtype=float32), 'eval/episode_reward/small_velocity': Array(718.6502, dtype=float32), 'eval/episode_reward/upright': Array(629.9785, dtype=float32), 'eval/episode_reward_std': Array(68.83592, dtype=float32), 'eval/episode_reward/angle_in_bounds_std': Array(0., dtype=float32), 'eval/episode_reward/cart_in_bounds_std': Array(0., dtype=float32), 'eval/episode_reward/centered_std': Array(46.133976, dtype=float32), 'eval/episode_reward/small_control_std': Array(4.040792, dtype=float32), 'eval/episode_reward/small_velocity_std': Array(69.88254, dtype=float32), 'eval/episode_reward/upright_std': Array(84.93473, dtype=float32), 'eval/avg_episode_length': Array(1000., dtype=float32), 'eval/std_episode_length': Array(0., dtype=float32), 'eval/epoch_eval_time': 0.1356189250946045, 'eval/sps': 943821.0774101792}
[2025-09-22 18:23:12,514][absl][INFO] - starting iteration 7 45.92039394378662
[2025-09-22 18:23:14,791][root][INFO] - saving checkpoint to /home/seul/Desktop/project/mujoco/ppo_ckpt/000007864320
[2025-09-22 18:23:14,791][absl][INFO] - Created BasePyTreeCheckpointHandler: use_ocdbt=True, use_zarr3=False, pytree_metadata_options=PyTreeMetadataOptions(support_rich_types=False), array_metadata_store=<orbax.checkpoint._src.metadata.array_metadata_store.Store object at 0x779db5e46090>, enable_pinned_host_transfer=True, save_concurrent_bytes: 96000000000 (89.4 GiB), restore_concurrent_bytes: 96000000000 (89.4 GiB)
[2025-09-22 18:23:14,791][absl][INFO] - [process=0] Started saving checkpoint to /home/seul/Desktop/project/mujoco/ppo_ckpt/000007864320.
[2025-09-22 18:23:14,791][absl][INFO] - Specified `force`: removing existing directory.
[2025-09-22 18:23:14,792][absl][INFO] - Creating tmp directory /home/seul/Desktop/project/mujoco/ppo_ckpt/000007864320.orbax-checkpoint-tmp
[2025-09-22 18:23:14,795][absl][INFO] - Transferring arrays to host memory with options: use_replica_parallel=True, min_slice_bytes_for_replica_parallel=None, max_replicas_for_replica_parallel=None, enable_pinned_host_transfer=True
[2025-09-22 18:23:14,798][absl][INFO] - [process=0][thread=MainThread] Initiated "orbax.checkpoint._src.serialization.type_handlers.ArrayHandler".serialize. Time taken: 0.002824s
[2025-09-22 18:23:14,798][absl][INFO] - [process=0] /jax/checkpoint/write/blocking_gbytes_per_sec: 0 Bytes/s (total gbytes: 1.0 MiB) (time elapsed: 4 milliseconds) (per-host)
[2025-09-22 18:23:14,801][absl][INFO] - [process=0][thread=MainThread] Initiated Pytree async_save. Time taken: 0.007792s (batch_requests_ready=0.000661s, total_serialization_initiated=0.003754s, others=0.003377s)
[2025-09-22 18:23:14,801][absl][WARNING] - [process=0][thread=MainThread][operation_id=8] _SignalingThread.join() waiting for signals ([]) blocking the main thread will slow down blocking save times. This is likely due to main thread calling result() on a CommitFuture.
[2025-09-22 18:23:14,803][absl][INFO] - [process=0][thread=array_type_handler] Wrote 26 array_metadata.ArrayMetadata to /home/seul/Desktop/project/mujoco/ppo_ckpt/000007864320.orbax-checkpoint-tmp/array_metadatas/process_0
[2025-09-22 18:23:14,947][absl][INFO] - [process=0][thread=write_metadata_after_commits] Commit + Array metadata written. Time taken: 0.146467s (commit=0.144958s, array_metadata_write=0.001509s)
[2025-09-22 18:23:14,947][absl][INFO] - [process=0] /jax/checkpoint/write/gbytes_per_sec: 0 Bytes/s (total gbytes: 1.0 MiB) (time elapsed: 153 milliseconds) (per-host)
[2025-09-22 18:23:14,949][absl][INFO] - [process=0][thread=MainThread] Skipped cross-host ArrayMetadata validation because only one process is found: process_index=0.
[2025-09-22 18:23:14,980][absl][INFO] - [process=0][thread=MainThread] Pytree save finalize (merge_ocdbt + ArrayMetadata validation) completed. Time taken: 0.031588s. use_zarr3=False, enable_post_merge_validation=True, directory=/home/seul/Desktop/project/mujoco/ppo_ckpt/000007864320.orbax-checkpoint-tmp
[2025-09-22 18:23:14,981][absl][INFO] - Renaming /home/seul/Desktop/project/mujoco/ppo_ckpt/000007864320.orbax-checkpoint-tmp to /home/seul/Desktop/project/mujoco/ppo_ckpt/000007864320
[2025-09-22 18:23:14,982][absl][INFO] - [process=0][thread=MainThread] Finished saving checkpoint (finalized tmp dir) to `/home/seul/Desktop/project/mujoco/ppo_ckpt/000007864320`.
[2025-09-22 18:23:14,982][absl][INFO] - Finished synchronous save in 0.19 seconds to /home/seul/Desktop/project/mujoco/ppo_ckpt/000007864320
[2025-09-22 18:23:15,114][absl][INFO] - {'eval/walltime': 9.977648258209229, 'training/sps': np.float64(432998.3784658538), 'training/walltime': 29.28415560722351, 'training/entropy_loss': Array(-0.00591921, dtype=float32), 'training/policy_loss': Array(-0.00499534, dtype=float32), 'training/total_loss': Array(299.4702, dtype=float32), 'training/v_loss': Array(299.48114, dtype=float32), 'eval/episode_reward': Array(468.6529, dtype=float32), 'eval/episode_reward/angle_in_bounds': Array(0., dtype=float32), 'eval/episode_reward/cart_in_bounds': Array(0., dtype=float32), 'eval/episode_reward/centered': Array(840.0349, dtype=float32), 'eval/episode_reward/small_control': Array(946.4452, dtype=float32), 'eval/episode_reward/small_velocity': Array(770.8342, dtype=float32), 'eval/episode_reward/upright': Array(654.4155, dtype=float32), 'eval/episode_reward_std': Array(65.83487, dtype=float32), 'eval/episode_reward/angle_in_bounds_std': Array(0., dtype=float32), 'eval/episode_reward/cart_in_bounds_std': Array(0., dtype=float32), 'eval/episode_reward/centered_std': Array(38.116, dtype=float32), 'eval/episode_reward/small_control_std': Array(3.7819703, dtype=float32), 'eval/episode_reward/small_velocity_std': Array(45.951836, dtype=float32), 'eval/episode_reward/upright_std': Array(89.82497, dtype=float32), 'eval/avg_episode_length': Array(1000., dtype=float32), 'eval/std_episode_length': Array(0., dtype=float32), 'eval/epoch_eval_time': 0.13013100624084473, 'eval/sps': 983624.146908534}
[2025-09-22 18:23:15,157][absl][INFO] - starting iteration 8 48.56323719024658
[2025-09-22 18:23:17,433][root][INFO] - saving checkpoint to /home/seul/Desktop/project/mujoco/ppo_ckpt/000008847360
[2025-09-22 18:23:17,434][absl][INFO] - Created BasePyTreeCheckpointHandler: use_ocdbt=True, use_zarr3=False, pytree_metadata_options=PyTreeMetadataOptions(support_rich_types=False), array_metadata_store=<orbax.checkpoint._src.metadata.array_metadata_store.Store object at 0x779db5e46090>, enable_pinned_host_transfer=True, save_concurrent_bytes: 96000000000 (89.4 GiB), restore_concurrent_bytes: 96000000000 (89.4 GiB)
[2025-09-22 18:23:17,434][absl][INFO] - [process=0] Started saving checkpoint to /home/seul/Desktop/project/mujoco/ppo_ckpt/000008847360.
[2025-09-22 18:23:17,434][absl][INFO] - Specified `force`: removing existing directory.
[2025-09-22 18:23:17,435][absl][INFO] - Creating tmp directory /home/seul/Desktop/project/mujoco/ppo_ckpt/000008847360.orbax-checkpoint-tmp
[2025-09-22 18:23:17,437][absl][INFO] - Transferring arrays to host memory with options: use_replica_parallel=True, min_slice_bytes_for_replica_parallel=None, max_replicas_for_replica_parallel=None, enable_pinned_host_transfer=True
[2025-09-22 18:23:17,440][absl][INFO] - [process=0][thread=MainThread] Initiated "orbax.checkpoint._src.serialization.type_handlers.ArrayHandler".serialize. Time taken: 0.002804s
[2025-09-22 18:23:17,441][absl][INFO] - [process=0] /jax/checkpoint/write/blocking_gbytes_per_sec: 0 Bytes/s (total gbytes: 1.0 MiB) (time elapsed: 5 milliseconds) (per-host)
[2025-09-22 18:23:17,443][absl][INFO] - [process=0][thread=MainThread] Initiated Pytree async_save. Time taken: 0.007479s (batch_requests_ready=0.000670s, total_serialization_initiated=0.003695s, others=0.003115s)
[2025-09-22 18:23:17,443][absl][WARNING] - [process=0][thread=MainThread][operation_id=9] _SignalingThread.join() waiting for signals ([]) blocking the main thread will slow down blocking save times. This is likely due to main thread calling result() on a CommitFuture.
[2025-09-22 18:23:17,446][absl][INFO] - [process=0][thread=array_type_handler] Wrote 26 array_metadata.ArrayMetadata to /home/seul/Desktop/project/mujoco/ppo_ckpt/000008847360.orbax-checkpoint-tmp/array_metadatas/process_0
[2025-09-22 18:23:17,584][absl][INFO] - [process=0][thread=write_metadata_after_commits] Commit + Array metadata written. Time taken: 0.142561s (commit=0.141379s, array_metadata_write=0.001183s)
[2025-09-22 18:23:17,584][absl][INFO] - [process=0] /jax/checkpoint/write/gbytes_per_sec: 0 Bytes/s (total gbytes: 1.0 MiB) (time elapsed: 148 milliseconds) (per-host)
[2025-09-22 18:23:17,586][absl][INFO] - [process=0][thread=MainThread] Skipped cross-host ArrayMetadata validation because only one process is found: process_index=0.
[2025-09-22 18:23:17,617][absl][INFO] - [process=0][thread=MainThread] Pytree save finalize (merge_ocdbt + ArrayMetadata validation) completed. Time taken: 0.031922s. use_zarr3=False, enable_post_merge_validation=True, directory=/home/seul/Desktop/project/mujoco/ppo_ckpt/000008847360.orbax-checkpoint-tmp
[2025-09-22 18:23:17,618][absl][INFO] - Renaming /home/seul/Desktop/project/mujoco/ppo_ckpt/000008847360.orbax-checkpoint-tmp to /home/seul/Desktop/project/mujoco/ppo_ckpt/000008847360
[2025-09-22 18:23:17,619][absl][INFO] - [process=0][thread=MainThread] Finished saving checkpoint (finalized tmp dir) to `/home/seul/Desktop/project/mujoco/ppo_ckpt/000008847360`.
[2025-09-22 18:23:17,619][absl][INFO] - Finished synchronous save in 0.19 seconds to /home/seul/Desktop/project/mujoco/ppo_ckpt/000008847360
[2025-09-22 18:23:17,751][absl][INFO] - {'eval/walltime': 10.107569932937622, 'training/sps': np.float64(432987.55646539084), 'training/walltime': 31.554521083831787, 'training/entropy_loss': Array(-0.00492603, dtype=float32), 'training/policy_loss': Array(-0.01346306, dtype=float32), 'training/total_loss': Array(302.95276, dtype=float32), 'training/v_loss': Array(302.97113, dtype=float32), 'eval/episode_reward': Array(765.34546, dtype=float32), 'eval/episode_reward/angle_in_bounds': Array(0., dtype=float32), 'eval/episode_reward/cart_in_bounds': Array(0., dtype=float32), 'eval/episode_reward/centered': Array(913.8264, dtype=float32), 'eval/episode_reward/small_control': Array(961.34265, dtype=float32), 'eval/episode_reward/small_velocity': Array(913.2207, dtype=float32), 'eval/episode_reward/upright': Array(880.78406, dtype=float32), 'eval/episode_reward_std': Array(130.23514, dtype=float32), 'eval/episode_reward/angle_in_bounds_std': Array(0., dtype=float32), 'eval/episode_reward/cart_in_bounds_std': Array(0., dtype=float32), 'eval/episode_reward/centered_std': Array(46.673634, dtype=float32), 'eval/episode_reward/small_control_std': Array(5.621271, dtype=float32), 'eval/episode_reward/small_velocity_std': Array(63.551292, dtype=float32), 'eval/episode_reward/upright_std': Array(91.26154, dtype=float32), 'eval/avg_episode_length': Array(1000., dtype=float32), 'eval/std_episode_length': Array(0., dtype=float32), 'eval/epoch_eval_time': 0.12992167472839355, 'eval/sps': 985208.9750812488}
[2025-09-22 18:23:18,068][absl][INFO] - total steps: 8847360
[2025-09-22 18:23:18,150][root][INFO] - Using JAX default device: cuda:0.
