[2025-09-23 16:53:59,430][jax._src.xla_bridge][INFO] - Unable to initialize backend 'tpu': INTERNAL: Failed to open libtpu.so: libtpu.so: cannot open shared object file: No such file or directory
[2025-09-23 16:53:59,508][root][INFO] - Using JAX default device: cuda:0.
[2025-09-23 16:53:59,647][absl][INFO] - Device count: 1, process count: 1 (id 0), local device count: 1, devices to be used count: 1
[2025-09-23 16:54:00,148][root][INFO] - Using JAX default device: cuda:0.
[2025-09-23 16:54:23,504][root][INFO] - Using JAX default device: cuda:0.
[2025-09-23 16:54:56,222][absl][INFO] - {'eval/walltime': 32.64128518104553, 'eval/episode_reward': Array(4.0748596, dtype=float32), 'eval/episode_reward_std': Array(1.5826303, dtype=float32), 'eval/avg_episode_length': Array(1000., dtype=float32), 'eval/std_episode_length': Array(0., dtype=float32), 'eval/epoch_eval_time': 32.64128518104553, 'eval/sps': 3921.4142240431242}
[2025-09-23 16:54:56,375][absl][INFO] - starting iteration 0 56.72810697555542
[2025-09-23 16:55:38,313][root][INFO] - saving checkpoint to /home/seul/Desktop/project/mujoco/ppo_ckpt/000006881280
[2025-09-23 16:55:38,313][absl][INFO] - orbax-checkpoint version: 0.11.25
[2025-09-23 16:55:38,313][absl][INFO] - Created BasePyTreeCheckpointHandler: use_ocdbt=True, use_zarr3=False, pytree_metadata_options=PyTreeMetadataOptions(support_rich_types=False), array_metadata_store=<orbax.checkpoint._src.metadata.array_metadata_store.Store object at 0x7abf5b120e50>, enable_pinned_host_transfer=True, save_concurrent_bytes: 96000000000 (89.4 GiB), restore_concurrent_bytes: 96000000000 (89.4 GiB)
[2025-09-23 16:55:38,313][absl][INFO] - [thread=MainThread] Failed to get flag value for EXPERIMENTAL_ORBAX_USE_DISTRIBUTED_PROCESS_ID.
[2025-09-23 16:55:38,314][absl][INFO] - [process=0] Started saving checkpoint to /home/seul/Desktop/project/mujoco/ppo_ckpt/000006881280.
[2025-09-23 16:55:38,314][absl][INFO] - Specified `force`: removing existing directory.
[2025-09-23 16:55:38,315][absl][INFO] - Creating tmp directory /home/seul/Desktop/project/mujoco/ppo_ckpt/000006881280.orbax-checkpoint-tmp
[2025-09-23 16:55:38,316][absl][INFO] - Wrote Metadata={'item_handlers': None, 'metrics': {}, 'performance_metrics': {}, 'init_timestamp_nsecs': 1758614138316117786, 'commit_timestamp_nsecs': None, 'custom_metadata': {}}, json={"item_handlers": null, "metrics": {}, "performance_metrics": {}, "init_timestamp_nsecs": 1758614138316117786, "commit_timestamp_nsecs": null, "custom_metadata": {}} to /home/seul/Desktop/project/mujoco/ppo_ckpt/000006881280.orbax-checkpoint-tmp/_CHECKPOINT_METADATA
[2025-09-23 16:55:38,318][absl][INFO] - Transferring arrays to host memory with options: use_replica_parallel=True, min_slice_bytes_for_replica_parallel=None, max_replicas_for_replica_parallel=None, enable_pinned_host_transfer=True
[2025-09-23 16:55:38,323][absl][INFO] - Using ThreadSafeKeyValueSignalingClient
[2025-09-23 16:55:38,323][absl][INFO] - [process=0][thread=MainThread] Initiated "orbax.checkpoint._src.serialization.type_handlers.ArrayHandler".serialize. Time taken: 0.004480s
[2025-09-23 16:55:38,327][absl][INFO] - [process=0] /jax/checkpoint/write/blocking_gbytes_per_sec: 0 Bytes/s (total gbytes: 1.0 MiB) (time elapsed: 10 milliseconds) (per-host)
[2025-09-23 16:55:38,327][absl][INFO] - [process=0][thread=MainThread] Initiated Pytree async_save. Time taken: 0.010655s (batch_requests_ready=0.000793s, total_serialization_initiated=0.008071s, others=0.001791s)
[2025-09-23 16:55:38,328][absl][WARNING] - [process=0][thread=MainThread][operation_id=1] _SignalingThread.join() waiting for signals ([]) blocking the main thread will slow down blocking save times. This is likely due to main thread calling result() on a CommitFuture.
[2025-09-23 16:55:38,328][absl][INFO] - [process=0][thread=array_type_handler] Wrote 26 array_metadata.ArrayMetadata to /home/seul/Desktop/project/mujoco/ppo_ckpt/000006881280.orbax-checkpoint-tmp/array_metadatas/process_0
[2025-09-23 16:55:38,464][absl][INFO] - [process=0][thread=write_metadata_after_commits] Commit + Array metadata written. Time taken: 0.137056s (commit=0.135834s, array_metadata_write=0.001222s)
[2025-09-23 16:55:38,465][absl][INFO] - [process=0] /jax/checkpoint/write/gbytes_per_sec: 0 Bytes/s (total gbytes: 1.0 MiB) (time elapsed: 148 milliseconds) (per-host)
[2025-09-23 16:55:38,466][absl][INFO] - Read Metadata={'item_handlers': None, 'metrics': {}, 'performance_metrics': {}, 'init_timestamp_nsecs': 1758614138316117786, 'commit_timestamp_nsecs': None, 'custom_metadata': {}} from /home/seul/Desktop/project/mujoco/ppo_ckpt/000006881280.orbax-checkpoint-tmp/_CHECKPOINT_METADATA
[2025-09-23 16:55:38,466][absl][INFO] - Updated Metadata={'item_handlers': 'orbax.checkpoint._src.handlers.pytree_checkpoint_handler.PyTreeCheckpointHandler', 'metrics': {}, 'performance_metrics': {}, 'init_timestamp_nsecs': 1758614138316117786, 'commit_timestamp_nsecs': None, 'custom_metadata': {}} to /home/seul/Desktop/project/mujoco/ppo_ckpt/000006881280.orbax-checkpoint-tmp/_CHECKPOINT_METADATA
[2025-09-23 16:55:38,467][absl][INFO] - [process=0][thread=MainThread] Skipped cross-host ArrayMetadata validation because only one process is found: process_index=0.
[2025-09-23 16:55:38,493][absl][INFO] - [process=0][thread=MainThread] Pytree save finalize (merge_ocdbt + ArrayMetadata validation) completed. Time taken: 0.026775s. use_zarr3=False, enable_post_merge_validation=True, directory=/home/seul/Desktop/project/mujoco/ppo_ckpt/000006881280.orbax-checkpoint-tmp
[2025-09-23 16:55:38,494][absl][INFO] - Renaming /home/seul/Desktop/project/mujoco/ppo_ckpt/000006881280.orbax-checkpoint-tmp to /home/seul/Desktop/project/mujoco/ppo_ckpt/000006881280
[2025-09-23 16:55:38,495][absl][INFO] - [process=0][thread=MainThread] Finished saving checkpoint (finalized tmp dir) to `/home/seul/Desktop/project/mujoco/ppo_ckpt/000006881280`.
[2025-09-23 16:55:38,496][absl][INFO] - Finished synchronous save in 0.18 seconds to /home/seul/Desktop/project/mujoco/ppo_ckpt/000006881280
[2025-09-23 16:55:39,353][absl][INFO] - {'eval/walltime': 33.49756193161011, 'training/sps': np.float64(166213.3159641445), 'training/walltime': 41.40029311180115, 'training/entropy_loss': Array(-0.01141449, dtype=float32), 'training/policy_loss': Array(-0.01034415, dtype=float32), 'training/total_loss': Array(12.119433, dtype=float32), 'training/v_loss': Array(12.141192, dtype=float32), 'eval/episode_reward': Array(185.72473, dtype=float32), 'eval/episode_reward_std': Array(36.10802, dtype=float32), 'eval/avg_episode_length': Array(1000., dtype=float32), 'eval/std_episode_length': Array(0., dtype=float32), 'eval/epoch_eval_time': 0.8562767505645752, 'eval/sps': 149484.38097332997}
[2025-09-23 16:55:39,394][absl][INFO] - starting iteration 1 99.74652004241943
[2025-09-23 16:55:59,226][root][INFO] - saving checkpoint to /home/seul/Desktop/project/mujoco/ppo_ckpt/000013762560
[2025-09-23 16:55:59,226][absl][INFO] - Created BasePyTreeCheckpointHandler: use_ocdbt=True, use_zarr3=False, pytree_metadata_options=PyTreeMetadataOptions(support_rich_types=False), array_metadata_store=<orbax.checkpoint._src.metadata.array_metadata_store.Store object at 0x7abf5b120e50>, enable_pinned_host_transfer=True, save_concurrent_bytes: 96000000000 (89.4 GiB), restore_concurrent_bytes: 96000000000 (89.4 GiB)
[2025-09-23 16:55:59,227][absl][INFO] - [process=0] Started saving checkpoint to /home/seul/Desktop/project/mujoco/ppo_ckpt/000013762560.
[2025-09-23 16:55:59,227][absl][INFO] - Specified `force`: removing existing directory.
[2025-09-23 16:55:59,228][absl][INFO] - Creating tmp directory /home/seul/Desktop/project/mujoco/ppo_ckpt/000013762560.orbax-checkpoint-tmp
[2025-09-23 16:55:59,230][absl][INFO] - Transferring arrays to host memory with options: use_replica_parallel=True, min_slice_bytes_for_replica_parallel=None, max_replicas_for_replica_parallel=None, enable_pinned_host_transfer=True
[2025-09-23 16:55:59,233][absl][INFO] - [process=0][thread=MainThread] Initiated "orbax.checkpoint._src.serialization.type_handlers.ArrayHandler".serialize. Time taken: 0.002995s
[2025-09-23 16:55:59,237][absl][INFO] - [process=0] /jax/checkpoint/write/blocking_gbytes_per_sec: 0 Bytes/s (total gbytes: 1.0 MiB) (time elapsed: 7 milliseconds) (per-host)
[2025-09-23 16:55:59,237][absl][INFO] - [process=0][thread=MainThread] Initiated Pytree async_save. Time taken: 0.008206s (batch_requests_ready=0.000670s, total_serialization_initiated=0.007113s, others=0.000423s)
[2025-09-23 16:55:59,238][absl][WARNING] - [process=0][thread=MainThread][operation_id=2] _SignalingThread.join() waiting for signals ([]) blocking the main thread will slow down blocking save times. This is likely due to main thread calling result() on a CommitFuture.
[2025-09-23 16:55:59,239][absl][INFO] - [process=0][thread=array_type_handler] Wrote 26 array_metadata.ArrayMetadata to /home/seul/Desktop/project/mujoco/ppo_ckpt/000013762560.orbax-checkpoint-tmp/array_metadatas/process_0
[2025-09-23 16:55:59,377][absl][INFO] - [process=0][thread=write_metadata_after_commits] Commit + Array metadata written. Time taken: 0.139977s (commit=0.138582s, array_metadata_write=0.001395s)
[2025-09-23 16:55:59,378][absl][INFO] - [process=0] /jax/checkpoint/write/gbytes_per_sec: 0 Bytes/s (total gbytes: 1.0 MiB) (time elapsed: 148 milliseconds) (per-host)
[2025-09-23 16:55:59,380][absl][INFO] - [process=0][thread=MainThread] Skipped cross-host ArrayMetadata validation because only one process is found: process_index=0.
[2025-09-23 16:55:59,405][absl][INFO] - [process=0][thread=MainThread] Pytree save finalize (merge_ocdbt + ArrayMetadata validation) completed. Time taken: 0.026495s. use_zarr3=False, enable_post_merge_validation=True, directory=/home/seul/Desktop/project/mujoco/ppo_ckpt/000013762560.orbax-checkpoint-tmp
[2025-09-23 16:55:59,406][absl][INFO] - Renaming /home/seul/Desktop/project/mujoco/ppo_ckpt/000013762560.orbax-checkpoint-tmp to /home/seul/Desktop/project/mujoco/ppo_ckpt/000013762560
[2025-09-23 16:55:59,407][absl][INFO] - [process=0][thread=MainThread] Finished saving checkpoint (finalized tmp dir) to `/home/seul/Desktop/project/mujoco/ppo_ckpt/000013762560`.
[2025-09-23 16:55:59,408][absl][INFO] - Finished synchronous save in 0.18 seconds to /home/seul/Desktop/project/mujoco/ppo_ckpt/000013762560
[2025-09-23 16:56:00,269][absl][INFO] - {'eval/walltime': 34.35743689537048, 'training/sps': np.float64(347088.7994982673), 'training/walltime': 61.22599768638611, 'training/entropy_loss': Array(0.01992006, dtype=float32), 'training/policy_loss': Array(-0.01528277, dtype=float32), 'training/total_loss': Array(15.089201, dtype=float32), 'training/v_loss': Array(15.084564, dtype=float32), 'eval/episode_reward': Array(396.74493, dtype=float32), 'eval/episode_reward_std': Array(14.084132, dtype=float32), 'eval/avg_episode_length': Array(1000., dtype=float32), 'eval/std_episode_length': Array(0., dtype=float32), 'eval/epoch_eval_time': 0.859874963760376, 'eval/sps': 148858.85203615506}
[2025-09-23 16:56:00,310][absl][INFO] - starting iteration 2 120.66331458091736
[2025-09-23 16:56:20,146][root][INFO] - saving checkpoint to /home/seul/Desktop/project/mujoco/ppo_ckpt/000020643840
[2025-09-23 16:56:20,146][absl][INFO] - Created BasePyTreeCheckpointHandler: use_ocdbt=True, use_zarr3=False, pytree_metadata_options=PyTreeMetadataOptions(support_rich_types=False), array_metadata_store=<orbax.checkpoint._src.metadata.array_metadata_store.Store object at 0x7abf5b120e50>, enable_pinned_host_transfer=True, save_concurrent_bytes: 96000000000 (89.4 GiB), restore_concurrent_bytes: 96000000000 (89.4 GiB)
[2025-09-23 16:56:20,146][absl][INFO] - [process=0] Started saving checkpoint to /home/seul/Desktop/project/mujoco/ppo_ckpt/000020643840.
[2025-09-23 16:56:20,147][absl][INFO] - Specified `force`: removing existing directory.
[2025-09-23 16:56:20,148][absl][INFO] - Creating tmp directory /home/seul/Desktop/project/mujoco/ppo_ckpt/000020643840.orbax-checkpoint-tmp
[2025-09-23 16:56:20,150][absl][INFO] - Transferring arrays to host memory with options: use_replica_parallel=True, min_slice_bytes_for_replica_parallel=None, max_replicas_for_replica_parallel=None, enable_pinned_host_transfer=True
[2025-09-23 16:56:20,153][absl][INFO] - [process=0][thread=MainThread] Initiated "orbax.checkpoint._src.serialization.type_handlers.ArrayHandler".serialize. Time taken: 0.003218s
[2025-09-23 16:56:20,154][absl][INFO] - [process=0] /jax/checkpoint/write/blocking_gbytes_per_sec: 0 Bytes/s (total gbytes: 1.0 MiB) (time elapsed: 4 milliseconds) (per-host)
[2025-09-23 16:56:20,154][absl][INFO] - [process=0][thread=MainThread] Initiated Pytree async_save. Time taken: 0.005099s (batch_requests_ready=0.000665s, total_serialization_initiated=0.004182s, others=0.000252s)
[2025-09-23 16:56:20,154][absl][WARNING] - [process=0][thread=MainThread][operation_id=3] _SignalingThread.join() waiting for signals ([]) blocking the main thread will slow down blocking save times. This is likely due to main thread calling result() on a CommitFuture.
[2025-09-23 16:56:20,158][absl][INFO] - [process=0][thread=array_type_handler] Wrote 26 array_metadata.ArrayMetadata to /home/seul/Desktop/project/mujoco/ppo_ckpt/000020643840.orbax-checkpoint-tmp/array_metadatas/process_0
[2025-09-23 16:56:20,293][absl][INFO] - [process=0][thread=write_metadata_after_commits] Commit + Array metadata written. Time taken: 0.135678s (commit=0.134391s, array_metadata_write=0.001287s)
[2025-09-23 16:56:20,294][absl][INFO] - [process=0] /jax/checkpoint/write/gbytes_per_sec: 0 Bytes/s (total gbytes: 1.0 MiB) (time elapsed: 144 milliseconds) (per-host)
[2025-09-23 16:56:20,295][absl][INFO] - [process=0][thread=MainThread] Skipped cross-host ArrayMetadata validation because only one process is found: process_index=0.
[2025-09-23 16:56:20,321][absl][INFO] - [process=0][thread=MainThread] Pytree save finalize (merge_ocdbt + ArrayMetadata validation) completed. Time taken: 0.026367s. use_zarr3=False, enable_post_merge_validation=True, directory=/home/seul/Desktop/project/mujoco/ppo_ckpt/000020643840.orbax-checkpoint-tmp
[2025-09-23 16:56:20,322][absl][INFO] - Renaming /home/seul/Desktop/project/mujoco/ppo_ckpt/000020643840.orbax-checkpoint-tmp to /home/seul/Desktop/project/mujoco/ppo_ckpt/000020643840
[2025-09-23 16:56:20,323][absl][INFO] - [process=0][thread=MainThread] Finished saving checkpoint (finalized tmp dir) to `/home/seul/Desktop/project/mujoco/ppo_ckpt/000020643840`.
[2025-09-23 16:56:20,323][absl][INFO] - Finished synchronous save in 0.18 seconds to /home/seul/Desktop/project/mujoco/ppo_ckpt/000020643840
[2025-09-23 16:56:21,186][absl][INFO] - {'eval/walltime': 35.218817949295044, 'training/sps': np.float64(347027.8448142338), 'training/walltime': 81.05518460273743, 'training/entropy_loss': Array(0.05023832, dtype=float32), 'training/policy_loss': Array(-0.01240361, dtype=float32), 'training/total_loss': Array(14.82794, dtype=float32), 'training/v_loss': Array(14.790106, dtype=float32), 'eval/episode_reward': Array(556.99646, dtype=float32), 'eval/episode_reward_std': Array(47.29401, dtype=float32), 'eval/avg_episode_length': Array(1000., dtype=float32), 'eval/std_episode_length': Array(0., dtype=float32), 'eval/epoch_eval_time': 0.8613810539245605, 'eval/sps': 148598.57831422676}
[2025-09-23 16:56:21,228][absl][INFO] - starting iteration 3 141.58088898658752
[2025-09-23 16:56:41,077][root][INFO] - saving checkpoint to /home/seul/Desktop/project/mujoco/ppo_ckpt/000027525120
[2025-09-23 16:56:41,077][absl][INFO] - Created BasePyTreeCheckpointHandler: use_ocdbt=True, use_zarr3=False, pytree_metadata_options=PyTreeMetadataOptions(support_rich_types=False), array_metadata_store=<orbax.checkpoint._src.metadata.array_metadata_store.Store object at 0x7abf5b120e50>, enable_pinned_host_transfer=True, save_concurrent_bytes: 96000000000 (89.4 GiB), restore_concurrent_bytes: 96000000000 (89.4 GiB)
[2025-09-23 16:56:41,078][absl][INFO] - [process=0] Started saving checkpoint to /home/seul/Desktop/project/mujoco/ppo_ckpt/000027525120.
[2025-09-23 16:56:41,078][absl][INFO] - Specified `force`: removing existing directory.
[2025-09-23 16:56:41,079][absl][INFO] - Creating tmp directory /home/seul/Desktop/project/mujoco/ppo_ckpt/000027525120.orbax-checkpoint-tmp
[2025-09-23 16:56:41,082][absl][INFO] - Transferring arrays to host memory with options: use_replica_parallel=True, min_slice_bytes_for_replica_parallel=None, max_replicas_for_replica_parallel=None, enable_pinned_host_transfer=True
[2025-09-23 16:56:41,085][absl][INFO] - [process=0][thread=MainThread] Initiated "orbax.checkpoint._src.serialization.type_handlers.ArrayHandler".serialize. Time taken: 0.002947s
[2025-09-23 16:56:41,088][absl][INFO] - [process=0] /jax/checkpoint/write/blocking_gbytes_per_sec: 0 Bytes/s (total gbytes: 1.0 MiB) (time elapsed: 7 milliseconds) (per-host)
[2025-09-23 16:56:41,088][absl][INFO] - [process=0][thread=MainThread] Initiated Pytree async_save. Time taken: 0.008331s (batch_requests_ready=0.000659s, total_serialization_initiated=0.006930s, others=0.000741s)
[2025-09-23 16:56:41,089][absl][WARNING] - [process=0][thread=MainThread][operation_id=4] _SignalingThread.join() waiting for signals ([]) blocking the main thread will slow down blocking save times. This is likely due to main thread calling result() on a CommitFuture.
[2025-09-23 16:56:41,090][absl][INFO] - [process=0][thread=array_type_handler] Wrote 26 array_metadata.ArrayMetadata to /home/seul/Desktop/project/mujoco/ppo_ckpt/000027525120.orbax-checkpoint-tmp/array_metadatas/process_0
[2025-09-23 16:56:41,225][absl][INFO] - [process=0][thread=write_metadata_after_commits] Commit + Array metadata written. Time taken: 0.136922s (commit=0.135793s, array_metadata_write=0.001129s)
[2025-09-23 16:56:41,226][absl][INFO] - [process=0] /jax/checkpoint/write/gbytes_per_sec: 0 Bytes/s (total gbytes: 1.0 MiB) (time elapsed: 145 milliseconds) (per-host)
[2025-09-23 16:56:41,228][absl][INFO] - [process=0][thread=MainThread] Skipped cross-host ArrayMetadata validation because only one process is found: process_index=0.
[2025-09-23 16:56:41,253][absl][INFO] - [process=0][thread=MainThread] Pytree save finalize (merge_ocdbt + ArrayMetadata validation) completed. Time taken: 0.026455s. use_zarr3=False, enable_post_merge_validation=True, directory=/home/seul/Desktop/project/mujoco/ppo_ckpt/000027525120.orbax-checkpoint-tmp
[2025-09-23 16:56:41,254][absl][INFO] - Renaming /home/seul/Desktop/project/mujoco/ppo_ckpt/000027525120.orbax-checkpoint-tmp to /home/seul/Desktop/project/mujoco/ppo_ckpt/000027525120
[2025-09-23 16:56:41,255][absl][INFO] - [process=0][thread=MainThread] Finished saving checkpoint (finalized tmp dir) to `/home/seul/Desktop/project/mujoco/ppo_ckpt/000027525120`.
[2025-09-23 16:56:41,255][absl][INFO] - Finished synchronous save in 0.18 seconds to /home/seul/Desktop/project/mujoco/ppo_ckpt/000027525120
[2025-09-23 16:56:42,114][absl][INFO] - {'eval/walltime': 36.076539039611816, 'training/sps': np.float64(346786.1275351548), 'training/walltime': 100.89819288253784, 'training/entropy_loss': Array(0.07675277, dtype=float32), 'training/policy_loss': Array(-0.00981711, dtype=float32), 'training/total_loss': Array(13.433359, dtype=float32), 'training/v_loss': Array(13.366423, dtype=float32), 'eval/episode_reward': Array(680.02576, dtype=float32), 'eval/episode_reward_std': Array(6.7874618, dtype=float32), 'eval/avg_episode_length': Array(1000., dtype=float32), 'eval/std_episode_length': Array(0., dtype=float32), 'eval/epoch_eval_time': 0.8577210903167725, 'eval/sps': 149232.66017946138}
[2025-09-23 16:56:42,156][absl][INFO] - starting iteration 4 162.50898361206055
[2025-09-23 16:57:01,994][root][INFO] - saving checkpoint to /home/seul/Desktop/project/mujoco/ppo_ckpt/000034406400
[2025-09-23 16:57:01,994][absl][INFO] - Created BasePyTreeCheckpointHandler: use_ocdbt=True, use_zarr3=False, pytree_metadata_options=PyTreeMetadataOptions(support_rich_types=False), array_metadata_store=<orbax.checkpoint._src.metadata.array_metadata_store.Store object at 0x7abf5b120e50>, enable_pinned_host_transfer=True, save_concurrent_bytes: 96000000000 (89.4 GiB), restore_concurrent_bytes: 96000000000 (89.4 GiB)
[2025-09-23 16:57:01,994][absl][INFO] - [process=0] Started saving checkpoint to /home/seul/Desktop/project/mujoco/ppo_ckpt/000034406400.
[2025-09-23 16:57:01,995][absl][INFO] - Specified `force`: removing existing directory.
[2025-09-23 16:57:01,996][absl][INFO] - Creating tmp directory /home/seul/Desktop/project/mujoco/ppo_ckpt/000034406400.orbax-checkpoint-tmp
[2025-09-23 16:57:01,998][absl][INFO] - Transferring arrays to host memory with options: use_replica_parallel=True, min_slice_bytes_for_replica_parallel=None, max_replicas_for_replica_parallel=None, enable_pinned_host_transfer=True
[2025-09-23 16:57:02,001][absl][INFO] - [process=0][thread=MainThread] Initiated "orbax.checkpoint._src.serialization.type_handlers.ArrayHandler".serialize. Time taken: 0.003007s
[2025-09-23 16:57:02,005][absl][INFO] - [process=0] /jax/checkpoint/write/blocking_gbytes_per_sec: 0 Bytes/s (total gbytes: 1.0 MiB) (time elapsed: 8 milliseconds) (per-host)
[2025-09-23 16:57:02,005][absl][INFO] - [process=0][thread=MainThread] Initiated Pytree async_save. Time taken: 0.008318s (batch_requests_ready=0.000655s, total_serialization_initiated=0.005044s, others=0.002619s)
[2025-09-23 16:57:02,006][absl][WARNING] - [process=0][thread=MainThread][operation_id=5] _SignalingThread.join() waiting for signals ([]) blocking the main thread will slow down blocking save times. This is likely due to main thread calling result() on a CommitFuture.
[2025-09-23 16:57:02,006][absl][INFO] - [process=0][thread=array_type_handler] Wrote 26 array_metadata.ArrayMetadata to /home/seul/Desktop/project/mujoco/ppo_ckpt/000034406400.orbax-checkpoint-tmp/array_metadatas/process_0
[2025-09-23 16:57:02,137][absl][INFO] - [process=0][thread=write_metadata_after_commits] Commit + Array metadata written. Time taken: 0.131288s (commit=0.130131s, array_metadata_write=0.001157s)
[2025-09-23 16:57:02,138][absl][INFO] - [process=0] /jax/checkpoint/write/gbytes_per_sec: 0 Bytes/s (total gbytes: 1.0 MiB) (time elapsed: 140 milliseconds) (per-host)
[2025-09-23 16:57:02,139][absl][INFO] - [process=0][thread=MainThread] Skipped cross-host ArrayMetadata validation because only one process is found: process_index=0.
[2025-09-23 16:57:02,164][absl][INFO] - [process=0][thread=MainThread] Pytree save finalize (merge_ocdbt + ArrayMetadata validation) completed. Time taken: 0.025728s. use_zarr3=False, enable_post_merge_validation=True, directory=/home/seul/Desktop/project/mujoco/ppo_ckpt/000034406400.orbax-checkpoint-tmp
[2025-09-23 16:57:02,165][absl][INFO] - Renaming /home/seul/Desktop/project/mujoco/ppo_ckpt/000034406400.orbax-checkpoint-tmp to /home/seul/Desktop/project/mujoco/ppo_ckpt/000034406400
[2025-09-23 16:57:02,166][absl][INFO] - [process=0][thread=MainThread] Finished saving checkpoint (finalized tmp dir) to `/home/seul/Desktop/project/mujoco/ppo_ckpt/000034406400`.
[2025-09-23 16:57:02,166][absl][INFO] - Finished synchronous save in 0.17 seconds to /home/seul/Desktop/project/mujoco/ppo_ckpt/000034406400
[2025-09-23 16:57:03,012][absl][INFO] - {'eval/walltime': 36.92131781578064, 'training/sps': np.float64(346982.17413498595), 'training/walltime': 120.72998976707458, 'training/entropy_loss': Array(0.08960883, dtype=float32), 'training/policy_loss': Array(-0.00546181, dtype=float32), 'training/total_loss': Array(16.896196, dtype=float32), 'training/v_loss': Array(16.81205, dtype=float32), 'eval/episode_reward': Array(767.17535, dtype=float32), 'eval/episode_reward_std': Array(8.850124, dtype=float32), 'eval/avg_episode_length': Array(1000., dtype=float32), 'eval/std_episode_length': Array(0., dtype=float32), 'eval/epoch_eval_time': 0.8447787761688232, 'eval/sps': 151518.9581117271}
[2025-09-23 16:57:03,055][absl][INFO] - starting iteration 5 183.4076747894287
[2025-09-23 16:57:22,923][root][INFO] - saving checkpoint to /home/seul/Desktop/project/mujoco/ppo_ckpt/000041287680
[2025-09-23 16:57:22,923][absl][INFO] - Created BasePyTreeCheckpointHandler: use_ocdbt=True, use_zarr3=False, pytree_metadata_options=PyTreeMetadataOptions(support_rich_types=False), array_metadata_store=<orbax.checkpoint._src.metadata.array_metadata_store.Store object at 0x7abf5b120e50>, enable_pinned_host_transfer=True, save_concurrent_bytes: 96000000000 (89.4 GiB), restore_concurrent_bytes: 96000000000 (89.4 GiB)
[2025-09-23 16:57:22,923][absl][INFO] - [process=0] Started saving checkpoint to /home/seul/Desktop/project/mujoco/ppo_ckpt/000041287680.
[2025-09-23 16:57:22,924][absl][INFO] - Specified `force`: removing existing directory.
[2025-09-23 16:57:22,925][absl][INFO] - Creating tmp directory /home/seul/Desktop/project/mujoco/ppo_ckpt/000041287680.orbax-checkpoint-tmp
[2025-09-23 16:57:22,927][absl][INFO] - Transferring arrays to host memory with options: use_replica_parallel=True, min_slice_bytes_for_replica_parallel=None, max_replicas_for_replica_parallel=None, enable_pinned_host_transfer=True
[2025-09-23 16:57:22,930][absl][INFO] - [process=0][thread=MainThread] Initiated "orbax.checkpoint._src.serialization.type_handlers.ArrayHandler".serialize. Time taken: 0.003170s
[2025-09-23 16:57:22,934][absl][INFO] - [process=0] /jax/checkpoint/write/blocking_gbytes_per_sec: 0 Bytes/s (total gbytes: 1.0 MiB) (time elapsed: 7 milliseconds) (per-host)
[2025-09-23 16:57:22,935][absl][INFO] - [process=0][thread=MainThread] Initiated Pytree async_save. Time taken: 0.008840s (batch_requests_ready=0.000652s, total_serialization_initiated=0.004195s, others=0.003993s)
[2025-09-23 16:57:22,935][absl][WARNING] - [process=0][thread=MainThread][operation_id=6] _SignalingThread.join() waiting for signals ([]) blocking the main thread will slow down blocking save times. This is likely due to main thread calling result() on a CommitFuture.
[2025-09-23 16:57:22,936][absl][INFO] - [process=0][thread=array_type_handler] Wrote 26 array_metadata.ArrayMetadata to /home/seul/Desktop/project/mujoco/ppo_ckpt/000041287680.orbax-checkpoint-tmp/array_metadatas/process_0
[2025-09-23 16:57:23,070][absl][INFO] - [process=0][thread=write_metadata_after_commits] Commit + Array metadata written. Time taken: 0.136292s (commit=0.134902s, array_metadata_write=0.001390s)
[2025-09-23 16:57:23,071][absl][INFO] - [process=0] /jax/checkpoint/write/gbytes_per_sec: 0 Bytes/s (total gbytes: 1.0 MiB) (time elapsed: 145 milliseconds) (per-host)
[2025-09-23 16:57:23,074][absl][INFO] - [process=0][thread=MainThread] Skipped cross-host ArrayMetadata validation because only one process is found: process_index=0.
[2025-09-23 16:57:23,100][absl][INFO] - [process=0][thread=MainThread] Pytree save finalize (merge_ocdbt + ArrayMetadata validation) completed. Time taken: 0.027034s. use_zarr3=False, enable_post_merge_validation=True, directory=/home/seul/Desktop/project/mujoco/ppo_ckpt/000041287680.orbax-checkpoint-tmp
[2025-09-23 16:57:23,100][absl][INFO] - Renaming /home/seul/Desktop/project/mujoco/ppo_ckpt/000041287680.orbax-checkpoint-tmp to /home/seul/Desktop/project/mujoco/ppo_ckpt/000041287680
[2025-09-23 16:57:23,101][absl][INFO] - [process=0][thread=MainThread] Finished saving checkpoint (finalized tmp dir) to `/home/seul/Desktop/project/mujoco/ppo_ckpt/000041287680`.
[2025-09-23 16:57:23,102][absl][INFO] - Finished synchronous save in 0.18 seconds to /home/seul/Desktop/project/mujoco/ppo_ckpt/000041287680
[2025-09-23 16:57:23,938][absl][INFO] - {'eval/walltime': 37.7560670375824, 'training/sps': np.float64(346456.4121089013), 'training/walltime': 140.59188222885132, 'training/entropy_loss': Array(0.08646064, dtype=float32), 'training/policy_loss': Array(-0.00381359, dtype=float32), 'training/total_loss': Array(26.34988, dtype=float32), 'training/v_loss': Array(26.267233, dtype=float32), 'eval/episode_reward': Array(832.2926, dtype=float32), 'eval/episode_reward_std': Array(13.955376, dtype=float32), 'eval/avg_episode_length': Array(1000., dtype=float32), 'eval/std_episode_length': Array(0., dtype=float32), 'eval/epoch_eval_time': 0.8347492218017578, 'eval/sps': 153339.46610183048}
[2025-09-23 16:57:23,983][absl][INFO] - starting iteration 6 204.3354754447937
[2025-09-23 16:57:43,873][root][INFO] - saving checkpoint to /home/seul/Desktop/project/mujoco/ppo_ckpt/000048168960
[2025-09-23 16:57:43,873][absl][INFO] - Created BasePyTreeCheckpointHandler: use_ocdbt=True, use_zarr3=False, pytree_metadata_options=PyTreeMetadataOptions(support_rich_types=False), array_metadata_store=<orbax.checkpoint._src.metadata.array_metadata_store.Store object at 0x7abf5b120e50>, enable_pinned_host_transfer=True, save_concurrent_bytes: 96000000000 (89.4 GiB), restore_concurrent_bytes: 96000000000 (89.4 GiB)
[2025-09-23 16:57:43,873][absl][INFO] - [process=0] Started saving checkpoint to /home/seul/Desktop/project/mujoco/ppo_ckpt/000048168960.
[2025-09-23 16:57:43,873][absl][INFO] - Specified `force`: removing existing directory.
[2025-09-23 16:57:43,875][absl][INFO] - Creating tmp directory /home/seul/Desktop/project/mujoco/ppo_ckpt/000048168960.orbax-checkpoint-tmp
[2025-09-23 16:57:43,877][absl][INFO] - Transferring arrays to host memory with options: use_replica_parallel=True, min_slice_bytes_for_replica_parallel=None, max_replicas_for_replica_parallel=None, enable_pinned_host_transfer=True
[2025-09-23 16:57:43,880][absl][INFO] - [process=0][thread=MainThread] Initiated "orbax.checkpoint._src.serialization.type_handlers.ArrayHandler".serialize. Time taken: 0.003460s
[2025-09-23 16:57:43,884][absl][INFO] - [process=0] /jax/checkpoint/write/blocking_gbytes_per_sec: 0 Bytes/s (total gbytes: 1.0 MiB) (time elapsed: 8 milliseconds) (per-host)
[2025-09-23 16:57:43,884][absl][INFO] - [process=0][thread=MainThread] Initiated Pytree async_save. Time taken: 0.008903s (batch_requests_ready=0.000672s, total_serialization_initiated=0.004510s, others=0.003721s)
[2025-09-23 16:57:43,885][absl][WARNING] - [process=0][thread=MainThread][operation_id=7] _SignalingThread.join() waiting for signals ([]) blocking the main thread will slow down blocking save times. This is likely due to main thread calling result() on a CommitFuture.
[2025-09-23 16:57:43,885][absl][INFO] - [process=0][thread=array_type_handler] Wrote 26 array_metadata.ArrayMetadata to /home/seul/Desktop/project/mujoco/ppo_ckpt/000048168960.orbax-checkpoint-tmp/array_metadatas/process_0
[2025-09-23 16:57:44,019][absl][INFO] - [process=0][thread=write_metadata_after_commits] Commit + Array metadata written. Time taken: 0.134831s (commit=0.133355s, array_metadata_write=0.001476s)
[2025-09-23 16:57:44,019][absl][INFO] - [process=0] /jax/checkpoint/write/gbytes_per_sec: 0 Bytes/s (total gbytes: 1.0 MiB) (time elapsed: 143 milliseconds) (per-host)
[2025-09-23 16:57:44,021][absl][INFO] - [process=0][thread=MainThread] Skipped cross-host ArrayMetadata validation because only one process is found: process_index=0.
[2025-09-23 16:57:44,047][absl][INFO] - [process=0][thread=MainThread] Pytree save finalize (merge_ocdbt + ArrayMetadata validation) completed. Time taken: 0.026266s. use_zarr3=False, enable_post_merge_validation=True, directory=/home/seul/Desktop/project/mujoco/ppo_ckpt/000048168960.orbax-checkpoint-tmp
[2025-09-23 16:57:44,047][absl][INFO] - Renaming /home/seul/Desktop/project/mujoco/ppo_ckpt/000048168960.orbax-checkpoint-tmp to /home/seul/Desktop/project/mujoco/ppo_ckpt/000048168960
[2025-09-23 16:57:44,048][absl][INFO] - [process=0][thread=MainThread] Finished saving checkpoint (finalized tmp dir) to `/home/seul/Desktop/project/mujoco/ppo_ckpt/000048168960`.
[2025-09-23 16:57:44,049][absl][INFO] - Finished synchronous save in 0.18 seconds to /home/seul/Desktop/project/mujoco/ppo_ckpt/000048168960
[2025-09-23 16:57:44,876][absl][INFO] - {'eval/walltime': 38.581679821014404, 'training/sps': np.float64(346075.1748131557), 'training/walltime': 160.47565460205078, 'training/entropy_loss': Array(0.08321861, dtype=float32), 'training/policy_loss': Array(-0.00267851, dtype=float32), 'training/total_loss': Array(26.13628, dtype=float32), 'training/v_loss': Array(26.055738, dtype=float32), 'eval/episode_reward': Array(881.79065, dtype=float32), 'eval/episode_reward_std': Array(12.820944, dtype=float32), 'eval/avg_episode_length': Array(1000., dtype=float32), 'eval/std_episode_length': Array(0., dtype=float32), 'eval/epoch_eval_time': 0.8256127834320068, 'eval/sps': 155036.35913668168}
[2025-09-23 16:57:44,920][absl][INFO] - starting iteration 7 225.27275824546814
[2025-09-23 16:58:04,818][root][INFO] - saving checkpoint to /home/seul/Desktop/project/mujoco/ppo_ckpt/000055050240
[2025-09-23 16:58:04,819][absl][INFO] - Created BasePyTreeCheckpointHandler: use_ocdbt=True, use_zarr3=False, pytree_metadata_options=PyTreeMetadataOptions(support_rich_types=False), array_metadata_store=<orbax.checkpoint._src.metadata.array_metadata_store.Store object at 0x7abf5b120e50>, enable_pinned_host_transfer=True, save_concurrent_bytes: 96000000000 (89.4 GiB), restore_concurrent_bytes: 96000000000 (89.4 GiB)
[2025-09-23 16:58:04,819][absl][INFO] - [process=0] Started saving checkpoint to /home/seul/Desktop/project/mujoco/ppo_ckpt/000055050240.
[2025-09-23 16:58:04,819][absl][INFO] - Specified `force`: removing existing directory.
[2025-09-23 16:58:04,820][absl][INFO] - Creating tmp directory /home/seul/Desktop/project/mujoco/ppo_ckpt/000055050240.orbax-checkpoint-tmp
[2025-09-23 16:58:04,823][absl][INFO] - Transferring arrays to host memory with options: use_replica_parallel=True, min_slice_bytes_for_replica_parallel=None, max_replicas_for_replica_parallel=None, enable_pinned_host_transfer=True
[2025-09-23 16:58:04,826][absl][INFO] - [process=0][thread=MainThread] Initiated "orbax.checkpoint._src.serialization.type_handlers.ArrayHandler".serialize. Time taken: 0.003336s
[2025-09-23 16:58:04,830][absl][INFO] - [process=0] /jax/checkpoint/write/blocking_gbytes_per_sec: 0 Bytes/s (total gbytes: 1.0 MiB) (time elapsed: 8 milliseconds) (per-host)
[2025-09-23 16:58:04,831][absl][INFO] - [process=0][thread=MainThread] Initiated Pytree async_save. Time taken: 0.009403s (batch_requests_ready=0.000686s, total_serialization_initiated=0.007542s, others=0.001174s)
[2025-09-23 16:58:04,831][absl][WARNING] - [process=0][thread=MainThread][operation_id=8] _SignalingThread.join() waiting for signals ([]) blocking the main thread will slow down blocking save times. This is likely due to main thread calling result() on a CommitFuture.
[2025-09-23 16:58:04,831][absl][INFO] - [process=0][thread=array_type_handler] Wrote 26 array_metadata.ArrayMetadata to /home/seul/Desktop/project/mujoco/ppo_ckpt/000055050240.orbax-checkpoint-tmp/array_metadatas/process_0
[2025-09-23 16:58:04,964][absl][INFO] - [process=0][thread=write_metadata_after_commits] Commit + Array metadata written. Time taken: 0.134587s (commit=0.133390s, array_metadata_write=0.001197s)
[2025-09-23 16:58:04,965][absl][INFO] - [process=0] /jax/checkpoint/write/gbytes_per_sec: 0 Bytes/s (total gbytes: 1.0 MiB) (time elapsed: 143 milliseconds) (per-host)
[2025-09-23 16:58:04,968][absl][INFO] - [process=0][thread=MainThread] Skipped cross-host ArrayMetadata validation because only one process is found: process_index=0.
[2025-09-23 16:58:04,994][absl][INFO] - [process=0][thread=MainThread] Pytree save finalize (merge_ocdbt + ArrayMetadata validation) completed. Time taken: 0.027777s. use_zarr3=False, enable_post_merge_validation=True, directory=/home/seul/Desktop/project/mujoco/ppo_ckpt/000055050240.orbax-checkpoint-tmp
[2025-09-23 16:58:04,995][absl][INFO] - Renaming /home/seul/Desktop/project/mujoco/ppo_ckpt/000055050240.orbax-checkpoint-tmp to /home/seul/Desktop/project/mujoco/ppo_ckpt/000055050240
[2025-09-23 16:58:04,996][absl][INFO] - [process=0][thread=MainThread] Finished saving checkpoint (finalized tmp dir) to `/home/seul/Desktop/project/mujoco/ppo_ckpt/000055050240`.
[2025-09-23 16:58:04,997][absl][INFO] - Finished synchronous save in 0.18 seconds to /home/seul/Desktop/project/mujoco/ppo_ckpt/000055050240
[2025-09-23 16:58:05,815][absl][INFO] - {'eval/walltime': 39.39860439300537, 'training/sps': np.float64(345929.6744911023), 'training/walltime': 180.36779022216797, 'training/entropy_loss': Array(0.07658193, dtype=float32), 'training/policy_loss': Array(-0.00152157, dtype=float32), 'training/total_loss': Array(22.250935, dtype=float32), 'training/v_loss': Array(22.17587, dtype=float32), 'eval/episode_reward': Array(898.24634, dtype=float32), 'eval/episode_reward_std': Array(6.8959923, dtype=float32), 'eval/avg_episode_length': Array(1000., dtype=float32), 'eval/std_episode_length': Array(0., dtype=float32), 'eval/epoch_eval_time': 0.8169245719909668, 'eval/sps': 156685.21230551915}
[2025-09-23 16:58:05,861][absl][INFO] - starting iteration 8 246.21404433250427
[2025-09-23 16:58:25,734][root][INFO] - saving checkpoint to /home/seul/Desktop/project/mujoco/ppo_ckpt/000061931520
[2025-09-23 16:58:25,734][absl][INFO] - Created BasePyTreeCheckpointHandler: use_ocdbt=True, use_zarr3=False, pytree_metadata_options=PyTreeMetadataOptions(support_rich_types=False), array_metadata_store=<orbax.checkpoint._src.metadata.array_metadata_store.Store object at 0x7abf5b120e50>, enable_pinned_host_transfer=True, save_concurrent_bytes: 96000000000 (89.4 GiB), restore_concurrent_bytes: 96000000000 (89.4 GiB)
[2025-09-23 16:58:25,734][absl][INFO] - [process=0] Started saving checkpoint to /home/seul/Desktop/project/mujoco/ppo_ckpt/000061931520.
[2025-09-23 16:58:25,735][absl][INFO] - Specified `force`: removing existing directory.
[2025-09-23 16:58:25,736][absl][INFO] - Creating tmp directory /home/seul/Desktop/project/mujoco/ppo_ckpt/000061931520.orbax-checkpoint-tmp
[2025-09-23 16:58:25,738][absl][INFO] - Transferring arrays to host memory with options: use_replica_parallel=True, min_slice_bytes_for_replica_parallel=None, max_replicas_for_replica_parallel=None, enable_pinned_host_transfer=True
[2025-09-23 16:58:25,741][absl][INFO] - [process=0][thread=MainThread] Initiated "orbax.checkpoint._src.serialization.type_handlers.ArrayHandler".serialize. Time taken: 0.003189s
[2025-09-23 16:58:25,745][absl][INFO] - [process=0] /jax/checkpoint/write/blocking_gbytes_per_sec: 0 Bytes/s (total gbytes: 1.0 MiB) (time elapsed: 7 milliseconds) (per-host)
[2025-09-23 16:58:25,745][absl][INFO] - [process=0][thread=MainThread] Initiated Pytree async_save. Time taken: 0.008583s (batch_requests_ready=0.000649s, total_serialization_initiated=0.004133s, others=0.003801s)
[2025-09-23 16:58:25,746][absl][WARNING] - [process=0][thread=MainThread][operation_id=9] _SignalingThread.join() waiting for signals ([]) blocking the main thread will slow down blocking save times. This is likely due to main thread calling result() on a CommitFuture.
[2025-09-23 16:58:25,746][absl][INFO] - [process=0][thread=array_type_handler] Wrote 26 array_metadata.ArrayMetadata to /home/seul/Desktop/project/mujoco/ppo_ckpt/000061931520.orbax-checkpoint-tmp/array_metadatas/process_0
[2025-09-23 16:58:25,880][absl][INFO] - [process=0][thread=write_metadata_after_commits] Commit + Array metadata written. Time taken: 0.135603s (commit=0.134138s, array_metadata_write=0.001465s)
[2025-09-23 16:58:25,881][absl][INFO] - [process=0] /jax/checkpoint/write/gbytes_per_sec: 0 Bytes/s (total gbytes: 1.0 MiB) (time elapsed: 144 milliseconds) (per-host)
[2025-09-23 16:58:25,883][absl][INFO] - [process=0][thread=MainThread] Skipped cross-host ArrayMetadata validation because only one process is found: process_index=0.
[2025-09-23 16:58:25,909][absl][INFO] - [process=0][thread=MainThread] Pytree save finalize (merge_ocdbt + ArrayMetadata validation) completed. Time taken: 0.026797s. use_zarr3=False, enable_post_merge_validation=True, directory=/home/seul/Desktop/project/mujoco/ppo_ckpt/000061931520.orbax-checkpoint-tmp
[2025-09-23 16:58:25,910][absl][INFO] - Renaming /home/seul/Desktop/project/mujoco/ppo_ckpt/000061931520.orbax-checkpoint-tmp to /home/seul/Desktop/project/mujoco/ppo_ckpt/000061931520
[2025-09-23 16:58:25,911][absl][INFO] - [process=0][thread=MainThread] Finished saving checkpoint (finalized tmp dir) to `/home/seul/Desktop/project/mujoco/ppo_ckpt/000061931520`.
[2025-09-23 16:58:25,911][absl][INFO] - Finished synchronous save in 0.18 seconds to /home/seul/Desktop/project/mujoco/ppo_ckpt/000061931520
[2025-09-23 16:58:26,731][absl][INFO] - {'eval/walltime': 40.21662187576294, 'training/sps': np.float64(346376.07855859294), 'training/walltime': 200.23428916931152, 'training/entropy_loss': Array(0.06661528, dtype=float32), 'training/policy_loss': Array(5.4563498e-05, dtype=float32), 'training/total_loss': Array(24.129946, dtype=float32), 'training/v_loss': Array(24.063274, dtype=float32), 'eval/episode_reward': Array(904.557, dtype=float32), 'eval/episode_reward_std': Array(5.5110226, dtype=float32), 'eval/avg_episode_length': Array(1000., dtype=float32), 'eval/std_episode_length': Array(0., dtype=float32), 'eval/epoch_eval_time': 0.8180174827575684, 'eval/sps': 156475.87331325375}
[2025-09-23 16:58:27,085][absl][INFO] - total steps: 61931520
[2025-09-23 18:23:00,889][root][INFO] - Using JAX default device: cuda:0.
