[2025-09-23 16:19:06,978][jax._src.xla_bridge][INFO] - Unable to initialize backend 'tpu': INTERNAL: Failed to open libtpu.so: libtpu.so: cannot open shared object file: No such file or directory
[2025-09-23 16:19:07,052][root][INFO] - Using JAX default device: cuda:0.
[2025-09-23 16:19:07,193][absl][INFO] - Device count: 1, process count: 1 (id 0), local device count: 1, devices to be used count: 1
[2025-09-23 16:19:07,711][root][INFO] - Using JAX default device: cuda:0.
[2025-09-23 16:19:13,856][root][INFO] - Using JAX default device: cuda:0.
[2025-09-23 16:19:22,886][absl][INFO] - {'eval/walltime': 8.963581800460815, 'eval/episode_reward': Array(280.1272, dtype=float32), 'eval/episode_reward/angle_in_bounds': Array(0., dtype=float32), 'eval/episode_reward/cart_in_bounds': Array(0., dtype=float32), 'eval/episode_reward/centered': Array(721.52405, dtype=float32), 'eval/episode_reward/small_control': Array(923.9684, dtype=float32), 'eval/episode_reward/small_velocity': Array(631.84155, dtype=float32), 'eval/episode_reward/upright': Array(570.74536, dtype=float32), 'eval/episode_reward_std': Array(59.778, dtype=float32), 'eval/episode_reward/angle_in_bounds_std': Array(0., dtype=float32), 'eval/episode_reward/cart_in_bounds_std': Array(0., dtype=float32), 'eval/episode_reward/centered_std': Array(65.59639, dtype=float32), 'eval/episode_reward/small_control_std': Array(11.044095, dtype=float32), 'eval/episode_reward/small_velocity_std': Array(68.4579, dtype=float32), 'eval/episode_reward/upright_std': Array(89.32887, dtype=float32), 'eval/avg_episode_length': Array(1000., dtype=float32), 'eval/std_episode_length': Array(0., dtype=float32), 'eval/epoch_eval_time': 8.963581800460815, 'eval/sps': 14280.005788915716}
[2025-09-23 16:19:23,041][absl][INFO] - starting iteration 0 15.847224712371826
[2025-09-23 16:19:50,777][root][INFO] - saving checkpoint to /home/seul/Desktop/project/mujoco/ppo_ckpt/000006881280
[2025-09-23 16:19:50,778][absl][INFO] - orbax-checkpoint version: 0.11.25
[2025-09-23 16:19:50,778][absl][INFO] - Created BasePyTreeCheckpointHandler: use_ocdbt=True, use_zarr3=False, pytree_metadata_options=PyTreeMetadataOptions(support_rich_types=False), array_metadata_store=<orbax.checkpoint._src.metadata.array_metadata_store.Store object at 0x74cf2ec63850>, enable_pinned_host_transfer=True, save_concurrent_bytes: 96000000000 (89.4 GiB), restore_concurrent_bytes: 96000000000 (89.4 GiB)
[2025-09-23 16:19:50,778][absl][INFO] - [thread=MainThread] Failed to get flag value for EXPERIMENTAL_ORBAX_USE_DISTRIBUTED_PROCESS_ID.
[2025-09-23 16:19:50,778][absl][INFO] - [process=0] Started saving checkpoint to /home/seul/Desktop/project/mujoco/ppo_ckpt/000006881280.
[2025-09-23 16:19:50,779][absl][INFO] - Specified `force`: removing existing directory.
[2025-09-23 16:19:50,780][absl][INFO] - Creating tmp directory /home/seul/Desktop/project/mujoco/ppo_ckpt/000006881280.orbax-checkpoint-tmp
[2025-09-23 16:19:50,781][absl][INFO] - Wrote Metadata={'item_handlers': None, 'metrics': {}, 'performance_metrics': {}, 'init_timestamp_nsecs': 1758611990780936284, 'commit_timestamp_nsecs': None, 'custom_metadata': {}}, json={"item_handlers": null, "metrics": {}, "performance_metrics": {}, "init_timestamp_nsecs": 1758611990780936284, "commit_timestamp_nsecs": null, "custom_metadata": {}} to /home/seul/Desktop/project/mujoco/ppo_ckpt/000006881280.orbax-checkpoint-tmp/_CHECKPOINT_METADATA
[2025-09-23 16:19:50,783][absl][INFO] - Transferring arrays to host memory with options: use_replica_parallel=True, min_slice_bytes_for_replica_parallel=None, max_replicas_for_replica_parallel=None, enable_pinned_host_transfer=True
[2025-09-23 16:19:50,788][absl][INFO] - Using ThreadSafeKeyValueSignalingClient
[2025-09-23 16:19:50,788][absl][INFO] - [process=0][thread=MainThread] Initiated "orbax.checkpoint._src.serialization.type_handlers.ArrayHandler".serialize. Time taken: 0.004560s
[2025-09-23 16:19:50,792][absl][INFO] - [process=0] /jax/checkpoint/write/blocking_gbytes_per_sec: 0 Bytes/s (total gbytes: 1.0 MiB) (time elapsed: 11 milliseconds) (per-host)
[2025-09-23 16:19:50,793][absl][INFO] - [process=0][thread=MainThread] Initiated Pytree async_save. Time taken: 0.011364s (batch_requests_ready=0.000822s, total_serialization_initiated=0.009660s, others=0.000882s)
[2025-09-23 16:19:50,793][absl][WARNING] - [process=0][thread=MainThread][operation_id=1] _SignalingThread.join() waiting for signals ([]) blocking the main thread will slow down blocking save times. This is likely due to main thread calling result() on a CommitFuture.
[2025-09-23 16:19:50,794][absl][INFO] - [process=0][thread=array_type_handler] Wrote 26 array_metadata.ArrayMetadata to /home/seul/Desktop/project/mujoco/ppo_ckpt/000006881280.orbax-checkpoint-tmp/array_metadatas/process_0
[2025-09-23 16:19:50,928][absl][INFO] - [process=0][thread=write_metadata_after_commits] Commit + Array metadata written. Time taken: 0.134920s (commit=0.133693s, array_metadata_write=0.001227s)
[2025-09-23 16:19:50,928][absl][INFO] - [process=0] /jax/checkpoint/write/gbytes_per_sec: 0 Bytes/s (total gbytes: 1.0 MiB) (time elapsed: 146 milliseconds) (per-host)
[2025-09-23 16:19:50,929][absl][INFO] - Read Metadata={'item_handlers': None, 'metrics': {}, 'performance_metrics': {}, 'init_timestamp_nsecs': 1758611990780936284, 'commit_timestamp_nsecs': None, 'custom_metadata': {}} from /home/seul/Desktop/project/mujoco/ppo_ckpt/000006881280.orbax-checkpoint-tmp/_CHECKPOINT_METADATA
[2025-09-23 16:19:50,929][absl][INFO] - Updated Metadata={'item_handlers': 'orbax.checkpoint._src.handlers.pytree_checkpoint_handler.PyTreeCheckpointHandler', 'metrics': {}, 'performance_metrics': {}, 'init_timestamp_nsecs': 1758611990780936284, 'commit_timestamp_nsecs': None, 'custom_metadata': {}} to /home/seul/Desktop/project/mujoco/ppo_ckpt/000006881280.orbax-checkpoint-tmp/_CHECKPOINT_METADATA
[2025-09-23 16:19:50,930][absl][INFO] - [process=0][thread=MainThread] Skipped cross-host ArrayMetadata validation because only one process is found: process_index=0.
[2025-09-23 16:19:50,956][absl][INFO] - [process=0][thread=MainThread] Pytree save finalize (merge_ocdbt + ArrayMetadata validation) completed. Time taken: 0.026882s. use_zarr3=False, enable_post_merge_validation=True, directory=/home/seul/Desktop/project/mujoco/ppo_ckpt/000006881280.orbax-checkpoint-tmp
[2025-09-23 16:19:50,957][absl][INFO] - Renaming /home/seul/Desktop/project/mujoco/ppo_ckpt/000006881280.orbax-checkpoint-tmp to /home/seul/Desktop/project/mujoco/ppo_ckpt/000006881280
[2025-09-23 16:19:50,958][absl][INFO] - [process=0][thread=MainThread] Finished saving checkpoint (finalized tmp dir) to `/home/seul/Desktop/project/mujoco/ppo_ckpt/000006881280`.
[2025-09-23 16:19:50,959][absl][INFO] - Finished synchronous save in 0.18 seconds to /home/seul/Desktop/project/mujoco/ppo_ckpt/000006881280
[2025-09-23 16:19:51,095][absl][INFO] - {'eval/walltime': 9.097698211669922, 'training/sps': np.float64(250339.05090312098), 'training/walltime': 27.4878408908844, 'training/entropy_loss': Array(-0.00519498, dtype=float32), 'training/policy_loss': Array(-0.00757152, dtype=float32), 'training/total_loss': Array(439.14807, dtype=float32), 'training/v_loss': Array(439.1608, dtype=float32), 'eval/episode_reward': Array(660.9866, dtype=float32), 'eval/episode_reward/angle_in_bounds': Array(0., dtype=float32), 'eval/episode_reward/cart_in_bounds': Array(0., dtype=float32), 'eval/episode_reward/centered': Array(904.8583, dtype=float32), 'eval/episode_reward/small_control': Array(954.1882, dtype=float32), 'eval/episode_reward/small_velocity': Array(868.567, dtype=float32), 'eval/episode_reward/upright': Array(794.46716, dtype=float32), 'eval/episode_reward_std': Array(143.85664, dtype=float32), 'eval/episode_reward/angle_in_bounds_std': Array(0., dtype=float32), 'eval/episode_reward/cart_in_bounds_std': Array(0., dtype=float32), 'eval/episode_reward/centered_std': Array(49.89462, dtype=float32), 'eval/episode_reward/small_control_std': Array(5.005298, dtype=float32), 'eval/episode_reward/small_velocity_std': Array(67.490486, dtype=float32), 'eval/episode_reward/upright_std': Array(131.19185, dtype=float32), 'eval/avg_episode_length': Array(1000., dtype=float32), 'eval/std_episode_length': Array(0., dtype=float32), 'eval/epoch_eval_time': 0.13411641120910645, 'eval/sps': 954394.7593440291}
[2025-09-23 16:19:51,136][absl][INFO] - starting iteration 1 43.94217801094055
[2025-09-23 16:20:06,956][root][INFO] - saving checkpoint to /home/seul/Desktop/project/mujoco/ppo_ckpt/000013762560
[2025-09-23 16:20:06,957][absl][INFO] - Created BasePyTreeCheckpointHandler: use_ocdbt=True, use_zarr3=False, pytree_metadata_options=PyTreeMetadataOptions(support_rich_types=False), array_metadata_store=<orbax.checkpoint._src.metadata.array_metadata_store.Store object at 0x74cf2ec63850>, enable_pinned_host_transfer=True, save_concurrent_bytes: 96000000000 (89.4 GiB), restore_concurrent_bytes: 96000000000 (89.4 GiB)
[2025-09-23 16:20:06,957][absl][INFO] - [process=0] Started saving checkpoint to /home/seul/Desktop/project/mujoco/ppo_ckpt/000013762560.
[2025-09-23 16:20:06,957][absl][INFO] - Specified `force`: removing existing directory.
[2025-09-23 16:20:06,958][absl][INFO] - Creating tmp directory /home/seul/Desktop/project/mujoco/ppo_ckpt/000013762560.orbax-checkpoint-tmp
[2025-09-23 16:20:06,961][absl][INFO] - Transferring arrays to host memory with options: use_replica_parallel=True, min_slice_bytes_for_replica_parallel=None, max_replicas_for_replica_parallel=None, enable_pinned_host_transfer=True
[2025-09-23 16:20:06,965][absl][INFO] - [process=0][thread=MainThread] Initiated "orbax.checkpoint._src.serialization.type_handlers.ArrayHandler".serialize. Time taken: 0.003933s
[2025-09-23 16:20:06,969][absl][INFO] - [process=0] /jax/checkpoint/write/blocking_gbytes_per_sec: 0 Bytes/s (total gbytes: 1.0 MiB) (time elapsed: 9 milliseconds) (per-host)
[2025-09-23 16:20:06,969][absl][INFO] - [process=0][thread=MainThread] Initiated Pytree async_save. Time taken: 0.009546s (batch_requests_ready=0.000666s, total_serialization_initiated=0.006175s, others=0.002705s)
[2025-09-23 16:20:06,969][absl][WARNING] - [process=0][thread=MainThread][operation_id=2] _SignalingThread.join() waiting for signals ([]) blocking the main thread will slow down blocking save times. This is likely due to main thread calling result() on a CommitFuture.
[2025-09-23 16:20:06,971][absl][INFO] - [process=0][thread=array_type_handler] Wrote 26 array_metadata.ArrayMetadata to /home/seul/Desktop/project/mujoco/ppo_ckpt/000013762560.orbax-checkpoint-tmp/array_metadatas/process_0
[2025-09-23 16:20:07,096][absl][INFO] - [process=0][thread=write_metadata_after_commits] Commit + Array metadata written. Time taken: 0.126484s (commit=0.125186s, array_metadata_write=0.001298s)
[2025-09-23 16:20:07,097][absl][INFO] - [process=0] /jax/checkpoint/write/gbytes_per_sec: 0 Bytes/s (total gbytes: 1.0 MiB) (time elapsed: 137 milliseconds) (per-host)
[2025-09-23 16:20:07,099][absl][INFO] - [process=0][thread=MainThread] Skipped cross-host ArrayMetadata validation because only one process is found: process_index=0.
[2025-09-23 16:20:07,124][absl][INFO] - [process=0][thread=MainThread] Pytree save finalize (merge_ocdbt + ArrayMetadata validation) completed. Time taken: 0.026408s. use_zarr3=False, enable_post_merge_validation=True, directory=/home/seul/Desktop/project/mujoco/ppo_ckpt/000013762560.orbax-checkpoint-tmp
[2025-09-23 16:20:07,125][absl][INFO] - Renaming /home/seul/Desktop/project/mujoco/ppo_ckpt/000013762560.orbax-checkpoint-tmp to /home/seul/Desktop/project/mujoco/ppo_ckpt/000013762560
[2025-09-23 16:20:07,126][absl][INFO] - [process=0][thread=MainThread] Finished saving checkpoint (finalized tmp dir) to `/home/seul/Desktop/project/mujoco/ppo_ckpt/000013762560`.
[2025-09-23 16:20:07,127][absl][INFO] - Finished synchronous save in 0.17 seconds to /home/seul/Desktop/project/mujoco/ppo_ckpt/000013762560
[2025-09-23 16:20:07,259][absl][INFO] - {'eval/walltime': 9.22777009010315, 'training/sps': np.float64(435124.19338304794), 'training/walltime': 43.30236029624939, 'training/entropy_loss': Array(-0.00106881, dtype=float32), 'training/policy_loss': Array(-0.03250438, dtype=float32), 'training/total_loss': Array(228.548, dtype=float32), 'training/v_loss': Array(228.58156, dtype=float32), 'eval/episode_reward': Array(994.85144, dtype=float32), 'eval/episode_reward/angle_in_bounds': Array(0., dtype=float32), 'eval/episode_reward/cart_in_bounds': Array(0., dtype=float32), 'eval/episode_reward/centered': Array(999.8061, dtype=float32), 'eval/episode_reward/small_control': Array(995.16235, dtype=float32), 'eval/episode_reward/small_velocity': Array(999.89526, dtype=float32), 'eval/episode_reward/upright': Array(999.9922, dtype=float32), 'eval/episode_reward_std': Array(0.2914431, dtype=float32), 'eval/episode_reward/angle_in_bounds_std': Array(0., dtype=float32), 'eval/episode_reward/cart_in_bounds_std': Array(0., dtype=float32), 'eval/episode_reward/centered_std': Array(0.14781953, dtype=float32), 'eval/episode_reward/small_control_std': Array(0.21854053, dtype=float32), 'eval/episode_reward/small_velocity_std': Array(0.01760782, dtype=float32), 'eval/episode_reward/upright_std': Array(0.00362086, dtype=float32), 'eval/avg_episode_length': Array(1000., dtype=float32), 'eval/std_episode_length': Array(0., dtype=float32), 'eval/epoch_eval_time': 0.13007187843322754, 'eval/sps': 984071.2807550393}
[2025-09-23 16:20:07,301][absl][INFO] - starting iteration 2 60.10795593261719
[2025-09-23 16:20:23,174][root][INFO] - saving checkpoint to /home/seul/Desktop/project/mujoco/ppo_ckpt/000020643840
[2025-09-23 16:20:23,175][absl][INFO] - Created BasePyTreeCheckpointHandler: use_ocdbt=True, use_zarr3=False, pytree_metadata_options=PyTreeMetadataOptions(support_rich_types=False), array_metadata_store=<orbax.checkpoint._src.metadata.array_metadata_store.Store object at 0x74cf2ec63850>, enable_pinned_host_transfer=True, save_concurrent_bytes: 96000000000 (89.4 GiB), restore_concurrent_bytes: 96000000000 (89.4 GiB)
[2025-09-23 16:20:23,175][absl][INFO] - [process=0] Started saving checkpoint to /home/seul/Desktop/project/mujoco/ppo_ckpt/000020643840.
[2025-09-23 16:20:23,175][absl][INFO] - Specified `force`: removing existing directory.
[2025-09-23 16:20:23,176][absl][INFO] - Creating tmp directory /home/seul/Desktop/project/mujoco/ppo_ckpt/000020643840.orbax-checkpoint-tmp
[2025-09-23 16:20:23,179][absl][INFO] - Transferring arrays to host memory with options: use_replica_parallel=True, min_slice_bytes_for_replica_parallel=None, max_replicas_for_replica_parallel=None, enable_pinned_host_transfer=True
[2025-09-23 16:20:23,182][absl][INFO] - [process=0][thread=MainThread] Initiated "orbax.checkpoint._src.serialization.type_handlers.ArrayHandler".serialize. Time taken: 0.002913s
[2025-09-23 16:20:23,185][absl][INFO] - [process=0] /jax/checkpoint/write/blocking_gbytes_per_sec: 0 Bytes/s (total gbytes: 1.0 MiB) (time elapsed: 7 milliseconds) (per-host)
[2025-09-23 16:20:23,185][absl][INFO] - [process=0][thread=MainThread] Initiated Pytree async_save. Time taken: 0.008135s (batch_requests_ready=0.000637s, total_serialization_initiated=0.003873s, others=0.003626s)
[2025-09-23 16:20:23,186][absl][WARNING] - [process=0][thread=MainThread][operation_id=3] _SignalingThread.join() waiting for signals ([]) blocking the main thread will slow down blocking save times. This is likely due to main thread calling result() on a CommitFuture.
[2025-09-23 16:20:23,188][absl][INFO] - [process=0][thread=array_type_handler] Wrote 26 array_metadata.ArrayMetadata to /home/seul/Desktop/project/mujoco/ppo_ckpt/000020643840.orbax-checkpoint-tmp/array_metadatas/process_0
[2025-09-23 16:20:23,311][absl][INFO] - [process=0][thread=write_metadata_after_commits] Commit + Array metadata written. Time taken: 0.125755s (commit=0.124481s, array_metadata_write=0.001274s)
[2025-09-23 16:20:23,312][absl][INFO] - [process=0] /jax/checkpoint/write/gbytes_per_sec: 0 Bytes/s (total gbytes: 1.0 MiB) (time elapsed: 134 milliseconds) (per-host)
[2025-09-23 16:20:23,314][absl][INFO] - [process=0][thread=MainThread] Skipped cross-host ArrayMetadata validation because only one process is found: process_index=0.
[2025-09-23 16:20:23,339][absl][INFO] - [process=0][thread=MainThread] Pytree save finalize (merge_ocdbt + ArrayMetadata validation) completed. Time taken: 0.026553s. use_zarr3=False, enable_post_merge_validation=True, directory=/home/seul/Desktop/project/mujoco/ppo_ckpt/000020643840.orbax-checkpoint-tmp
[2025-09-23 16:20:23,340][absl][INFO] - Renaming /home/seul/Desktop/project/mujoco/ppo_ckpt/000020643840.orbax-checkpoint-tmp to /home/seul/Desktop/project/mujoco/ppo_ckpt/000020643840
[2025-09-23 16:20:23,341][absl][INFO] - [process=0][thread=MainThread] Finished saving checkpoint (finalized tmp dir) to `/home/seul/Desktop/project/mujoco/ppo_ckpt/000020643840`.
[2025-09-23 16:20:23,341][absl][INFO] - Finished synchronous save in 0.17 seconds to /home/seul/Desktop/project/mujoco/ppo_ckpt/000020643840
[2025-09-23 16:20:23,474][absl][INFO] - {'eval/walltime': 9.35814905166626, 'training/sps': np.float64(433677.48380037944), 'training/walltime': 59.1696355342865, 'training/entropy_loss': Array(0.01157966, dtype=float32), 'training/policy_loss': Array(-0.01663696, dtype=float32), 'training/total_loss': Array(0.02139398, dtype=float32), 'training/v_loss': Array(0.02645128, dtype=float32), 'eval/episode_reward': Array(998.9576, dtype=float32), 'eval/episode_reward/angle_in_bounds': Array(0., dtype=float32), 'eval/episode_reward/cart_in_bounds': Array(0., dtype=float32), 'eval/episode_reward/centered': Array(999.68207, dtype=float32), 'eval/episode_reward/small_control': Array(999.29364, dtype=float32), 'eval/episode_reward/small_velocity': Array(999.9872, dtype=float32), 'eval/episode_reward/upright': Array(999.9987, dtype=float32), 'eval/episode_reward_std': Array(0.17584841, dtype=float32), 'eval/episode_reward/angle_in_bounds_std': Array(0., dtype=float32), 'eval/episode_reward/cart_in_bounds_std': Array(0., dtype=float32), 'eval/episode_reward/centered_std': Array(0.15758468, dtype=float32), 'eval/episode_reward/small_control_std': Array(0.04132248, dtype=float32), 'eval/episode_reward/small_velocity_std': Array(0.00778037, dtype=float32), 'eval/episode_reward/upright_std': Array(0.00111692, dtype=float32), 'eval/avg_episode_length': Array(1000., dtype=float32), 'eval/std_episode_length': Array(0., dtype=float32), 'eval/epoch_eval_time': 0.13037896156311035, 'eval/sps': 981753.4858800144}
[2025-09-23 16:20:23,517][absl][INFO] - starting iteration 3 76.32333016395569
[2025-09-23 16:20:39,418][root][INFO] - saving checkpoint to /home/seul/Desktop/project/mujoco/ppo_ckpt/000027525120
[2025-09-23 16:20:39,418][absl][INFO] - Created BasePyTreeCheckpointHandler: use_ocdbt=True, use_zarr3=False, pytree_metadata_options=PyTreeMetadataOptions(support_rich_types=False), array_metadata_store=<orbax.checkpoint._src.metadata.array_metadata_store.Store object at 0x74cf2ec63850>, enable_pinned_host_transfer=True, save_concurrent_bytes: 96000000000 (89.4 GiB), restore_concurrent_bytes: 96000000000 (89.4 GiB)
[2025-09-23 16:20:39,418][absl][INFO] - [process=0] Started saving checkpoint to /home/seul/Desktop/project/mujoco/ppo_ckpt/000027525120.
[2025-09-23 16:20:39,418][absl][INFO] - Specified `force`: removing existing directory.
[2025-09-23 16:20:39,420][absl][INFO] - Creating tmp directory /home/seul/Desktop/project/mujoco/ppo_ckpt/000027525120.orbax-checkpoint-tmp
[2025-09-23 16:20:39,422][absl][INFO] - Transferring arrays to host memory with options: use_replica_parallel=True, min_slice_bytes_for_replica_parallel=None, max_replicas_for_replica_parallel=None, enable_pinned_host_transfer=True
[2025-09-23 16:20:39,425][absl][INFO] - [process=0][thread=MainThread] Initiated "orbax.checkpoint._src.serialization.type_handlers.ArrayHandler".serialize. Time taken: 0.003169s
[2025-09-23 16:20:39,426][absl][INFO] - [process=0] /jax/checkpoint/write/blocking_gbytes_per_sec: 0 Bytes/s (total gbytes: 1.0 MiB) (time elapsed: 5 milliseconds) (per-host)
[2025-09-23 16:20:39,429][absl][INFO] - [process=0][thread=MainThread] Initiated Pytree async_save. Time taken: 0.008458s (batch_requests_ready=0.000645s, total_serialization_initiated=0.004112s, others=0.003701s)
[2025-09-23 16:20:39,429][absl][WARNING] - [process=0][thread=MainThread][operation_id=4] _SignalingThread.join() waiting for signals ([]) blocking the main thread will slow down blocking save times. This is likely due to main thread calling result() on a CommitFuture.
[2025-09-23 16:20:39,431][absl][INFO] - [process=0][thread=array_type_handler] Wrote 26 array_metadata.ArrayMetadata to /home/seul/Desktop/project/mujoco/ppo_ckpt/000027525120.orbax-checkpoint-tmp/array_metadatas/process_0
[2025-09-23 16:20:39,553][absl][INFO] - [process=0][thread=write_metadata_after_commits] Commit + Array metadata written. Time taken: 0.124152s (commit=0.122804s, array_metadata_write=0.001348s)
[2025-09-23 16:20:39,554][absl][INFO] - [process=0] /jax/checkpoint/write/gbytes_per_sec: 0 Bytes/s (total gbytes: 1.0 MiB) (time elapsed: 133 milliseconds) (per-host)
[2025-09-23 16:20:39,555][absl][INFO] - [process=0][thread=MainThread] Skipped cross-host ArrayMetadata validation because only one process is found: process_index=0.
[2025-09-23 16:20:39,581][absl][INFO] - [process=0][thread=MainThread] Pytree save finalize (merge_ocdbt + ArrayMetadata validation) completed. Time taken: 0.026348s. use_zarr3=False, enable_post_merge_validation=True, directory=/home/seul/Desktop/project/mujoco/ppo_ckpt/000027525120.orbax-checkpoint-tmp
[2025-09-23 16:20:39,582][absl][INFO] - Renaming /home/seul/Desktop/project/mujoco/ppo_ckpt/000027525120.orbax-checkpoint-tmp to /home/seul/Desktop/project/mujoco/ppo_ckpt/000027525120
[2025-09-23 16:20:39,583][absl][INFO] - [process=0][thread=MainThread] Finished saving checkpoint (finalized tmp dir) to `/home/seul/Desktop/project/mujoco/ppo_ckpt/000027525120`.
[2025-09-23 16:20:39,583][absl][INFO] - Finished synchronous save in 0.16 seconds to /home/seul/Desktop/project/mujoco/ppo_ckpt/000027525120
[2025-09-23 16:20:39,716][absl][INFO] - {'eval/walltime': 9.488616943359375, 'training/sps': np.float64(432921.6228078642), 'training/walltime': 75.06461429595947, 'training/entropy_loss': Array(0.01709967, dtype=float32), 'training/policy_loss': Array(-0.00286447, dtype=float32), 'training/total_loss': Array(0.0397802, dtype=float32), 'training/v_loss': Array(0.025545, dtype=float32), 'eval/episode_reward': Array(999.1498, dtype=float32), 'eval/episode_reward/angle_in_bounds': Array(0., dtype=float32), 'eval/episode_reward/cart_in_bounds': Array(0., dtype=float32), 'eval/episode_reward/centered': Array(999.53357, dtype=float32), 'eval/episode_reward/small_control': Array(999.6294, dtype=float32), 'eval/episode_reward/small_velocity': Array(999.99146, dtype=float32), 'eval/episode_reward/upright': Array(999.9986, dtype=float32), 'eval/episode_reward_std': Array(0.29378274, dtype=float32), 'eval/episode_reward/angle_in_bounds_std': Array(0., dtype=float32), 'eval/episode_reward/cart_in_bounds_std': Array(0., dtype=float32), 'eval/episode_reward/centered_std': Array(0.2676101, dtype=float32), 'eval/episode_reward/small_control_std': Array(0.03289587, dtype=float32), 'eval/episode_reward/small_velocity_std': Array(0.00709138, dtype=float32), 'eval/episode_reward/upright_std': Array(0.00122037, dtype=float32), 'eval/avg_episode_length': Array(1000., dtype=float32), 'eval/std_episode_length': Array(0., dtype=float32), 'eval/epoch_eval_time': 0.13046789169311523, 'eval/sps': 981084.2985113902}
[2025-09-23 16:20:39,759][absl][INFO] - starting iteration 4 92.56611657142639
[2025-09-23 16:20:55,662][root][INFO] - saving checkpoint to /home/seul/Desktop/project/mujoco/ppo_ckpt/000034406400
[2025-09-23 16:20:55,662][absl][INFO] - Created BasePyTreeCheckpointHandler: use_ocdbt=True, use_zarr3=False, pytree_metadata_options=PyTreeMetadataOptions(support_rich_types=False), array_metadata_store=<orbax.checkpoint._src.metadata.array_metadata_store.Store object at 0x74cf2ec63850>, enable_pinned_host_transfer=True, save_concurrent_bytes: 96000000000 (89.4 GiB), restore_concurrent_bytes: 96000000000 (89.4 GiB)
[2025-09-23 16:20:55,662][absl][INFO] - [process=0] Started saving checkpoint to /home/seul/Desktop/project/mujoco/ppo_ckpt/000034406400.
[2025-09-23 16:20:55,662][absl][INFO] - Specified `force`: removing existing directory.
[2025-09-23 16:20:55,664][absl][INFO] - Creating tmp directory /home/seul/Desktop/project/mujoco/ppo_ckpt/000034406400.orbax-checkpoint-tmp
[2025-09-23 16:20:55,666][absl][INFO] - Transferring arrays to host memory with options: use_replica_parallel=True, min_slice_bytes_for_replica_parallel=None, max_replicas_for_replica_parallel=None, enable_pinned_host_transfer=True
[2025-09-23 16:20:55,670][absl][INFO] - [process=0][thread=MainThread] Initiated "orbax.checkpoint._src.serialization.type_handlers.ArrayHandler".serialize. Time taken: 0.003725s
[2025-09-23 16:20:55,671][absl][INFO] - [process=0] /jax/checkpoint/write/blocking_gbytes_per_sec: 0 Bytes/s (total gbytes: 1.0 MiB) (time elapsed: 7 milliseconds) (per-host)
[2025-09-23 16:20:55,673][absl][INFO] - [process=0][thread=MainThread] Initiated Pytree async_save. Time taken: 0.009098s (batch_requests_ready=0.000644s, total_serialization_initiated=0.004714s, others=0.003739s)
[2025-09-23 16:20:55,674][absl][WARNING] - [process=0][thread=MainThread][operation_id=5] _SignalingThread.join() waiting for signals ([]) blocking the main thread will slow down blocking save times. This is likely due to main thread calling result() on a CommitFuture.
[2025-09-23 16:20:55,675][absl][INFO] - [process=0][thread=array_type_handler] Wrote 26 array_metadata.ArrayMetadata to /home/seul/Desktop/project/mujoco/ppo_ckpt/000034406400.orbax-checkpoint-tmp/array_metadatas/process_0
[2025-09-23 16:20:55,800][absl][INFO] - [process=0][thread=write_metadata_after_commits] Commit + Array metadata written. Time taken: 0.126780s (commit=0.125643s, array_metadata_write=0.001137s)
[2025-09-23 16:20:55,800][absl][INFO] - [process=0] /jax/checkpoint/write/gbytes_per_sec: 0 Bytes/s (total gbytes: 1.0 MiB) (time elapsed: 135 milliseconds) (per-host)
[2025-09-23 16:20:55,802][absl][INFO] - [process=0][thread=MainThread] Skipped cross-host ArrayMetadata validation because only one process is found: process_index=0.
[2025-09-23 16:20:55,828][absl][INFO] - [process=0][thread=MainThread] Pytree save finalize (merge_ocdbt + ArrayMetadata validation) completed. Time taken: 0.026775s. use_zarr3=False, enable_post_merge_validation=True, directory=/home/seul/Desktop/project/mujoco/ppo_ckpt/000034406400.orbax-checkpoint-tmp
[2025-09-23 16:20:55,829][absl][INFO] - Renaming /home/seul/Desktop/project/mujoco/ppo_ckpt/000034406400.orbax-checkpoint-tmp to /home/seul/Desktop/project/mujoco/ppo_ckpt/000034406400
[2025-09-23 16:20:55,830][absl][INFO] - [process=0][thread=MainThread] Finished saving checkpoint (finalized tmp dir) to `/home/seul/Desktop/project/mujoco/ppo_ckpt/000034406400`.
[2025-09-23 16:20:55,830][absl][INFO] - Finished synchronous save in 0.17 seconds to /home/seul/Desktop/project/mujoco/ppo_ckpt/000034406400
[2025-09-23 16:20:55,963][absl][INFO] - {'eval/walltime': 9.61890721321106, 'training/sps': np.float64(432887.7805073779), 'training/walltime': 90.96083569526672, 'training/entropy_loss': Array(0.01957593, dtype=float32), 'training/policy_loss': Array(-0.00084711, dtype=float32), 'training/total_loss': Array(0.05713402, dtype=float32), 'training/v_loss': Array(0.0384052, dtype=float32), 'eval/episode_reward': Array(999.3666, dtype=float32), 'eval/episode_reward/angle_in_bounds': Array(0., dtype=float32), 'eval/episode_reward/cart_in_bounds': Array(0., dtype=float32), 'eval/episode_reward/centered': Array(999.6483, dtype=float32), 'eval/episode_reward/small_control': Array(999.731, dtype=float32), 'eval/episode_reward/small_velocity': Array(999.9917, dtype=float32), 'eval/episode_reward/upright': Array(999.9984, dtype=float32), 'eval/episode_reward_std': Array(0.43278396, dtype=float32), 'eval/episode_reward/angle_in_bounds_std': Array(0., dtype=float32), 'eval/episode_reward/cart_in_bounds_std': Array(0., dtype=float32), 'eval/episode_reward/centered_std': Array(0.4095338, dtype=float32), 'eval/episode_reward/small_control_std': Array(0.02861469, dtype=float32), 'eval/episode_reward/small_velocity_std': Array(0.00655718, dtype=float32), 'eval/episode_reward/upright_std': Array(0.00130149, dtype=float32), 'eval/avg_episode_length': Array(1000., dtype=float32), 'eval/std_episode_length': Array(0., dtype=float32), 'eval/epoch_eval_time': 0.13029026985168457, 'eval/sps': 982421.7890231428}
[2025-09-23 16:20:56,008][absl][INFO] - starting iteration 5 108.81432485580444
[2025-09-23 16:21:11,890][root][INFO] - saving checkpoint to /home/seul/Desktop/project/mujoco/ppo_ckpt/000041287680
[2025-09-23 16:21:11,890][absl][INFO] - Created BasePyTreeCheckpointHandler: use_ocdbt=True, use_zarr3=False, pytree_metadata_options=PyTreeMetadataOptions(support_rich_types=False), array_metadata_store=<orbax.checkpoint._src.metadata.array_metadata_store.Store object at 0x74cf2ec63850>, enable_pinned_host_transfer=True, save_concurrent_bytes: 96000000000 (89.4 GiB), restore_concurrent_bytes: 96000000000 (89.4 GiB)
[2025-09-23 16:21:11,890][absl][INFO] - [process=0] Started saving checkpoint to /home/seul/Desktop/project/mujoco/ppo_ckpt/000041287680.
[2025-09-23 16:21:11,891][absl][INFO] - Specified `force`: removing existing directory.
[2025-09-23 16:21:11,892][absl][INFO] - Creating tmp directory /home/seul/Desktop/project/mujoco/ppo_ckpt/000041287680.orbax-checkpoint-tmp
[2025-09-23 16:21:11,894][absl][INFO] - Transferring arrays to host memory with options: use_replica_parallel=True, min_slice_bytes_for_replica_parallel=None, max_replicas_for_replica_parallel=None, enable_pinned_host_transfer=True
[2025-09-23 16:21:11,898][absl][INFO] - [process=0][thread=MainThread] Initiated "orbax.checkpoint._src.serialization.type_handlers.ArrayHandler".serialize. Time taken: 0.004241s
[2025-09-23 16:21:11,902][absl][INFO] - [process=0] /jax/checkpoint/write/blocking_gbytes_per_sec: 0 Bytes/s (total gbytes: 1.0 MiB) (time elapsed: 9 milliseconds) (per-host)
[2025-09-23 16:21:11,903][absl][INFO] - [process=0][thread=MainThread] Initiated Pytree async_save. Time taken: 0.010248s (batch_requests_ready=0.000652s, total_serialization_initiated=0.008382s, others=0.001215s)
[2025-09-23 16:21:11,903][absl][WARNING] - [process=0][thread=MainThread][operation_id=6] _SignalingThread.join() waiting for signals ([]) blocking the main thread will slow down blocking save times. This is likely due to main thread calling result() on a CommitFuture.
[2025-09-23 16:21:11,904][absl][INFO] - [process=0][thread=array_type_handler] Wrote 26 array_metadata.ArrayMetadata to /home/seul/Desktop/project/mujoco/ppo_ckpt/000041287680.orbax-checkpoint-tmp/array_metadatas/process_0
[2025-09-23 16:21:12,119][absl][INFO] - [process=0][thread=write_metadata_after_commits] Commit + Array metadata written. Time taken: 0.216417s (commit=0.215313s, array_metadata_write=0.001103s)
[2025-09-23 16:21:12,119][absl][INFO] - [process=0] /jax/checkpoint/write/gbytes_per_sec: 0 Bytes/s (total gbytes: 1.0 MiB) (time elapsed: 226 milliseconds) (per-host)
[2025-09-23 16:21:12,121][absl][INFO] - [process=0][thread=MainThread] Skipped cross-host ArrayMetadata validation because only one process is found: process_index=0.
[2025-09-23 16:21:12,146][absl][INFO] - [process=0][thread=MainThread] Pytree save finalize (merge_ocdbt + ArrayMetadata validation) completed. Time taken: 0.026243s. use_zarr3=False, enable_post_merge_validation=True, directory=/home/seul/Desktop/project/mujoco/ppo_ckpt/000041287680.orbax-checkpoint-tmp
[2025-09-23 16:21:12,147][absl][INFO] - Renaming /home/seul/Desktop/project/mujoco/ppo_ckpt/000041287680.orbax-checkpoint-tmp to /home/seul/Desktop/project/mujoco/ppo_ckpt/000041287680
[2025-09-23 16:21:12,148][absl][INFO] - [process=0][thread=MainThread] Finished saving checkpoint (finalized tmp dir) to `/home/seul/Desktop/project/mujoco/ppo_ckpt/000041287680`.
[2025-09-23 16:21:12,149][absl][INFO] - Finished synchronous save in 0.26 seconds to /home/seul/Desktop/project/mujoco/ppo_ckpt/000041287680
[2025-09-23 16:21:12,281][absl][INFO] - {'eval/walltime': 9.749353647232056, 'training/sps': np.float64(433430.1729177664), 'training/walltime': 106.83716464042664, 'training/entropy_loss': Array(0.02162238, dtype=float32), 'training/policy_loss': Array(-0.00089078, dtype=float32), 'training/total_loss': Array(0.03364724, dtype=float32), 'training/v_loss': Array(0.01291564, dtype=float32), 'eval/episode_reward': Array(999.48596, dtype=float32), 'eval/episode_reward/angle_in_bounds': Array(0., dtype=float32), 'eval/episode_reward/cart_in_bounds': Array(0., dtype=float32), 'eval/episode_reward/centered': Array(999.6658, dtype=float32), 'eval/episode_reward/small_control': Array(999.83295, dtype=float32), 'eval/episode_reward/small_velocity': Array(999.99365, dtype=float32), 'eval/episode_reward/upright': Array(999.9985, dtype=float32), 'eval/episode_reward_std': Array(0.46607846, dtype=float32), 'eval/episode_reward/angle_in_bounds_std': Array(0., dtype=float32), 'eval/episode_reward/cart_in_bounds_std': Array(0., dtype=float32), 'eval/episode_reward/centered_std': Array(0.4462528, dtype=float32), 'eval/episode_reward/small_control_std': Array(0.02490409, dtype=float32), 'eval/episode_reward/small_velocity_std': Array(0.00627917, dtype=float32), 'eval/episode_reward/upright_std': Array(0.00154745, dtype=float32), 'eval/avg_episode_length': Array(1000., dtype=float32), 'eval/std_episode_length': Array(0., dtype=float32), 'eval/epoch_eval_time': 0.1304464340209961, 'eval/sps': 981245.6811153432}
[2025-09-23 16:21:12,326][absl][INFO] - starting iteration 6 125.13257670402527
[2025-09-23 16:21:28,212][root][INFO] - saving checkpoint to /home/seul/Desktop/project/mujoco/ppo_ckpt/000048168960
[2025-09-23 16:21:28,212][absl][INFO] - Created BasePyTreeCheckpointHandler: use_ocdbt=True, use_zarr3=False, pytree_metadata_options=PyTreeMetadataOptions(support_rich_types=False), array_metadata_store=<orbax.checkpoint._src.metadata.array_metadata_store.Store object at 0x74cf2ec63850>, enable_pinned_host_transfer=True, save_concurrent_bytes: 96000000000 (89.4 GiB), restore_concurrent_bytes: 96000000000 (89.4 GiB)
[2025-09-23 16:21:28,213][absl][INFO] - [process=0] Started saving checkpoint to /home/seul/Desktop/project/mujoco/ppo_ckpt/000048168960.
[2025-09-23 16:21:28,213][absl][INFO] - Specified `force`: removing existing directory.
[2025-09-23 16:21:28,214][absl][INFO] - Creating tmp directory /home/seul/Desktop/project/mujoco/ppo_ckpt/000048168960.orbax-checkpoint-tmp
[2025-09-23 16:21:28,216][absl][INFO] - Transferring arrays to host memory with options: use_replica_parallel=True, min_slice_bytes_for_replica_parallel=None, max_replicas_for_replica_parallel=None, enable_pinned_host_transfer=True
[2025-09-23 16:21:28,220][absl][INFO] - [process=0][thread=MainThread] Initiated "orbax.checkpoint._src.serialization.type_handlers.ArrayHandler".serialize. Time taken: 0.003342s
[2025-09-23 16:21:28,222][absl][INFO] - [process=0] /jax/checkpoint/write/blocking_gbytes_per_sec: 0 Bytes/s (total gbytes: 1.0 MiB) (time elapsed: 6 milliseconds) (per-host)
[2025-09-23 16:21:28,223][absl][INFO] - [process=0][thread=MainThread] Initiated Pytree async_save. Time taken: 0.008383s (batch_requests_ready=0.000648s, total_serialization_initiated=0.005395s, others=0.002340s)
[2025-09-23 16:21:28,223][absl][WARNING] - [process=0][thread=MainThread][operation_id=7] _SignalingThread.join() waiting for signals ([]) blocking the main thread will slow down blocking save times. This is likely due to main thread calling result() on a CommitFuture.
[2025-09-23 16:21:28,226][absl][INFO] - [process=0][thread=array_type_handler] Wrote 26 array_metadata.ArrayMetadata to /home/seul/Desktop/project/mujoco/ppo_ckpt/000048168960.orbax-checkpoint-tmp/array_metadatas/process_0
[2025-09-23 16:21:28,351][absl][INFO] - [process=0][thread=write_metadata_after_commits] Commit + Array metadata written. Time taken: 0.127641s (commit=0.126403s, array_metadata_write=0.001238s)
[2025-09-23 16:21:28,351][absl][INFO] - [process=0] /jax/checkpoint/write/gbytes_per_sec: 0 Bytes/s (total gbytes: 1.0 MiB) (time elapsed: 136 milliseconds) (per-host)
[2025-09-23 16:21:28,353][absl][INFO] - [process=0][thread=MainThread] Skipped cross-host ArrayMetadata validation because only one process is found: process_index=0.
[2025-09-23 16:21:28,379][absl][INFO] - [process=0][thread=MainThread] Pytree save finalize (merge_ocdbt + ArrayMetadata validation) completed. Time taken: 0.026897s. use_zarr3=False, enable_post_merge_validation=True, directory=/home/seul/Desktop/project/mujoco/ppo_ckpt/000048168960.orbax-checkpoint-tmp
[2025-09-23 16:21:28,380][absl][INFO] - Renaming /home/seul/Desktop/project/mujoco/ppo_ckpt/000048168960.orbax-checkpoint-tmp to /home/seul/Desktop/project/mujoco/ppo_ckpt/000048168960
[2025-09-23 16:21:28,381][absl][INFO] - [process=0][thread=MainThread] Finished saving checkpoint (finalized tmp dir) to `/home/seul/Desktop/project/mujoco/ppo_ckpt/000048168960`.
[2025-09-23 16:21:28,382][absl][INFO] - Finished synchronous save in 0.17 seconds to /home/seul/Desktop/project/mujoco/ppo_ckpt/000048168960
[2025-09-23 16:21:28,514][absl][INFO] - {'eval/walltime': 9.879788398742676, 'training/sps': np.float64(433323.5049061697), 'training/walltime': 122.71740174293518, 'training/entropy_loss': Array(0.02371019, dtype=float32), 'training/policy_loss': Array(0.00037684, dtype=float32), 'training/total_loss': Array(0.04091143, dtype=float32), 'training/v_loss': Array(0.01682439, dtype=float32), 'eval/episode_reward': Array(999.53894, dtype=float32), 'eval/episode_reward/angle_in_bounds': Array(0., dtype=float32), 'eval/episode_reward/cart_in_bounds': Array(0., dtype=float32), 'eval/episode_reward/centered': Array(999.6661, dtype=float32), 'eval/episode_reward/small_control': Array(999.88403, dtype=float32), 'eval/episode_reward/small_velocity': Array(999.9945, dtype=float32), 'eval/episode_reward/upright': Array(999.9977, dtype=float32), 'eval/episode_reward_std': Array(0.3881514, dtype=float32), 'eval/episode_reward/angle_in_bounds_std': Array(0., dtype=float32), 'eval/episode_reward/cart_in_bounds_std': Array(0., dtype=float32), 'eval/episode_reward/centered_std': Array(0.37536925, dtype=float32), 'eval/episode_reward/small_control_std': Array(0.01473646, dtype=float32), 'eval/episode_reward/small_velocity_std': Array(0.00496251, dtype=float32), 'eval/episode_reward/upright_std': Array(0.00210005, dtype=float32), 'eval/avg_episode_length': Array(1000., dtype=float32), 'eval/std_episode_length': Array(0., dtype=float32), 'eval/epoch_eval_time': 0.13043475151062012, 'eval/sps': 981333.5673014881}
[2025-09-23 16:21:28,561][absl][INFO] - starting iteration 7 141.36789751052856
[2025-09-23 16:21:44,460][root][INFO] - saving checkpoint to /home/seul/Desktop/project/mujoco/ppo_ckpt/000055050240
[2025-09-23 16:21:44,461][absl][INFO] - Created BasePyTreeCheckpointHandler: use_ocdbt=True, use_zarr3=False, pytree_metadata_options=PyTreeMetadataOptions(support_rich_types=False), array_metadata_store=<orbax.checkpoint._src.metadata.array_metadata_store.Store object at 0x74cf2ec63850>, enable_pinned_host_transfer=True, save_concurrent_bytes: 96000000000 (89.4 GiB), restore_concurrent_bytes: 96000000000 (89.4 GiB)
[2025-09-23 16:21:44,461][absl][INFO] - [process=0] Started saving checkpoint to /home/seul/Desktop/project/mujoco/ppo_ckpt/000055050240.
[2025-09-23 16:21:44,461][absl][INFO] - Specified `force`: removing existing directory.
[2025-09-23 16:21:44,462][absl][INFO] - Creating tmp directory /home/seul/Desktop/project/mujoco/ppo_ckpt/000055050240.orbax-checkpoint-tmp
[2025-09-23 16:21:44,465][absl][INFO] - Transferring arrays to host memory with options: use_replica_parallel=True, min_slice_bytes_for_replica_parallel=None, max_replicas_for_replica_parallel=None, enable_pinned_host_transfer=True
[2025-09-23 16:21:44,468][absl][INFO] - [process=0][thread=MainThread] Initiated "orbax.checkpoint._src.serialization.type_handlers.ArrayHandler".serialize. Time taken: 0.003194s
[2025-09-23 16:21:44,472][absl][INFO] - [process=0] /jax/checkpoint/write/blocking_gbytes_per_sec: 0 Bytes/s (total gbytes: 1.0 MiB) (time elapsed: 8 milliseconds) (per-host)
[2025-09-23 16:21:44,472][absl][INFO] - [process=0][thread=MainThread] Initiated Pytree async_save. Time taken: 0.008677s (batch_requests_ready=0.000638s, total_serialization_initiated=0.007502s, others=0.000536s)
[2025-09-23 16:21:44,472][absl][WARNING] - [process=0][thread=MainThread][operation_id=8] _SignalingThread.join() waiting for signals ([]) blocking the main thread will slow down blocking save times. This is likely due to main thread calling result() on a CommitFuture.
[2025-09-23 16:21:44,474][absl][INFO] - [process=0][thread=array_type_handler] Wrote 26 array_metadata.ArrayMetadata to /home/seul/Desktop/project/mujoco/ppo_ckpt/000055050240.orbax-checkpoint-tmp/array_metadatas/process_0
[2025-09-23 16:21:44,598][absl][INFO] - [process=0][thread=write_metadata_after_commits] Commit + Array metadata written. Time taken: 0.126183s (commit=0.125153s, array_metadata_write=0.001029s)
[2025-09-23 16:21:44,599][absl][INFO] - [process=0] /jax/checkpoint/write/gbytes_per_sec: 0 Bytes/s (total gbytes: 1.0 MiB) (time elapsed: 135 milliseconds) (per-host)
[2025-09-23 16:21:44,600][absl][INFO] - [process=0][thread=MainThread] Skipped cross-host ArrayMetadata validation because only one process is found: process_index=0.
[2025-09-23 16:21:44,626][absl][INFO] - [process=0][thread=MainThread] Pytree save finalize (merge_ocdbt + ArrayMetadata validation) completed. Time taken: 0.026900s. use_zarr3=False, enable_post_merge_validation=True, directory=/home/seul/Desktop/project/mujoco/ppo_ckpt/000055050240.orbax-checkpoint-tmp
[2025-09-23 16:21:44,627][absl][INFO] - Renaming /home/seul/Desktop/project/mujoco/ppo_ckpt/000055050240.orbax-checkpoint-tmp to /home/seul/Desktop/project/mujoco/ppo_ckpt/000055050240
[2025-09-23 16:21:44,628][absl][INFO] - [process=0][thread=MainThread] Finished saving checkpoint (finalized tmp dir) to `/home/seul/Desktop/project/mujoco/ppo_ckpt/000055050240`.
[2025-09-23 16:21:44,629][absl][INFO] - Finished synchronous save in 0.17 seconds to /home/seul/Desktop/project/mujoco/ppo_ckpt/000055050240
[2025-09-23 16:21:44,760][absl][INFO] - {'eval/walltime': 10.009555578231812, 'training/sps': np.float64(432974.0914301998), 'training/walltime': 138.6104543209076, 'training/entropy_loss': Array(0.02502119, dtype=float32), 'training/policy_loss': Array(-0.00051235, dtype=float32), 'training/total_loss': Array(0.05144468, dtype=float32), 'training/v_loss': Array(0.02693584, dtype=float32), 'eval/episode_reward': Array(999.1052, dtype=float32), 'eval/episode_reward/angle_in_bounds': Array(0., dtype=float32), 'eval/episode_reward/cart_in_bounds': Array(0., dtype=float32), 'eval/episode_reward/centered': Array(999.2008, dtype=float32), 'eval/episode_reward/small_control': Array(999.91473, dtype=float32), 'eval/episode_reward/small_velocity': Array(999.99554, dtype=float32), 'eval/episode_reward/upright': Array(999.9972, dtype=float32), 'eval/episode_reward_std': Array(0.87011987, dtype=float32), 'eval/episode_reward/angle_in_bounds_std': Array(0., dtype=float32), 'eval/episode_reward/cart_in_bounds_std': Array(0., dtype=float32), 'eval/episode_reward/centered_std': Array(0.85875714, dtype=float32), 'eval/episode_reward/small_control_std': Array(0.01455632, dtype=float32), 'eval/episode_reward/small_velocity_std': Array(0.00373954, dtype=float32), 'eval/episode_reward/upright_std': Array(0.00252486, dtype=float32), 'eval/avg_episode_length': Array(1000., dtype=float32), 'eval/std_episode_length': Array(0., dtype=float32), 'eval/epoch_eval_time': 0.12976717948913574, 'eval/sps': 986381.9226395092}
[2025-09-23 16:21:44,806][absl][INFO] - starting iteration 8 157.61296343803406
[2025-09-23 16:22:00,742][root][INFO] - saving checkpoint to /home/seul/Desktop/project/mujoco/ppo_ckpt/000061931520
[2025-09-23 16:22:00,743][absl][INFO] - Created BasePyTreeCheckpointHandler: use_ocdbt=True, use_zarr3=False, pytree_metadata_options=PyTreeMetadataOptions(support_rich_types=False), array_metadata_store=<orbax.checkpoint._src.metadata.array_metadata_store.Store object at 0x74cf2ec63850>, enable_pinned_host_transfer=True, save_concurrent_bytes: 96000000000 (89.4 GiB), restore_concurrent_bytes: 96000000000 (89.4 GiB)
[2025-09-23 16:22:00,743][absl][INFO] - [process=0] Started saving checkpoint to /home/seul/Desktop/project/mujoco/ppo_ckpt/000061931520.
[2025-09-23 16:22:00,743][absl][INFO] - Specified `force`: removing existing directory.
[2025-09-23 16:22:00,744][absl][INFO] - Creating tmp directory /home/seul/Desktop/project/mujoco/ppo_ckpt/000061931520.orbax-checkpoint-tmp
[2025-09-23 16:22:00,746][absl][INFO] - Transferring arrays to host memory with options: use_replica_parallel=True, min_slice_bytes_for_replica_parallel=None, max_replicas_for_replica_parallel=None, enable_pinned_host_transfer=True
[2025-09-23 16:22:00,749][absl][INFO] - [process=0][thread=MainThread] Initiated "orbax.checkpoint._src.serialization.type_handlers.ArrayHandler".serialize. Time taken: 0.002973s
[2025-09-23 16:22:00,753][absl][INFO] - [process=0] /jax/checkpoint/write/blocking_gbytes_per_sec: 0 Bytes/s (total gbytes: 1.0 MiB) (time elapsed: 7 milliseconds) (per-host)
[2025-09-23 16:22:00,754][absl][INFO] - [process=0][thread=MainThread] Initiated Pytree async_save. Time taken: 0.008668s (batch_requests_ready=0.000612s, total_serialization_initiated=0.003909s, others=0.004146s)
[2025-09-23 16:22:00,754][absl][WARNING] - [process=0][thread=MainThread][operation_id=9] _SignalingThread.join() waiting for signals ([]) blocking the main thread will slow down blocking save times. This is likely due to main thread calling result() on a CommitFuture.
[2025-09-23 16:22:00,756][absl][INFO] - [process=0][thread=array_type_handler] Wrote 26 array_metadata.ArrayMetadata to /home/seul/Desktop/project/mujoco/ppo_ckpt/000061931520.orbax-checkpoint-tmp/array_metadatas/process_0
[2025-09-23 16:22:00,879][absl][INFO] - [process=0][thread=write_metadata_after_commits] Commit + Array metadata written. Time taken: 0.126005s (commit=0.124605s, array_metadata_write=0.001400s)
[2025-09-23 16:22:00,880][absl][INFO] - [process=0] /jax/checkpoint/write/gbytes_per_sec: 0 Bytes/s (total gbytes: 1.0 MiB) (time elapsed: 134 milliseconds) (per-host)
[2025-09-23 16:22:00,882][absl][INFO] - [process=0][thread=MainThread] Skipped cross-host ArrayMetadata validation because only one process is found: process_index=0.
[2025-09-23 16:22:00,908][absl][INFO] - [process=0][thread=MainThread] Pytree save finalize (merge_ocdbt + ArrayMetadata validation) completed. Time taken: 0.026425s. use_zarr3=False, enable_post_merge_validation=True, directory=/home/seul/Desktop/project/mujoco/ppo_ckpt/000061931520.orbax-checkpoint-tmp
[2025-09-23 16:22:00,908][absl][INFO] - Renaming /home/seul/Desktop/project/mujoco/ppo_ckpt/000061931520.orbax-checkpoint-tmp to /home/seul/Desktop/project/mujoco/ppo_ckpt/000061931520
[2025-09-23 16:22:00,909][absl][INFO] - [process=0][thread=MainThread] Finished saving checkpoint (finalized tmp dir) to `/home/seul/Desktop/project/mujoco/ppo_ckpt/000061931520`.
[2025-09-23 16:22:00,909][absl][INFO] - Finished synchronous save in 0.17 seconds to /home/seul/Desktop/project/mujoco/ppo_ckpt/000061931520
[2025-09-23 16:22:01,042][absl][INFO] - {'eval/walltime': 10.139900207519531, 'training/sps': np.float64(431965.20504913916), 'training/walltime': 154.54062628746033, 'training/entropy_loss': Array(0.0268895, dtype=float32), 'training/policy_loss': Array(-0.00011974, dtype=float32), 'training/total_loss': Array(0.08613204, dtype=float32), 'training/v_loss': Array(0.0593623, dtype=float32), 'eval/episode_reward': Array(999.2749, dtype=float32), 'eval/episode_reward/angle_in_bounds': Array(0., dtype=float32), 'eval/episode_reward/cart_in_bounds': Array(0., dtype=float32), 'eval/episode_reward/centered': Array(999.34503, dtype=float32), 'eval/episode_reward/small_control': Array(999.93933, dtype=float32), 'eval/episode_reward/small_velocity': Array(999.99664, dtype=float32), 'eval/episode_reward/upright': Array(999.9975, dtype=float32), 'eval/episode_reward_std': Array(1.1150066, dtype=float32), 'eval/episode_reward/angle_in_bounds_std': Array(0., dtype=float32), 'eval/episode_reward/cart_in_bounds_std': Array(0., dtype=float32), 'eval/episode_reward/centered_std': Array(1.1072284, dtype=float32), 'eval/episode_reward/small_control_std': Array(0.00924406, dtype=float32), 'eval/episode_reward/small_velocity_std': Array(0.00346296, dtype=float32), 'eval/episode_reward/upright_std': Array(0.00269361, dtype=float32), 'eval/avg_episode_length': Array(1000., dtype=float32), 'eval/std_episode_length': Array(0., dtype=float32), 'eval/epoch_eval_time': 0.13034462928771973, 'eval/sps': 982012.0759824768}
[2025-09-23 16:22:01,357][absl][INFO] - total steps: 61931520
[2025-09-23 16:22:01,437][root][INFO] - Using JAX default device: cuda:0.
