[2025-09-23 16:27:09,764][jax._src.xla_bridge][INFO] - Unable to initialize backend 'tpu': INTERNAL: Failed to open libtpu.so: libtpu.so: cannot open shared object file: No such file or directory
[2025-09-23 16:27:09,840][root][INFO] - Using JAX default device: cuda:0.
[2025-09-23 16:27:09,980][absl][INFO] - Device count: 1, process count: 1 (id 0), local device count: 1, devices to be used count: 1
[2025-09-23 16:27:10,484][root][INFO] - Using JAX default device: cuda:0.
[2025-09-23 16:27:33,888][root][INFO] - Using JAX default device: cuda:0.
[2025-09-23 16:28:06,412][absl][INFO] - {'eval/walltime': 32.44731545448303, 'eval/episode_reward': Array(4.0748596, dtype=float32), 'eval/episode_reward_std': Array(1.5826303, dtype=float32), 'eval/avg_episode_length': Array(1000., dtype=float32), 'eval/std_episode_length': Array(0., dtype=float32), 'eval/epoch_eval_time': 32.44731545448303, 'eval/sps': 3944.8563989695203}
[2025-09-23 16:28:06,566][absl][INFO] - starting iteration 0 56.58685541152954
[2025-09-23 16:28:48,093][root][INFO] - saving checkpoint to /home/seul/Desktop/project/mujoco/ppo_ckpt/000006881280
[2025-09-23 16:28:48,093][absl][INFO] - orbax-checkpoint version: 0.11.25
[2025-09-23 16:28:48,093][absl][INFO] - Created BasePyTreeCheckpointHandler: use_ocdbt=True, use_zarr3=False, pytree_metadata_options=PyTreeMetadataOptions(support_rich_types=False), array_metadata_store=<orbax.checkpoint._src.metadata.array_metadata_store.Store object at 0x74d36a577a90>, enable_pinned_host_transfer=True, save_concurrent_bytes: 96000000000 (89.4 GiB), restore_concurrent_bytes: 96000000000 (89.4 GiB)
[2025-09-23 16:28:48,094][absl][INFO] - [thread=MainThread] Failed to get flag value for EXPERIMENTAL_ORBAX_USE_DISTRIBUTED_PROCESS_ID.
[2025-09-23 16:28:48,094][absl][INFO] - [process=0] Started saving checkpoint to /home/seul/Desktop/project/mujoco/ppo_ckpt/000006881280.
[2025-09-23 16:28:48,094][absl][INFO] - Specified `force`: removing existing directory.
[2025-09-23 16:28:48,095][absl][INFO] - Creating tmp directory /home/seul/Desktop/project/mujoco/ppo_ckpt/000006881280.orbax-checkpoint-tmp
[2025-09-23 16:28:48,096][absl][INFO] - Wrote Metadata={'item_handlers': None, 'metrics': {}, 'performance_metrics': {}, 'init_timestamp_nsecs': 1758612528096325056, 'commit_timestamp_nsecs': None, 'custom_metadata': {}}, json={"item_handlers": null, "metrics": {}, "performance_metrics": {}, "init_timestamp_nsecs": 1758612528096325056, "commit_timestamp_nsecs": null, "custom_metadata": {}} to /home/seul/Desktop/project/mujoco/ppo_ckpt/000006881280.orbax-checkpoint-tmp/_CHECKPOINT_METADATA
[2025-09-23 16:28:48,099][absl][INFO] - Transferring arrays to host memory with options: use_replica_parallel=True, min_slice_bytes_for_replica_parallel=None, max_replicas_for_replica_parallel=None, enable_pinned_host_transfer=True
[2025-09-23 16:28:48,104][absl][INFO] - Using ThreadSafeKeyValueSignalingClient
[2025-09-23 16:28:48,104][absl][INFO] - [process=0][thread=MainThread] Initiated "orbax.checkpoint._src.serialization.type_handlers.ArrayHandler".serialize. Time taken: 0.004639s
[2025-09-23 16:28:48,104][absl][INFO] - [process=0] /jax/checkpoint/write/blocking_gbytes_per_sec: 0 Bytes/s (total gbytes: 1.0 MiB) (time elapsed: 7 milliseconds) (per-host)
[2025-09-23 16:28:48,108][absl][INFO] - [process=0][thread=MainThread] Initiated Pytree async_save. Time taken: 0.011365s (batch_requests_ready=0.001167s, total_serialization_initiated=0.006290s, others=0.003908s)
[2025-09-23 16:28:48,108][absl][WARNING] - [process=0][thread=MainThread][operation_id=1] _SignalingThread.join() waiting for signals ([]) blocking the main thread will slow down blocking save times. This is likely due to main thread calling result() on a CommitFuture.
[2025-09-23 16:28:48,109][absl][INFO] - [process=0][thread=array_type_handler] Wrote 26 array_metadata.ArrayMetadata to /home/seul/Desktop/project/mujoco/ppo_ckpt/000006881280.orbax-checkpoint-tmp/array_metadatas/process_0
[2025-09-23 16:28:48,244][absl][INFO] - [process=0][thread=write_metadata_after_commits] Commit + Array metadata written. Time taken: 0.135570s (commit=0.134370s, array_metadata_write=0.001200s)
[2025-09-23 16:28:48,244][absl][INFO] - [process=0] /jax/checkpoint/write/gbytes_per_sec: 0 Bytes/s (total gbytes: 1.0 MiB) (time elapsed: 147 milliseconds) (per-host)
[2025-09-23 16:28:48,245][absl][INFO] - Read Metadata={'item_handlers': None, 'metrics': {}, 'performance_metrics': {}, 'init_timestamp_nsecs': 1758612528096325056, 'commit_timestamp_nsecs': None, 'custom_metadata': {}} from /home/seul/Desktop/project/mujoco/ppo_ckpt/000006881280.orbax-checkpoint-tmp/_CHECKPOINT_METADATA
[2025-09-23 16:28:48,245][absl][INFO] - Updated Metadata={'item_handlers': 'orbax.checkpoint._src.handlers.pytree_checkpoint_handler.PyTreeCheckpointHandler', 'metrics': {}, 'performance_metrics': {}, 'init_timestamp_nsecs': 1758612528096325056, 'commit_timestamp_nsecs': None, 'custom_metadata': {}} to /home/seul/Desktop/project/mujoco/ppo_ckpt/000006881280.orbax-checkpoint-tmp/_CHECKPOINT_METADATA
[2025-09-23 16:28:48,246][absl][INFO] - [process=0][thread=MainThread] Skipped cross-host ArrayMetadata validation because only one process is found: process_index=0.
[2025-09-23 16:28:48,272][absl][INFO] - [process=0][thread=MainThread] Pytree save finalize (merge_ocdbt + ArrayMetadata validation) completed. Time taken: 0.026686s. use_zarr3=False, enable_post_merge_validation=True, directory=/home/seul/Desktop/project/mujoco/ppo_ckpt/000006881280.orbax-checkpoint-tmp
[2025-09-23 16:28:48,272][absl][INFO] - Renaming /home/seul/Desktop/project/mujoco/ppo_ckpt/000006881280.orbax-checkpoint-tmp to /home/seul/Desktop/project/mujoco/ppo_ckpt/000006881280
[2025-09-23 16:28:48,273][absl][INFO] - [process=0][thread=MainThread] Finished saving checkpoint (finalized tmp dir) to `/home/seul/Desktop/project/mujoco/ppo_ckpt/000006881280`.
[2025-09-23 16:28:48,274][absl][INFO] - Finished synchronous save in 0.18 seconds to /home/seul/Desktop/project/mujoco/ppo_ckpt/000006881280
[2025-09-23 16:28:49,139][absl][INFO] - {'eval/walltime': 33.31144070625305, 'training/sps': np.float64(166750.83247571375), 'training/walltime': 41.26684045791626, 'training/entropy_loss': Array(-0.01141449, dtype=float32), 'training/policy_loss': Array(-0.01034415, dtype=float32), 'training/total_loss': Array(12.119433, dtype=float32), 'training/v_loss': Array(12.141192, dtype=float32), 'eval/episode_reward': Array(185.72473, dtype=float32), 'eval/episode_reward_std': Array(36.10802, dtype=float32), 'eval/avg_episode_length': Array(1000., dtype=float32), 'eval/std_episode_length': Array(0., dtype=float32), 'eval/epoch_eval_time': 0.8641252517700195, 'eval/sps': 148126.67462015824}
[2025-09-23 16:28:49,179][absl][INFO] - starting iteration 1 99.19962739944458
[2025-09-23 16:29:08,954][root][INFO] - saving checkpoint to /home/seul/Desktop/project/mujoco/ppo_ckpt/000013762560
[2025-09-23 16:29:08,955][absl][INFO] - Created BasePyTreeCheckpointHandler: use_ocdbt=True, use_zarr3=False, pytree_metadata_options=PyTreeMetadataOptions(support_rich_types=False), array_metadata_store=<orbax.checkpoint._src.metadata.array_metadata_store.Store object at 0x74d36a577a90>, enable_pinned_host_transfer=True, save_concurrent_bytes: 96000000000 (89.4 GiB), restore_concurrent_bytes: 96000000000 (89.4 GiB)
[2025-09-23 16:29:08,955][absl][INFO] - [process=0] Started saving checkpoint to /home/seul/Desktop/project/mujoco/ppo_ckpt/000013762560.
[2025-09-23 16:29:08,955][absl][INFO] - Specified `force`: removing existing directory.
[2025-09-23 16:29:08,956][absl][INFO] - Creating tmp directory /home/seul/Desktop/project/mujoco/ppo_ckpt/000013762560.orbax-checkpoint-tmp
[2025-09-23 16:29:08,959][absl][INFO] - Transferring arrays to host memory with options: use_replica_parallel=True, min_slice_bytes_for_replica_parallel=None, max_replicas_for_replica_parallel=None, enable_pinned_host_transfer=True
[2025-09-23 16:29:08,962][absl][INFO] - [process=0][thread=MainThread] Initiated "orbax.checkpoint._src.serialization.type_handlers.ArrayHandler".serialize. Time taken: 0.003464s
[2025-09-23 16:29:08,966][absl][INFO] - [process=0] /jax/checkpoint/write/blocking_gbytes_per_sec: 0 Bytes/s (total gbytes: 1.0 MiB) (time elapsed: 8 milliseconds) (per-host)
[2025-09-23 16:29:08,967][absl][INFO] - [process=0][thread=MainThread] Initiated Pytree async_save. Time taken: 0.009637s (batch_requests_ready=0.000650s, total_serialization_initiated=0.004479s, others=0.004508s)
[2025-09-23 16:29:08,967][absl][WARNING] - [process=0][thread=MainThread][operation_id=2] _SignalingThread.join() waiting for signals ([]) blocking the main thread will slow down blocking save times. This is likely due to main thread calling result() on a CommitFuture.
[2025-09-23 16:29:08,968][absl][INFO] - [process=0][thread=array_type_handler] Wrote 26 array_metadata.ArrayMetadata to /home/seul/Desktop/project/mujoco/ppo_ckpt/000013762560.orbax-checkpoint-tmp/array_metadatas/process_0
[2025-09-23 16:29:09,103][absl][INFO] - [process=0][thread=write_metadata_after_commits] Commit + Array metadata written. Time taken: 0.137096s (commit=0.135814s, array_metadata_write=0.001282s)
[2025-09-23 16:29:09,104][absl][INFO] - [process=0] /jax/checkpoint/write/gbytes_per_sec: 0 Bytes/s (total gbytes: 1.0 MiB) (time elapsed: 146 milliseconds) (per-host)
[2025-09-23 16:29:09,106][absl][INFO] - [process=0][thread=MainThread] Skipped cross-host ArrayMetadata validation because only one process is found: process_index=0.
[2025-09-23 16:29:09,132][absl][INFO] - [process=0][thread=MainThread] Pytree save finalize (merge_ocdbt + ArrayMetadata validation) completed. Time taken: 0.026460s. use_zarr3=False, enable_post_merge_validation=True, directory=/home/seul/Desktop/project/mujoco/ppo_ckpt/000013762560.orbax-checkpoint-tmp
[2025-09-23 16:29:09,132][absl][INFO] - Renaming /home/seul/Desktop/project/mujoco/ppo_ckpt/000013762560.orbax-checkpoint-tmp to /home/seul/Desktop/project/mujoco/ppo_ckpt/000013762560
[2025-09-23 16:29:09,133][absl][INFO] - [process=0][thread=MainThread] Finished saving checkpoint (finalized tmp dir) to `/home/seul/Desktop/project/mujoco/ppo_ckpt/000013762560`.
[2025-09-23 16:29:09,134][absl][INFO] - Finished synchronous save in 0.18 seconds to /home/seul/Desktop/project/mujoco/ppo_ckpt/000013762560
[2025-09-23 16:29:09,994][absl][INFO] - {'eval/walltime': 34.17029356956482, 'training/sps': np.float64(348078.4923208481), 'training/walltime': 61.03617453575134, 'training/entropy_loss': Array(0.01992006, dtype=float32), 'training/policy_loss': Array(-0.01528277, dtype=float32), 'training/total_loss': Array(15.089201, dtype=float32), 'training/v_loss': Array(15.084564, dtype=float32), 'eval/episode_reward': Array(396.74493, dtype=float32), 'eval/episode_reward_std': Array(14.084132, dtype=float32), 'eval/avg_episode_length': Array(1000., dtype=float32), 'eval/std_episode_length': Array(0., dtype=float32), 'eval/epoch_eval_time': 0.8588528633117676, 'eval/sps': 149036.00542987933}
[2025-09-23 16:29:10,034][absl][INFO] - starting iteration 2 120.05498743057251
[2025-09-23 16:29:29,840][root][INFO] - saving checkpoint to /home/seul/Desktop/project/mujoco/ppo_ckpt/000020643840
[2025-09-23 16:29:29,841][absl][INFO] - Created BasePyTreeCheckpointHandler: use_ocdbt=True, use_zarr3=False, pytree_metadata_options=PyTreeMetadataOptions(support_rich_types=False), array_metadata_store=<orbax.checkpoint._src.metadata.array_metadata_store.Store object at 0x74d36a577a90>, enable_pinned_host_transfer=True, save_concurrent_bytes: 96000000000 (89.4 GiB), restore_concurrent_bytes: 96000000000 (89.4 GiB)
[2025-09-23 16:29:29,841][absl][INFO] - [process=0] Started saving checkpoint to /home/seul/Desktop/project/mujoco/ppo_ckpt/000020643840.
[2025-09-23 16:29:29,841][absl][INFO] - Specified `force`: removing existing directory.
[2025-09-23 16:29:29,842][absl][INFO] - Creating tmp directory /home/seul/Desktop/project/mujoco/ppo_ckpt/000020643840.orbax-checkpoint-tmp
[2025-09-23 16:29:29,845][absl][INFO] - Transferring arrays to host memory with options: use_replica_parallel=True, min_slice_bytes_for_replica_parallel=None, max_replicas_for_replica_parallel=None, enable_pinned_host_transfer=True
[2025-09-23 16:29:29,848][absl][INFO] - [process=0][thread=MainThread] Initiated "orbax.checkpoint._src.serialization.type_handlers.ArrayHandler".serialize. Time taken: 0.003572s
[2025-09-23 16:29:29,852][absl][INFO] - [process=0] /jax/checkpoint/write/blocking_gbytes_per_sec: 0 Bytes/s (total gbytes: 1.0 MiB) (time elapsed: 9 milliseconds) (per-host)
[2025-09-23 16:29:29,853][absl][INFO] - [process=0][thread=MainThread] Initiated Pytree async_save. Time taken: 0.009417s (batch_requests_ready=0.000738s, total_serialization_initiated=0.004542s, others=0.004137s)
[2025-09-23 16:29:29,853][absl][WARNING] - [process=0][thread=MainThread][operation_id=3] _SignalingThread.join() waiting for signals ([]) blocking the main thread will slow down blocking save times. This is likely due to main thread calling result() on a CommitFuture.
[2025-09-23 16:29:29,853][absl][INFO] - [process=0][thread=array_type_handler] Wrote 26 array_metadata.ArrayMetadata to /home/seul/Desktop/project/mujoco/ppo_ckpt/000020643840.orbax-checkpoint-tmp/array_metadatas/process_0
[2025-09-23 16:29:29,980][absl][INFO] - [process=0][thread=write_metadata_after_commits] Commit + Array metadata written. Time taken: 0.128110s (commit=0.126847s, array_metadata_write=0.001263s)
[2025-09-23 16:29:29,980][absl][INFO] - [process=0] /jax/checkpoint/write/gbytes_per_sec: 0 Bytes/s (total gbytes: 1.0 MiB) (time elapsed: 137 milliseconds) (per-host)
[2025-09-23 16:29:29,982][absl][INFO] - [process=0][thread=MainThread] Skipped cross-host ArrayMetadata validation because only one process is found: process_index=0.
[2025-09-23 16:29:30,008][absl][INFO] - [process=0][thread=MainThread] Pytree save finalize (merge_ocdbt + ArrayMetadata validation) completed. Time taken: 0.026543s. use_zarr3=False, enable_post_merge_validation=True, directory=/home/seul/Desktop/project/mujoco/ppo_ckpt/000020643840.orbax-checkpoint-tmp
[2025-09-23 16:29:30,008][absl][INFO] - Renaming /home/seul/Desktop/project/mujoco/ppo_ckpt/000020643840.orbax-checkpoint-tmp to /home/seul/Desktop/project/mujoco/ppo_ckpt/000020643840
[2025-09-23 16:29:30,009][absl][INFO] - [process=0][thread=MainThread] Finished saving checkpoint (finalized tmp dir) to `/home/seul/Desktop/project/mujoco/ppo_ckpt/000020643840`.
[2025-09-23 16:29:30,010][absl][INFO] - Finished synchronous save in 0.17 seconds to /home/seul/Desktop/project/mujoco/ppo_ckpt/000020643840
[2025-09-23 16:29:30,866][absl][INFO] - {'eval/walltime': 35.02511692047119, 'training/sps': np.float64(347540.6962667412), 'training/walltime': 80.83610033988953, 'training/entropy_loss': Array(0.05023832, dtype=float32), 'training/policy_loss': Array(-0.01240361, dtype=float32), 'training/total_loss': Array(14.82794, dtype=float32), 'training/v_loss': Array(14.790106, dtype=float32), 'eval/episode_reward': Array(556.99646, dtype=float32), 'eval/episode_reward_std': Array(47.29401, dtype=float32), 'eval/avg_episode_length': Array(1000., dtype=float32), 'eval/std_episode_length': Array(0., dtype=float32), 'eval/epoch_eval_time': 0.8548233509063721, 'eval/sps': 149738.53938861308}
[2025-09-23 16:29:30,907][absl][INFO] - starting iteration 3 140.92713236808777
[2025-09-23 16:29:50,731][root][INFO] - saving checkpoint to /home/seul/Desktop/project/mujoco/ppo_ckpt/000027525120
[2025-09-23 16:29:50,731][absl][INFO] - Created BasePyTreeCheckpointHandler: use_ocdbt=True, use_zarr3=False, pytree_metadata_options=PyTreeMetadataOptions(support_rich_types=False), array_metadata_store=<orbax.checkpoint._src.metadata.array_metadata_store.Store object at 0x74d36a577a90>, enable_pinned_host_transfer=True, save_concurrent_bytes: 96000000000 (89.4 GiB), restore_concurrent_bytes: 96000000000 (89.4 GiB)
[2025-09-23 16:29:50,731][absl][INFO] - [process=0] Started saving checkpoint to /home/seul/Desktop/project/mujoco/ppo_ckpt/000027525120.
[2025-09-23 16:29:50,732][absl][INFO] - Specified `force`: removing existing directory.
[2025-09-23 16:29:50,733][absl][INFO] - Creating tmp directory /home/seul/Desktop/project/mujoco/ppo_ckpt/000027525120.orbax-checkpoint-tmp
[2025-09-23 16:29:50,735][absl][INFO] - Transferring arrays to host memory with options: use_replica_parallel=True, min_slice_bytes_for_replica_parallel=None, max_replicas_for_replica_parallel=None, enable_pinned_host_transfer=True
[2025-09-23 16:29:50,738][absl][INFO] - [process=0][thread=MainThread] Initiated "orbax.checkpoint._src.serialization.type_handlers.ArrayHandler".serialize. Time taken: 0.002988s
[2025-09-23 16:29:50,741][absl][INFO] - [process=0] /jax/checkpoint/write/blocking_gbytes_per_sec: 0 Bytes/s (total gbytes: 1.0 MiB) (time elapsed: 7 milliseconds) (per-host)
[2025-09-23 16:29:50,742][absl][INFO] - [process=0][thread=MainThread] Initiated Pytree async_save. Time taken: 0.008320s (batch_requests_ready=0.000662s, total_serialization_initiated=0.004008s, others=0.003651s)
[2025-09-23 16:29:50,742][absl][WARNING] - [process=0][thread=MainThread][operation_id=4] _SignalingThread.join() waiting for signals ([]) blocking the main thread will slow down blocking save times. This is likely due to main thread calling result() on a CommitFuture.
[2025-09-23 16:29:50,743][absl][INFO] - [process=0][thread=array_type_handler] Wrote 26 array_metadata.ArrayMetadata to /home/seul/Desktop/project/mujoco/ppo_ckpt/000027525120.orbax-checkpoint-tmp/array_metadatas/process_0
[2025-09-23 16:29:50,880][absl][INFO] - [process=0][thread=write_metadata_after_commits] Commit + Array metadata written. Time taken: 0.137879s (commit=0.136617s, array_metadata_write=0.001261s)
[2025-09-23 16:29:50,880][absl][INFO] - [process=0] /jax/checkpoint/write/gbytes_per_sec: 0 Bytes/s (total gbytes: 1.0 MiB) (time elapsed: 146 milliseconds) (per-host)
[2025-09-23 16:29:50,882][absl][INFO] - [process=0][thread=MainThread] Skipped cross-host ArrayMetadata validation because only one process is found: process_index=0.
[2025-09-23 16:29:50,908][absl][INFO] - [process=0][thread=MainThread] Pytree save finalize (merge_ocdbt + ArrayMetadata validation) completed. Time taken: 0.026407s. use_zarr3=False, enable_post_merge_validation=True, directory=/home/seul/Desktop/project/mujoco/ppo_ckpt/000027525120.orbax-checkpoint-tmp
[2025-09-23 16:29:50,908][absl][INFO] - Renaming /home/seul/Desktop/project/mujoco/ppo_ckpt/000027525120.orbax-checkpoint-tmp to /home/seul/Desktop/project/mujoco/ppo_ckpt/000027525120
[2025-09-23 16:29:50,909][absl][INFO] - [process=0][thread=MainThread] Finished saving checkpoint (finalized tmp dir) to `/home/seul/Desktop/project/mujoco/ppo_ckpt/000027525120`.
[2025-09-23 16:29:50,910][absl][INFO] - Finished synchronous save in 0.18 seconds to /home/seul/Desktop/project/mujoco/ppo_ckpt/000027525120
[2025-09-23 16:29:51,760][absl][INFO] - {'eval/walltime': 35.87398648262024, 'training/sps': np.float64(347217.9283576544), 'training/walltime': 100.65443181991577, 'training/entropy_loss': Array(0.07675277, dtype=float32), 'training/policy_loss': Array(-0.00981711, dtype=float32), 'training/total_loss': Array(13.433359, dtype=float32), 'training/v_loss': Array(13.366423, dtype=float32), 'eval/episode_reward': Array(680.02576, dtype=float32), 'eval/episode_reward_std': Array(6.7874618, dtype=float32), 'eval/avg_episode_length': Array(1000., dtype=float32), 'eval/std_episode_length': Array(0., dtype=float32), 'eval/epoch_eval_time': 0.8488695621490479, 'eval/sps': 150788.77333750512}
[2025-09-23 16:29:51,802][absl][INFO] - starting iteration 4 161.82261729240417
[2025-09-23 16:30:11,629][root][INFO] - saving checkpoint to /home/seul/Desktop/project/mujoco/ppo_ckpt/000034406400
[2025-09-23 16:30:11,629][absl][INFO] - Created BasePyTreeCheckpointHandler: use_ocdbt=True, use_zarr3=False, pytree_metadata_options=PyTreeMetadataOptions(support_rich_types=False), array_metadata_store=<orbax.checkpoint._src.metadata.array_metadata_store.Store object at 0x74d36a577a90>, enable_pinned_host_transfer=True, save_concurrent_bytes: 96000000000 (89.4 GiB), restore_concurrent_bytes: 96000000000 (89.4 GiB)
[2025-09-23 16:30:11,629][absl][INFO] - [process=0] Started saving checkpoint to /home/seul/Desktop/project/mujoco/ppo_ckpt/000034406400.
[2025-09-23 16:30:11,629][absl][INFO] - Specified `force`: removing existing directory.
[2025-09-23 16:30:11,631][absl][INFO] - Creating tmp directory /home/seul/Desktop/project/mujoco/ppo_ckpt/000034406400.orbax-checkpoint-tmp
[2025-09-23 16:30:11,633][absl][INFO] - Transferring arrays to host memory with options: use_replica_parallel=True, min_slice_bytes_for_replica_parallel=None, max_replicas_for_replica_parallel=None, enable_pinned_host_transfer=True
[2025-09-23 16:30:11,636][absl][INFO] - [process=0][thread=MainThread] Initiated "orbax.checkpoint._src.serialization.type_handlers.ArrayHandler".serialize. Time taken: 0.002975s
[2025-09-23 16:30:11,639][absl][INFO] - [process=0] /jax/checkpoint/write/blocking_gbytes_per_sec: 0 Bytes/s (total gbytes: 1.0 MiB) (time elapsed: 7 milliseconds) (per-host)
[2025-09-23 16:30:11,640][absl][INFO] - [process=0][thread=MainThread] Initiated Pytree async_save. Time taken: 0.008407s (batch_requests_ready=0.000641s, total_serialization_initiated=0.004809s, others=0.002956s)
[2025-09-23 16:30:11,640][absl][WARNING] - [process=0][thread=MainThread][operation_id=5] _SignalingThread.join() waiting for signals ([]) blocking the main thread will slow down blocking save times. This is likely due to main thread calling result() on a CommitFuture.
[2025-09-23 16:30:11,641][absl][INFO] - [process=0][thread=array_type_handler] Wrote 26 array_metadata.ArrayMetadata to /home/seul/Desktop/project/mujoco/ppo_ckpt/000034406400.orbax-checkpoint-tmp/array_metadatas/process_0
[2025-09-23 16:30:11,775][absl][INFO] - [process=0][thread=write_metadata_after_commits] Commit + Array metadata written. Time taken: 0.135156s (commit=0.134077s, array_metadata_write=0.001079s)
[2025-09-23 16:30:11,775][absl][INFO] - [process=0] /jax/checkpoint/write/gbytes_per_sec: 0 Bytes/s (total gbytes: 1.0 MiB) (time elapsed: 143 milliseconds) (per-host)
[2025-09-23 16:30:11,777][absl][INFO] - [process=0][thread=MainThread] Skipped cross-host ArrayMetadata validation because only one process is found: process_index=0.
[2025-09-23 16:30:11,803][absl][INFO] - [process=0][thread=MainThread] Pytree save finalize (merge_ocdbt + ArrayMetadata validation) completed. Time taken: 0.026837s. use_zarr3=False, enable_post_merge_validation=True, directory=/home/seul/Desktop/project/mujoco/ppo_ckpt/000034406400.orbax-checkpoint-tmp
[2025-09-23 16:30:11,803][absl][INFO] - Renaming /home/seul/Desktop/project/mujoco/ppo_ckpt/000034406400.orbax-checkpoint-tmp to /home/seul/Desktop/project/mujoco/ppo_ckpt/000034406400
[2025-09-23 16:30:11,804][absl][INFO] - [process=0][thread=MainThread] Finished saving checkpoint (finalized tmp dir) to `/home/seul/Desktop/project/mujoco/ppo_ckpt/000034406400`.
[2025-09-23 16:30:11,805][absl][INFO] - Finished synchronous save in 0.18 seconds to /home/seul/Desktop/project/mujoco/ppo_ckpt/000034406400
[2025-09-23 16:30:12,654][absl][INFO] - {'eval/walltime': 36.721330881118774, 'training/sps': np.float64(347174.70072752144), 'training/walltime': 120.47523093223572, 'training/entropy_loss': Array(0.08960883, dtype=float32), 'training/policy_loss': Array(-0.00546181, dtype=float32), 'training/total_loss': Array(16.896196, dtype=float32), 'training/v_loss': Array(16.81205, dtype=float32), 'eval/episode_reward': Array(767.17535, dtype=float32), 'eval/episode_reward_std': Array(8.850124, dtype=float32), 'eval/avg_episode_length': Array(1000., dtype=float32), 'eval/std_episode_length': Array(0., dtype=float32), 'eval/epoch_eval_time': 0.8473443984985352, 'eval/sps': 151060.18311658347}
[2025-09-23 16:30:12,696][absl][INFO] - starting iteration 5 182.71620631217957
[2025-09-23 16:30:32,511][root][INFO] - saving checkpoint to /home/seul/Desktop/project/mujoco/ppo_ckpt/000041287680
[2025-09-23 16:30:32,511][absl][INFO] - Created BasePyTreeCheckpointHandler: use_ocdbt=True, use_zarr3=False, pytree_metadata_options=PyTreeMetadataOptions(support_rich_types=False), array_metadata_store=<orbax.checkpoint._src.metadata.array_metadata_store.Store object at 0x74d36a577a90>, enable_pinned_host_transfer=True, save_concurrent_bytes: 96000000000 (89.4 GiB), restore_concurrent_bytes: 96000000000 (89.4 GiB)
[2025-09-23 16:30:32,511][absl][INFO] - [process=0] Started saving checkpoint to /home/seul/Desktop/project/mujoco/ppo_ckpt/000041287680.
[2025-09-23 16:30:32,511][absl][INFO] - Specified `force`: removing existing directory.
[2025-09-23 16:30:32,512][absl][INFO] - Creating tmp directory /home/seul/Desktop/project/mujoco/ppo_ckpt/000041287680.orbax-checkpoint-tmp
[2025-09-23 16:30:32,515][absl][INFO] - Transferring arrays to host memory with options: use_replica_parallel=True, min_slice_bytes_for_replica_parallel=None, max_replicas_for_replica_parallel=None, enable_pinned_host_transfer=True
[2025-09-23 16:30:32,518][absl][INFO] - [process=0][thread=MainThread] Initiated "orbax.checkpoint._src.serialization.type_handlers.ArrayHandler".serialize. Time taken: 0.003230s
[2025-09-23 16:30:32,521][absl][INFO] - [process=0] /jax/checkpoint/write/blocking_gbytes_per_sec: 0 Bytes/s (total gbytes: 1.0 MiB) (time elapsed: 8 milliseconds) (per-host)
[2025-09-23 16:30:32,522][absl][INFO] - [process=0][thread=MainThread] Initiated Pytree async_save. Time taken: 0.008545s (batch_requests_ready=0.000631s, total_serialization_initiated=0.005276s, others=0.002637s)
[2025-09-23 16:30:32,523][absl][WARNING] - [process=0][thread=MainThread][operation_id=6] _SignalingThread.join() waiting for signals ([]) blocking the main thread will slow down blocking save times. This is likely due to main thread calling result() on a CommitFuture.
[2025-09-23 16:30:32,523][absl][INFO] - [process=0][thread=array_type_handler] Wrote 26 array_metadata.ArrayMetadata to /home/seul/Desktop/project/mujoco/ppo_ckpt/000041287680.orbax-checkpoint-tmp/array_metadatas/process_0
[2025-09-23 16:30:32,655][absl][INFO] - [process=0][thread=write_metadata_after_commits] Commit + Array metadata written. Time taken: 0.133562s (commit=0.132393s, array_metadata_write=0.001169s)
[2025-09-23 16:30:32,656][absl][INFO] - [process=0] /jax/checkpoint/write/gbytes_per_sec: 0 Bytes/s (total gbytes: 1.0 MiB) (time elapsed: 142 milliseconds) (per-host)
[2025-09-23 16:30:32,657][absl][INFO] - [process=0][thread=MainThread] Skipped cross-host ArrayMetadata validation because only one process is found: process_index=0.
[2025-09-23 16:30:32,683][absl][INFO] - [process=0][thread=MainThread] Pytree save finalize (merge_ocdbt + ArrayMetadata validation) completed. Time taken: 0.026188s. use_zarr3=False, enable_post_merge_validation=True, directory=/home/seul/Desktop/project/mujoco/ppo_ckpt/000041287680.orbax-checkpoint-tmp
[2025-09-23 16:30:32,683][absl][INFO] - Renaming /home/seul/Desktop/project/mujoco/ppo_ckpt/000041287680.orbax-checkpoint-tmp to /home/seul/Desktop/project/mujoco/ppo_ckpt/000041287680
[2025-09-23 16:30:32,684][absl][INFO] - [process=0][thread=MainThread] Finished saving checkpoint (finalized tmp dir) to `/home/seul/Desktop/project/mujoco/ppo_ckpt/000041287680`.
[2025-09-23 16:30:32,685][absl][INFO] - Finished synchronous save in 0.17 seconds to /home/seul/Desktop/project/mujoco/ppo_ckpt/000041287680
[2025-09-23 16:30:33,525][absl][INFO] - {'eval/walltime': 37.560245990753174, 'training/sps': np.float64(347382.09088266117), 'training/walltime': 140.2841968536377, 'training/entropy_loss': Array(0.08646064, dtype=float32), 'training/policy_loss': Array(-0.00381359, dtype=float32), 'training/total_loss': Array(26.34988, dtype=float32), 'training/v_loss': Array(26.267233, dtype=float32), 'eval/episode_reward': Array(832.2926, dtype=float32), 'eval/episode_reward_std': Array(13.955376, dtype=float32), 'eval/avg_episode_length': Array(1000., dtype=float32), 'eval/std_episode_length': Array(0., dtype=float32), 'eval/epoch_eval_time': 0.8389151096343994, 'eval/sps': 152578.01239958906}
[2025-09-23 16:30:33,569][absl][INFO] - starting iteration 6 203.58912205696106
[2025-09-23 16:30:53,393][root][INFO] - saving checkpoint to /home/seul/Desktop/project/mujoco/ppo_ckpt/000048168960
[2025-09-23 16:30:53,393][absl][INFO] - Created BasePyTreeCheckpointHandler: use_ocdbt=True, use_zarr3=False, pytree_metadata_options=PyTreeMetadataOptions(support_rich_types=False), array_metadata_store=<orbax.checkpoint._src.metadata.array_metadata_store.Store object at 0x74d36a577a90>, enable_pinned_host_transfer=True, save_concurrent_bytes: 96000000000 (89.4 GiB), restore_concurrent_bytes: 96000000000 (89.4 GiB)
[2025-09-23 16:30:53,394][absl][INFO] - [process=0] Started saving checkpoint to /home/seul/Desktop/project/mujoco/ppo_ckpt/000048168960.
[2025-09-23 16:30:53,394][absl][INFO] - Specified `force`: removing existing directory.
[2025-09-23 16:30:53,395][absl][INFO] - Creating tmp directory /home/seul/Desktop/project/mujoco/ppo_ckpt/000048168960.orbax-checkpoint-tmp
[2025-09-23 16:30:53,397][absl][INFO] - Transferring arrays to host memory with options: use_replica_parallel=True, min_slice_bytes_for_replica_parallel=None, max_replicas_for_replica_parallel=None, enable_pinned_host_transfer=True
[2025-09-23 16:30:53,400][absl][INFO] - [process=0][thread=MainThread] Initiated "orbax.checkpoint._src.serialization.type_handlers.ArrayHandler".serialize. Time taken: 0.002970s
[2025-09-23 16:30:53,404][absl][INFO] - [process=0] /jax/checkpoint/write/blocking_gbytes_per_sec: 0 Bytes/s (total gbytes: 1.0 MiB) (time elapsed: 7 milliseconds) (per-host)
[2025-09-23 16:30:53,405][absl][INFO] - [process=0][thread=MainThread] Initiated Pytree async_save. Time taken: 0.008810s (batch_requests_ready=0.000637s, total_serialization_initiated=0.005303s, others=0.002870s)
[2025-09-23 16:30:53,405][absl][WARNING] - [process=0][thread=MainThread][operation_id=7] _SignalingThread.join() waiting for signals ([]) blocking the main thread will slow down blocking save times. This is likely due to main thread calling result() on a CommitFuture.
[2025-09-23 16:30:53,405][absl][INFO] - [process=0][thread=array_type_handler] Wrote 26 array_metadata.ArrayMetadata to /home/seul/Desktop/project/mujoco/ppo_ckpt/000048168960.orbax-checkpoint-tmp/array_metadatas/process_0
[2025-09-23 16:30:53,538][absl][INFO] - [process=0][thread=write_metadata_after_commits] Commit + Array metadata written. Time taken: 0.134103s (commit=0.132802s, array_metadata_write=0.001301s)
[2025-09-23 16:30:53,539][absl][INFO] - [process=0] /jax/checkpoint/write/gbytes_per_sec: 0 Bytes/s (total gbytes: 1.0 MiB) (time elapsed: 142 milliseconds) (per-host)
[2025-09-23 16:30:53,541][absl][INFO] - [process=0][thread=MainThread] Skipped cross-host ArrayMetadata validation because only one process is found: process_index=0.
[2025-09-23 16:30:53,566][absl][INFO] - [process=0][thread=MainThread] Pytree save finalize (merge_ocdbt + ArrayMetadata validation) completed. Time taken: 0.026330s. use_zarr3=False, enable_post_merge_validation=True, directory=/home/seul/Desktop/project/mujoco/ppo_ckpt/000048168960.orbax-checkpoint-tmp
[2025-09-23 16:30:53,567][absl][INFO] - Renaming /home/seul/Desktop/project/mujoco/ppo_ckpt/000048168960.orbax-checkpoint-tmp to /home/seul/Desktop/project/mujoco/ppo_ckpt/000048168960
[2025-09-23 16:30:53,568][absl][INFO] - [process=0][thread=MainThread] Finished saving checkpoint (finalized tmp dir) to `/home/seul/Desktop/project/mujoco/ppo_ckpt/000048168960`.
[2025-09-23 16:30:53,568][absl][INFO] - Finished synchronous save in 0.17 seconds to /home/seul/Desktop/project/mujoco/ppo_ckpt/000048168960
[2025-09-23 16:30:54,393][absl][INFO] - {'eval/walltime': 38.38400912284851, 'training/sps': np.float64(347213.5090392903), 'training/walltime': 160.10278058052063, 'training/entropy_loss': Array(0.08321861, dtype=float32), 'training/policy_loss': Array(-0.00267851, dtype=float32), 'training/total_loss': Array(26.13628, dtype=float32), 'training/v_loss': Array(26.055738, dtype=float32), 'eval/episode_reward': Array(881.79065, dtype=float32), 'eval/episode_reward_std': Array(12.820944, dtype=float32), 'eval/avg_episode_length': Array(1000., dtype=float32), 'eval/std_episode_length': Array(0., dtype=float32), 'eval/epoch_eval_time': 0.8237631320953369, 'eval/sps': 155384.4728088488}
[2025-09-23 16:30:54,438][absl][INFO] - starting iteration 7 224.4585611820221
[2025-09-23 16:31:14,257][root][INFO] - saving checkpoint to /home/seul/Desktop/project/mujoco/ppo_ckpt/000055050240
[2025-09-23 16:31:14,257][absl][INFO] - Created BasePyTreeCheckpointHandler: use_ocdbt=True, use_zarr3=False, pytree_metadata_options=PyTreeMetadataOptions(support_rich_types=False), array_metadata_store=<orbax.checkpoint._src.metadata.array_metadata_store.Store object at 0x74d36a577a90>, enable_pinned_host_transfer=True, save_concurrent_bytes: 96000000000 (89.4 GiB), restore_concurrent_bytes: 96000000000 (89.4 GiB)
[2025-09-23 16:31:14,258][absl][INFO] - [process=0] Started saving checkpoint to /home/seul/Desktop/project/mujoco/ppo_ckpt/000055050240.
[2025-09-23 16:31:14,258][absl][INFO] - Specified `force`: removing existing directory.
[2025-09-23 16:31:14,259][absl][INFO] - Creating tmp directory /home/seul/Desktop/project/mujoco/ppo_ckpt/000055050240.orbax-checkpoint-tmp
[2025-09-23 16:31:14,261][absl][INFO] - Transferring arrays to host memory with options: use_replica_parallel=True, min_slice_bytes_for_replica_parallel=None, max_replicas_for_replica_parallel=None, enable_pinned_host_transfer=True
[2025-09-23 16:31:14,265][absl][INFO] - [process=0][thread=MainThread] Initiated "orbax.checkpoint._src.serialization.type_handlers.ArrayHandler".serialize. Time taken: 0.003717s
[2025-09-23 16:31:14,269][absl][INFO] - [process=0] /jax/checkpoint/write/blocking_gbytes_per_sec: 0 Bytes/s (total gbytes: 1.0 MiB) (time elapsed: 8 milliseconds) (per-host)
[2025-09-23 16:31:14,269][absl][INFO] - [process=0][thread=MainThread] Initiated Pytree async_save. Time taken: 0.009005s (batch_requests_ready=0.000672s, total_serialization_initiated=0.004726s, others=0.003607s)
[2025-09-23 16:31:14,269][absl][WARNING] - [process=0][thread=MainThread][operation_id=8] _SignalingThread.join() waiting for signals ([]) blocking the main thread will slow down blocking save times. This is likely due to main thread calling result() on a CommitFuture.
[2025-09-23 16:31:14,270][absl][INFO] - [process=0][thread=array_type_handler] Wrote 26 array_metadata.ArrayMetadata to /home/seul/Desktop/project/mujoco/ppo_ckpt/000055050240.orbax-checkpoint-tmp/array_metadatas/process_0
[2025-09-23 16:31:14,397][absl][INFO] - [process=0][thread=write_metadata_after_commits] Commit + Array metadata written. Time taken: 0.127764s (commit=0.126600s, array_metadata_write=0.001164s)
[2025-09-23 16:31:14,397][absl][INFO] - [process=0] /jax/checkpoint/write/gbytes_per_sec: 0 Bytes/s (total gbytes: 1.0 MiB) (time elapsed: 137 milliseconds) (per-host)
[2025-09-23 16:31:14,399][absl][INFO] - [process=0][thread=MainThread] Skipped cross-host ArrayMetadata validation because only one process is found: process_index=0.
[2025-09-23 16:31:14,424][absl][INFO] - [process=0][thread=MainThread] Pytree save finalize (merge_ocdbt + ArrayMetadata validation) completed. Time taken: 0.026027s. use_zarr3=False, enable_post_merge_validation=True, directory=/home/seul/Desktop/project/mujoco/ppo_ckpt/000055050240.orbax-checkpoint-tmp
[2025-09-23 16:31:14,425][absl][INFO] - Renaming /home/seul/Desktop/project/mujoco/ppo_ckpt/000055050240.orbax-checkpoint-tmp to /home/seul/Desktop/project/mujoco/ppo_ckpt/000055050240
[2025-09-23 16:31:14,425][absl][INFO] - [process=0][thread=MainThread] Finished saving checkpoint (finalized tmp dir) to `/home/seul/Desktop/project/mujoco/ppo_ckpt/000055050240`.
[2025-09-23 16:31:14,426][absl][INFO] - Finished synchronous save in 0.17 seconds to /home/seul/Desktop/project/mujoco/ppo_ckpt/000055050240
[2025-09-23 16:31:15,244][absl][INFO] - {'eval/walltime': 39.20098042488098, 'training/sps': np.float64(347318.3874939013), 'training/walltime': 179.91537976264954, 'training/entropy_loss': Array(0.07658193, dtype=float32), 'training/policy_loss': Array(-0.00152157, dtype=float32), 'training/total_loss': Array(22.250935, dtype=float32), 'training/v_loss': Array(22.17587, dtype=float32), 'eval/episode_reward': Array(898.24634, dtype=float32), 'eval/episode_reward_std': Array(6.8959923, dtype=float32), 'eval/avg_episode_length': Array(1000., dtype=float32), 'eval/std_episode_length': Array(0., dtype=float32), 'eval/epoch_eval_time': 0.8169713020324707, 'eval/sps': 156676.2500488819}
[2025-09-23 16:31:15,290][absl][INFO] - starting iteration 8 245.3102684020996
[2025-09-23 16:31:35,120][root][INFO] - saving checkpoint to /home/seul/Desktop/project/mujoco/ppo_ckpt/000061931520
[2025-09-23 16:31:35,120][absl][INFO] - Created BasePyTreeCheckpointHandler: use_ocdbt=True, use_zarr3=False, pytree_metadata_options=PyTreeMetadataOptions(support_rich_types=False), array_metadata_store=<orbax.checkpoint._src.metadata.array_metadata_store.Store object at 0x74d36a577a90>, enable_pinned_host_transfer=True, save_concurrent_bytes: 96000000000 (89.4 GiB), restore_concurrent_bytes: 96000000000 (89.4 GiB)
[2025-09-23 16:31:35,121][absl][INFO] - [process=0] Started saving checkpoint to /home/seul/Desktop/project/mujoco/ppo_ckpt/000061931520.
[2025-09-23 16:31:35,121][absl][INFO] - Specified `force`: removing existing directory.
[2025-09-23 16:31:35,122][absl][INFO] - Creating tmp directory /home/seul/Desktop/project/mujoco/ppo_ckpt/000061931520.orbax-checkpoint-tmp
[2025-09-23 16:31:35,124][absl][INFO] - Transferring arrays to host memory with options: use_replica_parallel=True, min_slice_bytes_for_replica_parallel=None, max_replicas_for_replica_parallel=None, enable_pinned_host_transfer=True
[2025-09-23 16:31:35,128][absl][INFO] - [process=0][thread=MainThread] Initiated "orbax.checkpoint._src.serialization.type_handlers.ArrayHandler".serialize. Time taken: 0.003913s
[2025-09-23 16:31:35,133][absl][INFO] - [process=0] /jax/checkpoint/write/blocking_gbytes_per_sec: 0 Bytes/s (total gbytes: 1.0 MiB) (time elapsed: 9 milliseconds) (per-host)
[2025-09-23 16:31:35,133][absl][INFO] - [process=0][thread=MainThread] Initiated Pytree async_save. Time taken: 0.009766s (batch_requests_ready=0.000656s, total_serialization_initiated=0.004983s, others=0.004127s)
[2025-09-23 16:31:35,133][absl][WARNING] - [process=0][thread=MainThread][operation_id=9] _SignalingThread.join() waiting for signals ([]) blocking the main thread will slow down blocking save times. This is likely due to main thread calling result() on a CommitFuture.
[2025-09-23 16:31:35,133][absl][INFO] - [process=0][thread=array_type_handler] Wrote 26 array_metadata.ArrayMetadata to /home/seul/Desktop/project/mujoco/ppo_ckpt/000061931520.orbax-checkpoint-tmp/array_metadatas/process_0
[2025-09-23 16:31:35,266][absl][INFO] - [process=0][thread=write_metadata_after_commits] Commit + Array metadata written. Time taken: 0.134386s (commit=0.133127s, array_metadata_write=0.001259s)
[2025-09-23 16:31:35,267][absl][INFO] - [process=0] /jax/checkpoint/write/gbytes_per_sec: 0 Bytes/s (total gbytes: 1.0 MiB) (time elapsed: 143 milliseconds) (per-host)
[2025-09-23 16:31:35,269][absl][INFO] - [process=0][thread=MainThread] Skipped cross-host ArrayMetadata validation because only one process is found: process_index=0.
[2025-09-23 16:31:35,294][absl][INFO] - [process=0][thread=MainThread] Pytree save finalize (merge_ocdbt + ArrayMetadata validation) completed. Time taken: 0.026445s. use_zarr3=False, enable_post_merge_validation=True, directory=/home/seul/Desktop/project/mujoco/ppo_ckpt/000061931520.orbax-checkpoint-tmp
[2025-09-23 16:31:35,295][absl][INFO] - Renaming /home/seul/Desktop/project/mujoco/ppo_ckpt/000061931520.orbax-checkpoint-tmp to /home/seul/Desktop/project/mujoco/ppo_ckpt/000061931520
[2025-09-23 16:31:35,296][absl][INFO] - [process=0][thread=MainThread] Finished saving checkpoint (finalized tmp dir) to `/home/seul/Desktop/project/mujoco/ppo_ckpt/000061931520`.
[2025-09-23 16:31:35,297][absl][INFO] - Finished synchronous save in 0.18 seconds to /home/seul/Desktop/project/mujoco/ppo_ckpt/000061931520
[2025-09-23 16:31:36,118][absl][INFO] - {'eval/walltime': 40.02099061012268, 'training/sps': np.float64(347116.28744094283), 'training/walltime': 199.7395143508911, 'training/entropy_loss': Array(0.06661528, dtype=float32), 'training/policy_loss': Array(5.4563498e-05, dtype=float32), 'training/total_loss': Array(24.129946, dtype=float32), 'training/v_loss': Array(24.063274, dtype=float32), 'eval/episode_reward': Array(904.557, dtype=float32), 'eval/episode_reward_std': Array(5.5110226, dtype=float32), 'eval/avg_episode_length': Array(1000., dtype=float32), 'eval/std_episode_length': Array(0., dtype=float32), 'eval/epoch_eval_time': 0.8200101852416992, 'eval/sps': 156095.62210775688}
[2025-09-23 16:31:36,472][absl][INFO] - total steps: 61931520
[2025-09-23 16:31:36,661][root][INFO] - Using JAX default device: cuda:0.
