[2025-09-22 18:19:04,742][jax._src.xla_bridge][INFO] - Unable to initialize backend 'tpu': INTERNAL: Failed to open libtpu.so: libtpu.so: cannot open shared object file: No such file or directory
[2025-09-22 18:19:04,803][root][INFO] - Using JAX default device: cuda:0.
[2025-09-22 18:19:04,938][absl][INFO] - Device count: 1, process count: 1 (id 0), local device count: 1, devices to be used count: 1
[2025-09-22 18:19:05,450][root][INFO] - Using JAX default device: cuda:0.
[2025-09-22 18:19:11,637][root][INFO] - Using JAX default device: cuda:0.
[2025-09-22 18:19:20,614][absl][INFO] - {'eval/walltime': 8.910240650177002, 'eval/episode_reward': Array(280.1272, dtype=float32), 'eval/episode_reward/angle_in_bounds': Array(0., dtype=float32), 'eval/episode_reward/cart_in_bounds': Array(0., dtype=float32), 'eval/episode_reward/centered': Array(721.52405, dtype=float32), 'eval/episode_reward/small_control': Array(923.9684, dtype=float32), 'eval/episode_reward/small_velocity': Array(631.84155, dtype=float32), 'eval/episode_reward/upright': Array(570.74536, dtype=float32), 'eval/episode_reward_std': Array(59.778, dtype=float32), 'eval/episode_reward/angle_in_bounds_std': Array(0., dtype=float32), 'eval/episode_reward/cart_in_bounds_std': Array(0., dtype=float32), 'eval/episode_reward/centered_std': Array(65.59639, dtype=float32), 'eval/episode_reward/small_control_std': Array(11.044095, dtype=float32), 'eval/episode_reward/small_velocity_std': Array(68.4579, dtype=float32), 'eval/episode_reward/upright_std': Array(89.32887, dtype=float32), 'eval/avg_episode_length': Array(1000., dtype=float32), 'eval/std_episode_length': Array(0., dtype=float32), 'eval/epoch_eval_time': 8.910240650177002, 'eval/sps': 14365.493034967274}
[2025-09-22 18:19:20,767][absl][INFO] - starting iteration 0 15.829644441604614
[2025-09-22 18:19:34,291][root][INFO] - saving checkpoint to /home/seul/Desktop/project/mujoco/ppo_ckpt/000000983040
[2025-09-22 18:19:34,291][absl][INFO] - orbax-checkpoint version: 0.11.25
[2025-09-22 18:19:34,291][absl][INFO] - Created BasePyTreeCheckpointHandler: use_ocdbt=True, use_zarr3=False, pytree_metadata_options=PyTreeMetadataOptions(support_rich_types=False), array_metadata_store=<orbax.checkpoint._src.metadata.array_metadata_store.Store object at 0x7651aa906310>, enable_pinned_host_transfer=True, save_concurrent_bytes: 96000000000 (89.4 GiB), restore_concurrent_bytes: 96000000000 (89.4 GiB)
[2025-09-22 18:19:34,291][absl][INFO] - [thread=MainThread] Failed to get flag value for EXPERIMENTAL_ORBAX_USE_DISTRIBUTED_PROCESS_ID.
[2025-09-22 18:19:34,291][absl][INFO] - [process=0] Started saving checkpoint to /home/seul/Desktop/project/mujoco/ppo_ckpt/000000983040.
[2025-09-22 18:19:34,291][absl][INFO] - Specified `force`: removing existing directory.
[2025-09-22 18:19:34,293][absl][INFO] - Creating tmp directory /home/seul/Desktop/project/mujoco/ppo_ckpt/000000983040.orbax-checkpoint-tmp
[2025-09-22 18:19:34,293][absl][INFO] - Wrote Metadata={'item_handlers': None, 'metrics': {}, 'performance_metrics': {}, 'init_timestamp_nsecs': 1758532774293705143, 'commit_timestamp_nsecs': None, 'custom_metadata': {}}, json={"item_handlers": null, "metrics": {}, "performance_metrics": {}, "init_timestamp_nsecs": 1758532774293705143, "commit_timestamp_nsecs": null, "custom_metadata": {}} to /home/seul/Desktop/project/mujoco/ppo_ckpt/000000983040.orbax-checkpoint-tmp/_CHECKPOINT_METADATA
[2025-09-22 18:19:34,296][absl][INFO] - Transferring arrays to host memory with options: use_replica_parallel=True, min_slice_bytes_for_replica_parallel=None, max_replicas_for_replica_parallel=None, enable_pinned_host_transfer=True
[2025-09-22 18:19:34,301][absl][INFO] - Using ThreadSafeKeyValueSignalingClient
[2025-09-22 18:19:34,301][absl][INFO] - [process=0][thread=MainThread] Initiated "orbax.checkpoint._src.serialization.type_handlers.ArrayHandler".serialize. Time taken: 0.005231s
[2025-09-22 18:19:34,301][absl][INFO] - [process=0] /jax/checkpoint/write/blocking_gbytes_per_sec: 0 Bytes/s (total gbytes: 1.0 MiB) (time elapsed: 7 milliseconds) (per-host)
[2025-09-22 18:19:34,305][absl][INFO] - [process=0][thread=MainThread] Initiated Pytree async_save. Time taken: 0.010931s (batch_requests_ready=0.000772s, total_serialization_initiated=0.006552s, others=0.003608s)
[2025-09-22 18:19:34,305][absl][WARNING] - [process=0][thread=MainThread][operation_id=1] _SignalingThread.join() waiting for signals ([]) blocking the main thread will slow down blocking save times. This is likely due to main thread calling result() on a CommitFuture.
[2025-09-22 18:19:34,306][absl][INFO] - [process=0][thread=array_type_handler] Wrote 26 array_metadata.ArrayMetadata to /home/seul/Desktop/project/mujoco/ppo_ckpt/000000983040.orbax-checkpoint-tmp/array_metadatas/process_0
[2025-09-22 18:19:34,442][absl][INFO] - [process=0][thread=write_metadata_after_commits] Commit + Array metadata written. Time taken: 0.139056s (commit=0.137806s, array_metadata_write=0.001250s)
[2025-09-22 18:19:34,442][absl][INFO] - [process=0] /jax/checkpoint/write/gbytes_per_sec: 0 Bytes/s (total gbytes: 1.0 MiB) (time elapsed: 148 milliseconds) (per-host)
[2025-09-22 18:19:34,443][absl][INFO] - Read Metadata={'item_handlers': None, 'metrics': {}, 'performance_metrics': {}, 'init_timestamp_nsecs': 1758532774293705143, 'commit_timestamp_nsecs': None, 'custom_metadata': {}} from /home/seul/Desktop/project/mujoco/ppo_ckpt/000000983040.orbax-checkpoint-tmp/_CHECKPOINT_METADATA
[2025-09-22 18:19:34,443][absl][INFO] - Updated Metadata={'item_handlers': 'orbax.checkpoint._src.handlers.pytree_checkpoint_handler.PyTreeCheckpointHandler', 'metrics': {}, 'performance_metrics': {}, 'init_timestamp_nsecs': 1758532774293705143, 'commit_timestamp_nsecs': None, 'custom_metadata': {}} to /home/seul/Desktop/project/mujoco/ppo_ckpt/000000983040.orbax-checkpoint-tmp/_CHECKPOINT_METADATA
[2025-09-22 18:19:34,444][absl][INFO] - [process=0][thread=MainThread] Skipped cross-host ArrayMetadata validation because only one process is found: process_index=0.
[2025-09-22 18:19:34,470][absl][INFO] - [process=0][thread=MainThread] Pytree save finalize (merge_ocdbt + ArrayMetadata validation) completed. Time taken: 0.026461s. use_zarr3=False, enable_post_merge_validation=True, directory=/home/seul/Desktop/project/mujoco/ppo_ckpt/000000983040.orbax-checkpoint-tmp
[2025-09-22 18:19:34,470][absl][INFO] - Renaming /home/seul/Desktop/project/mujoco/ppo_ckpt/000000983040.orbax-checkpoint-tmp to /home/seul/Desktop/project/mujoco/ppo_ckpt/000000983040
[2025-09-22 18:19:34,471][absl][INFO] - [process=0][thread=MainThread] Finished saving checkpoint (finalized tmp dir) to `/home/seul/Desktop/project/mujoco/ppo_ckpt/000000983040`.
[2025-09-22 18:19:34,472][absl][INFO] - Finished synchronous save in 0.18 seconds to /home/seul/Desktop/project/mujoco/ppo_ckpt/000000983040
[2025-09-22 18:19:34,615][absl][INFO] - {'eval/walltime': 9.051775932312012, 'training/sps': np.float64(74047.46588182077), 'training/walltime': 13.275808811187744, 'training/entropy_loss': Array(-0.00522284, dtype=float32), 'training/policy_loss': Array(-0.00057095, dtype=float32), 'training/total_loss': Array(910.90125, dtype=float32), 'training/v_loss': Array(910.90704, dtype=float32), 'eval/episode_reward': Array(282.65762, dtype=float32), 'eval/episode_reward/angle_in_bounds': Array(0., dtype=float32), 'eval/episode_reward/cart_in_bounds': Array(0., dtype=float32), 'eval/episode_reward/centered': Array(729.676, dtype=float32), 'eval/episode_reward/small_control': Array(919.87256, dtype=float32), 'eval/episode_reward/small_velocity': Array(614.1146, dtype=float32), 'eval/episode_reward/upright': Array(582.3014, dtype=float32), 'eval/episode_reward_std': Array(55.537495, dtype=float32), 'eval/episode_reward/angle_in_bounds_std': Array(0., dtype=float32), 'eval/episode_reward/cart_in_bounds_std': Array(0., dtype=float32), 'eval/episode_reward/centered_std': Array(67.72888, dtype=float32), 'eval/episode_reward/small_control_std': Array(14.074052, dtype=float32), 'eval/episode_reward/small_velocity_std': Array(59.8503, dtype=float32), 'eval/episode_reward/upright_std': Array(58.709053, dtype=float32), 'eval/avg_episode_length': Array(1000., dtype=float32), 'eval/std_episode_length': Array(0., dtype=float32), 'eval/epoch_eval_time': 0.14153528213500977, 'eval/sps': 904368.1410681859}
[2025-09-22 18:19:34,655][absl][INFO] - starting iteration 1 29.716928005218506
[2025-09-22 18:19:36,918][root][INFO] - saving checkpoint to /home/seul/Desktop/project/mujoco/ppo_ckpt/000001966080
[2025-09-22 18:19:36,918][absl][INFO] - Created BasePyTreeCheckpointHandler: use_ocdbt=True, use_zarr3=False, pytree_metadata_options=PyTreeMetadataOptions(support_rich_types=False), array_metadata_store=<orbax.checkpoint._src.metadata.array_metadata_store.Store object at 0x7651aa906310>, enable_pinned_host_transfer=True, save_concurrent_bytes: 96000000000 (89.4 GiB), restore_concurrent_bytes: 96000000000 (89.4 GiB)
[2025-09-22 18:19:36,919][absl][INFO] - [process=0] Started saving checkpoint to /home/seul/Desktop/project/mujoco/ppo_ckpt/000001966080.
[2025-09-22 18:19:36,919][absl][INFO] - Specified `force`: removing existing directory.
[2025-09-22 18:19:36,920][absl][INFO] - Creating tmp directory /home/seul/Desktop/project/mujoco/ppo_ckpt/000001966080.orbax-checkpoint-tmp
[2025-09-22 18:19:36,922][absl][INFO] - Transferring arrays to host memory with options: use_replica_parallel=True, min_slice_bytes_for_replica_parallel=None, max_replicas_for_replica_parallel=None, enable_pinned_host_transfer=True
[2025-09-22 18:19:36,925][absl][INFO] - [process=0][thread=MainThread] Initiated "orbax.checkpoint._src.serialization.type_handlers.ArrayHandler".serialize. Time taken: 0.003183s
[2025-09-22 18:19:36,926][absl][INFO] - [process=0] /jax/checkpoint/write/blocking_gbytes_per_sec: 0 Bytes/s (total gbytes: 1.0 MiB) (time elapsed: 4 milliseconds) (per-host)
[2025-09-22 18:19:36,929][absl][INFO] - [process=0][thread=MainThread] Initiated Pytree async_save. Time taken: 0.008092s (batch_requests_ready=0.000640s, total_serialization_initiated=0.004064s, others=0.003388s)
[2025-09-22 18:19:36,929][absl][WARNING] - [process=0][thread=MainThread][operation_id=2] _SignalingThread.join() waiting for signals ([]) blocking the main thread will slow down blocking save times. This is likely due to main thread calling result() on a CommitFuture.
[2025-09-22 18:19:36,931][absl][INFO] - [process=0][thread=array_type_handler] Wrote 26 array_metadata.ArrayMetadata to /home/seul/Desktop/project/mujoco/ppo_ckpt/000001966080.orbax-checkpoint-tmp/array_metadatas/process_0
[2025-09-22 18:19:37,053][absl][INFO] - [process=0][thread=write_metadata_after_commits] Commit + Array metadata written. Time taken: 0.124403s (commit=0.123109s, array_metadata_write=0.001294s)
[2025-09-22 18:19:37,054][absl][INFO] - [process=0] /jax/checkpoint/write/gbytes_per_sec: 0 Bytes/s (total gbytes: 1.0 MiB) (time elapsed: 132 milliseconds) (per-host)
[2025-09-22 18:19:37,056][absl][INFO] - [process=0][thread=MainThread] Skipped cross-host ArrayMetadata validation because only one process is found: process_index=0.
[2025-09-22 18:19:37,081][absl][INFO] - [process=0][thread=MainThread] Pytree save finalize (merge_ocdbt + ArrayMetadata validation) completed. Time taken: 0.026433s. use_zarr3=False, enable_post_merge_validation=True, directory=/home/seul/Desktop/project/mujoco/ppo_ckpt/000001966080.orbax-checkpoint-tmp
[2025-09-22 18:19:37,082][absl][INFO] - Renaming /home/seul/Desktop/project/mujoco/ppo_ckpt/000001966080.orbax-checkpoint-tmp to /home/seul/Desktop/project/mujoco/ppo_ckpt/000001966080
[2025-09-22 18:19:37,083][absl][INFO] - [process=0][thread=MainThread] Finished saving checkpoint (finalized tmp dir) to `/home/seul/Desktop/project/mujoco/ppo_ckpt/000001966080`.
[2025-09-22 18:19:37,083][absl][INFO] - Finished synchronous save in 0.16 seconds to /home/seul/Desktop/project/mujoco/ppo_ckpt/000001966080
[2025-09-22 18:19:37,226][absl][INFO] - {'eval/walltime': 9.191936492919922, 'training/sps': np.float64(435449.413805347), 'training/walltime': 15.53333854675293, 'training/entropy_loss': Array(-0.00498872, dtype=float32), 'training/policy_loss': Array(-0.0030702, dtype=float32), 'training/total_loss': Array(271.77454, dtype=float32), 'training/v_loss': Array(271.7826, dtype=float32), 'eval/episode_reward': Array(253.66617, dtype=float32), 'eval/episode_reward/angle_in_bounds': Array(0., dtype=float32), 'eval/episode_reward/cart_in_bounds': Array(0., dtype=float32), 'eval/episode_reward/centered': Array(704.0929, dtype=float32), 'eval/episode_reward/small_control': Array(922.27026, dtype=float32), 'eval/episode_reward/small_velocity': Array(577.5694, dtype=float32), 'eval/episode_reward/upright': Array(584.94635, dtype=float32), 'eval/episode_reward_std': Array(39.313335, dtype=float32), 'eval/episode_reward/angle_in_bounds_std': Array(0., dtype=float32), 'eval/episode_reward/cart_in_bounds_std': Array(0., dtype=float32), 'eval/episode_reward/centered_std': Array(41.85918, dtype=float32), 'eval/episode_reward/small_control_std': Array(8.745147, dtype=float32), 'eval/episode_reward/small_velocity_std': Array(45.105392, dtype=float32), 'eval/episode_reward/upright_std': Array(38.188335, dtype=float32), 'eval/avg_episode_length': Array(1000., dtype=float32), 'eval/std_episode_length': Array(0., dtype=float32), 'eval/epoch_eval_time': 0.14016056060791016, 'eval/sps': 913238.3563880818}
[2025-09-22 18:19:37,266][absl][INFO] - starting iteration 2 32.32824516296387
[2025-09-22 18:19:39,535][root][INFO] - saving checkpoint to /home/seul/Desktop/project/mujoco/ppo_ckpt/000002949120
[2025-09-22 18:19:39,535][absl][INFO] - Created BasePyTreeCheckpointHandler: use_ocdbt=True, use_zarr3=False, pytree_metadata_options=PyTreeMetadataOptions(support_rich_types=False), array_metadata_store=<orbax.checkpoint._src.metadata.array_metadata_store.Store object at 0x7651aa906310>, enable_pinned_host_transfer=True, save_concurrent_bytes: 96000000000 (89.4 GiB), restore_concurrent_bytes: 96000000000 (89.4 GiB)
[2025-09-22 18:19:39,535][absl][INFO] - [process=0] Started saving checkpoint to /home/seul/Desktop/project/mujoco/ppo_ckpt/000002949120.
[2025-09-22 18:19:39,535][absl][INFO] - Specified `force`: removing existing directory.
[2025-09-22 18:19:39,536][absl][INFO] - Creating tmp directory /home/seul/Desktop/project/mujoco/ppo_ckpt/000002949120.orbax-checkpoint-tmp
[2025-09-22 18:19:39,538][absl][INFO] - Transferring arrays to host memory with options: use_replica_parallel=True, min_slice_bytes_for_replica_parallel=None, max_replicas_for_replica_parallel=None, enable_pinned_host_transfer=True
[2025-09-22 18:19:39,541][absl][INFO] - [process=0][thread=MainThread] Initiated "orbax.checkpoint._src.serialization.type_handlers.ArrayHandler".serialize. Time taken: 0.002808s
[2025-09-22 18:19:39,545][absl][INFO] - [process=0] /jax/checkpoint/write/blocking_gbytes_per_sec: 0 Bytes/s (total gbytes: 1.0 MiB) (time elapsed: 7 milliseconds) (per-host)
[2025-09-22 18:19:39,545][absl][INFO] - [process=0][thread=MainThread] Initiated Pytree async_save. Time taken: 0.008358s (batch_requests_ready=0.000648s, total_serialization_initiated=0.003699s, others=0.004011s)
[2025-09-22 18:19:39,545][absl][WARNING] - [process=0][thread=MainThread][operation_id=3] _SignalingThread.join() waiting for signals ([]) blocking the main thread will slow down blocking save times. This is likely due to main thread calling result() on a CommitFuture.
[2025-09-22 18:19:39,547][absl][INFO] - [process=0][thread=array_type_handler] Wrote 26 array_metadata.ArrayMetadata to /home/seul/Desktop/project/mujoco/ppo_ckpt/000002949120.orbax-checkpoint-tmp/array_metadatas/process_0
[2025-09-22 18:19:39,670][absl][INFO] - [process=0][thread=write_metadata_after_commits] Commit + Array metadata written. Time taken: 0.125300s (commit=0.123965s, array_metadata_write=0.001335s)
[2025-09-22 18:19:39,670][absl][INFO] - [process=0] /jax/checkpoint/write/gbytes_per_sec: 0 Bytes/s (total gbytes: 1.0 MiB) (time elapsed: 133 milliseconds) (per-host)
[2025-09-22 18:19:39,672][absl][INFO] - [process=0][thread=MainThread] Skipped cross-host ArrayMetadata validation because only one process is found: process_index=0.
[2025-09-22 18:19:39,697][absl][INFO] - [process=0][thread=MainThread] Pytree save finalize (merge_ocdbt + ArrayMetadata validation) completed. Time taken: 0.026390s. use_zarr3=False, enable_post_merge_validation=True, directory=/home/seul/Desktop/project/mujoco/ppo_ckpt/000002949120.orbax-checkpoint-tmp
[2025-09-22 18:19:39,698][absl][INFO] - Renaming /home/seul/Desktop/project/mujoco/ppo_ckpt/000002949120.orbax-checkpoint-tmp to /home/seul/Desktop/project/mujoco/ppo_ckpt/000002949120
[2025-09-22 18:19:39,699][absl][INFO] - [process=0][thread=MainThread] Finished saving checkpoint (finalized tmp dir) to `/home/seul/Desktop/project/mujoco/ppo_ckpt/000002949120`.
[2025-09-22 18:19:39,699][absl][INFO] - Finished synchronous save in 0.16 seconds to /home/seul/Desktop/project/mujoco/ppo_ckpt/000002949120
[2025-09-22 18:19:39,845][absl][INFO] - {'eval/walltime': 9.336166381835938, 'training/sps': np.float64(434442.4038233583), 'training/walltime': 17.796101093292236, 'training/entropy_loss': Array(-0.00473914, dtype=float32), 'training/policy_loss': Array(-0.0159769, dtype=float32), 'training/total_loss': Array(110.10527, dtype=float32), 'training/v_loss': Array(110.12598, dtype=float32), 'eval/episode_reward': Array(338.898, dtype=float32), 'eval/episode_reward/angle_in_bounds': Array(0., dtype=float32), 'eval/episode_reward/cart_in_bounds': Array(0., dtype=float32), 'eval/episode_reward/centered': Array(781.04266, dtype=float32), 'eval/episode_reward/small_control': Array(933.42303, dtype=float32), 'eval/episode_reward/small_velocity': Array(640.8939, dtype=float32), 'eval/episode_reward/upright': Array(625.3329, dtype=float32), 'eval/episode_reward_std': Array(54.86738, dtype=float32), 'eval/episode_reward/angle_in_bounds_std': Array(0., dtype=float32), 'eval/episode_reward/cart_in_bounds_std': Array(0., dtype=float32), 'eval/episode_reward/centered_std': Array(64.56995, dtype=float32), 'eval/episode_reward/small_control_std': Array(5.6965194, dtype=float32), 'eval/episode_reward/small_velocity_std': Array(45.640335, dtype=float32), 'eval/episode_reward/upright_std': Array(47.858624, dtype=float32), 'eval/avg_episode_length': Array(1000., dtype=float32), 'eval/std_episode_length': Array(0., dtype=float32), 'eval/epoch_eval_time': 0.14422988891601562, 'eval/sps': 887472.0833663943}
[2025-09-22 18:19:39,886][absl][INFO] - starting iteration 3 34.94835352897644
[2025-09-22 18:19:42,159][root][INFO] - saving checkpoint to /home/seul/Desktop/project/mujoco/ppo_ckpt/000003932160
[2025-09-22 18:19:42,159][absl][INFO] - Created BasePyTreeCheckpointHandler: use_ocdbt=True, use_zarr3=False, pytree_metadata_options=PyTreeMetadataOptions(support_rich_types=False), array_metadata_store=<orbax.checkpoint._src.metadata.array_metadata_store.Store object at 0x7651aa906310>, enable_pinned_host_transfer=True, save_concurrent_bytes: 96000000000 (89.4 GiB), restore_concurrent_bytes: 96000000000 (89.4 GiB)
[2025-09-22 18:19:42,159][absl][INFO] - [process=0] Started saving checkpoint to /home/seul/Desktop/project/mujoco/ppo_ckpt/000003932160.
[2025-09-22 18:19:42,159][absl][INFO] - Specified `force`: removing existing directory.
[2025-09-22 18:19:42,160][absl][INFO] - Creating tmp directory /home/seul/Desktop/project/mujoco/ppo_ckpt/000003932160.orbax-checkpoint-tmp
[2025-09-22 18:19:42,162][absl][INFO] - Transferring arrays to host memory with options: use_replica_parallel=True, min_slice_bytes_for_replica_parallel=None, max_replicas_for_replica_parallel=None, enable_pinned_host_transfer=True
[2025-09-22 18:19:42,165][absl][INFO] - [process=0][thread=MainThread] Initiated "orbax.checkpoint._src.serialization.type_handlers.ArrayHandler".serialize. Time taken: 0.003039s
[2025-09-22 18:19:42,168][absl][INFO] - [process=0] /jax/checkpoint/write/blocking_gbytes_per_sec: 0 Bytes/s (total gbytes: 1.0 MiB) (time elapsed: 6 milliseconds) (per-host)
[2025-09-22 18:19:42,169][absl][INFO] - [process=0][thread=MainThread] Initiated Pytree async_save. Time taken: 0.007805s (batch_requests_ready=0.000667s, total_serialization_initiated=0.005141s, others=0.001997s)
[2025-09-22 18:19:42,169][absl][WARNING] - [process=0][thread=MainThread][operation_id=4] _SignalingThread.join() waiting for signals ([]) blocking the main thread will slow down blocking save times. This is likely due to main thread calling result() on a CommitFuture.
[2025-09-22 18:19:42,171][absl][INFO] - [process=0][thread=array_type_handler] Wrote 26 array_metadata.ArrayMetadata to /home/seul/Desktop/project/mujoco/ppo_ckpt/000003932160.orbax-checkpoint-tmp/array_metadatas/process_0
[2025-09-22 18:19:42,294][absl][INFO] - [process=0][thread=write_metadata_after_commits] Commit + Array metadata written. Time taken: 0.124923s (commit=0.123610s, array_metadata_write=0.001313s)
[2025-09-22 18:19:42,294][absl][INFO] - [process=0] /jax/checkpoint/write/gbytes_per_sec: 0 Bytes/s (total gbytes: 1.0 MiB) (time elapsed: 132 milliseconds) (per-host)
[2025-09-22 18:19:42,295][absl][INFO] - [process=0][thread=MainThread] Skipped cross-host ArrayMetadata validation because only one process is found: process_index=0.
[2025-09-22 18:19:42,321][absl][INFO] - [process=0][thread=MainThread] Pytree save finalize (merge_ocdbt + ArrayMetadata validation) completed. Time taken: 0.026273s. use_zarr3=False, enable_post_merge_validation=True, directory=/home/seul/Desktop/project/mujoco/ppo_ckpt/000003932160.orbax-checkpoint-tmp
[2025-09-22 18:19:42,322][absl][INFO] - Renaming /home/seul/Desktop/project/mujoco/ppo_ckpt/000003932160.orbax-checkpoint-tmp to /home/seul/Desktop/project/mujoco/ppo_ckpt/000003932160
[2025-09-22 18:19:42,323][absl][INFO] - [process=0][thread=MainThread] Finished saving checkpoint (finalized tmp dir) to `/home/seul/Desktop/project/mujoco/ppo_ckpt/000003932160`.
[2025-09-22 18:19:42,323][absl][INFO] - Finished synchronous save in 0.16 seconds to /home/seul/Desktop/project/mujoco/ppo_ckpt/000003932160
[2025-09-22 18:19:42,465][absl][INFO] - {'eval/walltime': 9.476245880126953, 'training/sps': np.float64(433698.6369145229), 'training/walltime': 20.062744140625, 'training/entropy_loss': Array(-0.00543476, dtype=float32), 'training/policy_loss': Array(-0.00342235, dtype=float32), 'training/total_loss': Array(148.07388, dtype=float32), 'training/v_loss': Array(148.08273, dtype=float32), 'eval/episode_reward': Array(378.09763, dtype=float32), 'eval/episode_reward/angle_in_bounds': Array(0., dtype=float32), 'eval/episode_reward/cart_in_bounds': Array(0., dtype=float32), 'eval/episode_reward/centered': Array(786.9232, dtype=float32), 'eval/episode_reward/small_control': Array(939.55566, dtype=float32), 'eval/episode_reward/small_velocity': Array(696.9636, dtype=float32), 'eval/episode_reward/upright': Array(631.6523, dtype=float32), 'eval/episode_reward_std': Array(58.05901, dtype=float32), 'eval/episode_reward/angle_in_bounds_std': Array(0., dtype=float32), 'eval/episode_reward/cart_in_bounds_std': Array(0., dtype=float32), 'eval/episode_reward/centered_std': Array(54.331306, dtype=float32), 'eval/episode_reward/small_control_std': Array(3.8364606, dtype=float32), 'eval/episode_reward/small_velocity_std': Array(41.13298, dtype=float32), 'eval/episode_reward/upright_std': Array(60.402256, dtype=float32), 'eval/avg_episode_length': Array(1000., dtype=float32), 'eval/std_episode_length': Array(0., dtype=float32), 'eval/epoch_eval_time': 0.14007949829101562, 'eval/sps': 913766.8364151303}
[2025-09-22 18:19:42,507][absl][INFO] - starting iteration 4 37.56895208358765
[2025-09-22 18:19:44,777][root][INFO] - saving checkpoint to /home/seul/Desktop/project/mujoco/ppo_ckpt/000004915200
[2025-09-22 18:19:44,777][absl][INFO] - Created BasePyTreeCheckpointHandler: use_ocdbt=True, use_zarr3=False, pytree_metadata_options=PyTreeMetadataOptions(support_rich_types=False), array_metadata_store=<orbax.checkpoint._src.metadata.array_metadata_store.Store object at 0x7651aa906310>, enable_pinned_host_transfer=True, save_concurrent_bytes: 96000000000 (89.4 GiB), restore_concurrent_bytes: 96000000000 (89.4 GiB)
[2025-09-22 18:19:44,777][absl][INFO] - [process=0] Started saving checkpoint to /home/seul/Desktop/project/mujoco/ppo_ckpt/000004915200.
[2025-09-22 18:19:44,777][absl][INFO] - Specified `force`: removing existing directory.
[2025-09-22 18:19:44,778][absl][INFO] - Creating tmp directory /home/seul/Desktop/project/mujoco/ppo_ckpt/000004915200.orbax-checkpoint-tmp
[2025-09-22 18:19:44,781][absl][INFO] - Transferring arrays to host memory with options: use_replica_parallel=True, min_slice_bytes_for_replica_parallel=None, max_replicas_for_replica_parallel=None, enable_pinned_host_transfer=True
[2025-09-22 18:19:44,784][absl][INFO] - [process=0][thread=MainThread] Initiated "orbax.checkpoint._src.serialization.type_handlers.ArrayHandler".serialize. Time taken: 0.003032s
[2025-09-22 18:19:44,784][absl][INFO] - [process=0] /jax/checkpoint/write/blocking_gbytes_per_sec: 0 Bytes/s (total gbytes: 1.0 MiB) (time elapsed: 4 milliseconds) (per-host)
[2025-09-22 18:19:44,784][absl][INFO] - [process=0][thread=MainThread] Initiated Pytree async_save. Time taken: 0.004745s (batch_requests_ready=0.000649s, total_serialization_initiated=0.003916s, others=0.000180s)
[2025-09-22 18:19:44,784][absl][WARNING] - [process=0][thread=MainThread][operation_id=5] _SignalingThread.join() waiting for signals ([]) blocking the main thread will slow down blocking save times. This is likely due to main thread calling result() on a CommitFuture.
[2025-09-22 18:19:44,789][absl][INFO] - [process=0][thread=array_type_handler] Wrote 26 array_metadata.ArrayMetadata to /home/seul/Desktop/project/mujoco/ppo_ckpt/000004915200.orbax-checkpoint-tmp/array_metadatas/process_0
[2025-09-22 18:19:44,912][absl][INFO] - [process=0][thread=write_metadata_after_commits] Commit + Array metadata written. Time taken: 0.128029s (commit=0.126829s, array_metadata_write=0.001200s)
[2025-09-22 18:19:44,912][absl][INFO] - [process=0] /jax/checkpoint/write/gbytes_per_sec: 0 Bytes/s (total gbytes: 1.0 MiB) (time elapsed: 133 milliseconds) (per-host)
[2025-09-22 18:19:44,914][absl][INFO] - [process=0][thread=MainThread] Skipped cross-host ArrayMetadata validation because only one process is found: process_index=0.
[2025-09-22 18:19:44,940][absl][INFO] - [process=0][thread=MainThread] Pytree save finalize (merge_ocdbt + ArrayMetadata validation) completed. Time taken: 0.026342s. use_zarr3=False, enable_post_merge_validation=True, directory=/home/seul/Desktop/project/mujoco/ppo_ckpt/000004915200.orbax-checkpoint-tmp
[2025-09-22 18:19:44,940][absl][INFO] - Renaming /home/seul/Desktop/project/mujoco/ppo_ckpt/000004915200.orbax-checkpoint-tmp to /home/seul/Desktop/project/mujoco/ppo_ckpt/000004915200
[2025-09-22 18:19:44,941][absl][INFO] - [process=0][thread=MainThread] Finished saving checkpoint (finalized tmp dir) to `/home/seul/Desktop/project/mujoco/ppo_ckpt/000004915200`.
[2025-09-22 18:19:44,942][absl][INFO] - Finished synchronous save in 0.16 seconds to /home/seul/Desktop/project/mujoco/ppo_ckpt/000004915200
[2025-09-22 18:19:45,084][absl][INFO] - {'eval/walltime': 9.616919994354248, 'training/sps': np.float64(434135.5584873453), 'training/walltime': 22.32710599899292, 'training/entropy_loss': Array(-0.0058212, dtype=float32), 'training/policy_loss': Array(-0.01352109, dtype=float32), 'training/total_loss': Array(307.49988, dtype=float32), 'training/v_loss': Array(307.51926, dtype=float32), 'eval/episode_reward': Array(468.9989, dtype=float32), 'eval/episode_reward/angle_in_bounds': Array(0., dtype=float32), 'eval/episode_reward/cart_in_bounds': Array(0., dtype=float32), 'eval/episode_reward/centered': Array(840.6163, dtype=float32), 'eval/episode_reward/small_control': Array(944.08057, dtype=float32), 'eval/episode_reward/small_velocity': Array(757.50684, dtype=float32), 'eval/episode_reward/upright': Array(677.9625, dtype=float32), 'eval/episode_reward_std': Array(57.735443, dtype=float32), 'eval/episode_reward/angle_in_bounds_std': Array(0., dtype=float32), 'eval/episode_reward/cart_in_bounds_std': Array(0., dtype=float32), 'eval/episode_reward/centered_std': Array(50.736565, dtype=float32), 'eval/episode_reward/small_control_std': Array(2.9809656, dtype=float32), 'eval/episode_reward/small_velocity_std': Array(31.465874, dtype=float32), 'eval/episode_reward/upright_std': Array(55.111958, dtype=float32), 'eval/avg_episode_length': Array(1000., dtype=float32), 'eval/std_episode_length': Array(0., dtype=float32), 'eval/epoch_eval_time': 0.14067411422729492, 'eval/sps': 909904.431978035}
[2025-09-22 18:19:45,128][absl][INFO] - starting iteration 5 40.18997406959534
[2025-09-22 18:19:47,403][root][INFO] - saving checkpoint to /home/seul/Desktop/project/mujoco/ppo_ckpt/000005898240
[2025-09-22 18:19:47,403][absl][INFO] - Created BasePyTreeCheckpointHandler: use_ocdbt=True, use_zarr3=False, pytree_metadata_options=PyTreeMetadataOptions(support_rich_types=False), array_metadata_store=<orbax.checkpoint._src.metadata.array_metadata_store.Store object at 0x7651aa906310>, enable_pinned_host_transfer=True, save_concurrent_bytes: 96000000000 (89.4 GiB), restore_concurrent_bytes: 96000000000 (89.4 GiB)
[2025-09-22 18:19:47,403][absl][INFO] - [process=0] Started saving checkpoint to /home/seul/Desktop/project/mujoco/ppo_ckpt/000005898240.
[2025-09-22 18:19:47,403][absl][INFO] - Specified `force`: removing existing directory.
[2025-09-22 18:19:47,405][absl][INFO] - Creating tmp directory /home/seul/Desktop/project/mujoco/ppo_ckpt/000005898240.orbax-checkpoint-tmp
[2025-09-22 18:19:47,407][absl][INFO] - Transferring arrays to host memory with options: use_replica_parallel=True, min_slice_bytes_for_replica_parallel=None, max_replicas_for_replica_parallel=None, enable_pinned_host_transfer=True
[2025-09-22 18:19:47,410][absl][INFO] - [process=0][thread=MainThread] Initiated "orbax.checkpoint._src.serialization.type_handlers.ArrayHandler".serialize. Time taken: 0.002874s
[2025-09-22 18:19:47,412][absl][INFO] - [process=0] /jax/checkpoint/write/blocking_gbytes_per_sec: 0 Bytes/s (total gbytes: 1.0 MiB) (time elapsed: 6 milliseconds) (per-host)
[2025-09-22 18:19:47,413][absl][INFO] - [process=0][thread=MainThread] Initiated Pytree async_save. Time taken: 0.007904s (batch_requests_ready=0.000633s, total_serialization_initiated=0.004825s, others=0.002445s)
[2025-09-22 18:19:47,414][absl][WARNING] - [process=0][thread=MainThread][operation_id=6] _SignalingThread.join() waiting for signals ([]) blocking the main thread will slow down blocking save times. This is likely due to main thread calling result() on a CommitFuture.
[2025-09-22 18:19:47,415][absl][INFO] - [process=0][thread=array_type_handler] Wrote 26 array_metadata.ArrayMetadata to /home/seul/Desktop/project/mujoco/ppo_ckpt/000005898240.orbax-checkpoint-tmp/array_metadatas/process_0
[2025-09-22 18:19:47,528][absl][INFO] - [process=0][thread=write_metadata_after_commits] Commit + Array metadata written. Time taken: 0.115118s (commit=0.114099s, array_metadata_write=0.001018s)
[2025-09-22 18:19:47,529][absl][INFO] - [process=0] /jax/checkpoint/write/gbytes_per_sec: 0 Bytes/s (total gbytes: 1.0 MiB) (time elapsed: 123 milliseconds) (per-host)
[2025-09-22 18:19:47,531][absl][INFO] - [process=0][thread=MainThread] Skipped cross-host ArrayMetadata validation because only one process is found: process_index=0.
[2025-09-22 18:19:47,556][absl][INFO] - [process=0][thread=MainThread] Pytree save finalize (merge_ocdbt + ArrayMetadata validation) completed. Time taken: 0.026800s. use_zarr3=False, enable_post_merge_validation=True, directory=/home/seul/Desktop/project/mujoco/ppo_ckpt/000005898240.orbax-checkpoint-tmp
[2025-09-22 18:19:47,557][absl][INFO] - Renaming /home/seul/Desktop/project/mujoco/ppo_ckpt/000005898240.orbax-checkpoint-tmp to /home/seul/Desktop/project/mujoco/ppo_ckpt/000005898240
[2025-09-22 18:19:47,558][absl][INFO] - [process=0][thread=MainThread] Finished saving checkpoint (finalized tmp dir) to `/home/seul/Desktop/project/mujoco/ppo_ckpt/000005898240`.
[2025-09-22 18:19:47,558][absl][INFO] - Finished synchronous save in 0.15 seconds to /home/seul/Desktop/project/mujoco/ppo_ckpt/000005898240
[2025-09-22 18:19:47,700][absl][INFO] - {'eval/walltime': 9.757038593292236, 'training/sps': np.float64(433153.2195751196), 'training/walltime': 24.59660315513611, 'training/entropy_loss': Array(-0.00595254, dtype=float32), 'training/policy_loss': Array(-0.00203532, dtype=float32), 'training/total_loss': Array(979.7821, dtype=float32), 'training/v_loss': Array(979.79016, dtype=float32), 'eval/episode_reward': Array(445.84625, dtype=float32), 'eval/episode_reward/angle_in_bounds': Array(0., dtype=float32), 'eval/episode_reward/cart_in_bounds': Array(0., dtype=float32), 'eval/episode_reward/centered': Array(831.14923, dtype=float32), 'eval/episode_reward/small_control': Array(942.4804, dtype=float32), 'eval/episode_reward/small_velocity': Array(736.7728, dtype=float32), 'eval/episode_reward/upright': Array(672.2774, dtype=float32), 'eval/episode_reward_std': Array(55.482162, dtype=float32), 'eval/episode_reward/angle_in_bounds_std': Array(0., dtype=float32), 'eval/episode_reward/cart_in_bounds_std': Array(0., dtype=float32), 'eval/episode_reward/centered_std': Array(39.972286, dtype=float32), 'eval/episode_reward/small_control_std': Array(3.105059, dtype=float32), 'eval/episode_reward/small_velocity_std': Array(45.22046, dtype=float32), 'eval/episode_reward/upright_std': Array(56.648354, dtype=float32), 'eval/avg_episode_length': Array(1000., dtype=float32), 'eval/std_episode_length': Array(0., dtype=float32), 'eval/epoch_eval_time': 0.14011859893798828, 'eval/sps': 913511.8461800239}
[2025-09-22 18:19:47,743][absl][INFO] - starting iteration 6 42.80475616455078
[2025-09-22 18:19:50,017][root][INFO] - saving checkpoint to /home/seul/Desktop/project/mujoco/ppo_ckpt/000006881280
[2025-09-22 18:19:50,017][absl][INFO] - Created BasePyTreeCheckpointHandler: use_ocdbt=True, use_zarr3=False, pytree_metadata_options=PyTreeMetadataOptions(support_rich_types=False), array_metadata_store=<orbax.checkpoint._src.metadata.array_metadata_store.Store object at 0x7651aa906310>, enable_pinned_host_transfer=True, save_concurrent_bytes: 96000000000 (89.4 GiB), restore_concurrent_bytes: 96000000000 (89.4 GiB)
[2025-09-22 18:19:50,017][absl][INFO] - [process=0] Started saving checkpoint to /home/seul/Desktop/project/mujoco/ppo_ckpt/000006881280.
[2025-09-22 18:19:50,017][absl][INFO] - Specified `force`: removing existing directory.
[2025-09-22 18:19:50,019][absl][INFO] - Creating tmp directory /home/seul/Desktop/project/mujoco/ppo_ckpt/000006881280.orbax-checkpoint-tmp
[2025-09-22 18:19:50,021][absl][INFO] - Transferring arrays to host memory with options: use_replica_parallel=True, min_slice_bytes_for_replica_parallel=None, max_replicas_for_replica_parallel=None, enable_pinned_host_transfer=True
[2025-09-22 18:19:50,024][absl][INFO] - [process=0][thread=MainThread] Initiated "orbax.checkpoint._src.serialization.type_handlers.ArrayHandler".serialize. Time taken: 0.002748s
[2025-09-22 18:19:50,026][absl][INFO] - [process=0] /jax/checkpoint/write/blocking_gbytes_per_sec: 0 Bytes/s (total gbytes: 1.0 MiB) (time elapsed: 6 milliseconds) (per-host)
[2025-09-22 18:19:50,027][absl][INFO] - [process=0][thread=MainThread] Initiated Pytree async_save. Time taken: 0.007640s (batch_requests_ready=0.000640s, total_serialization_initiated=0.003615s, others=0.003385s)
[2025-09-22 18:19:50,027][absl][WARNING] - [process=0][thread=MainThread][operation_id=7] _SignalingThread.join() waiting for signals ([]) blocking the main thread will slow down blocking save times. This is likely due to main thread calling result() on a CommitFuture.
[2025-09-22 18:19:50,029][absl][INFO] - [process=0][thread=array_type_handler] Wrote 26 array_metadata.ArrayMetadata to /home/seul/Desktop/project/mujoco/ppo_ckpt/000006881280.orbax-checkpoint-tmp/array_metadatas/process_0
[2025-09-22 18:19:50,153][absl][INFO] - [process=0][thread=write_metadata_after_commits] Commit + Array metadata written. Time taken: 0.126380s (commit=0.125038s, array_metadata_write=0.001342s)
[2025-09-22 18:19:50,154][absl][INFO] - [process=0] /jax/checkpoint/write/gbytes_per_sec: 0 Bytes/s (total gbytes: 1.0 MiB) (time elapsed: 134 milliseconds) (per-host)
[2025-09-22 18:19:50,156][absl][INFO] - [process=0][thread=MainThread] Skipped cross-host ArrayMetadata validation because only one process is found: process_index=0.
[2025-09-22 18:19:50,181][absl][INFO] - [process=0][thread=MainThread] Pytree save finalize (merge_ocdbt + ArrayMetadata validation) completed. Time taken: 0.026532s. use_zarr3=False, enable_post_merge_validation=True, directory=/home/seul/Desktop/project/mujoco/ppo_ckpt/000006881280.orbax-checkpoint-tmp
[2025-09-22 18:19:50,182][absl][INFO] - Renaming /home/seul/Desktop/project/mujoco/ppo_ckpt/000006881280.orbax-checkpoint-tmp to /home/seul/Desktop/project/mujoco/ppo_ckpt/000006881280
[2025-09-22 18:19:50,183][absl][INFO] - [process=0][thread=MainThread] Finished saving checkpoint (finalized tmp dir) to `/home/seul/Desktop/project/mujoco/ppo_ckpt/000006881280`.
[2025-09-22 18:19:50,184][absl][INFO] - Finished synchronous save in 0.17 seconds to /home/seul/Desktop/project/mujoco/ppo_ckpt/000006881280
[2025-09-22 18:19:50,328][absl][INFO] - {'eval/walltime': 9.8995041847229, 'training/sps': np.float64(433271.6084889601), 'training/walltime': 26.865480184555054, 'training/entropy_loss': Array(-0.00572052, dtype=float32), 'training/policy_loss': Array(-0.00268652, dtype=float32), 'training/total_loss': Array(1047.8245, dtype=float32), 'training/v_loss': Array(1047.8329, dtype=float32), 'eval/episode_reward': Array(404.41156, dtype=float32), 'eval/episode_reward/angle_in_bounds': Array(0., dtype=float32), 'eval/episode_reward/cart_in_bounds': Array(0., dtype=float32), 'eval/episode_reward/centered': Array(803.8996, dtype=float32), 'eval/episode_reward/small_control': Array(942.0166, dtype=float32), 'eval/episode_reward/small_velocity': Array(718.6502, dtype=float32), 'eval/episode_reward/upright': Array(629.9785, dtype=float32), 'eval/episode_reward_std': Array(68.83592, dtype=float32), 'eval/episode_reward/angle_in_bounds_std': Array(0., dtype=float32), 'eval/episode_reward/cart_in_bounds_std': Array(0., dtype=float32), 'eval/episode_reward/centered_std': Array(46.133976, dtype=float32), 'eval/episode_reward/small_control_std': Array(4.040792, dtype=float32), 'eval/episode_reward/small_velocity_std': Array(69.88254, dtype=float32), 'eval/episode_reward/upright_std': Array(84.93473, dtype=float32), 'eval/avg_episode_length': Array(1000., dtype=float32), 'eval/std_episode_length': Array(0., dtype=float32), 'eval/epoch_eval_time': 0.14246559143066406, 'eval/sps': 898462.5600792578}
[2025-09-22 18:19:50,372][absl][INFO] - starting iteration 7 45.43457770347595
[2025-09-22 18:19:52,649][root][INFO] - saving checkpoint to /home/seul/Desktop/project/mujoco/ppo_ckpt/000007864320
[2025-09-22 18:19:52,649][absl][INFO] - Created BasePyTreeCheckpointHandler: use_ocdbt=True, use_zarr3=False, pytree_metadata_options=PyTreeMetadataOptions(support_rich_types=False), array_metadata_store=<orbax.checkpoint._src.metadata.array_metadata_store.Store object at 0x7651aa906310>, enable_pinned_host_transfer=True, save_concurrent_bytes: 96000000000 (89.4 GiB), restore_concurrent_bytes: 96000000000 (89.4 GiB)
[2025-09-22 18:19:52,649][absl][INFO] - [process=0] Started saving checkpoint to /home/seul/Desktop/project/mujoco/ppo_ckpt/000007864320.
[2025-09-22 18:19:52,649][absl][INFO] - Specified `force`: removing existing directory.
[2025-09-22 18:19:52,650][absl][INFO] - Creating tmp directory /home/seul/Desktop/project/mujoco/ppo_ckpt/000007864320.orbax-checkpoint-tmp
[2025-09-22 18:19:52,652][absl][INFO] - Transferring arrays to host memory with options: use_replica_parallel=True, min_slice_bytes_for_replica_parallel=None, max_replicas_for_replica_parallel=None, enable_pinned_host_transfer=True
[2025-09-22 18:19:52,655][absl][INFO] - [process=0][thread=MainThread] Initiated "orbax.checkpoint._src.serialization.type_handlers.ArrayHandler".serialize. Time taken: 0.002744s
[2025-09-22 18:19:52,655][absl][INFO] - [process=0] /jax/checkpoint/write/blocking_gbytes_per_sec: 0 Bytes/s (total gbytes: 1.0 MiB) (time elapsed: 4 milliseconds) (per-host)
[2025-09-22 18:19:52,658][absl][INFO] - [process=0][thread=MainThread] Initiated Pytree async_save. Time taken: 0.007537s (batch_requests_ready=0.000620s, total_serialization_initiated=0.003625s, others=0.003292s)
[2025-09-22 18:19:52,659][absl][WARNING] - [process=0][thread=MainThread][operation_id=8] _SignalingThread.join() waiting for signals ([]) blocking the main thread will slow down blocking save times. This is likely due to main thread calling result() on a CommitFuture.
[2025-09-22 18:19:52,660][absl][INFO] - [process=0][thread=array_type_handler] Wrote 26 array_metadata.ArrayMetadata to /home/seul/Desktop/project/mujoco/ppo_ckpt/000007864320.orbax-checkpoint-tmp/array_metadatas/process_0
[2025-09-22 18:19:52,786][absl][INFO] - [process=0][thread=write_metadata_after_commits] Commit + Array metadata written. Time taken: 0.129085s (commit=0.127531s, array_metadata_write=0.001554s)
[2025-09-22 18:19:52,787][absl][INFO] - [process=0] /jax/checkpoint/write/gbytes_per_sec: 0 Bytes/s (total gbytes: 1.0 MiB) (time elapsed: 135 milliseconds) (per-host)
[2025-09-22 18:19:52,789][absl][INFO] - [process=0][thread=MainThread] Skipped cross-host ArrayMetadata validation because only one process is found: process_index=0.
[2025-09-22 18:19:52,815][absl][INFO] - [process=0][thread=MainThread] Pytree save finalize (merge_ocdbt + ArrayMetadata validation) completed. Time taken: 0.026968s. use_zarr3=False, enable_post_merge_validation=True, directory=/home/seul/Desktop/project/mujoco/ppo_ckpt/000007864320.orbax-checkpoint-tmp
[2025-09-22 18:19:52,815][absl][INFO] - Renaming /home/seul/Desktop/project/mujoco/ppo_ckpt/000007864320.orbax-checkpoint-tmp to /home/seul/Desktop/project/mujoco/ppo_ckpt/000007864320
[2025-09-22 18:19:52,816][absl][INFO] - [process=0][thread=MainThread] Finished saving checkpoint (finalized tmp dir) to `/home/seul/Desktop/project/mujoco/ppo_ckpt/000007864320`.
[2025-09-22 18:19:52,816][absl][INFO] - Finished synchronous save in 0.17 seconds to /home/seul/Desktop/project/mujoco/ppo_ckpt/000007864320
[2025-09-22 18:19:52,958][absl][INFO] - {'eval/walltime': 10.039154291152954, 'training/sps': np.float64(432935.95478582045), 'training/walltime': 29.13611626625061, 'training/entropy_loss': Array(-0.00591921, dtype=float32), 'training/policy_loss': Array(-0.00499534, dtype=float32), 'training/total_loss': Array(299.4702, dtype=float32), 'training/v_loss': Array(299.48114, dtype=float32), 'eval/episode_reward': Array(468.6529, dtype=float32), 'eval/episode_reward/angle_in_bounds': Array(0., dtype=float32), 'eval/episode_reward/cart_in_bounds': Array(0., dtype=float32), 'eval/episode_reward/centered': Array(840.0349, dtype=float32), 'eval/episode_reward/small_control': Array(946.4452, dtype=float32), 'eval/episode_reward/small_velocity': Array(770.8342, dtype=float32), 'eval/episode_reward/upright': Array(654.4155, dtype=float32), 'eval/episode_reward_std': Array(65.83487, dtype=float32), 'eval/episode_reward/angle_in_bounds_std': Array(0., dtype=float32), 'eval/episode_reward/cart_in_bounds_std': Array(0., dtype=float32), 'eval/episode_reward/centered_std': Array(38.116, dtype=float32), 'eval/episode_reward/small_control_std': Array(3.7819703, dtype=float32), 'eval/episode_reward/small_velocity_std': Array(45.951836, dtype=float32), 'eval/episode_reward/upright_std': Array(89.82497, dtype=float32), 'eval/avg_episode_length': Array(1000., dtype=float32), 'eval/std_episode_length': Array(0., dtype=float32), 'eval/epoch_eval_time': 0.1396501064300537, 'eval/sps': 916576.4586374385}
[2025-09-22 18:19:53,005][absl][INFO] - starting iteration 8 48.067259311676025
[2025-09-22 18:19:55,282][root][INFO] - saving checkpoint to /home/seul/Desktop/project/mujoco/ppo_ckpt/000008847360
[2025-09-22 18:19:55,282][absl][INFO] - Created BasePyTreeCheckpointHandler: use_ocdbt=True, use_zarr3=False, pytree_metadata_options=PyTreeMetadataOptions(support_rich_types=False), array_metadata_store=<orbax.checkpoint._src.metadata.array_metadata_store.Store object at 0x7651aa906310>, enable_pinned_host_transfer=True, save_concurrent_bytes: 96000000000 (89.4 GiB), restore_concurrent_bytes: 96000000000 (89.4 GiB)
[2025-09-22 18:19:55,282][absl][INFO] - [process=0] Started saving checkpoint to /home/seul/Desktop/project/mujoco/ppo_ckpt/000008847360.
[2025-09-22 18:19:55,282][absl][INFO] - Specified `force`: removing existing directory.
[2025-09-22 18:19:55,283][absl][INFO] - Creating tmp directory /home/seul/Desktop/project/mujoco/ppo_ckpt/000008847360.orbax-checkpoint-tmp
[2025-09-22 18:19:55,286][absl][INFO] - Transferring arrays to host memory with options: use_replica_parallel=True, min_slice_bytes_for_replica_parallel=None, max_replicas_for_replica_parallel=None, enable_pinned_host_transfer=True
[2025-09-22 18:19:55,289][absl][INFO] - [process=0][thread=MainThread] Initiated "orbax.checkpoint._src.serialization.type_handlers.ArrayHandler".serialize. Time taken: 0.003472s
[2025-09-22 18:19:55,289][absl][INFO] - [process=0] /jax/checkpoint/write/blocking_gbytes_per_sec: 0 Bytes/s (total gbytes: 1.0 MiB) (time elapsed: 5 milliseconds) (per-host)
[2025-09-22 18:19:55,293][absl][INFO] - [process=0][thread=MainThread] Initiated Pytree async_save. Time taken: 0.008733s (batch_requests_ready=0.000684s, total_serialization_initiated=0.004349s, others=0.003700s)
[2025-09-22 18:19:55,293][absl][WARNING] - [process=0][thread=MainThread][operation_id=9] _SignalingThread.join() waiting for signals ([]) blocking the main thread will slow down blocking save times. This is likely due to main thread calling result() on a CommitFuture.
[2025-09-22 18:19:55,295][absl][INFO] - [process=0][thread=array_type_handler] Wrote 26 array_metadata.ArrayMetadata to /home/seul/Desktop/project/mujoco/ppo_ckpt/000008847360.orbax-checkpoint-tmp/array_metadatas/process_0
[2025-09-22 18:19:55,419][absl][INFO] - [process=0][thread=write_metadata_after_commits] Commit + Array metadata written. Time taken: 0.126448s (commit=0.125154s, array_metadata_write=0.001294s)
[2025-09-22 18:19:55,420][absl][INFO] - [process=0] /jax/checkpoint/write/gbytes_per_sec: 0 Bytes/s (total gbytes: 1.0 MiB) (time elapsed: 135 milliseconds) (per-host)
[2025-09-22 18:19:55,421][absl][INFO] - [process=0][thread=MainThread] Skipped cross-host ArrayMetadata validation because only one process is found: process_index=0.
[2025-09-22 18:19:55,447][absl][INFO] - [process=0][thread=MainThread] Pytree save finalize (merge_ocdbt + ArrayMetadata validation) completed. Time taken: 0.026852s. use_zarr3=False, enable_post_merge_validation=True, directory=/home/seul/Desktop/project/mujoco/ppo_ckpt/000008847360.orbax-checkpoint-tmp
[2025-09-22 18:19:55,448][absl][INFO] - Renaming /home/seul/Desktop/project/mujoco/ppo_ckpt/000008847360.orbax-checkpoint-tmp to /home/seul/Desktop/project/mujoco/ppo_ckpt/000008847360
[2025-09-22 18:19:55,449][absl][INFO] - [process=0][thread=MainThread] Finished saving checkpoint (finalized tmp dir) to `/home/seul/Desktop/project/mujoco/ppo_ckpt/000008847360`.
[2025-09-22 18:19:55,450][absl][INFO] - Finished synchronous save in 0.17 seconds to /home/seul/Desktop/project/mujoco/ppo_ckpt/000008847360
[2025-09-22 18:19:55,586][absl][INFO] - {'eval/walltime': 10.173314094543457, 'training/sps': np.float64(432894.8640967293), 'training/walltime': 31.406967878341675, 'training/entropy_loss': Array(-0.00492603, dtype=float32), 'training/policy_loss': Array(-0.01346306, dtype=float32), 'training/total_loss': Array(302.95276, dtype=float32), 'training/v_loss': Array(302.97113, dtype=float32), 'eval/episode_reward': Array(765.34546, dtype=float32), 'eval/episode_reward/angle_in_bounds': Array(0., dtype=float32), 'eval/episode_reward/cart_in_bounds': Array(0., dtype=float32), 'eval/episode_reward/centered': Array(913.8264, dtype=float32), 'eval/episode_reward/small_control': Array(961.34265, dtype=float32), 'eval/episode_reward/small_velocity': Array(913.2207, dtype=float32), 'eval/episode_reward/upright': Array(880.78406, dtype=float32), 'eval/episode_reward_std': Array(130.23514, dtype=float32), 'eval/episode_reward/angle_in_bounds_std': Array(0., dtype=float32), 'eval/episode_reward/cart_in_bounds_std': Array(0., dtype=float32), 'eval/episode_reward/centered_std': Array(46.673634, dtype=float32), 'eval/episode_reward/small_control_std': Array(5.621271, dtype=float32), 'eval/episode_reward/small_velocity_std': Array(63.551292, dtype=float32), 'eval/episode_reward/upright_std': Array(91.26154, dtype=float32), 'eval/avg_episode_length': Array(1000., dtype=float32), 'eval/std_episode_length': Array(0., dtype=float32), 'eval/epoch_eval_time': 0.13415980339050293, 'eval/sps': 954086.0732139462}
[2025-09-22 18:19:55,902][absl][INFO] - total steps: 8847360
[2025-09-22 18:19:55,982][root][INFO] - Using JAX default device: cuda:0.
