[2025-09-23 12:28:16,403][jax._src.xla_bridge][INFO] - Unable to initialize backend 'tpu': INTERNAL: Failed to open libtpu.so: libtpu.so: cannot open shared object file: No such file or directory
[2025-09-23 12:28:16,470][root][INFO] - Using JAX default device: cuda:0.
[2025-09-23 12:28:16,609][absl][INFO] - Device count: 1, process count: 1 (id 0), local device count: 1, devices to be used count: 1
[2025-09-23 12:28:17,130][root][INFO] - Using JAX default device: cuda:0.
[2025-09-23 12:28:23,284][root][INFO] - Using JAX default device: cuda:0.
[2025-09-23 12:28:32,340][absl][INFO] - {'eval/walltime': 8.989684820175171, 'eval/episode_reward': Array(280.1272, dtype=float32), 'eval/episode_reward/angle_in_bounds': Array(0., dtype=float32), 'eval/episode_reward/cart_in_bounds': Array(0., dtype=float32), 'eval/episode_reward/centered': Array(721.52405, dtype=float32), 'eval/episode_reward/small_control': Array(923.9684, dtype=float32), 'eval/episode_reward/small_velocity': Array(631.84155, dtype=float32), 'eval/episode_reward/upright': Array(570.74536, dtype=float32), 'eval/episode_reward_std': Array(59.778, dtype=float32), 'eval/episode_reward/angle_in_bounds_std': Array(0., dtype=float32), 'eval/episode_reward/cart_in_bounds_std': Array(0., dtype=float32), 'eval/episode_reward/centered_std': Array(65.59639, dtype=float32), 'eval/episode_reward/small_control_std': Array(11.044095, dtype=float32), 'eval/episode_reward/small_velocity_std': Array(68.4579, dtype=float32), 'eval/episode_reward/upright_std': Array(89.32887, dtype=float32), 'eval/avg_episode_length': Array(1000., dtype=float32), 'eval/std_episode_length': Array(0., dtype=float32), 'eval/epoch_eval_time': 8.989684820175171, 'eval/sps': 14238.541457286132}
[2025-09-23 12:28:32,493][absl][INFO] - starting iteration 0 15.883986473083496
[2025-09-23 12:29:00,180][root][INFO] - saving checkpoint to /home/seul/Desktop/project/mujoco/ppo_ckpt/000006881280
[2025-09-23 12:29:00,181][absl][INFO] - orbax-checkpoint version: 0.11.25
[2025-09-23 12:29:00,181][absl][INFO] - Created BasePyTreeCheckpointHandler: use_ocdbt=True, use_zarr3=False, pytree_metadata_options=PyTreeMetadataOptions(support_rich_types=False), array_metadata_store=<orbax.checkpoint._src.metadata.array_metadata_store.Store object at 0x7a6d9b9578d0>, enable_pinned_host_transfer=True, save_concurrent_bytes: 96000000000 (89.4 GiB), restore_concurrent_bytes: 96000000000 (89.4 GiB)
[2025-09-23 12:29:00,181][absl][INFO] - [thread=MainThread] Failed to get flag value for EXPERIMENTAL_ORBAX_USE_DISTRIBUTED_PROCESS_ID.
[2025-09-23 12:29:00,181][absl][INFO] - [process=0] Started saving checkpoint to /home/seul/Desktop/project/mujoco/ppo_ckpt/000006881280.
[2025-09-23 12:29:00,182][absl][INFO] - Specified `force`: removing existing directory.
[2025-09-23 12:29:00,183][absl][INFO] - Creating tmp directory /home/seul/Desktop/project/mujoco/ppo_ckpt/000006881280.orbax-checkpoint-tmp
[2025-09-23 12:29:00,184][absl][INFO] - Wrote Metadata={'item_handlers': None, 'metrics': {}, 'performance_metrics': {}, 'init_timestamp_nsecs': 1758598140183977882, 'commit_timestamp_nsecs': None, 'custom_metadata': {}}, json={"item_handlers": null, "metrics": {}, "performance_metrics": {}, "init_timestamp_nsecs": 1758598140183977882, "commit_timestamp_nsecs": null, "custom_metadata": {}} to /home/seul/Desktop/project/mujoco/ppo_ckpt/000006881280.orbax-checkpoint-tmp/_CHECKPOINT_METADATA
[2025-09-23 12:29:00,186][absl][INFO] - Transferring arrays to host memory with options: use_replica_parallel=True, min_slice_bytes_for_replica_parallel=None, max_replicas_for_replica_parallel=None, enable_pinned_host_transfer=True
[2025-09-23 12:29:00,192][absl][INFO] - Using ThreadSafeKeyValueSignalingClient
[2025-09-23 12:29:00,192][absl][INFO] - [process=0][thread=MainThread] Initiated "orbax.checkpoint._src.serialization.type_handlers.ArrayHandler".serialize. Time taken: 0.005821s
[2025-09-23 12:29:00,196][absl][INFO] - [process=0] /jax/checkpoint/write/blocking_gbytes_per_sec: 0 Bytes/s (total gbytes: 1.0 MiB) (time elapsed: 11 milliseconds) (per-host)
[2025-09-23 12:29:00,196][absl][INFO] - [process=0][thread=MainThread] Initiated Pytree async_save. Time taken: 0.011874s (batch_requests_ready=0.000837s, total_serialization_initiated=0.007227s, others=0.003810s)
[2025-09-23 12:29:00,197][absl][WARNING] - [process=0][thread=MainThread][operation_id=1] _SignalingThread.join() waiting for signals ([]) blocking the main thread will slow down blocking save times. This is likely due to main thread calling result() on a CommitFuture.
[2025-09-23 12:29:00,198][absl][INFO] - [process=0][thread=array_type_handler] Wrote 26 array_metadata.ArrayMetadata to /home/seul/Desktop/project/mujoco/ppo_ckpt/000006881280.orbax-checkpoint-tmp/array_metadatas/process_0
[2025-09-23 12:29:00,332][absl][INFO] - [process=0][thread=write_metadata_after_commits] Commit + Array metadata written. Time taken: 0.135628s (commit=0.134043s, array_metadata_write=0.001585s)
[2025-09-23 12:29:00,333][absl][INFO] - [process=0] /jax/checkpoint/write/gbytes_per_sec: 0 Bytes/s (total gbytes: 1.0 MiB) (time elapsed: 148 milliseconds) (per-host)
[2025-09-23 12:29:00,334][absl][INFO] - Read Metadata={'item_handlers': None, 'metrics': {}, 'performance_metrics': {}, 'init_timestamp_nsecs': 1758598140183977882, 'commit_timestamp_nsecs': None, 'custom_metadata': {}} from /home/seul/Desktop/project/mujoco/ppo_ckpt/000006881280.orbax-checkpoint-tmp/_CHECKPOINT_METADATA
[2025-09-23 12:29:00,334][absl][INFO] - Updated Metadata={'item_handlers': 'orbax.checkpoint._src.handlers.pytree_checkpoint_handler.PyTreeCheckpointHandler', 'metrics': {}, 'performance_metrics': {}, 'init_timestamp_nsecs': 1758598140183977882, 'commit_timestamp_nsecs': None, 'custom_metadata': {}} to /home/seul/Desktop/project/mujoco/ppo_ckpt/000006881280.orbax-checkpoint-tmp/_CHECKPOINT_METADATA
[2025-09-23 12:29:00,335][absl][INFO] - [process=0][thread=MainThread] Skipped cross-host ArrayMetadata validation because only one process is found: process_index=0.
[2025-09-23 12:29:00,361][absl][INFO] - [process=0][thread=MainThread] Pytree save finalize (merge_ocdbt + ArrayMetadata validation) completed. Time taken: 0.026776s. use_zarr3=False, enable_post_merge_validation=True, directory=/home/seul/Desktop/project/mujoco/ppo_ckpt/000006881280.orbax-checkpoint-tmp
[2025-09-23 12:29:00,362][absl][INFO] - Renaming /home/seul/Desktop/project/mujoco/ppo_ckpt/000006881280.orbax-checkpoint-tmp to /home/seul/Desktop/project/mujoco/ppo_ckpt/000006881280
[2025-09-23 12:29:00,362][absl][INFO] - [process=0][thread=MainThread] Finished saving checkpoint (finalized tmp dir) to `/home/seul/Desktop/project/mujoco/ppo_ckpt/000006881280`.
[2025-09-23 12:29:00,363][absl][INFO] - Finished synchronous save in 0.18 seconds to /home/seul/Desktop/project/mujoco/ppo_ckpt/000006881280
[2025-09-23 12:29:00,507][absl][INFO] - {'eval/walltime': 9.13118863105774, 'training/sps': np.float64(250817.26036334087), 'training/walltime': 27.43543243408203, 'training/entropy_loss': Array(-0.00519498, dtype=float32), 'training/policy_loss': Array(-0.00757152, dtype=float32), 'training/total_loss': Array(439.14807, dtype=float32), 'training/v_loss': Array(439.1608, dtype=float32), 'eval/episode_reward': Array(660.9866, dtype=float32), 'eval/episode_reward/angle_in_bounds': Array(0., dtype=float32), 'eval/episode_reward/cart_in_bounds': Array(0., dtype=float32), 'eval/episode_reward/centered': Array(904.8583, dtype=float32), 'eval/episode_reward/small_control': Array(954.1882, dtype=float32), 'eval/episode_reward/small_velocity': Array(868.567, dtype=float32), 'eval/episode_reward/upright': Array(794.46716, dtype=float32), 'eval/episode_reward_std': Array(143.85664, dtype=float32), 'eval/episode_reward/angle_in_bounds_std': Array(0., dtype=float32), 'eval/episode_reward/cart_in_bounds_std': Array(0., dtype=float32), 'eval/episode_reward/centered_std': Array(49.89462, dtype=float32), 'eval/episode_reward/small_control_std': Array(5.005298, dtype=float32), 'eval/episode_reward/small_velocity_std': Array(67.490486, dtype=float32), 'eval/episode_reward/upright_std': Array(131.19185, dtype=float32), 'eval/avg_episode_length': Array(1000., dtype=float32), 'eval/std_episode_length': Array(0., dtype=float32), 'eval/epoch_eval_time': 0.14150381088256836, 'eval/sps': 904569.2776869808}
[2025-09-23 12:29:00,551][absl][INFO] - starting iteration 1 43.94173550605774
[2025-09-23 12:29:16,428][root][INFO] - saving checkpoint to /home/seul/Desktop/project/mujoco/ppo_ckpt/000013762560
[2025-09-23 12:29:16,428][absl][INFO] - Created BasePyTreeCheckpointHandler: use_ocdbt=True, use_zarr3=False, pytree_metadata_options=PyTreeMetadataOptions(support_rich_types=False), array_metadata_store=<orbax.checkpoint._src.metadata.array_metadata_store.Store object at 0x7a6d9b9578d0>, enable_pinned_host_transfer=True, save_concurrent_bytes: 96000000000 (89.4 GiB), restore_concurrent_bytes: 96000000000 (89.4 GiB)
[2025-09-23 12:29:16,428][absl][INFO] - [process=0] Started saving checkpoint to /home/seul/Desktop/project/mujoco/ppo_ckpt/000013762560.
[2025-09-23 12:29:16,428][absl][INFO] - Specified `force`: removing existing directory.
[2025-09-23 12:29:16,430][absl][INFO] - Creating tmp directory /home/seul/Desktop/project/mujoco/ppo_ckpt/000013762560.orbax-checkpoint-tmp
[2025-09-23 12:29:16,432][absl][INFO] - Transferring arrays to host memory with options: use_replica_parallel=True, min_slice_bytes_for_replica_parallel=None, max_replicas_for_replica_parallel=None, enable_pinned_host_transfer=True
[2025-09-23 12:29:16,436][absl][INFO] - [process=0][thread=MainThread] Initiated "orbax.checkpoint._src.serialization.type_handlers.ArrayHandler".serialize. Time taken: 0.003914s
[2025-09-23 12:29:16,438][absl][INFO] - [process=0] /jax/checkpoint/write/blocking_gbytes_per_sec: 0 Bytes/s (total gbytes: 1.0 MiB) (time elapsed: 7 milliseconds) (per-host)
[2025-09-23 12:29:16,441][absl][INFO] - [process=0][thread=MainThread] Initiated Pytree async_save. Time taken: 0.010417s (batch_requests_ready=0.000784s, total_serialization_initiated=0.006791s, others=0.002841s)
[2025-09-23 12:29:16,441][absl][WARNING] - [process=0][thread=MainThread][operation_id=2] _SignalingThread.join() waiting for signals ([]) blocking the main thread will slow down blocking save times. This is likely due to main thread calling result() on a CommitFuture.
[2025-09-23 12:29:16,444][absl][INFO] - [process=0][thread=array_type_handler] Wrote 26 array_metadata.ArrayMetadata to /home/seul/Desktop/project/mujoco/ppo_ckpt/000013762560.orbax-checkpoint-tmp/array_metadatas/process_0
[2025-09-23 12:29:16,570][absl][INFO] - [process=0][thread=write_metadata_after_commits] Commit + Array metadata written. Time taken: 0.130077s (commit=0.128282s, array_metadata_write=0.001795s)
[2025-09-23 12:29:16,571][absl][INFO] - [process=0] /jax/checkpoint/write/gbytes_per_sec: 0 Bytes/s (total gbytes: 1.0 MiB) (time elapsed: 140 milliseconds) (per-host)
[2025-09-23 12:29:16,573][absl][INFO] - [process=0][thread=MainThread] Skipped cross-host ArrayMetadata validation because only one process is found: process_index=0.
[2025-09-23 12:29:16,598][absl][INFO] - [process=0][thread=MainThread] Pytree save finalize (merge_ocdbt + ArrayMetadata validation) completed. Time taken: 0.026258s. use_zarr3=False, enable_post_merge_validation=True, directory=/home/seul/Desktop/project/mujoco/ppo_ckpt/000013762560.orbax-checkpoint-tmp
[2025-09-23 12:29:16,599][absl][INFO] - Renaming /home/seul/Desktop/project/mujoco/ppo_ckpt/000013762560.orbax-checkpoint-tmp to /home/seul/Desktop/project/mujoco/ppo_ckpt/000013762560
[2025-09-23 12:29:16,600][absl][INFO] - [process=0][thread=MainThread] Finished saving checkpoint (finalized tmp dir) to `/home/seul/Desktop/project/mujoco/ppo_ckpt/000013762560`.
[2025-09-23 12:29:16,601][absl][INFO] - Finished synchronous save in 0.17 seconds to /home/seul/Desktop/project/mujoco/ppo_ckpt/000013762560
[2025-09-23 12:29:16,747][absl][INFO] - {'eval/walltime': 9.27547311782837, 'training/sps': np.float64(433601.59460069484), 'training/walltime': 43.305484771728516, 'training/entropy_loss': Array(-0.00106881, dtype=float32), 'training/policy_loss': Array(-0.03250438, dtype=float32), 'training/total_loss': Array(228.548, dtype=float32), 'training/v_loss': Array(228.58156, dtype=float32), 'eval/episode_reward': Array(994.85144, dtype=float32), 'eval/episode_reward/angle_in_bounds': Array(0., dtype=float32), 'eval/episode_reward/cart_in_bounds': Array(0., dtype=float32), 'eval/episode_reward/centered': Array(999.8061, dtype=float32), 'eval/episode_reward/small_control': Array(995.16235, dtype=float32), 'eval/episode_reward/small_velocity': Array(999.89526, dtype=float32), 'eval/episode_reward/upright': Array(999.9922, dtype=float32), 'eval/episode_reward_std': Array(0.2914431, dtype=float32), 'eval/episode_reward/angle_in_bounds_std': Array(0., dtype=float32), 'eval/episode_reward/cart_in_bounds_std': Array(0., dtype=float32), 'eval/episode_reward/centered_std': Array(0.14781953, dtype=float32), 'eval/episode_reward/small_control_std': Array(0.21854053, dtype=float32), 'eval/episode_reward/small_velocity_std': Array(0.01760782, dtype=float32), 'eval/episode_reward/upright_std': Array(0.00362086, dtype=float32), 'eval/avg_episode_length': Array(1000., dtype=float32), 'eval/std_episode_length': Array(0., dtype=float32), 'eval/epoch_eval_time': 0.14428448677062988, 'eval/sps': 887136.2602098904}
[2025-09-23 12:29:16,791][absl][INFO] - starting iteration 2 60.18171000480652
[2025-09-23 12:29:32,678][root][INFO] - saving checkpoint to /home/seul/Desktop/project/mujoco/ppo_ckpt/000020643840
[2025-09-23 12:29:32,678][absl][INFO] - Created BasePyTreeCheckpointHandler: use_ocdbt=True, use_zarr3=False, pytree_metadata_options=PyTreeMetadataOptions(support_rich_types=False), array_metadata_store=<orbax.checkpoint._src.metadata.array_metadata_store.Store object at 0x7a6d9b9578d0>, enable_pinned_host_transfer=True, save_concurrent_bytes: 96000000000 (89.4 GiB), restore_concurrent_bytes: 96000000000 (89.4 GiB)
[2025-09-23 12:29:32,679][absl][INFO] - [process=0] Started saving checkpoint to /home/seul/Desktop/project/mujoco/ppo_ckpt/000020643840.
[2025-09-23 12:29:32,679][absl][INFO] - Specified `force`: removing existing directory.
[2025-09-23 12:29:32,680][absl][INFO] - Creating tmp directory /home/seul/Desktop/project/mujoco/ppo_ckpt/000020643840.orbax-checkpoint-tmp
[2025-09-23 12:29:32,682][absl][INFO] - Transferring arrays to host memory with options: use_replica_parallel=True, min_slice_bytes_for_replica_parallel=None, max_replicas_for_replica_parallel=None, enable_pinned_host_transfer=True
[2025-09-23 12:29:32,685][absl][INFO] - [process=0][thread=MainThread] Initiated "orbax.checkpoint._src.serialization.type_handlers.ArrayHandler".serialize. Time taken: 0.002976s
[2025-09-23 12:29:32,687][absl][INFO] - [process=0] /jax/checkpoint/write/blocking_gbytes_per_sec: 0 Bytes/s (total gbytes: 1.0 MiB) (time elapsed: 5 milliseconds) (per-host)
[2025-09-23 12:29:32,687][absl][INFO] - [process=0][thread=MainThread] Initiated Pytree async_save. Time taken: 0.006680s (batch_requests_ready=0.000679s, total_serialization_initiated=0.004041s, others=0.001959s)
[2025-09-23 12:29:32,690][absl][WARNING] - [process=0][thread=MainThread][operation_id=3] _SignalingThread.join() waiting for signals ([]) blocking the main thread will slow down blocking save times. This is likely due to main thread calling result() on a CommitFuture.
[2025-09-23 12:29:32,692][absl][INFO] - [process=0][thread=array_type_handler] Wrote 26 array_metadata.ArrayMetadata to /home/seul/Desktop/project/mujoco/ppo_ckpt/000020643840.orbax-checkpoint-tmp/array_metadatas/process_0
[2025-09-23 12:29:32,814][absl][INFO] - [process=0][thread=write_metadata_after_commits] Commit + Array metadata written. Time taken: 0.124822s (commit=0.123410s, array_metadata_write=0.001412s)
[2025-09-23 12:29:32,815][absl][INFO] - [process=0] /jax/checkpoint/write/gbytes_per_sec: 0 Bytes/s (total gbytes: 1.0 MiB) (time elapsed: 134 milliseconds) (per-host)
[2025-09-23 12:29:32,817][absl][INFO] - [process=0][thread=MainThread] Skipped cross-host ArrayMetadata validation because only one process is found: process_index=0.
[2025-09-23 12:29:32,842][absl][INFO] - [process=0][thread=MainThread] Pytree save finalize (merge_ocdbt + ArrayMetadata validation) completed. Time taken: 0.026422s. use_zarr3=False, enable_post_merge_validation=True, directory=/home/seul/Desktop/project/mujoco/ppo_ckpt/000020643840.orbax-checkpoint-tmp
[2025-09-23 12:29:32,843][absl][INFO] - Renaming /home/seul/Desktop/project/mujoco/ppo_ckpt/000020643840.orbax-checkpoint-tmp to /home/seul/Desktop/project/mujoco/ppo_ckpt/000020643840
[2025-09-23 12:29:32,844][absl][INFO] - [process=0][thread=MainThread] Finished saving checkpoint (finalized tmp dir) to `/home/seul/Desktop/project/mujoco/ppo_ckpt/000020643840`.
[2025-09-23 12:29:32,845][absl][INFO] - Finished synchronous save in 0.17 seconds to /home/seul/Desktop/project/mujoco/ppo_ckpt/000020643840
[2025-09-23 12:29:32,989][absl][INFO] - {'eval/walltime': 9.417041540145874, 'training/sps': np.float64(433309.8238092068), 'training/walltime': 59.18622326850891, 'training/entropy_loss': Array(0.01157966, dtype=float32), 'training/policy_loss': Array(-0.01663696, dtype=float32), 'training/total_loss': Array(0.02139398, dtype=float32), 'training/v_loss': Array(0.02645128, dtype=float32), 'eval/episode_reward': Array(998.9576, dtype=float32), 'eval/episode_reward/angle_in_bounds': Array(0., dtype=float32), 'eval/episode_reward/cart_in_bounds': Array(0., dtype=float32), 'eval/episode_reward/centered': Array(999.68207, dtype=float32), 'eval/episode_reward/small_control': Array(999.29364, dtype=float32), 'eval/episode_reward/small_velocity': Array(999.9872, dtype=float32), 'eval/episode_reward/upright': Array(999.9987, dtype=float32), 'eval/episode_reward_std': Array(0.17584841, dtype=float32), 'eval/episode_reward/angle_in_bounds_std': Array(0., dtype=float32), 'eval/episode_reward/cart_in_bounds_std': Array(0., dtype=float32), 'eval/episode_reward/centered_std': Array(0.15758468, dtype=float32), 'eval/episode_reward/small_control_std': Array(0.04132248, dtype=float32), 'eval/episode_reward/small_velocity_std': Array(0.00778037, dtype=float32), 'eval/episode_reward/upright_std': Array(0.00111692, dtype=float32), 'eval/avg_episode_length': Array(1000., dtype=float32), 'eval/std_episode_length': Array(0., dtype=float32), 'eval/epoch_eval_time': 0.14156842231750488, 'eval/sps': 904156.4347798262}
[2025-09-23 12:29:33,032][absl][INFO] - starting iteration 3 76.42302203178406
[2025-09-23 12:29:48,919][root][INFO] - saving checkpoint to /home/seul/Desktop/project/mujoco/ppo_ckpt/000027525120
[2025-09-23 12:29:48,919][absl][INFO] - Created BasePyTreeCheckpointHandler: use_ocdbt=True, use_zarr3=False, pytree_metadata_options=PyTreeMetadataOptions(support_rich_types=False), array_metadata_store=<orbax.checkpoint._src.metadata.array_metadata_store.Store object at 0x7a6d9b9578d0>, enable_pinned_host_transfer=True, save_concurrent_bytes: 96000000000 (89.4 GiB), restore_concurrent_bytes: 96000000000 (89.4 GiB)
[2025-09-23 12:29:48,920][absl][INFO] - [process=0] Started saving checkpoint to /home/seul/Desktop/project/mujoco/ppo_ckpt/000027525120.
[2025-09-23 12:29:48,920][absl][INFO] - Specified `force`: removing existing directory.
[2025-09-23 12:29:48,921][absl][INFO] - Creating tmp directory /home/seul/Desktop/project/mujoco/ppo_ckpt/000027525120.orbax-checkpoint-tmp
[2025-09-23 12:29:48,923][absl][INFO] - Transferring arrays to host memory with options: use_replica_parallel=True, min_slice_bytes_for_replica_parallel=None, max_replicas_for_replica_parallel=None, enable_pinned_host_transfer=True
[2025-09-23 12:29:48,926][absl][INFO] - [process=0][thread=MainThread] Initiated "orbax.checkpoint._src.serialization.type_handlers.ArrayHandler".serialize. Time taken: 0.002966s
[2025-09-23 12:29:48,927][absl][INFO] - [process=0] /jax/checkpoint/write/blocking_gbytes_per_sec: 0 Bytes/s (total gbytes: 1.0 MiB) (time elapsed: 5 milliseconds) (per-host)
[2025-09-23 12:29:48,930][absl][INFO] - [process=0][thread=MainThread] Initiated Pytree async_save. Time taken: 0.007991s (batch_requests_ready=0.000638s, total_serialization_initiated=0.003936s, others=0.003417s)
[2025-09-23 12:29:48,930][absl][WARNING] - [process=0][thread=MainThread][operation_id=4] _SignalingThread.join() waiting for signals ([]) blocking the main thread will slow down blocking save times. This is likely due to main thread calling result() on a CommitFuture.
[2025-09-23 12:29:48,932][absl][INFO] - [process=0][thread=array_type_handler] Wrote 26 array_metadata.ArrayMetadata to /home/seul/Desktop/project/mujoco/ppo_ckpt/000027525120.orbax-checkpoint-tmp/array_metadatas/process_0
[2025-09-23 12:29:49,056][absl][INFO] - [process=0][thread=write_metadata_after_commits] Commit + Array metadata written. Time taken: 0.126240s (commit=0.124879s, array_metadata_write=0.001360s)
[2025-09-23 12:29:49,057][absl][INFO] - [process=0] /jax/checkpoint/write/gbytes_per_sec: 0 Bytes/s (total gbytes: 1.0 MiB) (time elapsed: 135 milliseconds) (per-host)
[2025-09-23 12:29:49,059][absl][INFO] - [process=0][thread=MainThread] Skipped cross-host ArrayMetadata validation because only one process is found: process_index=0.
[2025-09-23 12:29:49,085][absl][INFO] - [process=0][thread=MainThread] Pytree save finalize (merge_ocdbt + ArrayMetadata validation) completed. Time taken: 0.026778s. use_zarr3=False, enable_post_merge_validation=True, directory=/home/seul/Desktop/project/mujoco/ppo_ckpt/000027525120.orbax-checkpoint-tmp
[2025-09-23 12:29:49,085][absl][INFO] - Renaming /home/seul/Desktop/project/mujoco/ppo_ckpt/000027525120.orbax-checkpoint-tmp to /home/seul/Desktop/project/mujoco/ppo_ckpt/000027525120
[2025-09-23 12:29:49,087][absl][INFO] - [process=0][thread=MainThread] Finished saving checkpoint (finalized tmp dir) to `/home/seul/Desktop/project/mujoco/ppo_ckpt/000027525120`.
[2025-09-23 12:29:49,088][absl][INFO] - Finished synchronous save in 0.17 seconds to /home/seul/Desktop/project/mujoco/ppo_ckpt/000027525120
[2025-09-23 12:29:49,237][absl][INFO] - {'eval/walltime': 9.564213037490845, 'training/sps': np.float64(433310.8191237838), 'training/walltime': 75.0669252872467, 'training/entropy_loss': Array(0.01709967, dtype=float32), 'training/policy_loss': Array(-0.00286447, dtype=float32), 'training/total_loss': Array(0.0397802, dtype=float32), 'training/v_loss': Array(0.025545, dtype=float32), 'eval/episode_reward': Array(999.1498, dtype=float32), 'eval/episode_reward/angle_in_bounds': Array(0., dtype=float32), 'eval/episode_reward/cart_in_bounds': Array(0., dtype=float32), 'eval/episode_reward/centered': Array(999.53357, dtype=float32), 'eval/episode_reward/small_control': Array(999.6294, dtype=float32), 'eval/episode_reward/small_velocity': Array(999.99146, dtype=float32), 'eval/episode_reward/upright': Array(999.9986, dtype=float32), 'eval/episode_reward_std': Array(0.29378274, dtype=float32), 'eval/episode_reward/angle_in_bounds_std': Array(0., dtype=float32), 'eval/episode_reward/cart_in_bounds_std': Array(0., dtype=float32), 'eval/episode_reward/centered_std': Array(0.2676101, dtype=float32), 'eval/episode_reward/small_control_std': Array(0.03289587, dtype=float32), 'eval/episode_reward/small_velocity_std': Array(0.00709138, dtype=float32), 'eval/episode_reward/upright_std': Array(0.00122037, dtype=float32), 'eval/avg_episode_length': Array(1000., dtype=float32), 'eval/std_episode_length': Array(0., dtype=float32), 'eval/epoch_eval_time': 0.1471714973449707, 'eval/sps': 869733.6257982575}
[2025-09-23 12:29:49,281][absl][INFO] - starting iteration 4 92.67159366607666
[2025-09-23 12:30:05,182][root][INFO] - saving checkpoint to /home/seul/Desktop/project/mujoco/ppo_ckpt/000034406400
[2025-09-23 12:30:05,182][absl][INFO] - Created BasePyTreeCheckpointHandler: use_ocdbt=True, use_zarr3=False, pytree_metadata_options=PyTreeMetadataOptions(support_rich_types=False), array_metadata_store=<orbax.checkpoint._src.metadata.array_metadata_store.Store object at 0x7a6d9b9578d0>, enable_pinned_host_transfer=True, save_concurrent_bytes: 96000000000 (89.4 GiB), restore_concurrent_bytes: 96000000000 (89.4 GiB)
[2025-09-23 12:30:05,182][absl][INFO] - [process=0] Started saving checkpoint to /home/seul/Desktop/project/mujoco/ppo_ckpt/000034406400.
[2025-09-23 12:30:05,182][absl][INFO] - Specified `force`: removing existing directory.
[2025-09-23 12:30:05,183][absl][INFO] - Creating tmp directory /home/seul/Desktop/project/mujoco/ppo_ckpt/000034406400.orbax-checkpoint-tmp
[2025-09-23 12:30:05,186][absl][INFO] - Transferring arrays to host memory with options: use_replica_parallel=True, min_slice_bytes_for_replica_parallel=None, max_replicas_for_replica_parallel=None, enable_pinned_host_transfer=True
[2025-09-23 12:30:05,189][absl][INFO] - [process=0][thread=MainThread] Initiated "orbax.checkpoint._src.serialization.type_handlers.ArrayHandler".serialize. Time taken: 0.003136s
[2025-09-23 12:30:05,191][absl][INFO] - [process=0] /jax/checkpoint/write/blocking_gbytes_per_sec: 0 Bytes/s (total gbytes: 1.0 MiB) (time elapsed: 6 milliseconds) (per-host)
[2025-09-23 12:30:05,192][absl][INFO] - [process=0][thread=MainThread] Initiated Pytree async_save. Time taken: 0.007899s (batch_requests_ready=0.000632s, total_serialization_initiated=0.005974s, others=0.001293s)
[2025-09-23 12:30:05,193][absl][WARNING] - [process=0][thread=MainThread][operation_id=5] _SignalingThread.join() waiting for signals ([]) blocking the main thread will slow down blocking save times. This is likely due to main thread calling result() on a CommitFuture.
[2025-09-23 12:30:05,195][absl][INFO] - [process=0][thread=array_type_handler] Wrote 26 array_metadata.ArrayMetadata to /home/seul/Desktop/project/mujoco/ppo_ckpt/000034406400.orbax-checkpoint-tmp/array_metadatas/process_0
[2025-09-23 12:30:05,318][absl][INFO] - [process=0][thread=write_metadata_after_commits] Commit + Array metadata written. Time taken: 0.126102s (commit=0.125014s, array_metadata_write=0.001087s)
[2025-09-23 12:30:05,318][absl][INFO] - [process=0] /jax/checkpoint/write/gbytes_per_sec: 0 Bytes/s (total gbytes: 1.0 MiB) (time elapsed: 133 milliseconds) (per-host)
[2025-09-23 12:30:05,320][absl][INFO] - [process=0][thread=MainThread] Skipped cross-host ArrayMetadata validation because only one process is found: process_index=0.
[2025-09-23 12:30:05,346][absl][INFO] - [process=0][thread=MainThread] Pytree save finalize (merge_ocdbt + ArrayMetadata validation) completed. Time taken: 0.027034s. use_zarr3=False, enable_post_merge_validation=True, directory=/home/seul/Desktop/project/mujoco/ppo_ckpt/000034406400.orbax-checkpoint-tmp
[2025-09-23 12:30:05,348][absl][INFO] - Renaming /home/seul/Desktop/project/mujoco/ppo_ckpt/000034406400.orbax-checkpoint-tmp to /home/seul/Desktop/project/mujoco/ppo_ckpt/000034406400
[2025-09-23 12:30:05,349][absl][INFO] - [process=0][thread=MainThread] Finished saving checkpoint (finalized tmp dir) to `/home/seul/Desktop/project/mujoco/ppo_ckpt/000034406400`.
[2025-09-23 12:30:05,349][absl][INFO] - Finished synchronous save in 0.17 seconds to /home/seul/Desktop/project/mujoco/ppo_ckpt/000034406400
[2025-09-23 12:30:05,486][absl][INFO] - {'eval/walltime': 9.699631214141846, 'training/sps': np.float64(432932.73374209134), 'training/walltime': 90.96149611473083, 'training/entropy_loss': Array(0.01957593, dtype=float32), 'training/policy_loss': Array(-0.00084711, dtype=float32), 'training/total_loss': Array(0.05713402, dtype=float32), 'training/v_loss': Array(0.0384052, dtype=float32), 'eval/episode_reward': Array(999.3666, dtype=float32), 'eval/episode_reward/angle_in_bounds': Array(0., dtype=float32), 'eval/episode_reward/cart_in_bounds': Array(0., dtype=float32), 'eval/episode_reward/centered': Array(999.6483, dtype=float32), 'eval/episode_reward/small_control': Array(999.731, dtype=float32), 'eval/episode_reward/small_velocity': Array(999.9917, dtype=float32), 'eval/episode_reward/upright': Array(999.9984, dtype=float32), 'eval/episode_reward_std': Array(0.43278396, dtype=float32), 'eval/episode_reward/angle_in_bounds_std': Array(0., dtype=float32), 'eval/episode_reward/cart_in_bounds_std': Array(0., dtype=float32), 'eval/episode_reward/centered_std': Array(0.4095338, dtype=float32), 'eval/episode_reward/small_control_std': Array(0.02861469, dtype=float32), 'eval/episode_reward/small_velocity_std': Array(0.00655718, dtype=float32), 'eval/episode_reward/upright_std': Array(0.00130149, dtype=float32), 'eval/avg_episode_length': Array(1000., dtype=float32), 'eval/std_episode_length': Array(0., dtype=float32), 'eval/epoch_eval_time': 0.13541817665100098, 'eval/sps': 945220.2294074667}
[2025-09-23 12:30:05,530][absl][INFO] - starting iteration 5 108.92074990272522
[2025-09-23 12:30:21,479][root][INFO] - saving checkpoint to /home/seul/Desktop/project/mujoco/ppo_ckpt/000041287680
[2025-09-23 12:30:21,479][absl][INFO] - Created BasePyTreeCheckpointHandler: use_ocdbt=True, use_zarr3=False, pytree_metadata_options=PyTreeMetadataOptions(support_rich_types=False), array_metadata_store=<orbax.checkpoint._src.metadata.array_metadata_store.Store object at 0x7a6d9b9578d0>, enable_pinned_host_transfer=True, save_concurrent_bytes: 96000000000 (89.4 GiB), restore_concurrent_bytes: 96000000000 (89.4 GiB)
[2025-09-23 12:30:21,479][absl][INFO] - [process=0] Started saving checkpoint to /home/seul/Desktop/project/mujoco/ppo_ckpt/000041287680.
[2025-09-23 12:30:21,479][absl][INFO] - Specified `force`: removing existing directory.
[2025-09-23 12:30:21,481][absl][INFO] - Creating tmp directory /home/seul/Desktop/project/mujoco/ppo_ckpt/000041287680.orbax-checkpoint-tmp
[2025-09-23 12:30:21,483][absl][INFO] - Transferring arrays to host memory with options: use_replica_parallel=True, min_slice_bytes_for_replica_parallel=None, max_replicas_for_replica_parallel=None, enable_pinned_host_transfer=True
[2025-09-23 12:30:21,486][absl][INFO] - [process=0][thread=MainThread] Initiated "orbax.checkpoint._src.serialization.type_handlers.ArrayHandler".serialize. Time taken: 0.002941s
[2025-09-23 12:30:21,489][absl][INFO] - [process=0] /jax/checkpoint/write/blocking_gbytes_per_sec: 0 Bytes/s (total gbytes: 1.0 MiB) (time elapsed: 8 milliseconds) (per-host)
[2025-09-23 12:30:21,490][absl][INFO] - [process=0][thread=MainThread] Initiated Pytree async_save. Time taken: 0.008467s (batch_requests_ready=0.000664s, total_serialization_initiated=0.005569s, others=0.002234s)
[2025-09-23 12:30:21,490][absl][WARNING] - [process=0][thread=MainThread][operation_id=6] _SignalingThread.join() waiting for signals ([]) blocking the main thread will slow down blocking save times. This is likely due to main thread calling result() on a CommitFuture.
[2025-09-23 12:30:21,492][absl][INFO] - [process=0][thread=array_type_handler] Wrote 26 array_metadata.ArrayMetadata to /home/seul/Desktop/project/mujoco/ppo_ckpt/000041287680.orbax-checkpoint-tmp/array_metadatas/process_0
[2025-09-23 12:30:21,607][absl][INFO] - [process=0][thread=write_metadata_after_commits] Commit + Array metadata written. Time taken: 0.116130s (commit=0.114805s, array_metadata_write=0.001325s)
[2025-09-23 12:30:21,607][absl][INFO] - [process=0] /jax/checkpoint/write/gbytes_per_sec: 0 Bytes/s (total gbytes: 1.0 MiB) (time elapsed: 125 milliseconds) (per-host)
[2025-09-23 12:30:21,609][absl][INFO] - [process=0][thread=MainThread] Skipped cross-host ArrayMetadata validation because only one process is found: process_index=0.
[2025-09-23 12:30:21,634][absl][INFO] - [process=0][thread=MainThread] Pytree save finalize (merge_ocdbt + ArrayMetadata validation) completed. Time taken: 0.026272s. use_zarr3=False, enable_post_merge_validation=True, directory=/home/seul/Desktop/project/mujoco/ppo_ckpt/000041287680.orbax-checkpoint-tmp
[2025-09-23 12:30:21,635][absl][INFO] - Renaming /home/seul/Desktop/project/mujoco/ppo_ckpt/000041287680.orbax-checkpoint-tmp to /home/seul/Desktop/project/mujoco/ppo_ckpt/000041287680
[2025-09-23 12:30:21,636][absl][INFO] - [process=0][thread=MainThread] Finished saving checkpoint (finalized tmp dir) to `/home/seul/Desktop/project/mujoco/ppo_ckpt/000041287680`.
[2025-09-23 12:30:21,636][absl][INFO] - Finished synchronous save in 0.16 seconds to /home/seul/Desktop/project/mujoco/ppo_ckpt/000041287680
[2025-09-23 12:30:21,782][absl][INFO] - {'eval/walltime': 9.84323239326477, 'training/sps': np.float64(431629.4156813269), 'training/walltime': 106.90406107902527, 'training/entropy_loss': Array(0.02162238, dtype=float32), 'training/policy_loss': Array(-0.00089078, dtype=float32), 'training/total_loss': Array(0.03364724, dtype=float32), 'training/v_loss': Array(0.01291564, dtype=float32), 'eval/episode_reward': Array(999.48596, dtype=float32), 'eval/episode_reward/angle_in_bounds': Array(0., dtype=float32), 'eval/episode_reward/cart_in_bounds': Array(0., dtype=float32), 'eval/episode_reward/centered': Array(999.6658, dtype=float32), 'eval/episode_reward/small_control': Array(999.83295, dtype=float32), 'eval/episode_reward/small_velocity': Array(999.99365, dtype=float32), 'eval/episode_reward/upright': Array(999.9985, dtype=float32), 'eval/episode_reward_std': Array(0.46607846, dtype=float32), 'eval/episode_reward/angle_in_bounds_std': Array(0., dtype=float32), 'eval/episode_reward/cart_in_bounds_std': Array(0., dtype=float32), 'eval/episode_reward/centered_std': Array(0.4462528, dtype=float32), 'eval/episode_reward/small_control_std': Array(0.02490409, dtype=float32), 'eval/episode_reward/small_velocity_std': Array(0.00627917, dtype=float32), 'eval/episode_reward/upright_std': Array(0.00154745, dtype=float32), 'eval/avg_episode_length': Array(1000., dtype=float32), 'eval/std_episode_length': Array(0., dtype=float32), 'eval/epoch_eval_time': 0.1436011791229248, 'eval/sps': 891357.583425064}
[2025-09-23 12:30:21,827][absl][INFO] - starting iteration 6 125.21735548973083
[2025-09-23 12:30:37,763][root][INFO] - saving checkpoint to /home/seul/Desktop/project/mujoco/ppo_ckpt/000048168960
[2025-09-23 12:30:37,764][absl][INFO] - Created BasePyTreeCheckpointHandler: use_ocdbt=True, use_zarr3=False, pytree_metadata_options=PyTreeMetadataOptions(support_rich_types=False), array_metadata_store=<orbax.checkpoint._src.metadata.array_metadata_store.Store object at 0x7a6d9b9578d0>, enable_pinned_host_transfer=True, save_concurrent_bytes: 96000000000 (89.4 GiB), restore_concurrent_bytes: 96000000000 (89.4 GiB)
[2025-09-23 12:30:37,764][absl][INFO] - [process=0] Started saving checkpoint to /home/seul/Desktop/project/mujoco/ppo_ckpt/000048168960.
[2025-09-23 12:30:37,764][absl][INFO] - Specified `force`: removing existing directory.
[2025-09-23 12:30:37,765][absl][INFO] - Creating tmp directory /home/seul/Desktop/project/mujoco/ppo_ckpt/000048168960.orbax-checkpoint-tmp
[2025-09-23 12:30:37,768][absl][INFO] - Transferring arrays to host memory with options: use_replica_parallel=True, min_slice_bytes_for_replica_parallel=None, max_replicas_for_replica_parallel=None, enable_pinned_host_transfer=True
[2025-09-23 12:30:37,770][absl][INFO] - [process=0][thread=MainThread] Initiated "orbax.checkpoint._src.serialization.type_handlers.ArrayHandler".serialize. Time taken: 0.002920s
[2025-09-23 12:30:37,774][absl][INFO] - [process=0] /jax/checkpoint/write/blocking_gbytes_per_sec: 0 Bytes/s (total gbytes: 1.0 MiB) (time elapsed: 8 milliseconds) (per-host)
[2025-09-23 12:30:37,774][absl][INFO] - [process=0][thread=MainThread] Initiated Pytree async_save. Time taken: 0.008376s (batch_requests_ready=0.000642s, total_serialization_initiated=0.003942s, others=0.003792s)
[2025-09-23 12:30:37,775][absl][WARNING] - [process=0][thread=MainThread][operation_id=7] _SignalingThread.join() waiting for signals ([]) blocking the main thread will slow down blocking save times. This is likely due to main thread calling result() on a CommitFuture.
[2025-09-23 12:30:37,777][absl][INFO] - [process=0][thread=array_type_handler] Wrote 26 array_metadata.ArrayMetadata to /home/seul/Desktop/project/mujoco/ppo_ckpt/000048168960.orbax-checkpoint-tmp/array_metadatas/process_0
[2025-09-23 12:30:37,902][absl][INFO] - [process=0][thread=write_metadata_after_commits] Commit + Array metadata written. Time taken: 0.130956s (commit=0.129382s, array_metadata_write=0.001574s)
[2025-09-23 12:30:37,903][absl][INFO] - [process=0] /jax/checkpoint/write/gbytes_per_sec: 0 Bytes/s (total gbytes: 1.0 MiB) (time elapsed: 136 milliseconds) (per-host)
[2025-09-23 12:30:37,904][absl][INFO] - [process=0][thread=MainThread] Skipped cross-host ArrayMetadata validation because only one process is found: process_index=0.
[2025-09-23 12:30:37,930][absl][INFO] - [process=0][thread=MainThread] Pytree save finalize (merge_ocdbt + ArrayMetadata validation) completed. Time taken: 0.026501s. use_zarr3=False, enable_post_merge_validation=True, directory=/home/seul/Desktop/project/mujoco/ppo_ckpt/000048168960.orbax-checkpoint-tmp
[2025-09-23 12:30:37,931][absl][INFO] - Renaming /home/seul/Desktop/project/mujoco/ppo_ckpt/000048168960.orbax-checkpoint-tmp to /home/seul/Desktop/project/mujoco/ppo_ckpt/000048168960
[2025-09-23 12:30:37,932][absl][INFO] - [process=0][thread=MainThread] Finished saving checkpoint (finalized tmp dir) to `/home/seul/Desktop/project/mujoco/ppo_ckpt/000048168960`.
[2025-09-23 12:30:37,932][absl][INFO] - Finished synchronous save in 0.17 seconds to /home/seul/Desktop/project/mujoco/ppo_ckpt/000048168960
[2025-09-23 12:30:38,076][absl][INFO] - {'eval/walltime': 9.984570264816284, 'training/sps': np.float64(431951.73887804925), 'training/walltime': 122.83472967147827, 'training/entropy_loss': Array(0.02371019, dtype=float32), 'training/policy_loss': Array(0.00037684, dtype=float32), 'training/total_loss': Array(0.04091143, dtype=float32), 'training/v_loss': Array(0.01682439, dtype=float32), 'eval/episode_reward': Array(999.53894, dtype=float32), 'eval/episode_reward/angle_in_bounds': Array(0., dtype=float32), 'eval/episode_reward/cart_in_bounds': Array(0., dtype=float32), 'eval/episode_reward/centered': Array(999.6661, dtype=float32), 'eval/episode_reward/small_control': Array(999.88403, dtype=float32), 'eval/episode_reward/small_velocity': Array(999.9945, dtype=float32), 'eval/episode_reward/upright': Array(999.9977, dtype=float32), 'eval/episode_reward_std': Array(0.3881514, dtype=float32), 'eval/episode_reward/angle_in_bounds_std': Array(0., dtype=float32), 'eval/episode_reward/cart_in_bounds_std': Array(0., dtype=float32), 'eval/episode_reward/centered_std': Array(0.37536925, dtype=float32), 'eval/episode_reward/small_control_std': Array(0.01473646, dtype=float32), 'eval/episode_reward/small_velocity_std': Array(0.00496251, dtype=float32), 'eval/episode_reward/upright_std': Array(0.00210005, dtype=float32), 'eval/avg_episode_length': Array(1000., dtype=float32), 'eval/std_episode_length': Array(0., dtype=float32), 'eval/epoch_eval_time': 0.14133787155151367, 'eval/sps': 905631.2975064692}
[2025-09-23 12:30:38,123][absl][INFO] - starting iteration 7 141.5137677192688
[2025-09-23 12:30:54,063][root][INFO] - saving checkpoint to /home/seul/Desktop/project/mujoco/ppo_ckpt/000055050240
[2025-09-23 12:30:54,063][absl][INFO] - Created BasePyTreeCheckpointHandler: use_ocdbt=True, use_zarr3=False, pytree_metadata_options=PyTreeMetadataOptions(support_rich_types=False), array_metadata_store=<orbax.checkpoint._src.metadata.array_metadata_store.Store object at 0x7a6d9b9578d0>, enable_pinned_host_transfer=True, save_concurrent_bytes: 96000000000 (89.4 GiB), restore_concurrent_bytes: 96000000000 (89.4 GiB)
[2025-09-23 12:30:54,064][absl][INFO] - [process=0] Started saving checkpoint to /home/seul/Desktop/project/mujoco/ppo_ckpt/000055050240.
[2025-09-23 12:30:54,064][absl][INFO] - Specified `force`: removing existing directory.
[2025-09-23 12:30:54,065][absl][INFO] - Creating tmp directory /home/seul/Desktop/project/mujoco/ppo_ckpt/000055050240.orbax-checkpoint-tmp
[2025-09-23 12:30:54,067][absl][INFO] - Transferring arrays to host memory with options: use_replica_parallel=True, min_slice_bytes_for_replica_parallel=None, max_replicas_for_replica_parallel=None, enable_pinned_host_transfer=True
[2025-09-23 12:30:54,070][absl][INFO] - [process=0][thread=MainThread] Initiated "orbax.checkpoint._src.serialization.type_handlers.ArrayHandler".serialize. Time taken: 0.003066s
[2025-09-23 12:30:54,074][absl][INFO] - [process=0] /jax/checkpoint/write/blocking_gbytes_per_sec: 0 Bytes/s (total gbytes: 1.0 MiB) (time elapsed: 7 milliseconds) (per-host)
[2025-09-23 12:30:54,074][absl][INFO] - [process=0][thread=MainThread] Initiated Pytree async_save. Time taken: 0.008129s (batch_requests_ready=0.000640s, total_serialization_initiated=0.004121s, others=0.003368s)
[2025-09-23 12:30:54,074][absl][WARNING] - [process=0][thread=MainThread][operation_id=8] _SignalingThread.join() waiting for signals ([]) blocking the main thread will slow down blocking save times. This is likely due to main thread calling result() on a CommitFuture.
[2025-09-23 12:30:54,076][absl][INFO] - [process=0][thread=array_type_handler] Wrote 26 array_metadata.ArrayMetadata to /home/seul/Desktop/project/mujoco/ppo_ckpt/000055050240.orbax-checkpoint-tmp/array_metadatas/process_0
[2025-09-23 12:30:54,201][absl][INFO] - [process=0][thread=write_metadata_after_commits] Commit + Array metadata written. Time taken: 0.127239s (commit=0.126101s, array_metadata_write=0.001138s)
[2025-09-23 12:30:54,201][absl][INFO] - [process=0] /jax/checkpoint/write/gbytes_per_sec: 0 Bytes/s (total gbytes: 1.0 MiB) (time elapsed: 135 milliseconds) (per-host)
[2025-09-23 12:30:54,203][absl][INFO] - [process=0][thread=MainThread] Skipped cross-host ArrayMetadata validation because only one process is found: process_index=0.
[2025-09-23 12:30:54,229][absl][INFO] - [process=0][thread=MainThread] Pytree save finalize (merge_ocdbt + ArrayMetadata validation) completed. Time taken: 0.026682s. use_zarr3=False, enable_post_merge_validation=True, directory=/home/seul/Desktop/project/mujoco/ppo_ckpt/000055050240.orbax-checkpoint-tmp
[2025-09-23 12:30:54,230][absl][INFO] - Renaming /home/seul/Desktop/project/mujoco/ppo_ckpt/000055050240.orbax-checkpoint-tmp to /home/seul/Desktop/project/mujoco/ppo_ckpt/000055050240
[2025-09-23 12:30:54,231][absl][INFO] - [process=0][thread=MainThread] Finished saving checkpoint (finalized tmp dir) to `/home/seul/Desktop/project/mujoco/ppo_ckpt/000055050240`.
[2025-09-23 12:30:54,231][absl][INFO] - Finished synchronous save in 0.17 seconds to /home/seul/Desktop/project/mujoco/ppo_ckpt/000055050240
[2025-09-23 12:30:54,375][absl][INFO] - {'eval/walltime': 10.126182317733765, 'training/sps': np.float64(431861.744611499), 'training/walltime': 138.76871800422668, 'training/entropy_loss': Array(0.02502119, dtype=float32), 'training/policy_loss': Array(-0.00051235, dtype=float32), 'training/total_loss': Array(0.05144468, dtype=float32), 'training/v_loss': Array(0.02693584, dtype=float32), 'eval/episode_reward': Array(999.1052, dtype=float32), 'eval/episode_reward/angle_in_bounds': Array(0., dtype=float32), 'eval/episode_reward/cart_in_bounds': Array(0., dtype=float32), 'eval/episode_reward/centered': Array(999.2008, dtype=float32), 'eval/episode_reward/small_control': Array(999.91473, dtype=float32), 'eval/episode_reward/small_velocity': Array(999.99554, dtype=float32), 'eval/episode_reward/upright': Array(999.9972, dtype=float32), 'eval/episode_reward_std': Array(0.87011987, dtype=float32), 'eval/episode_reward/angle_in_bounds_std': Array(0., dtype=float32), 'eval/episode_reward/cart_in_bounds_std': Array(0., dtype=float32), 'eval/episode_reward/centered_std': Array(0.85875714, dtype=float32), 'eval/episode_reward/small_control_std': Array(0.01455632, dtype=float32), 'eval/episode_reward/small_velocity_std': Array(0.00373954, dtype=float32), 'eval/episode_reward/upright_std': Array(0.00252486, dtype=float32), 'eval/avg_episode_length': Array(1000., dtype=float32), 'eval/std_episode_length': Array(0., dtype=float32), 'eval/epoch_eval_time': 0.14161205291748047, 'eval/sps': 903877.8646517297}
[2025-09-23 12:30:54,423][absl][INFO] - starting iteration 8 157.81390237808228
[2025-09-23 12:31:10,381][root][INFO] - saving checkpoint to /home/seul/Desktop/project/mujoco/ppo_ckpt/000061931520
[2025-09-23 12:31:10,382][absl][INFO] - Created BasePyTreeCheckpointHandler: use_ocdbt=True, use_zarr3=False, pytree_metadata_options=PyTreeMetadataOptions(support_rich_types=False), array_metadata_store=<orbax.checkpoint._src.metadata.array_metadata_store.Store object at 0x7a6d9b9578d0>, enable_pinned_host_transfer=True, save_concurrent_bytes: 96000000000 (89.4 GiB), restore_concurrent_bytes: 96000000000 (89.4 GiB)
[2025-09-23 12:31:10,382][absl][INFO] - [process=0] Started saving checkpoint to /home/seul/Desktop/project/mujoco/ppo_ckpt/000061931520.
[2025-09-23 12:31:10,382][absl][INFO] - Specified `force`: removing existing directory.
[2025-09-23 12:31:10,383][absl][INFO] - Creating tmp directory /home/seul/Desktop/project/mujoco/ppo_ckpt/000061931520.orbax-checkpoint-tmp
[2025-09-23 12:31:10,386][absl][INFO] - Transferring arrays to host memory with options: use_replica_parallel=True, min_slice_bytes_for_replica_parallel=None, max_replicas_for_replica_parallel=None, enable_pinned_host_transfer=True
[2025-09-23 12:31:10,389][absl][INFO] - [process=0][thread=MainThread] Initiated "orbax.checkpoint._src.serialization.type_handlers.ArrayHandler".serialize. Time taken: 0.003479s
[2025-09-23 12:31:10,393][absl][INFO] - [process=0] /jax/checkpoint/write/blocking_gbytes_per_sec: 0 Bytes/s (total gbytes: 1.0 MiB) (time elapsed: 8 milliseconds) (per-host)
[2025-09-23 12:31:10,393][absl][INFO] - [process=0][thread=MainThread] Initiated Pytree async_save. Time taken: 0.009310s (batch_requests_ready=0.000646s, total_serialization_initiated=0.004501s, others=0.004163s)
[2025-09-23 12:31:10,394][absl][WARNING] - [process=0][thread=MainThread][operation_id=9] _SignalingThread.join() waiting for signals ([]) blocking the main thread will slow down blocking save times. This is likely due to main thread calling result() on a CommitFuture.
[2025-09-23 12:31:10,395][absl][INFO] - [process=0][thread=array_type_handler] Wrote 26 array_metadata.ArrayMetadata to /home/seul/Desktop/project/mujoco/ppo_ckpt/000061931520.orbax-checkpoint-tmp/array_metadatas/process_0
[2025-09-23 12:31:10,521][absl][INFO] - [process=0][thread=write_metadata_after_commits] Commit + Array metadata written. Time taken: 0.127965s (commit=0.126868s, array_metadata_write=0.001098s)
[2025-09-23 12:31:10,521][absl][INFO] - [process=0] /jax/checkpoint/write/gbytes_per_sec: 0 Bytes/s (total gbytes: 1.0 MiB) (time elapsed: 137 milliseconds) (per-host)
[2025-09-23 12:31:10,523][absl][INFO] - [process=0][thread=MainThread] Skipped cross-host ArrayMetadata validation because only one process is found: process_index=0.
[2025-09-23 12:31:10,549][absl][INFO] - [process=0][thread=MainThread] Pytree save finalize (merge_ocdbt + ArrayMetadata validation) completed. Time taken: 0.026949s. use_zarr3=False, enable_post_merge_validation=True, directory=/home/seul/Desktop/project/mujoco/ppo_ckpt/000061931520.orbax-checkpoint-tmp
[2025-09-23 12:31:10,550][absl][INFO] - Renaming /home/seul/Desktop/project/mujoco/ppo_ckpt/000061931520.orbax-checkpoint-tmp to /home/seul/Desktop/project/mujoco/ppo_ckpt/000061931520
[2025-09-23 12:31:10,552][absl][INFO] - [process=0][thread=MainThread] Finished saving checkpoint (finalized tmp dir) to `/home/seul/Desktop/project/mujoco/ppo_ckpt/000061931520`.
[2025-09-23 12:31:10,552][absl][INFO] - Finished synchronous save in 0.17 seconds to /home/seul/Desktop/project/mujoco/ppo_ckpt/000061931520
[2025-09-23 12:31:10,700][absl][INFO] - {'eval/walltime': 10.271349430084229, 'training/sps': np.float64(431367.2071370187), 'training/walltime': 154.72097373008728, 'training/entropy_loss': Array(0.0268895, dtype=float32), 'training/policy_loss': Array(-0.00011974, dtype=float32), 'training/total_loss': Array(0.08613204, dtype=float32), 'training/v_loss': Array(0.0593623, dtype=float32), 'eval/episode_reward': Array(999.2749, dtype=float32), 'eval/episode_reward/angle_in_bounds': Array(0., dtype=float32), 'eval/episode_reward/cart_in_bounds': Array(0., dtype=float32), 'eval/episode_reward/centered': Array(999.34503, dtype=float32), 'eval/episode_reward/small_control': Array(999.93933, dtype=float32), 'eval/episode_reward/small_velocity': Array(999.99664, dtype=float32), 'eval/episode_reward/upright': Array(999.9975, dtype=float32), 'eval/episode_reward_std': Array(1.1150066, dtype=float32), 'eval/episode_reward/angle_in_bounds_std': Array(0., dtype=float32), 'eval/episode_reward/cart_in_bounds_std': Array(0., dtype=float32), 'eval/episode_reward/centered_std': Array(1.1072284, dtype=float32), 'eval/episode_reward/small_control_std': Array(0.00924406, dtype=float32), 'eval/episode_reward/small_velocity_std': Array(0.00346296, dtype=float32), 'eval/episode_reward/upright_std': Array(0.00269361, dtype=float32), 'eval/avg_episode_length': Array(1000., dtype=float32), 'eval/std_episode_length': Array(0., dtype=float32), 'eval/epoch_eval_time': 0.14516711235046387, 'eval/sps': 881742.4134674604}
[2025-09-23 12:31:11,023][absl][INFO] - total steps: 61931520
[2025-09-23 12:31:11,104][root][INFO] - Using JAX default device: cuda:0.
