[2025-09-22 18:32:43,881][jax._src.xla_bridge][INFO] - Unable to initialize backend 'tpu': INTERNAL: Failed to open libtpu.so: libtpu.so: cannot open shared object file: No such file or directory
[2025-09-22 18:32:43,953][root][INFO] - Using JAX default device: cuda:0.
[2025-09-22 18:32:44,091][absl][INFO] - Device count: 1, process count: 1 (id 0), local device count: 1, devices to be used count: 1
[2025-09-22 18:32:44,610][root][INFO] - Using JAX default device: cuda:0.
[2025-09-22 18:32:51,279][root][INFO] - Using JAX default device: cuda:0.
[2025-09-22 18:33:00,347][absl][INFO] - {'eval/walltime': 9.003188610076904, 'eval/episode_reward': Array(280.1272, dtype=float32), 'eval/episode_reward/angle_in_bounds': Array(0., dtype=float32), 'eval/episode_reward/cart_in_bounds': Array(0., dtype=float32), 'eval/episode_reward/centered': Array(721.52405, dtype=float32), 'eval/episode_reward/small_control': Array(923.9684, dtype=float32), 'eval/episode_reward/small_velocity': Array(631.84155, dtype=float32), 'eval/episode_reward/upright': Array(570.74536, dtype=float32), 'eval/episode_reward_std': Array(59.778, dtype=float32), 'eval/episode_reward/angle_in_bounds_std': Array(0., dtype=float32), 'eval/episode_reward/cart_in_bounds_std': Array(0., dtype=float32), 'eval/episode_reward/centered_std': Array(65.59639, dtype=float32), 'eval/episode_reward/small_control_std': Array(11.044095, dtype=float32), 'eval/episode_reward/small_velocity_std': Array(68.4579, dtype=float32), 'eval/episode_reward/upright_std': Array(89.32887, dtype=float32), 'eval/avg_episode_length': Array(1000., dtype=float32), 'eval/std_episode_length': Array(0., dtype=float32), 'eval/epoch_eval_time': 9.003188610076904, 'eval/sps': 14217.18521555072}
[2025-09-22 18:33:00,501][absl][INFO] - starting iteration 0 16.41089153289795
[2025-09-22 18:33:14,348][root][INFO] - saving checkpoint to /home/seul/Desktop/project/mujoco/ppo_ckpt/000000983040
[2025-09-22 18:33:14,348][absl][INFO] - orbax-checkpoint version: 0.11.25
[2025-09-22 18:33:14,348][absl][INFO] - Created BasePyTreeCheckpointHandler: use_ocdbt=True, use_zarr3=False, pytree_metadata_options=PyTreeMetadataOptions(support_rich_types=False), array_metadata_store=<orbax.checkpoint._src.metadata.array_metadata_store.Store object at 0x790968001e90>, enable_pinned_host_transfer=True, save_concurrent_bytes: 96000000000 (89.4 GiB), restore_concurrent_bytes: 96000000000 (89.4 GiB)
[2025-09-22 18:33:14,349][absl][INFO] - [thread=MainThread] Failed to get flag value for EXPERIMENTAL_ORBAX_USE_DISTRIBUTED_PROCESS_ID.
[2025-09-22 18:33:14,349][absl][INFO] - [process=0] Started saving checkpoint to /home/seul/Desktop/project/mujoco/ppo_ckpt/000000983040.
[2025-09-22 18:33:14,349][absl][INFO] - Specified `force`: removing existing directory.
[2025-09-22 18:33:14,350][absl][INFO] - Creating tmp directory /home/seul/Desktop/project/mujoco/ppo_ckpt/000000983040.orbax-checkpoint-tmp
[2025-09-22 18:33:14,351][absl][INFO] - Wrote Metadata={'item_handlers': None, 'metrics': {}, 'performance_metrics': {}, 'init_timestamp_nsecs': 1758533594351321233, 'commit_timestamp_nsecs': None, 'custom_metadata': {}}, json={"item_handlers": null, "metrics": {}, "performance_metrics": {}, "init_timestamp_nsecs": 1758533594351321233, "commit_timestamp_nsecs": null, "custom_metadata": {}} to /home/seul/Desktop/project/mujoco/ppo_ckpt/000000983040.orbax-checkpoint-tmp/_CHECKPOINT_METADATA
[2025-09-22 18:33:14,355][absl][INFO] - Transferring arrays to host memory with options: use_replica_parallel=True, min_slice_bytes_for_replica_parallel=None, max_replicas_for_replica_parallel=None, enable_pinned_host_transfer=True
[2025-09-22 18:33:14,361][absl][INFO] - Using ThreadSafeKeyValueSignalingClient
[2025-09-22 18:33:14,362][absl][INFO] - [process=0][thread=MainThread] Initiated "orbax.checkpoint._src.serialization.type_handlers.ArrayHandler".serialize. Time taken: 0.006757s
[2025-09-22 18:33:14,366][absl][INFO] - [process=0] /jax/checkpoint/write/blocking_gbytes_per_sec: 0 Bytes/s (total gbytes: 1.0 MiB) (time elapsed: 13 milliseconds) (per-host)
[2025-09-22 18:33:14,366][absl][INFO] - [process=0][thread=MainThread] Initiated Pytree async_save. Time taken: 0.014230s (batch_requests_ready=0.001215s, total_serialization_initiated=0.012173s, others=0.000842s)
[2025-09-22 18:33:14,366][absl][WARNING] - [process=0][thread=MainThread][operation_id=1] _SignalingThread.join() waiting for signals ([]) blocking the main thread will slow down blocking save times. This is likely due to main thread calling result() on a CommitFuture.
[2025-09-22 18:33:14,367][absl][INFO] - [process=0][thread=array_type_handler] Wrote 26 array_metadata.ArrayMetadata to /home/seul/Desktop/project/mujoco/ppo_ckpt/000000983040.orbax-checkpoint-tmp/array_metadatas/process_0
[2025-09-22 18:33:14,505][absl][INFO] - [process=0][thread=write_metadata_after_commits] Commit + Array metadata written. Time taken: 0.139115s (commit=0.137541s, array_metadata_write=0.001574s)
[2025-09-22 18:33:14,505][absl][INFO] - [process=0] /jax/checkpoint/write/gbytes_per_sec: 0 Bytes/s (total gbytes: 1.0 MiB) (time elapsed: 153 milliseconds) (per-host)
[2025-09-22 18:33:14,506][absl][INFO] - Read Metadata={'item_handlers': None, 'metrics': {}, 'performance_metrics': {}, 'init_timestamp_nsecs': 1758533594351321233, 'commit_timestamp_nsecs': None, 'custom_metadata': {}} from /home/seul/Desktop/project/mujoco/ppo_ckpt/000000983040.orbax-checkpoint-tmp/_CHECKPOINT_METADATA
[2025-09-22 18:33:14,507][absl][INFO] - Updated Metadata={'item_handlers': 'orbax.checkpoint._src.handlers.pytree_checkpoint_handler.PyTreeCheckpointHandler', 'metrics': {}, 'performance_metrics': {}, 'init_timestamp_nsecs': 1758533594351321233, 'commit_timestamp_nsecs': None, 'custom_metadata': {}} to /home/seul/Desktop/project/mujoco/ppo_ckpt/000000983040.orbax-checkpoint-tmp/_CHECKPOINT_METADATA
[2025-09-22 18:33:14,508][absl][INFO] - [process=0][thread=MainThread] Skipped cross-host ArrayMetadata validation because only one process is found: process_index=0.
[2025-09-22 18:33:14,534][absl][INFO] - [process=0][thread=MainThread] Pytree save finalize (merge_ocdbt + ArrayMetadata validation) completed. Time taken: 0.026831s. use_zarr3=False, enable_post_merge_validation=True, directory=/home/seul/Desktop/project/mujoco/ppo_ckpt/000000983040.orbax-checkpoint-tmp
[2025-09-22 18:33:14,535][absl][INFO] - Renaming /home/seul/Desktop/project/mujoco/ppo_ckpt/000000983040.orbax-checkpoint-tmp to /home/seul/Desktop/project/mujoco/ppo_ckpt/000000983040
[2025-09-22 18:33:14,536][absl][INFO] - [process=0][thread=MainThread] Finished saving checkpoint (finalized tmp dir) to `/home/seul/Desktop/project/mujoco/ppo_ckpt/000000983040`.
[2025-09-22 18:33:14,536][absl][INFO] - Finished synchronous save in 0.19 seconds to /home/seul/Desktop/project/mujoco/ppo_ckpt/000000983040
[2025-09-22 18:33:14,670][absl][INFO] - {'eval/walltime': 9.134984254837036, 'training/sps': np.float64(72299.4743792398), 'training/walltime': 13.596779346466064, 'training/entropy_loss': Array(-0.00522284, dtype=float32), 'training/policy_loss': Array(-0.00057095, dtype=float32), 'training/total_loss': Array(910.90125, dtype=float32), 'training/v_loss': Array(910.90704, dtype=float32), 'eval/episode_reward': Array(282.65762, dtype=float32), 'eval/episode_reward/angle_in_bounds': Array(0., dtype=float32), 'eval/episode_reward/cart_in_bounds': Array(0., dtype=float32), 'eval/episode_reward/centered': Array(729.676, dtype=float32), 'eval/episode_reward/small_control': Array(919.87256, dtype=float32), 'eval/episode_reward/small_velocity': Array(614.1146, dtype=float32), 'eval/episode_reward/upright': Array(582.3014, dtype=float32), 'eval/episode_reward_std': Array(55.537495, dtype=float32), 'eval/episode_reward/angle_in_bounds_std': Array(0., dtype=float32), 'eval/episode_reward/cart_in_bounds_std': Array(0., dtype=float32), 'eval/episode_reward/centered_std': Array(67.72888, dtype=float32), 'eval/episode_reward/small_control_std': Array(14.074052, dtype=float32), 'eval/episode_reward/small_velocity_std': Array(59.8503, dtype=float32), 'eval/episode_reward/upright_std': Array(58.709053, dtype=float32), 'eval/avg_episode_length': Array(1000., dtype=float32), 'eval/std_episode_length': Array(0., dtype=float32), 'eval/epoch_eval_time': 0.13179564476013184, 'eval/sps': 971200.5296757725}
[2025-09-22 18:33:14,711][absl][INFO] - starting iteration 1 30.620600700378418
[2025-09-22 18:33:16,979][root][INFO] - saving checkpoint to /home/seul/Desktop/project/mujoco/ppo_ckpt/000001966080
[2025-09-22 18:33:16,980][absl][INFO] - Created BasePyTreeCheckpointHandler: use_ocdbt=True, use_zarr3=False, pytree_metadata_options=PyTreeMetadataOptions(support_rich_types=False), array_metadata_store=<orbax.checkpoint._src.metadata.array_metadata_store.Store object at 0x790968001e90>, enable_pinned_host_transfer=True, save_concurrent_bytes: 96000000000 (89.4 GiB), restore_concurrent_bytes: 96000000000 (89.4 GiB)
[2025-09-22 18:33:16,980][absl][INFO] - [process=0] Started saving checkpoint to /home/seul/Desktop/project/mujoco/ppo_ckpt/000001966080.
[2025-09-22 18:33:16,980][absl][INFO] - Specified `force`: removing existing directory.
[2025-09-22 18:33:16,982][absl][INFO] - Creating tmp directory /home/seul/Desktop/project/mujoco/ppo_ckpt/000001966080.orbax-checkpoint-tmp
[2025-09-22 18:33:16,985][absl][INFO] - Transferring arrays to host memory with options: use_replica_parallel=True, min_slice_bytes_for_replica_parallel=None, max_replicas_for_replica_parallel=None, enable_pinned_host_transfer=True
[2025-09-22 18:33:16,988][absl][INFO] - [process=0][thread=MainThread] Initiated "orbax.checkpoint._src.serialization.type_handlers.ArrayHandler".serialize. Time taken: 0.003128s
[2025-09-22 18:33:16,992][absl][INFO] - [process=0] /jax/checkpoint/write/blocking_gbytes_per_sec: 0 Bytes/s (total gbytes: 1.0 MiB) (time elapsed: 8 milliseconds) (per-host)
[2025-09-22 18:33:16,993][absl][INFO] - [process=0][thread=MainThread] Initiated Pytree async_save. Time taken: 0.009467s (batch_requests_ready=0.000796s, total_serialization_initiated=0.005090s, others=0.003581s)
[2025-09-22 18:33:16,993][absl][WARNING] - [process=0][thread=MainThread][operation_id=2] _SignalingThread.join() waiting for signals ([]) blocking the main thread will slow down blocking save times. This is likely due to main thread calling result() on a CommitFuture.
[2025-09-22 18:33:16,995][absl][INFO] - [process=0][thread=array_type_handler] Wrote 26 array_metadata.ArrayMetadata to /home/seul/Desktop/project/mujoco/ppo_ckpt/000001966080.orbax-checkpoint-tmp/array_metadatas/process_0
[2025-09-22 18:33:17,117][absl][INFO] - [process=0][thread=write_metadata_after_commits] Commit + Array metadata written. Time taken: 0.124474s (commit=0.123189s, array_metadata_write=0.001285s)
[2025-09-22 18:33:17,117][absl][INFO] - [process=0] /jax/checkpoint/write/gbytes_per_sec: 0 Bytes/s (total gbytes: 1.0 MiB) (time elapsed: 134 milliseconds) (per-host)
[2025-09-22 18:33:17,119][absl][INFO] - [process=0][thread=MainThread] Skipped cross-host ArrayMetadata validation because only one process is found: process_index=0.
[2025-09-22 18:33:17,145][absl][INFO] - [process=0][thread=MainThread] Pytree save finalize (merge_ocdbt + ArrayMetadata validation) completed. Time taken: 0.026505s. use_zarr3=False, enable_post_merge_validation=True, directory=/home/seul/Desktop/project/mujoco/ppo_ckpt/000001966080.orbax-checkpoint-tmp
[2025-09-22 18:33:17,146][absl][INFO] - Renaming /home/seul/Desktop/project/mujoco/ppo_ckpt/000001966080.orbax-checkpoint-tmp to /home/seul/Desktop/project/mujoco/ppo_ckpt/000001966080
[2025-09-22 18:33:17,147][absl][INFO] - [process=0][thread=MainThread] Finished saving checkpoint (finalized tmp dir) to `/home/seul/Desktop/project/mujoco/ppo_ckpt/000001966080`.
[2025-09-22 18:33:17,147][absl][INFO] - Finished synchronous save in 0.17 seconds to /home/seul/Desktop/project/mujoco/ppo_ckpt/000001966080
[2025-09-22 18:33:17,282][absl][INFO] - {'eval/walltime': 9.267004251480103, 'training/sps': np.float64(434604.83031024964), 'training/walltime': 15.858696222305298, 'training/entropy_loss': Array(-0.00498872, dtype=float32), 'training/policy_loss': Array(-0.0030702, dtype=float32), 'training/total_loss': Array(271.77454, dtype=float32), 'training/v_loss': Array(271.7826, dtype=float32), 'eval/episode_reward': Array(253.66617, dtype=float32), 'eval/episode_reward/angle_in_bounds': Array(0., dtype=float32), 'eval/episode_reward/cart_in_bounds': Array(0., dtype=float32), 'eval/episode_reward/centered': Array(704.0929, dtype=float32), 'eval/episode_reward/small_control': Array(922.27026, dtype=float32), 'eval/episode_reward/small_velocity': Array(577.5694, dtype=float32), 'eval/episode_reward/upright': Array(584.94635, dtype=float32), 'eval/episode_reward_std': Array(39.313335, dtype=float32), 'eval/episode_reward/angle_in_bounds_std': Array(0., dtype=float32), 'eval/episode_reward/cart_in_bounds_std': Array(0., dtype=float32), 'eval/episode_reward/centered_std': Array(41.85918, dtype=float32), 'eval/episode_reward/small_control_std': Array(8.745147, dtype=float32), 'eval/episode_reward/small_velocity_std': Array(45.105392, dtype=float32), 'eval/episode_reward/upright_std': Array(38.188335, dtype=float32), 'eval/avg_episode_length': Array(1000., dtype=float32), 'eval/std_episode_length': Array(0., dtype=float32), 'eval/epoch_eval_time': 0.1320199966430664, 'eval/sps': 969550.0928246877}
[2025-09-22 18:33:17,323][absl][INFO] - starting iteration 2 33.232731342315674
[2025-09-22 18:33:19,594][root][INFO] - saving checkpoint to /home/seul/Desktop/project/mujoco/ppo_ckpt/000002949120
[2025-09-22 18:33:19,595][absl][INFO] - Created BasePyTreeCheckpointHandler: use_ocdbt=True, use_zarr3=False, pytree_metadata_options=PyTreeMetadataOptions(support_rich_types=False), array_metadata_store=<orbax.checkpoint._src.metadata.array_metadata_store.Store object at 0x790968001e90>, enable_pinned_host_transfer=True, save_concurrent_bytes: 96000000000 (89.4 GiB), restore_concurrent_bytes: 96000000000 (89.4 GiB)
[2025-09-22 18:33:19,595][absl][INFO] - [process=0] Started saving checkpoint to /home/seul/Desktop/project/mujoco/ppo_ckpt/000002949120.
[2025-09-22 18:33:19,595][absl][INFO] - Specified `force`: removing existing directory.
[2025-09-22 18:33:19,596][absl][INFO] - Creating tmp directory /home/seul/Desktop/project/mujoco/ppo_ckpt/000002949120.orbax-checkpoint-tmp
[2025-09-22 18:33:19,599][absl][INFO] - Transferring arrays to host memory with options: use_replica_parallel=True, min_slice_bytes_for_replica_parallel=None, max_replicas_for_replica_parallel=None, enable_pinned_host_transfer=True
[2025-09-22 18:33:19,602][absl][INFO] - [process=0][thread=MainThread] Initiated "orbax.checkpoint._src.serialization.type_handlers.ArrayHandler".serialize. Time taken: 0.003285s
[2025-09-22 18:33:19,606][absl][INFO] - [process=0] /jax/checkpoint/write/blocking_gbytes_per_sec: 0 Bytes/s (total gbytes: 1.0 MiB) (time elapsed: 8 milliseconds) (per-host)
[2025-09-22 18:33:19,607][absl][INFO] - [process=0][thread=MainThread] Initiated Pytree async_save. Time taken: 0.009198s (batch_requests_ready=0.000671s, total_serialization_initiated=0.005233s, others=0.003294s)
[2025-09-22 18:33:19,607][absl][WARNING] - [process=0][thread=MainThread][operation_id=3] _SignalingThread.join() waiting for signals ([]) blocking the main thread will slow down blocking save times. This is likely due to main thread calling result() on a CommitFuture.
[2025-09-22 18:33:19,609][absl][INFO] - [process=0][thread=array_type_handler] Wrote 26 array_metadata.ArrayMetadata to /home/seul/Desktop/project/mujoco/ppo_ckpt/000002949120.orbax-checkpoint-tmp/array_metadatas/process_0
[2025-09-22 18:33:19,732][absl][INFO] - [process=0][thread=write_metadata_after_commits] Commit + Array metadata written. Time taken: 0.127901s (commit=0.126537s, array_metadata_write=0.001364s)
[2025-09-22 18:33:19,732][absl][INFO] - [process=0] /jax/checkpoint/write/gbytes_per_sec: 0 Bytes/s (total gbytes: 1.0 MiB) (time elapsed: 134 milliseconds) (per-host)
[2025-09-22 18:33:19,734][absl][INFO] - [process=0][thread=MainThread] Skipped cross-host ArrayMetadata validation because only one process is found: process_index=0.
[2025-09-22 18:33:19,759][absl][INFO] - [process=0][thread=MainThread] Pytree save finalize (merge_ocdbt + ArrayMetadata validation) completed. Time taken: 0.026409s. use_zarr3=False, enable_post_merge_validation=True, directory=/home/seul/Desktop/project/mujoco/ppo_ckpt/000002949120.orbax-checkpoint-tmp
[2025-09-22 18:33:19,760][absl][INFO] - Renaming /home/seul/Desktop/project/mujoco/ppo_ckpt/000002949120.orbax-checkpoint-tmp to /home/seul/Desktop/project/mujoco/ppo_ckpt/000002949120
[2025-09-22 18:33:19,761][absl][INFO] - [process=0][thread=MainThread] Finished saving checkpoint (finalized tmp dir) to `/home/seul/Desktop/project/mujoco/ppo_ckpt/000002949120`.
[2025-09-22 18:33:19,762][absl][INFO] - Finished synchronous save in 0.17 seconds to /home/seul/Desktop/project/mujoco/ppo_ckpt/000002949120
[2025-09-22 18:33:19,892][absl][INFO] - {'eval/walltime': 9.395617008209229, 'training/sps': np.float64(434040.3179028467), 'training/walltime': 18.123554944992065, 'training/entropy_loss': Array(-0.00473914, dtype=float32), 'training/policy_loss': Array(-0.0159769, dtype=float32), 'training/total_loss': Array(110.10527, dtype=float32), 'training/v_loss': Array(110.12598, dtype=float32), 'eval/episode_reward': Array(338.898, dtype=float32), 'eval/episode_reward/angle_in_bounds': Array(0., dtype=float32), 'eval/episode_reward/cart_in_bounds': Array(0., dtype=float32), 'eval/episode_reward/centered': Array(781.04266, dtype=float32), 'eval/episode_reward/small_control': Array(933.42303, dtype=float32), 'eval/episode_reward/small_velocity': Array(640.8939, dtype=float32), 'eval/episode_reward/upright': Array(625.3329, dtype=float32), 'eval/episode_reward_std': Array(54.86738, dtype=float32), 'eval/episode_reward/angle_in_bounds_std': Array(0., dtype=float32), 'eval/episode_reward/cart_in_bounds_std': Array(0., dtype=float32), 'eval/episode_reward/centered_std': Array(64.56995, dtype=float32), 'eval/episode_reward/small_control_std': Array(5.6965194, dtype=float32), 'eval/episode_reward/small_velocity_std': Array(45.640335, dtype=float32), 'eval/episode_reward/upright_std': Array(47.858624, dtype=float32), 'eval/avg_episode_length': Array(1000., dtype=float32), 'eval/std_episode_length': Array(0., dtype=float32), 'eval/epoch_eval_time': 0.12861275672912598, 'eval/sps': 995235.6457888815}
[2025-09-22 18:33:19,934][absl][INFO] - starting iteration 3 35.84381055831909
[2025-09-22 18:33:22,210][root][INFO] - saving checkpoint to /home/seul/Desktop/project/mujoco/ppo_ckpt/000003932160
[2025-09-22 18:33:22,210][absl][INFO] - Created BasePyTreeCheckpointHandler: use_ocdbt=True, use_zarr3=False, pytree_metadata_options=PyTreeMetadataOptions(support_rich_types=False), array_metadata_store=<orbax.checkpoint._src.metadata.array_metadata_store.Store object at 0x790968001e90>, enable_pinned_host_transfer=True, save_concurrent_bytes: 96000000000 (89.4 GiB), restore_concurrent_bytes: 96000000000 (89.4 GiB)
[2025-09-22 18:33:22,210][absl][INFO] - [process=0] Started saving checkpoint to /home/seul/Desktop/project/mujoco/ppo_ckpt/000003932160.
[2025-09-22 18:33:22,210][absl][INFO] - Specified `force`: removing existing directory.
[2025-09-22 18:33:22,212][absl][INFO] - Creating tmp directory /home/seul/Desktop/project/mujoco/ppo_ckpt/000003932160.orbax-checkpoint-tmp
[2025-09-22 18:33:22,214][absl][INFO] - Transferring arrays to host memory with options: use_replica_parallel=True, min_slice_bytes_for_replica_parallel=None, max_replicas_for_replica_parallel=None, enable_pinned_host_transfer=True
[2025-09-22 18:33:22,217][absl][INFO] - [process=0][thread=MainThread] Initiated "orbax.checkpoint._src.serialization.type_handlers.ArrayHandler".serialize. Time taken: 0.003044s
[2025-09-22 18:33:22,221][absl][INFO] - [process=0] /jax/checkpoint/write/blocking_gbytes_per_sec: 0 Bytes/s (total gbytes: 1.0 MiB) (time elapsed: 8 milliseconds) (per-host)
[2025-09-22 18:33:22,221][absl][INFO] - [process=0][thread=MainThread] Initiated Pytree async_save. Time taken: 0.008791s (batch_requests_ready=0.000662s, total_serialization_initiated=0.007305s, others=0.000824s)
[2025-09-22 18:33:22,222][absl][WARNING] - [process=0][thread=MainThread][operation_id=4] _SignalingThread.join() waiting for signals ([]) blocking the main thread will slow down blocking save times. This is likely due to main thread calling result() on a CommitFuture.
[2025-09-22 18:33:22,223][absl][INFO] - [process=0][thread=array_type_handler] Wrote 26 array_metadata.ArrayMetadata to /home/seul/Desktop/project/mujoco/ppo_ckpt/000003932160.orbax-checkpoint-tmp/array_metadatas/process_0
[2025-09-22 18:33:22,346][absl][INFO] - [process=0][thread=write_metadata_after_commits] Commit + Array metadata written. Time taken: 0.124942s (commit=0.123944s, array_metadata_write=0.000998s)
[2025-09-22 18:33:22,346][absl][INFO] - [process=0] /jax/checkpoint/write/gbytes_per_sec: 0 Bytes/s (total gbytes: 1.0 MiB) (time elapsed: 133 milliseconds) (per-host)
[2025-09-22 18:33:22,348][absl][INFO] - [process=0][thread=MainThread] Skipped cross-host ArrayMetadata validation because only one process is found: process_index=0.
[2025-09-22 18:33:22,374][absl][INFO] - [process=0][thread=MainThread] Pytree save finalize (merge_ocdbt + ArrayMetadata validation) completed. Time taken: 0.026319s. use_zarr3=False, enable_post_merge_validation=True, directory=/home/seul/Desktop/project/mujoco/ppo_ckpt/000003932160.orbax-checkpoint-tmp
[2025-09-22 18:33:22,375][absl][INFO] - Renaming /home/seul/Desktop/project/mujoco/ppo_ckpt/000003932160.orbax-checkpoint-tmp to /home/seul/Desktop/project/mujoco/ppo_ckpt/000003932160
[2025-09-22 18:33:22,376][absl][INFO] - [process=0][thread=MainThread] Finished saving checkpoint (finalized tmp dir) to `/home/seul/Desktop/project/mujoco/ppo_ckpt/000003932160`.
[2025-09-22 18:33:22,376][absl][INFO] - Finished synchronous save in 0.17 seconds to /home/seul/Desktop/project/mujoco/ppo_ckpt/000003932160
[2025-09-22 18:33:22,507][absl][INFO] - {'eval/walltime': 9.52422547340393, 'training/sps': np.float64(433242.7904654338), 'training/walltime': 20.392582893371582, 'training/entropy_loss': Array(-0.00543476, dtype=float32), 'training/policy_loss': Array(-0.00342235, dtype=float32), 'training/total_loss': Array(148.07388, dtype=float32), 'training/v_loss': Array(148.08273, dtype=float32), 'eval/episode_reward': Array(378.09763, dtype=float32), 'eval/episode_reward/angle_in_bounds': Array(0., dtype=float32), 'eval/episode_reward/cart_in_bounds': Array(0., dtype=float32), 'eval/episode_reward/centered': Array(786.9232, dtype=float32), 'eval/episode_reward/small_control': Array(939.55566, dtype=float32), 'eval/episode_reward/small_velocity': Array(696.9636, dtype=float32), 'eval/episode_reward/upright': Array(631.6523, dtype=float32), 'eval/episode_reward_std': Array(58.05901, dtype=float32), 'eval/episode_reward/angle_in_bounds_std': Array(0., dtype=float32), 'eval/episode_reward/cart_in_bounds_std': Array(0., dtype=float32), 'eval/episode_reward/centered_std': Array(54.331306, dtype=float32), 'eval/episode_reward/small_control_std': Array(3.8364606, dtype=float32), 'eval/episode_reward/small_velocity_std': Array(41.13298, dtype=float32), 'eval/episode_reward/upright_std': Array(60.402256, dtype=float32), 'eval/avg_episode_length': Array(1000., dtype=float32), 'eval/std_episode_length': Array(0., dtype=float32), 'eval/epoch_eval_time': 0.12860846519470215, 'eval/sps': 995268.8557959152}
[2025-09-22 18:33:22,550][absl][INFO] - starting iteration 4 38.45934200286865
[2025-09-22 18:33:24,823][root][INFO] - saving checkpoint to /home/seul/Desktop/project/mujoco/ppo_ckpt/000004915200
[2025-09-22 18:33:24,823][absl][INFO] - Created BasePyTreeCheckpointHandler: use_ocdbt=True, use_zarr3=False, pytree_metadata_options=PyTreeMetadataOptions(support_rich_types=False), array_metadata_store=<orbax.checkpoint._src.metadata.array_metadata_store.Store object at 0x790968001e90>, enable_pinned_host_transfer=True, save_concurrent_bytes: 96000000000 (89.4 GiB), restore_concurrent_bytes: 96000000000 (89.4 GiB)
[2025-09-22 18:33:24,824][absl][INFO] - [process=0] Started saving checkpoint to /home/seul/Desktop/project/mujoco/ppo_ckpt/000004915200.
[2025-09-22 18:33:24,824][absl][INFO] - Specified `force`: removing existing directory.
[2025-09-22 18:33:24,825][absl][INFO] - Creating tmp directory /home/seul/Desktop/project/mujoco/ppo_ckpt/000004915200.orbax-checkpoint-tmp
[2025-09-22 18:33:24,827][absl][INFO] - Transferring arrays to host memory with options: use_replica_parallel=True, min_slice_bytes_for_replica_parallel=None, max_replicas_for_replica_parallel=None, enable_pinned_host_transfer=True
[2025-09-22 18:33:24,830][absl][INFO] - [process=0][thread=MainThread] Initiated "orbax.checkpoint._src.serialization.type_handlers.ArrayHandler".serialize. Time taken: 0.002892s
[2025-09-22 18:33:24,832][absl][INFO] - [process=0] /jax/checkpoint/write/blocking_gbytes_per_sec: 0 Bytes/s (total gbytes: 1.0 MiB) (time elapsed: 5 milliseconds) (per-host)
[2025-09-22 18:33:24,834][absl][INFO] - [process=0][thread=MainThread] Initiated Pytree async_save. Time taken: 0.007911s (batch_requests_ready=0.000636s, total_serialization_initiated=0.003819s, others=0.003457s)
[2025-09-22 18:33:24,834][absl][WARNING] - [process=0][thread=MainThread][operation_id=5] _SignalingThread.join() waiting for signals ([]) blocking the main thread will slow down blocking save times. This is likely due to main thread calling result() on a CommitFuture.
[2025-09-22 18:33:24,836][absl][INFO] - [process=0][thread=array_type_handler] Wrote 26 array_metadata.ArrayMetadata to /home/seul/Desktop/project/mujoco/ppo_ckpt/000004915200.orbax-checkpoint-tmp/array_metadatas/process_0
[2025-09-22 18:33:24,960][absl][INFO] - [process=0][thread=write_metadata_after_commits] Commit + Array metadata written. Time taken: 0.127807s (commit=0.126800s, array_metadata_write=0.001007s)
[2025-09-22 18:33:24,961][absl][INFO] - [process=0] /jax/checkpoint/write/gbytes_per_sec: 0 Bytes/s (total gbytes: 1.0 MiB) (time elapsed: 134 milliseconds) (per-host)
[2025-09-22 18:33:24,962][absl][INFO] - [process=0][thread=MainThread] Skipped cross-host ArrayMetadata validation because only one process is found: process_index=0.
[2025-09-22 18:33:24,988][absl][INFO] - [process=0][thread=MainThread] Pytree save finalize (merge_ocdbt + ArrayMetadata validation) completed. Time taken: 0.026273s. use_zarr3=False, enable_post_merge_validation=True, directory=/home/seul/Desktop/project/mujoco/ppo_ckpt/000004915200.orbax-checkpoint-tmp
[2025-09-22 18:33:24,989][absl][INFO] - Renaming /home/seul/Desktop/project/mujoco/ppo_ckpt/000004915200.orbax-checkpoint-tmp to /home/seul/Desktop/project/mujoco/ppo_ckpt/000004915200
[2025-09-22 18:33:24,990][absl][INFO] - [process=0][thread=MainThread] Finished saving checkpoint (finalized tmp dir) to `/home/seul/Desktop/project/mujoco/ppo_ckpt/000004915200`.
[2025-09-22 18:33:24,990][absl][INFO] - Finished synchronous save in 0.17 seconds to /home/seul/Desktop/project/mujoco/ppo_ckpt/000004915200
[2025-09-22 18:33:25,121][absl][INFO] - {'eval/walltime': 9.653262615203857, 'training/sps': np.float64(433556.4893391841), 'training/walltime': 22.659969091415405, 'training/entropy_loss': Array(-0.0058212, dtype=float32), 'training/policy_loss': Array(-0.01352109, dtype=float32), 'training/total_loss': Array(307.49988, dtype=float32), 'training/v_loss': Array(307.51926, dtype=float32), 'eval/episode_reward': Array(468.9989, dtype=float32), 'eval/episode_reward/angle_in_bounds': Array(0., dtype=float32), 'eval/episode_reward/cart_in_bounds': Array(0., dtype=float32), 'eval/episode_reward/centered': Array(840.6163, dtype=float32), 'eval/episode_reward/small_control': Array(944.08057, dtype=float32), 'eval/episode_reward/small_velocity': Array(757.50684, dtype=float32), 'eval/episode_reward/upright': Array(677.9625, dtype=float32), 'eval/episode_reward_std': Array(57.735443, dtype=float32), 'eval/episode_reward/angle_in_bounds_std': Array(0., dtype=float32), 'eval/episode_reward/cart_in_bounds_std': Array(0., dtype=float32), 'eval/episode_reward/centered_std': Array(50.736565, dtype=float32), 'eval/episode_reward/small_control_std': Array(2.9809656, dtype=float32), 'eval/episode_reward/small_velocity_std': Array(31.465874, dtype=float32), 'eval/episode_reward/upright_std': Array(55.111958, dtype=float32), 'eval/avg_episode_length': Array(1000., dtype=float32), 'eval/std_episode_length': Array(0., dtype=float32), 'eval/epoch_eval_time': 0.12903714179992676, 'eval/sps': 991962.455263192}
[2025-09-22 18:33:25,165][absl][INFO] - starting iteration 5 41.07394051551819
[2025-09-22 18:33:27,444][root][INFO] - saving checkpoint to /home/seul/Desktop/project/mujoco/ppo_ckpt/000005898240
[2025-09-22 18:33:27,445][absl][INFO] - Created BasePyTreeCheckpointHandler: use_ocdbt=True, use_zarr3=False, pytree_metadata_options=PyTreeMetadataOptions(support_rich_types=False), array_metadata_store=<orbax.checkpoint._src.metadata.array_metadata_store.Store object at 0x790968001e90>, enable_pinned_host_transfer=True, save_concurrent_bytes: 96000000000 (89.4 GiB), restore_concurrent_bytes: 96000000000 (89.4 GiB)
[2025-09-22 18:33:27,445][absl][INFO] - [process=0] Started saving checkpoint to /home/seul/Desktop/project/mujoco/ppo_ckpt/000005898240.
[2025-09-22 18:33:27,445][absl][INFO] - Specified `force`: removing existing directory.
[2025-09-22 18:33:27,446][absl][INFO] - Creating tmp directory /home/seul/Desktop/project/mujoco/ppo_ckpt/000005898240.orbax-checkpoint-tmp
[2025-09-22 18:33:27,449][absl][INFO] - Transferring arrays to host memory with options: use_replica_parallel=True, min_slice_bytes_for_replica_parallel=None, max_replicas_for_replica_parallel=None, enable_pinned_host_transfer=True
[2025-09-22 18:33:27,452][absl][INFO] - [process=0][thread=MainThread] Initiated "orbax.checkpoint._src.serialization.type_handlers.ArrayHandler".serialize. Time taken: 0.003302s
[2025-09-22 18:33:27,452][absl][INFO] - [process=0] /jax/checkpoint/write/blocking_gbytes_per_sec: 0 Bytes/s (total gbytes: 1.0 MiB) (time elapsed: 5 milliseconds) (per-host)
[2025-09-22 18:33:27,452][absl][INFO] - [process=0][thread=MainThread] Initiated Pytree async_save. Time taken: 0.005180s (batch_requests_ready=0.000642s, total_serialization_initiated=0.004273s, others=0.000265s)
[2025-09-22 18:33:27,453][absl][WARNING] - [process=0][thread=MainThread][operation_id=6] _SignalingThread.join() waiting for signals ([]) blocking the main thread will slow down blocking save times. This is likely due to main thread calling result() on a CommitFuture.
[2025-09-22 18:33:27,458][absl][INFO] - [process=0][thread=array_type_handler] Wrote 26 array_metadata.ArrayMetadata to /home/seul/Desktop/project/mujoco/ppo_ckpt/000005898240.orbax-checkpoint-tmp/array_metadatas/process_0
[2025-09-22 18:33:27,582][absl][INFO] - [process=0][thread=write_metadata_after_commits] Commit + Array metadata written. Time taken: 0.129446s (commit=0.128087s, array_metadata_write=0.001359s)
[2025-09-22 18:33:27,583][absl][INFO] - [process=0] /jax/checkpoint/write/gbytes_per_sec: 0 Bytes/s (total gbytes: 1.0 MiB) (time elapsed: 135 milliseconds) (per-host)
[2025-09-22 18:33:27,584][absl][INFO] - [process=0][thread=MainThread] Skipped cross-host ArrayMetadata validation because only one process is found: process_index=0.
[2025-09-22 18:33:27,610][absl][INFO] - [process=0][thread=MainThread] Pytree save finalize (merge_ocdbt + ArrayMetadata validation) completed. Time taken: 0.026163s. use_zarr3=False, enable_post_merge_validation=True, directory=/home/seul/Desktop/project/mujoco/ppo_ckpt/000005898240.orbax-checkpoint-tmp
[2025-09-22 18:33:27,610][absl][INFO] - Renaming /home/seul/Desktop/project/mujoco/ppo_ckpt/000005898240.orbax-checkpoint-tmp to /home/seul/Desktop/project/mujoco/ppo_ckpt/000005898240
[2025-09-22 18:33:27,611][absl][INFO] - [process=0][thread=MainThread] Finished saving checkpoint (finalized tmp dir) to `/home/seul/Desktop/project/mujoco/ppo_ckpt/000005898240`.
[2025-09-22 18:33:27,612][absl][INFO] - Finished synchronous save in 0.17 seconds to /home/seul/Desktop/project/mujoco/ppo_ckpt/000005898240
[2025-09-22 18:33:27,743][absl][INFO] - {'eval/walltime': 9.782155990600586, 'training/sps': np.float64(432303.0518802212), 'training/walltime': 24.933929443359375, 'training/entropy_loss': Array(-0.00595254, dtype=float32), 'training/policy_loss': Array(-0.00203532, dtype=float32), 'training/total_loss': Array(979.7821, dtype=float32), 'training/v_loss': Array(979.79016, dtype=float32), 'eval/episode_reward': Array(445.84625, dtype=float32), 'eval/episode_reward/angle_in_bounds': Array(0., dtype=float32), 'eval/episode_reward/cart_in_bounds': Array(0., dtype=float32), 'eval/episode_reward/centered': Array(831.14923, dtype=float32), 'eval/episode_reward/small_control': Array(942.4804, dtype=float32), 'eval/episode_reward/small_velocity': Array(736.7728, dtype=float32), 'eval/episode_reward/upright': Array(672.2774, dtype=float32), 'eval/episode_reward_std': Array(55.482162, dtype=float32), 'eval/episode_reward/angle_in_bounds_std': Array(0., dtype=float32), 'eval/episode_reward/cart_in_bounds_std': Array(0., dtype=float32), 'eval/episode_reward/centered_std': Array(39.972286, dtype=float32), 'eval/episode_reward/small_control_std': Array(3.105059, dtype=float32), 'eval/episode_reward/small_velocity_std': Array(45.22046, dtype=float32), 'eval/episode_reward/upright_std': Array(56.648354, dtype=float32), 'eval/avg_episode_length': Array(1000., dtype=float32), 'eval/std_episode_length': Array(0., dtype=float32), 'eval/epoch_eval_time': 0.12889337539672852, 'eval/sps': 993068.8804294345}
[2025-09-22 18:33:27,786][absl][INFO] - starting iteration 6 43.695321559906006
[2025-09-22 18:33:30,062][root][INFO] - saving checkpoint to /home/seul/Desktop/project/mujoco/ppo_ckpt/000006881280
[2025-09-22 18:33:30,062][absl][INFO] - Created BasePyTreeCheckpointHandler: use_ocdbt=True, use_zarr3=False, pytree_metadata_options=PyTreeMetadataOptions(support_rich_types=False), array_metadata_store=<orbax.checkpoint._src.metadata.array_metadata_store.Store object at 0x790968001e90>, enable_pinned_host_transfer=True, save_concurrent_bytes: 96000000000 (89.4 GiB), restore_concurrent_bytes: 96000000000 (89.4 GiB)
[2025-09-22 18:33:30,062][absl][INFO] - [process=0] Started saving checkpoint to /home/seul/Desktop/project/mujoco/ppo_ckpt/000006881280.
[2025-09-22 18:33:30,063][absl][INFO] - Specified `force`: removing existing directory.
[2025-09-22 18:33:30,064][absl][INFO] - Creating tmp directory /home/seul/Desktop/project/mujoco/ppo_ckpt/000006881280.orbax-checkpoint-tmp
[2025-09-22 18:33:30,066][absl][INFO] - Transferring arrays to host memory with options: use_replica_parallel=True, min_slice_bytes_for_replica_parallel=None, max_replicas_for_replica_parallel=None, enable_pinned_host_transfer=True
[2025-09-22 18:33:30,069][absl][INFO] - [process=0][thread=MainThread] Initiated "orbax.checkpoint._src.serialization.type_handlers.ArrayHandler".serialize. Time taken: 0.002955s
[2025-09-22 18:33:30,072][absl][INFO] - [process=0] /jax/checkpoint/write/blocking_gbytes_per_sec: 0 Bytes/s (total gbytes: 1.0 MiB) (time elapsed: 7 milliseconds) (per-host)
[2025-09-22 18:33:30,072][absl][INFO] - [process=0][thread=MainThread] Initiated Pytree async_save. Time taken: 0.007850s (batch_requests_ready=0.000651s, total_serialization_initiated=0.005863s, others=0.001336s)
[2025-09-22 18:33:30,073][absl][WARNING] - [process=0][thread=MainThread][operation_id=7] _SignalingThread.join() waiting for signals ([]) blocking the main thread will slow down blocking save times. This is likely due to main thread calling result() on a CommitFuture.
[2025-09-22 18:33:30,075][absl][INFO] - [process=0][thread=array_type_handler] Wrote 26 array_metadata.ArrayMetadata to /home/seul/Desktop/project/mujoco/ppo_ckpt/000006881280.orbax-checkpoint-tmp/array_metadatas/process_0
[2025-09-22 18:33:30,199][absl][INFO] - [process=0][thread=write_metadata_after_commits] Commit + Array metadata written. Time taken: 0.126476s (commit=0.125188s, array_metadata_write=0.001288s)
[2025-09-22 18:33:30,199][absl][INFO] - [process=0] /jax/checkpoint/write/gbytes_per_sec: 0 Bytes/s (total gbytes: 1.0 MiB) (time elapsed: 134 milliseconds) (per-host)
[2025-09-22 18:33:30,201][absl][INFO] - [process=0][thread=MainThread] Skipped cross-host ArrayMetadata validation because only one process is found: process_index=0.
[2025-09-22 18:33:30,226][absl][INFO] - [process=0][thread=MainThread] Pytree save finalize (merge_ocdbt + ArrayMetadata validation) completed. Time taken: 0.026257s. use_zarr3=False, enable_post_merge_validation=True, directory=/home/seul/Desktop/project/mujoco/ppo_ckpt/000006881280.orbax-checkpoint-tmp
[2025-09-22 18:33:30,227][absl][INFO] - Renaming /home/seul/Desktop/project/mujoco/ppo_ckpt/000006881280.orbax-checkpoint-tmp to /home/seul/Desktop/project/mujoco/ppo_ckpt/000006881280
[2025-09-22 18:33:30,228][absl][INFO] - [process=0][thread=MainThread] Finished saving checkpoint (finalized tmp dir) to `/home/seul/Desktop/project/mujoco/ppo_ckpt/000006881280`.
[2025-09-22 18:33:30,228][absl][INFO] - Finished synchronous save in 0.17 seconds to /home/seul/Desktop/project/mujoco/ppo_ckpt/000006881280
[2025-09-22 18:33:30,360][absl][INFO] - {'eval/walltime': 9.91118049621582, 'training/sps': np.float64(433016.24959199625), 'training/walltime': 27.20414447784424, 'training/entropy_loss': Array(-0.00572052, dtype=float32), 'training/policy_loss': Array(-0.00268652, dtype=float32), 'training/total_loss': Array(1047.8245, dtype=float32), 'training/v_loss': Array(1047.8329, dtype=float32), 'eval/episode_reward': Array(404.41156, dtype=float32), 'eval/episode_reward/angle_in_bounds': Array(0., dtype=float32), 'eval/episode_reward/cart_in_bounds': Array(0., dtype=float32), 'eval/episode_reward/centered': Array(803.8996, dtype=float32), 'eval/episode_reward/small_control': Array(942.0166, dtype=float32), 'eval/episode_reward/small_velocity': Array(718.6502, dtype=float32), 'eval/episode_reward/upright': Array(629.9785, dtype=float32), 'eval/episode_reward_std': Array(68.83592, dtype=float32), 'eval/episode_reward/angle_in_bounds_std': Array(0., dtype=float32), 'eval/episode_reward/cart_in_bounds_std': Array(0., dtype=float32), 'eval/episode_reward/centered_std': Array(46.133976, dtype=float32), 'eval/episode_reward/small_control_std': Array(4.040792, dtype=float32), 'eval/episode_reward/small_velocity_std': Array(69.88254, dtype=float32), 'eval/episode_reward/upright_std': Array(84.93473, dtype=float32), 'eval/avg_episode_length': Array(1000., dtype=float32), 'eval/std_episode_length': Array(0., dtype=float32), 'eval/epoch_eval_time': 0.12902450561523438, 'eval/sps': 992059.6044111995}
[2025-09-22 18:33:30,405][absl][INFO] - starting iteration 7 46.31415128707886
[2025-09-22 18:33:32,681][root][INFO] - saving checkpoint to /home/seul/Desktop/project/mujoco/ppo_ckpt/000007864320
[2025-09-22 18:33:32,681][absl][INFO] - Created BasePyTreeCheckpointHandler: use_ocdbt=True, use_zarr3=False, pytree_metadata_options=PyTreeMetadataOptions(support_rich_types=False), array_metadata_store=<orbax.checkpoint._src.metadata.array_metadata_store.Store object at 0x790968001e90>, enable_pinned_host_transfer=True, save_concurrent_bytes: 96000000000 (89.4 GiB), restore_concurrent_bytes: 96000000000 (89.4 GiB)
[2025-09-22 18:33:32,681][absl][INFO] - [process=0] Started saving checkpoint to /home/seul/Desktop/project/mujoco/ppo_ckpt/000007864320.
[2025-09-22 18:33:32,681][absl][INFO] - Specified `force`: removing existing directory.
[2025-09-22 18:33:32,683][absl][INFO] - Creating tmp directory /home/seul/Desktop/project/mujoco/ppo_ckpt/000007864320.orbax-checkpoint-tmp
[2025-09-22 18:33:32,685][absl][INFO] - Transferring arrays to host memory with options: use_replica_parallel=True, min_slice_bytes_for_replica_parallel=None, max_replicas_for_replica_parallel=None, enable_pinned_host_transfer=True
[2025-09-22 18:33:32,688][absl][INFO] - [process=0][thread=MainThread] Initiated "orbax.checkpoint._src.serialization.type_handlers.ArrayHandler".serialize. Time taken: 0.003549s
[2025-09-22 18:33:32,692][absl][INFO] - [process=0] /jax/checkpoint/write/blocking_gbytes_per_sec: 0 Bytes/s (total gbytes: 1.0 MiB) (time elapsed: 8 milliseconds) (per-host)
[2025-09-22 18:33:32,692][absl][INFO] - [process=0][thread=MainThread] Initiated Pytree async_save. Time taken: 0.008832s (batch_requests_ready=0.000635s, total_serialization_initiated=0.004499s, others=0.003697s)
[2025-09-22 18:33:32,693][absl][WARNING] - [process=0][thread=MainThread][operation_id=8] _SignalingThread.join() waiting for signals ([]) blocking the main thread will slow down blocking save times. This is likely due to main thread calling result() on a CommitFuture.
[2025-09-22 18:33:32,695][absl][INFO] - [process=0][thread=array_type_handler] Wrote 26 array_metadata.ArrayMetadata to /home/seul/Desktop/project/mujoco/ppo_ckpt/000007864320.orbax-checkpoint-tmp/array_metadatas/process_0
[2025-09-22 18:33:32,817][absl][INFO] - [process=0][thread=write_metadata_after_commits] Commit + Array metadata written. Time taken: 0.125203s (commit=0.124088s, array_metadata_write=0.001115s)
[2025-09-22 18:33:32,818][absl][INFO] - [process=0] /jax/checkpoint/write/gbytes_per_sec: 0 Bytes/s (total gbytes: 1.0 MiB) (time elapsed: 134 milliseconds) (per-host)
[2025-09-22 18:33:32,819][absl][INFO] - [process=0][thread=MainThread] Skipped cross-host ArrayMetadata validation because only one process is found: process_index=0.
[2025-09-22 18:33:32,845][absl][INFO] - [process=0][thread=MainThread] Pytree save finalize (merge_ocdbt + ArrayMetadata validation) completed. Time taken: 0.026587s. use_zarr3=False, enable_post_merge_validation=True, directory=/home/seul/Desktop/project/mujoco/ppo_ckpt/000007864320.orbax-checkpoint-tmp
[2025-09-22 18:33:32,846][absl][INFO] - Renaming /home/seul/Desktop/project/mujoco/ppo_ckpt/000007864320.orbax-checkpoint-tmp to /home/seul/Desktop/project/mujoco/ppo_ckpt/000007864320
[2025-09-22 18:33:32,847][absl][INFO] - [process=0][thread=MainThread] Finished saving checkpoint (finalized tmp dir) to `/home/seul/Desktop/project/mujoco/ppo_ckpt/000007864320`.
[2025-09-22 18:33:32,848][absl][INFO] - Finished synchronous save in 0.17 seconds to /home/seul/Desktop/project/mujoco/ppo_ckpt/000007864320
[2025-09-22 18:33:32,979][absl][INFO] - {'eval/walltime': 10.040096282958984, 'training/sps': np.float64(433056.0897778995), 'training/walltime': 29.47415065765381, 'training/entropy_loss': Array(-0.00591921, dtype=float32), 'training/policy_loss': Array(-0.00499534, dtype=float32), 'training/total_loss': Array(299.4702, dtype=float32), 'training/v_loss': Array(299.48114, dtype=float32), 'eval/episode_reward': Array(468.6529, dtype=float32), 'eval/episode_reward/angle_in_bounds': Array(0., dtype=float32), 'eval/episode_reward/cart_in_bounds': Array(0., dtype=float32), 'eval/episode_reward/centered': Array(840.0349, dtype=float32), 'eval/episode_reward/small_control': Array(946.4452, dtype=float32), 'eval/episode_reward/small_velocity': Array(770.8342, dtype=float32), 'eval/episode_reward/upright': Array(654.4155, dtype=float32), 'eval/episode_reward_std': Array(65.83487, dtype=float32), 'eval/episode_reward/angle_in_bounds_std': Array(0., dtype=float32), 'eval/episode_reward/cart_in_bounds_std': Array(0., dtype=float32), 'eval/episode_reward/centered_std': Array(38.116, dtype=float32), 'eval/episode_reward/small_control_std': Array(3.7819703, dtype=float32), 'eval/episode_reward/small_velocity_std': Array(45.951836, dtype=float32), 'eval/episode_reward/upright_std': Array(89.82497, dtype=float32), 'eval/avg_episode_length': Array(1000., dtype=float32), 'eval/std_episode_length': Array(0., dtype=float32), 'eval/epoch_eval_time': 0.12891578674316406, 'eval/sps': 992896.2405125095}
[2025-09-22 18:33:33,023][absl][INFO] - starting iteration 8 48.93222665786743
[2025-09-22 18:33:35,300][root][INFO] - saving checkpoint to /home/seul/Desktop/project/mujoco/ppo_ckpt/000008847360
[2025-09-22 18:33:35,301][absl][INFO] - Created BasePyTreeCheckpointHandler: use_ocdbt=True, use_zarr3=False, pytree_metadata_options=PyTreeMetadataOptions(support_rich_types=False), array_metadata_store=<orbax.checkpoint._src.metadata.array_metadata_store.Store object at 0x790968001e90>, enable_pinned_host_transfer=True, save_concurrent_bytes: 96000000000 (89.4 GiB), restore_concurrent_bytes: 96000000000 (89.4 GiB)
[2025-09-22 18:33:35,301][absl][INFO] - [process=0] Started saving checkpoint to /home/seul/Desktop/project/mujoco/ppo_ckpt/000008847360.
[2025-09-22 18:33:35,301][absl][INFO] - Specified `force`: removing existing directory.
[2025-09-22 18:33:35,302][absl][INFO] - Creating tmp directory /home/seul/Desktop/project/mujoco/ppo_ckpt/000008847360.orbax-checkpoint-tmp
[2025-09-22 18:33:35,305][absl][INFO] - Transferring arrays to host memory with options: use_replica_parallel=True, min_slice_bytes_for_replica_parallel=None, max_replicas_for_replica_parallel=None, enable_pinned_host_transfer=True
[2025-09-22 18:33:35,307][absl][INFO] - [process=0][thread=MainThread] Initiated "orbax.checkpoint._src.serialization.type_handlers.ArrayHandler".serialize. Time taken: 0.002901s
[2025-09-22 18:33:35,311][absl][INFO] - [process=0] /jax/checkpoint/write/blocking_gbytes_per_sec: 0 Bytes/s (total gbytes: 1.0 MiB) (time elapsed: 7 milliseconds) (per-host)
[2025-09-22 18:33:35,312][absl][INFO] - [process=0][thread=MainThread] Initiated Pytree async_save. Time taken: 0.008497s (batch_requests_ready=0.000638s, total_serialization_initiated=0.003803s, others=0.004056s)
[2025-09-22 18:33:35,312][absl][WARNING] - [process=0][thread=MainThread][operation_id=9] _SignalingThread.join() waiting for signals ([]) blocking the main thread will slow down blocking save times. This is likely due to main thread calling result() on a CommitFuture.
[2025-09-22 18:33:35,314][absl][INFO] - [process=0][thread=array_type_handler] Wrote 26 array_metadata.ArrayMetadata to /home/seul/Desktop/project/mujoco/ppo_ckpt/000008847360.orbax-checkpoint-tmp/array_metadatas/process_0
[2025-09-22 18:33:35,436][absl][INFO] - [process=0][thread=write_metadata_after_commits] Commit + Array metadata written. Time taken: 0.124332s (commit=0.123051s, array_metadata_write=0.001281s)
[2025-09-22 18:33:35,436][absl][INFO] - [process=0] /jax/checkpoint/write/gbytes_per_sec: 0 Bytes/s (total gbytes: 1.0 MiB) (time elapsed: 133 milliseconds) (per-host)
[2025-09-22 18:33:35,438][absl][INFO] - [process=0][thread=MainThread] Skipped cross-host ArrayMetadata validation because only one process is found: process_index=0.
[2025-09-22 18:33:35,464][absl][INFO] - [process=0][thread=MainThread] Pytree save finalize (merge_ocdbt + ArrayMetadata validation) completed. Time taken: 0.026775s. use_zarr3=False, enable_post_merge_validation=True, directory=/home/seul/Desktop/project/mujoco/ppo_ckpt/000008847360.orbax-checkpoint-tmp
[2025-09-22 18:33:35,465][absl][INFO] - Renaming /home/seul/Desktop/project/mujoco/ppo_ckpt/000008847360.orbax-checkpoint-tmp to /home/seul/Desktop/project/mujoco/ppo_ckpt/000008847360
[2025-09-22 18:33:35,466][absl][INFO] - [process=0][thread=MainThread] Finished saving checkpoint (finalized tmp dir) to `/home/seul/Desktop/project/mujoco/ppo_ckpt/000008847360`.
[2025-09-22 18:33:35,466][absl][INFO] - Finished synchronous save in 0.17 seconds to /home/seul/Desktop/project/mujoco/ppo_ckpt/000008847360
[2025-09-22 18:33:35,598][absl][INFO] - {'eval/walltime': 10.169176578521729, 'training/sps': np.float64(432702.24189574394), 'training/walltime': 31.746013164520264, 'training/entropy_loss': Array(-0.00492603, dtype=float32), 'training/policy_loss': Array(-0.01346306, dtype=float32), 'training/total_loss': Array(302.95276, dtype=float32), 'training/v_loss': Array(302.97113, dtype=float32), 'eval/episode_reward': Array(765.34546, dtype=float32), 'eval/episode_reward/angle_in_bounds': Array(0., dtype=float32), 'eval/episode_reward/cart_in_bounds': Array(0., dtype=float32), 'eval/episode_reward/centered': Array(913.8264, dtype=float32), 'eval/episode_reward/small_control': Array(961.34265, dtype=float32), 'eval/episode_reward/small_velocity': Array(913.2207, dtype=float32), 'eval/episode_reward/upright': Array(880.78406, dtype=float32), 'eval/episode_reward_std': Array(130.23514, dtype=float32), 'eval/episode_reward/angle_in_bounds_std': Array(0., dtype=float32), 'eval/episode_reward/cart_in_bounds_std': Array(0., dtype=float32), 'eval/episode_reward/centered_std': Array(46.673634, dtype=float32), 'eval/episode_reward/small_control_std': Array(5.621271, dtype=float32), 'eval/episode_reward/small_velocity_std': Array(63.551292, dtype=float32), 'eval/episode_reward/upright_std': Array(91.26154, dtype=float32), 'eval/avg_episode_length': Array(1000., dtype=float32), 'eval/std_episode_length': Array(0., dtype=float32), 'eval/epoch_eval_time': 0.12908029556274414, 'eval/sps': 991630.8251539521}
[2025-09-22 18:33:35,910][absl][INFO] - total steps: 8847360
[2025-09-22 18:33:35,987][root][INFO] - Using JAX default device: cuda:0.
