[2025-09-23 12:16:25,996][jax._src.xla_bridge][INFO] - Unable to initialize backend 'tpu': INTERNAL: Failed to open libtpu.so: libtpu.so: cannot open shared object file: No such file or directory
[2025-09-23 12:16:26,070][root][INFO] - Using JAX default device: cuda:0.
[2025-09-23 12:16:26,204][absl][INFO] - Device count: 1, process count: 1 (id 0), local device count: 1, devices to be used count: 1
[2025-09-23 12:16:26,715][root][INFO] - Using JAX default device: cuda:0.
[2025-09-23 12:16:32,857][root][INFO] - Using JAX default device: cuda:0.
[2025-09-23 12:16:41,887][absl][INFO] - {'eval/walltime': 8.962498188018799, 'eval/episode_reward': Array(280.1272, dtype=float32), 'eval/episode_reward/angle_in_bounds': Array(0., dtype=float32), 'eval/episode_reward/cart_in_bounds': Array(0., dtype=float32), 'eval/episode_reward/centered': Array(721.52405, dtype=float32), 'eval/episode_reward/small_control': Array(923.9684, dtype=float32), 'eval/episode_reward/small_velocity': Array(631.84155, dtype=float32), 'eval/episode_reward/upright': Array(570.74536, dtype=float32), 'eval/episode_reward_std': Array(59.778, dtype=float32), 'eval/episode_reward/angle_in_bounds_std': Array(0., dtype=float32), 'eval/episode_reward/cart_in_bounds_std': Array(0., dtype=float32), 'eval/episode_reward/centered_std': Array(65.59639, dtype=float32), 'eval/episode_reward/small_control_std': Array(11.044095, dtype=float32), 'eval/episode_reward/small_velocity_std': Array(68.4579, dtype=float32), 'eval/episode_reward/upright_std': Array(89.32887, dtype=float32), 'eval/avg_episode_length': Array(1000., dtype=float32), 'eval/std_episode_length': Array(0., dtype=float32), 'eval/epoch_eval_time': 8.962498188018799, 'eval/sps': 14281.732315562675}
[2025-09-23 12:16:42,042][absl][INFO] - starting iteration 0 15.837562561035156
[2025-09-23 12:17:10,069][root][INFO] - saving checkpoint to /home/seul/Desktop/project/mujoco/ppo_ckpt/000006881280
[2025-09-23 12:17:10,069][absl][INFO] - orbax-checkpoint version: 0.11.25
[2025-09-23 12:17:10,069][absl][INFO] - Created BasePyTreeCheckpointHandler: use_ocdbt=True, use_zarr3=False, pytree_metadata_options=PyTreeMetadataOptions(support_rich_types=False), array_metadata_store=<orbax.checkpoint._src.metadata.array_metadata_store.Store object at 0x7744eb5e8a90>, enable_pinned_host_transfer=True, save_concurrent_bytes: 96000000000 (89.4 GiB), restore_concurrent_bytes: 96000000000 (89.4 GiB)
[2025-09-23 12:17:10,070][absl][INFO] - [thread=MainThread] Failed to get flag value for EXPERIMENTAL_ORBAX_USE_DISTRIBUTED_PROCESS_ID.
[2025-09-23 12:17:10,070][absl][INFO] - [process=0] Started saving checkpoint to /home/seul/Desktop/project/mujoco/ppo_ckpt/000006881280.
[2025-09-23 12:17:10,070][absl][INFO] - Specified `force`: removing existing directory.
[2025-09-23 12:17:10,071][absl][INFO] - Creating tmp directory /home/seul/Desktop/project/mujoco/ppo_ckpt/000006881280.orbax-checkpoint-tmp
[2025-09-23 12:17:10,072][absl][INFO] - Wrote Metadata={'item_handlers': None, 'metrics': {}, 'performance_metrics': {}, 'init_timestamp_nsecs': 1758597430072338661, 'commit_timestamp_nsecs': None, 'custom_metadata': {}}, json={"item_handlers": null, "metrics": {}, "performance_metrics": {}, "init_timestamp_nsecs": 1758597430072338661, "commit_timestamp_nsecs": null, "custom_metadata": {}} to /home/seul/Desktop/project/mujoco/ppo_ckpt/000006881280.orbax-checkpoint-tmp/_CHECKPOINT_METADATA
[2025-09-23 12:17:10,075][absl][INFO] - Transferring arrays to host memory with options: use_replica_parallel=True, min_slice_bytes_for_replica_parallel=None, max_replicas_for_replica_parallel=None, enable_pinned_host_transfer=True
[2025-09-23 12:17:10,080][absl][INFO] - Using ThreadSafeKeyValueSignalingClient
[2025-09-23 12:17:10,080][absl][INFO] - [process=0][thread=MainThread] Initiated "orbax.checkpoint._src.serialization.type_handlers.ArrayHandler".serialize. Time taken: 0.005658s
[2025-09-23 12:17:10,084][absl][INFO] - [process=0] /jax/checkpoint/write/blocking_gbytes_per_sec: 0 Bytes/s (total gbytes: 1.0 MiB) (time elapsed: 11 milliseconds) (per-host)
[2025-09-23 12:17:10,084][absl][INFO] - [process=0][thread=MainThread] Initiated Pytree async_save. Time taken: 0.011763s (batch_requests_ready=0.000861s, total_serialization_initiated=0.007117s, others=0.003785s)
[2025-09-23 12:17:10,085][absl][WARNING] - [process=0][thread=MainThread][operation_id=1] _SignalingThread.join() waiting for signals ([]) blocking the main thread will slow down blocking save times. This is likely due to main thread calling result() on a CommitFuture.
[2025-09-23 12:17:10,086][absl][INFO] - [process=0][thread=array_type_handler] Wrote 26 array_metadata.ArrayMetadata to /home/seul/Desktop/project/mujoco/ppo_ckpt/000006881280.orbax-checkpoint-tmp/array_metadatas/process_0
[2025-09-23 12:17:10,222][absl][INFO] - [process=0][thread=write_metadata_after_commits] Commit + Array metadata written. Time taken: 0.137693s (commit=0.136072s, array_metadata_write=0.001621s)
[2025-09-23 12:17:10,223][absl][INFO] - [process=0] /jax/checkpoint/write/gbytes_per_sec: 0 Bytes/s (total gbytes: 1.0 MiB) (time elapsed: 150 milliseconds) (per-host)
[2025-09-23 12:17:10,224][absl][INFO] - Read Metadata={'item_handlers': None, 'metrics': {}, 'performance_metrics': {}, 'init_timestamp_nsecs': 1758597430072338661, 'commit_timestamp_nsecs': None, 'custom_metadata': {}} from /home/seul/Desktop/project/mujoco/ppo_ckpt/000006881280.orbax-checkpoint-tmp/_CHECKPOINT_METADATA
[2025-09-23 12:17:10,224][absl][INFO] - Updated Metadata={'item_handlers': 'orbax.checkpoint._src.handlers.pytree_checkpoint_handler.PyTreeCheckpointHandler', 'metrics': {}, 'performance_metrics': {}, 'init_timestamp_nsecs': 1758597430072338661, 'commit_timestamp_nsecs': None, 'custom_metadata': {}} to /home/seul/Desktop/project/mujoco/ppo_ckpt/000006881280.orbax-checkpoint-tmp/_CHECKPOINT_METADATA
[2025-09-23 12:17:10,225][absl][INFO] - [process=0][thread=MainThread] Skipped cross-host ArrayMetadata validation because only one process is found: process_index=0.
[2025-09-23 12:17:10,251][absl][INFO] - [process=0][thread=MainThread] Pytree save finalize (merge_ocdbt + ArrayMetadata validation) completed. Time taken: 0.026872s. use_zarr3=False, enable_post_merge_validation=True, directory=/home/seul/Desktop/project/mujoco/ppo_ckpt/000006881280.orbax-checkpoint-tmp
[2025-09-23 12:17:10,252][absl][INFO] - Renaming /home/seul/Desktop/project/mujoco/ppo_ckpt/000006881280.orbax-checkpoint-tmp to /home/seul/Desktop/project/mujoco/ppo_ckpt/000006881280
[2025-09-23 12:17:10,253][absl][INFO] - [process=0][thread=MainThread] Finished saving checkpoint (finalized tmp dir) to `/home/seul/Desktop/project/mujoco/ppo_ckpt/000006881280`.
[2025-09-23 12:17:10,254][absl][INFO] - Finished synchronous save in 0.18 seconds to /home/seul/Desktop/project/mujoco/ppo_ckpt/000006881280
[2025-09-23 12:17:10,388][absl][INFO] - {'eval/walltime': 9.094291687011719, 'training/sps': np.float64(247739.07088746334), 'training/walltime': 27.776321172714233, 'training/entropy_loss': Array(-0.00519498, dtype=float32), 'training/policy_loss': Array(-0.00757152, dtype=float32), 'training/total_loss': Array(439.14807, dtype=float32), 'training/v_loss': Array(439.1608, dtype=float32), 'eval/episode_reward': Array(660.9866, dtype=float32), 'eval/episode_reward/angle_in_bounds': Array(0., dtype=float32), 'eval/episode_reward/cart_in_bounds': Array(0., dtype=float32), 'eval/episode_reward/centered': Array(904.8583, dtype=float32), 'eval/episode_reward/small_control': Array(954.1882, dtype=float32), 'eval/episode_reward/small_velocity': Array(868.567, dtype=float32), 'eval/episode_reward/upright': Array(794.46716, dtype=float32), 'eval/episode_reward_std': Array(143.85664, dtype=float32), 'eval/episode_reward/angle_in_bounds_std': Array(0., dtype=float32), 'eval/episode_reward/cart_in_bounds_std': Array(0., dtype=float32), 'eval/episode_reward/centered_std': Array(49.89462, dtype=float32), 'eval/episode_reward/small_control_std': Array(5.005298, dtype=float32), 'eval/episode_reward/small_velocity_std': Array(67.490486, dtype=float32), 'eval/episode_reward/upright_std': Array(131.19185, dtype=float32), 'eval/avg_episode_length': Array(1000., dtype=float32), 'eval/std_episode_length': Array(0., dtype=float32), 'eval/epoch_eval_time': 0.13179349899291992, 'eval/sps': 971216.342066131}
[2025-09-23 12:17:10,433][absl][INFO] - starting iteration 1 44.229193925857544
[2025-09-23 12:17:26,278][root][INFO] - saving checkpoint to /home/seul/Desktop/project/mujoco/ppo_ckpt/000013762560
[2025-09-23 12:17:26,279][absl][INFO] - Created BasePyTreeCheckpointHandler: use_ocdbt=True, use_zarr3=False, pytree_metadata_options=PyTreeMetadataOptions(support_rich_types=False), array_metadata_store=<orbax.checkpoint._src.metadata.array_metadata_store.Store object at 0x7744eb5e8a90>, enable_pinned_host_transfer=True, save_concurrent_bytes: 96000000000 (89.4 GiB), restore_concurrent_bytes: 96000000000 (89.4 GiB)
[2025-09-23 12:17:26,279][absl][INFO] - [process=0] Started saving checkpoint to /home/seul/Desktop/project/mujoco/ppo_ckpt/000013762560.
[2025-09-23 12:17:26,279][absl][INFO] - Specified `force`: removing existing directory.
[2025-09-23 12:17:26,280][absl][INFO] - Creating tmp directory /home/seul/Desktop/project/mujoco/ppo_ckpt/000013762560.orbax-checkpoint-tmp
[2025-09-23 12:17:26,283][absl][INFO] - Transferring arrays to host memory with options: use_replica_parallel=True, min_slice_bytes_for_replica_parallel=None, max_replicas_for_replica_parallel=None, enable_pinned_host_transfer=True
[2025-09-23 12:17:26,285][absl][INFO] - [process=0][thread=MainThread] Initiated "orbax.checkpoint._src.serialization.type_handlers.ArrayHandler".serialize. Time taken: 0.002945s
[2025-09-23 12:17:26,289][absl][INFO] - [process=0] /jax/checkpoint/write/blocking_gbytes_per_sec: 0 Bytes/s (total gbytes: 1.0 MiB) (time elapsed: 8 milliseconds) (per-host)
[2025-09-23 12:17:26,291][absl][INFO] - [process=0][thread=MainThread] Initiated Pytree async_save. Time taken: 0.009565s (batch_requests_ready=0.000638s, total_serialization_initiated=0.005055s, others=0.003872s)
[2025-09-23 12:17:26,291][absl][WARNING] - [process=0][thread=MainThread][operation_id=2] _SignalingThread.join() waiting for signals ([]) blocking the main thread will slow down blocking save times. This is likely due to main thread calling result() on a CommitFuture.
[2025-09-23 12:17:26,292][absl][INFO] - [process=0][thread=array_type_handler] Wrote 26 array_metadata.ArrayMetadata to /home/seul/Desktop/project/mujoco/ppo_ckpt/000013762560.orbax-checkpoint-tmp/array_metadatas/process_0
[2025-09-23 12:17:26,415][absl][INFO] - [process=0][thread=write_metadata_after_commits] Commit + Array metadata written. Time taken: 0.125807s (commit=0.124522s, array_metadata_write=0.001285s)
[2025-09-23 12:17:26,415][absl][INFO] - [process=0] /jax/checkpoint/write/gbytes_per_sec: 0 Bytes/s (total gbytes: 1.0 MiB) (time elapsed: 134 milliseconds) (per-host)
[2025-09-23 12:17:26,417][absl][INFO] - [process=0][thread=MainThread] Skipped cross-host ArrayMetadata validation because only one process is found: process_index=0.
[2025-09-23 12:17:26,443][absl][INFO] - [process=0][thread=MainThread] Pytree save finalize (merge_ocdbt + ArrayMetadata validation) completed. Time taken: 0.026409s. use_zarr3=False, enable_post_merge_validation=True, directory=/home/seul/Desktop/project/mujoco/ppo_ckpt/000013762560.orbax-checkpoint-tmp
[2025-09-23 12:17:26,443][absl][INFO] - Renaming /home/seul/Desktop/project/mujoco/ppo_ckpt/000013762560.orbax-checkpoint-tmp to /home/seul/Desktop/project/mujoco/ppo_ckpt/000013762560
[2025-09-23 12:17:26,444][absl][INFO] - [process=0][thread=MainThread] Finished saving checkpoint (finalized tmp dir) to `/home/seul/Desktop/project/mujoco/ppo_ckpt/000013762560`.
[2025-09-23 12:17:26,445][absl][INFO] - Finished synchronous save in 0.17 seconds to /home/seul/Desktop/project/mujoco/ppo_ckpt/000013762560
[2025-09-23 12:17:26,579][absl][INFO] - {'eval/walltime': 9.22650933265686, 'training/sps': np.float64(434448.64246289147), 'training/walltime': 43.61543154716492, 'training/entropy_loss': Array(-0.00106881, dtype=float32), 'training/policy_loss': Array(-0.03250438, dtype=float32), 'training/total_loss': Array(228.548, dtype=float32), 'training/v_loss': Array(228.58156, dtype=float32), 'eval/episode_reward': Array(994.85144, dtype=float32), 'eval/episode_reward/angle_in_bounds': Array(0., dtype=float32), 'eval/episode_reward/cart_in_bounds': Array(0., dtype=float32), 'eval/episode_reward/centered': Array(999.8061, dtype=float32), 'eval/episode_reward/small_control': Array(995.16235, dtype=float32), 'eval/episode_reward/small_velocity': Array(999.89526, dtype=float32), 'eval/episode_reward/upright': Array(999.9922, dtype=float32), 'eval/episode_reward_std': Array(0.2914431, dtype=float32), 'eval/episode_reward/angle_in_bounds_std': Array(0., dtype=float32), 'eval/episode_reward/cart_in_bounds_std': Array(0., dtype=float32), 'eval/episode_reward/centered_std': Array(0.14781953, dtype=float32), 'eval/episode_reward/small_control_std': Array(0.21854053, dtype=float32), 'eval/episode_reward/small_velocity_std': Array(0.01760782, dtype=float32), 'eval/episode_reward/upright_std': Array(0.00362086, dtype=float32), 'eval/avg_episode_length': Array(1000., dtype=float32), 'eval/std_episode_length': Array(0., dtype=float32), 'eval/epoch_eval_time': 0.1322176456451416, 'eval/sps': 968100.7355367579}
[2025-09-23 12:17:26,622][absl][INFO] - starting iteration 2 60.4177987575531
[2025-09-23 12:17:42,498][root][INFO] - saving checkpoint to /home/seul/Desktop/project/mujoco/ppo_ckpt/000020643840
[2025-09-23 12:17:42,499][absl][INFO] - Created BasePyTreeCheckpointHandler: use_ocdbt=True, use_zarr3=False, pytree_metadata_options=PyTreeMetadataOptions(support_rich_types=False), array_metadata_store=<orbax.checkpoint._src.metadata.array_metadata_store.Store object at 0x7744eb5e8a90>, enable_pinned_host_transfer=True, save_concurrent_bytes: 96000000000 (89.4 GiB), restore_concurrent_bytes: 96000000000 (89.4 GiB)
[2025-09-23 12:17:42,499][absl][INFO] - [process=0] Started saving checkpoint to /home/seul/Desktop/project/mujoco/ppo_ckpt/000020643840.
[2025-09-23 12:17:42,499][absl][INFO] - Specified `force`: removing existing directory.
[2025-09-23 12:17:42,500][absl][INFO] - Creating tmp directory /home/seul/Desktop/project/mujoco/ppo_ckpt/000020643840.orbax-checkpoint-tmp
[2025-09-23 12:17:42,503][absl][INFO] - Transferring arrays to host memory with options: use_replica_parallel=True, min_slice_bytes_for_replica_parallel=None, max_replicas_for_replica_parallel=None, enable_pinned_host_transfer=True
[2025-09-23 12:17:42,506][absl][INFO] - [process=0][thread=MainThread] Initiated "orbax.checkpoint._src.serialization.type_handlers.ArrayHandler".serialize. Time taken: 0.002937s
[2025-09-23 12:17:42,508][absl][INFO] - [process=0] /jax/checkpoint/write/blocking_gbytes_per_sec: 0 Bytes/s (total gbytes: 1.0 MiB) (time elapsed: 6 milliseconds) (per-host)
[2025-09-23 12:17:42,510][absl][INFO] - [process=0][thread=MainThread] Initiated Pytree async_save. Time taken: 0.008599s (batch_requests_ready=0.000679s, total_serialization_initiated=0.003974s, others=0.003946s)
[2025-09-23 12:17:42,510][absl][WARNING] - [process=0][thread=MainThread][operation_id=3] _SignalingThread.join() waiting for signals ([]) blocking the main thread will slow down blocking save times. This is likely due to main thread calling result() on a CommitFuture.
[2025-09-23 12:17:42,512][absl][INFO] - [process=0][thread=array_type_handler] Wrote 26 array_metadata.ArrayMetadata to /home/seul/Desktop/project/mujoco/ppo_ckpt/000020643840.orbax-checkpoint-tmp/array_metadatas/process_0
[2025-09-23 12:17:42,631][absl][INFO] - [process=0][thread=write_metadata_after_commits] Commit + Array metadata written. Time taken: 0.123142s (commit=0.121861s, array_metadata_write=0.001281s)
[2025-09-23 12:17:42,632][absl][INFO] - [process=0] /jax/checkpoint/write/gbytes_per_sec: 0 Bytes/s (total gbytes: 1.0 MiB) (time elapsed: 130 milliseconds) (per-host)
[2025-09-23 12:17:42,634][absl][INFO] - [process=0][thread=MainThread] Skipped cross-host ArrayMetadata validation because only one process is found: process_index=0.
[2025-09-23 12:17:42,659][absl][INFO] - [process=0][thread=MainThread] Pytree save finalize (merge_ocdbt + ArrayMetadata validation) completed. Time taken: 0.026372s. use_zarr3=False, enable_post_merge_validation=True, directory=/home/seul/Desktop/project/mujoco/ppo_ckpt/000020643840.orbax-checkpoint-tmp
[2025-09-23 12:17:42,661][absl][INFO] - Renaming /home/seul/Desktop/project/mujoco/ppo_ckpt/000020643840.orbax-checkpoint-tmp to /home/seul/Desktop/project/mujoco/ppo_ckpt/000020643840
[2025-09-23 12:17:42,662][absl][INFO] - [process=0][thread=MainThread] Finished saving checkpoint (finalized tmp dir) to `/home/seul/Desktop/project/mujoco/ppo_ckpt/000020643840`.
[2025-09-23 12:17:42,662][absl][INFO] - Finished synchronous save in 0.16 seconds to /home/seul/Desktop/project/mujoco/ppo_ckpt/000020643840
[2025-09-23 12:17:42,795][absl][INFO] - {'eval/walltime': 9.356989622116089, 'training/sps': np.float64(433595.88183412707), 'training/walltime': 59.48569297790527, 'training/entropy_loss': Array(0.01157966, dtype=float32), 'training/policy_loss': Array(-0.01663696, dtype=float32), 'training/total_loss': Array(0.02139398, dtype=float32), 'training/v_loss': Array(0.02645128, dtype=float32), 'eval/episode_reward': Array(998.9576, dtype=float32), 'eval/episode_reward/angle_in_bounds': Array(0., dtype=float32), 'eval/episode_reward/cart_in_bounds': Array(0., dtype=float32), 'eval/episode_reward/centered': Array(999.68207, dtype=float32), 'eval/episode_reward/small_control': Array(999.29364, dtype=float32), 'eval/episode_reward/small_velocity': Array(999.9872, dtype=float32), 'eval/episode_reward/upright': Array(999.9987, dtype=float32), 'eval/episode_reward_std': Array(0.17584841, dtype=float32), 'eval/episode_reward/angle_in_bounds_std': Array(0., dtype=float32), 'eval/episode_reward/cart_in_bounds_std': Array(0., dtype=float32), 'eval/episode_reward/centered_std': Array(0.15758468, dtype=float32), 'eval/episode_reward/small_control_std': Array(0.04132248, dtype=float32), 'eval/episode_reward/small_velocity_std': Array(0.00778037, dtype=float32), 'eval/episode_reward/upright_std': Array(0.00111692, dtype=float32), 'eval/avg_episode_length': Array(1000., dtype=float32), 'eval/std_episode_length': Array(0., dtype=float32), 'eval/epoch_eval_time': 0.13048028945922852, 'eval/sps': 980991.0794227389}
[2025-09-23 12:17:42,838][absl][INFO] - starting iteration 3 76.63413381576538
[2025-09-23 12:17:58,720][root][INFO] - saving checkpoint to /home/seul/Desktop/project/mujoco/ppo_ckpt/000027525120
[2025-09-23 12:17:58,720][absl][INFO] - Created BasePyTreeCheckpointHandler: use_ocdbt=True, use_zarr3=False, pytree_metadata_options=PyTreeMetadataOptions(support_rich_types=False), array_metadata_store=<orbax.checkpoint._src.metadata.array_metadata_store.Store object at 0x7744eb5e8a90>, enable_pinned_host_transfer=True, save_concurrent_bytes: 96000000000 (89.4 GiB), restore_concurrent_bytes: 96000000000 (89.4 GiB)
[2025-09-23 12:17:58,721][absl][INFO] - [process=0] Started saving checkpoint to /home/seul/Desktop/project/mujoco/ppo_ckpt/000027525120.
[2025-09-23 12:17:58,721][absl][INFO] - Specified `force`: removing existing directory.
[2025-09-23 12:17:58,722][absl][INFO] - Creating tmp directory /home/seul/Desktop/project/mujoco/ppo_ckpt/000027525120.orbax-checkpoint-tmp
[2025-09-23 12:17:58,725][absl][INFO] - Transferring arrays to host memory with options: use_replica_parallel=True, min_slice_bytes_for_replica_parallel=None, max_replicas_for_replica_parallel=None, enable_pinned_host_transfer=True
[2025-09-23 12:17:58,727][absl][INFO] - [process=0][thread=MainThread] Initiated "orbax.checkpoint._src.serialization.type_handlers.ArrayHandler".serialize. Time taken: 0.003006s
[2025-09-23 12:17:58,730][absl][INFO] - [process=0] /jax/checkpoint/write/blocking_gbytes_per_sec: 0 Bytes/s (total gbytes: 1.0 MiB) (time elapsed: 7 milliseconds) (per-host)
[2025-09-23 12:17:58,732][absl][INFO] - [process=0][thread=MainThread] Initiated Pytree async_save. Time taken: 0.008633s (batch_requests_ready=0.000688s, total_serialization_initiated=0.005352s, others=0.002593s)
[2025-09-23 12:17:58,732][absl][WARNING] - [process=0][thread=MainThread][operation_id=4] _SignalingThread.join() waiting for signals ([]) blocking the main thread will slow down blocking save times. This is likely due to main thread calling result() on a CommitFuture.
[2025-09-23 12:17:58,734][absl][INFO] - [process=0][thread=array_type_handler] Wrote 26 array_metadata.ArrayMetadata to /home/seul/Desktop/project/mujoco/ppo_ckpt/000027525120.orbax-checkpoint-tmp/array_metadatas/process_0
[2025-09-23 12:17:58,856][absl][INFO] - [process=0][thread=write_metadata_after_commits] Commit + Array metadata written. Time taken: 0.124426s (commit=0.123240s, array_metadata_write=0.001186s)
[2025-09-23 12:17:58,856][absl][INFO] - [process=0] /jax/checkpoint/write/gbytes_per_sec: 0 Bytes/s (total gbytes: 1.0 MiB) (time elapsed: 133 milliseconds) (per-host)
[2025-09-23 12:17:58,858][absl][INFO] - [process=0][thread=MainThread] Skipped cross-host ArrayMetadata validation because only one process is found: process_index=0.
[2025-09-23 12:17:58,884][absl][INFO] - [process=0][thread=MainThread] Pytree save finalize (merge_ocdbt + ArrayMetadata validation) completed. Time taken: 0.026583s. use_zarr3=False, enable_post_merge_validation=True, directory=/home/seul/Desktop/project/mujoco/ppo_ckpt/000027525120.orbax-checkpoint-tmp
[2025-09-23 12:17:58,885][absl][INFO] - Renaming /home/seul/Desktop/project/mujoco/ppo_ckpt/000027525120.orbax-checkpoint-tmp to /home/seul/Desktop/project/mujoco/ppo_ckpt/000027525120
[2025-09-23 12:17:58,885][absl][INFO] - [process=0][thread=MainThread] Finished saving checkpoint (finalized tmp dir) to `/home/seul/Desktop/project/mujoco/ppo_ckpt/000027525120`.
[2025-09-23 12:17:58,886][absl][INFO] - Finished synchronous save in 0.17 seconds to /home/seul/Desktop/project/mujoco/ppo_ckpt/000027525120
[2025-09-23 12:17:59,022][absl][INFO] - {'eval/walltime': 9.490797758102417, 'training/sps': np.float64(433446.445836728), 'training/walltime': 75.36142587661743, 'training/entropy_loss': Array(0.01709967, dtype=float32), 'training/policy_loss': Array(-0.00286447, dtype=float32), 'training/total_loss': Array(0.0397802, dtype=float32), 'training/v_loss': Array(0.025545, dtype=float32), 'eval/episode_reward': Array(999.1498, dtype=float32), 'eval/episode_reward/angle_in_bounds': Array(0., dtype=float32), 'eval/episode_reward/cart_in_bounds': Array(0., dtype=float32), 'eval/episode_reward/centered': Array(999.53357, dtype=float32), 'eval/episode_reward/small_control': Array(999.6294, dtype=float32), 'eval/episode_reward/small_velocity': Array(999.99146, dtype=float32), 'eval/episode_reward/upright': Array(999.9986, dtype=float32), 'eval/episode_reward_std': Array(0.29378274, dtype=float32), 'eval/episode_reward/angle_in_bounds_std': Array(0., dtype=float32), 'eval/episode_reward/cart_in_bounds_std': Array(0., dtype=float32), 'eval/episode_reward/centered_std': Array(0.2676101, dtype=float32), 'eval/episode_reward/small_control_std': Array(0.03289587, dtype=float32), 'eval/episode_reward/small_velocity_std': Array(0.00709138, dtype=float32), 'eval/episode_reward/upright_std': Array(0.00122037, dtype=float32), 'eval/avg_episode_length': Array(1000., dtype=float32), 'eval/std_episode_length': Array(0., dtype=float32), 'eval/epoch_eval_time': 0.13380813598632812, 'eval/sps': 956593.5513299312}
[2025-09-23 12:17:59,065][absl][INFO] - starting iteration 4 92.86107659339905
[2025-09-23 12:18:14,943][root][INFO] - saving checkpoint to /home/seul/Desktop/project/mujoco/ppo_ckpt/000034406400
[2025-09-23 12:18:14,944][absl][INFO] - Created BasePyTreeCheckpointHandler: use_ocdbt=True, use_zarr3=False, pytree_metadata_options=PyTreeMetadataOptions(support_rich_types=False), array_metadata_store=<orbax.checkpoint._src.metadata.array_metadata_store.Store object at 0x7744eb5e8a90>, enable_pinned_host_transfer=True, save_concurrent_bytes: 96000000000 (89.4 GiB), restore_concurrent_bytes: 96000000000 (89.4 GiB)
[2025-09-23 12:18:14,944][absl][INFO] - [process=0] Started saving checkpoint to /home/seul/Desktop/project/mujoco/ppo_ckpt/000034406400.
[2025-09-23 12:18:14,944][absl][INFO] - Specified `force`: removing existing directory.
[2025-09-23 12:18:14,945][absl][INFO] - Creating tmp directory /home/seul/Desktop/project/mujoco/ppo_ckpt/000034406400.orbax-checkpoint-tmp
[2025-09-23 12:18:14,948][absl][INFO] - Transferring arrays to host memory with options: use_replica_parallel=True, min_slice_bytes_for_replica_parallel=None, max_replicas_for_replica_parallel=None, enable_pinned_host_transfer=True
[2025-09-23 12:18:14,950][absl][INFO] - [process=0][thread=MainThread] Initiated "orbax.checkpoint._src.serialization.type_handlers.ArrayHandler".serialize. Time taken: 0.002921s
[2025-09-23 12:18:14,954][absl][INFO] - [process=0] /jax/checkpoint/write/blocking_gbytes_per_sec: 0 Bytes/s (total gbytes: 1.0 MiB) (time elapsed: 7 milliseconds) (per-host)
[2025-09-23 12:18:14,954][absl][INFO] - [process=0][thread=MainThread] Initiated Pytree async_save. Time taken: 0.008195s (batch_requests_ready=0.000655s, total_serialization_initiated=0.006934s, others=0.000605s)
[2025-09-23 12:18:14,954][absl][WARNING] - [process=0][thread=MainThread][operation_id=5] _SignalingThread.join() waiting for signals ([]) blocking the main thread will slow down blocking save times. This is likely due to main thread calling result() on a CommitFuture.
[2025-09-23 12:18:14,957][absl][INFO] - [process=0][thread=array_type_handler] Wrote 26 array_metadata.ArrayMetadata to /home/seul/Desktop/project/mujoco/ppo_ckpt/000034406400.orbax-checkpoint-tmp/array_metadatas/process_0
[2025-09-23 12:18:15,078][absl][INFO] - [process=0][thread=write_metadata_after_commits] Commit + Array metadata written. Time taken: 0.124169s (commit=0.122897s, array_metadata_write=0.001272s)
[2025-09-23 12:18:15,079][absl][INFO] - [process=0] /jax/checkpoint/write/gbytes_per_sec: 0 Bytes/s (total gbytes: 1.0 MiB) (time elapsed: 132 milliseconds) (per-host)
[2025-09-23 12:18:15,080][absl][INFO] - [process=0][thread=MainThread] Skipped cross-host ArrayMetadata validation because only one process is found: process_index=0.
[2025-09-23 12:18:15,106][absl][INFO] - [process=0][thread=MainThread] Pytree save finalize (merge_ocdbt + ArrayMetadata validation) completed. Time taken: 0.026484s. use_zarr3=False, enable_post_merge_validation=True, directory=/home/seul/Desktop/project/mujoco/ppo_ckpt/000034406400.orbax-checkpoint-tmp
[2025-09-23 12:18:15,107][absl][INFO] - Renaming /home/seul/Desktop/project/mujoco/ppo_ckpt/000034406400.orbax-checkpoint-tmp to /home/seul/Desktop/project/mujoco/ppo_ckpt/000034406400
[2025-09-23 12:18:15,108][absl][INFO] - [process=0][thread=MainThread] Finished saving checkpoint (finalized tmp dir) to `/home/seul/Desktop/project/mujoco/ppo_ckpt/000034406400`.
[2025-09-23 12:18:15,108][absl][INFO] - Finished synchronous save in 0.16 seconds to /home/seul/Desktop/project/mujoco/ppo_ckpt/000034406400
[2025-09-23 12:18:15,241][absl][INFO] - {'eval/walltime': 9.621241092681885, 'training/sps': np.float64(433550.60843495367), 'training/walltime': 91.23334455490112, 'training/entropy_loss': Array(0.01957593, dtype=float32), 'training/policy_loss': Array(-0.00084711, dtype=float32), 'training/total_loss': Array(0.05713402, dtype=float32), 'training/v_loss': Array(0.0384052, dtype=float32), 'eval/episode_reward': Array(999.3666, dtype=float32), 'eval/episode_reward/angle_in_bounds': Array(0., dtype=float32), 'eval/episode_reward/cart_in_bounds': Array(0., dtype=float32), 'eval/episode_reward/centered': Array(999.6483, dtype=float32), 'eval/episode_reward/small_control': Array(999.731, dtype=float32), 'eval/episode_reward/small_velocity': Array(999.9917, dtype=float32), 'eval/episode_reward/upright': Array(999.9984, dtype=float32), 'eval/episode_reward_std': Array(0.43278396, dtype=float32), 'eval/episode_reward/angle_in_bounds_std': Array(0., dtype=float32), 'eval/episode_reward/cart_in_bounds_std': Array(0., dtype=float32), 'eval/episode_reward/centered_std': Array(0.4095338, dtype=float32), 'eval/episode_reward/small_control_std': Array(0.02861469, dtype=float32), 'eval/episode_reward/small_velocity_std': Array(0.00655718, dtype=float32), 'eval/episode_reward/upright_std': Array(0.00130149, dtype=float32), 'eval/avg_episode_length': Array(1000., dtype=float32), 'eval/std_episode_length': Array(0., dtype=float32), 'eval/epoch_eval_time': 0.13044333457946777, 'eval/sps': 981268.9963243828}
[2025-09-23 12:18:15,285][absl][INFO] - starting iteration 5 109.08138537406921
[2025-09-23 12:18:31,188][root][INFO] - saving checkpoint to /home/seul/Desktop/project/mujoco/ppo_ckpt/000041287680
[2025-09-23 12:18:31,189][absl][INFO] - Created BasePyTreeCheckpointHandler: use_ocdbt=True, use_zarr3=False, pytree_metadata_options=PyTreeMetadataOptions(support_rich_types=False), array_metadata_store=<orbax.checkpoint._src.metadata.array_metadata_store.Store object at 0x7744eb5e8a90>, enable_pinned_host_transfer=True, save_concurrent_bytes: 96000000000 (89.4 GiB), restore_concurrent_bytes: 96000000000 (89.4 GiB)
[2025-09-23 12:18:31,189][absl][INFO] - [process=0] Started saving checkpoint to /home/seul/Desktop/project/mujoco/ppo_ckpt/000041287680.
[2025-09-23 12:18:31,189][absl][INFO] - Specified `force`: removing existing directory.
[2025-09-23 12:18:31,190][absl][INFO] - Creating tmp directory /home/seul/Desktop/project/mujoco/ppo_ckpt/000041287680.orbax-checkpoint-tmp
[2025-09-23 12:18:31,193][absl][INFO] - Transferring arrays to host memory with options: use_replica_parallel=True, min_slice_bytes_for_replica_parallel=None, max_replicas_for_replica_parallel=None, enable_pinned_host_transfer=True
[2025-09-23 12:18:31,196][absl][INFO] - [process=0][thread=MainThread] Initiated "orbax.checkpoint._src.serialization.type_handlers.ArrayHandler".serialize. Time taken: 0.002907s
[2025-09-23 12:18:31,200][absl][INFO] - [process=0] /jax/checkpoint/write/blocking_gbytes_per_sec: 0 Bytes/s (total gbytes: 1.0 MiB) (time elapsed: 8 milliseconds) (per-host)
[2025-09-23 12:18:31,200][absl][INFO] - [process=0][thread=MainThread] Initiated Pytree async_save. Time taken: 0.008947s (batch_requests_ready=0.000666s, total_serialization_initiated=0.003980s, others=0.004301s)
[2025-09-23 12:18:31,200][absl][WARNING] - [process=0][thread=MainThread][operation_id=6] _SignalingThread.join() waiting for signals ([]) blocking the main thread will slow down blocking save times. This is likely due to main thread calling result() on a CommitFuture.
[2025-09-23 12:18:31,202][absl][INFO] - [process=0][thread=array_type_handler] Wrote 26 array_metadata.ArrayMetadata to /home/seul/Desktop/project/mujoco/ppo_ckpt/000041287680.orbax-checkpoint-tmp/array_metadatas/process_0
[2025-09-23 12:18:31,326][absl][INFO] - [process=0][thread=write_metadata_after_commits] Commit + Array metadata written. Time taken: 0.125981s (commit=0.124879s, array_metadata_write=0.001102s)
[2025-09-23 12:18:31,326][absl][INFO] - [process=0] /jax/checkpoint/write/gbytes_per_sec: 0 Bytes/s (total gbytes: 1.0 MiB) (time elapsed: 135 milliseconds) (per-host)
[2025-09-23 12:18:31,328][absl][INFO] - [process=0][thread=MainThread] Skipped cross-host ArrayMetadata validation because only one process is found: process_index=0.
[2025-09-23 12:18:31,354][absl][INFO] - [process=0][thread=MainThread] Pytree save finalize (merge_ocdbt + ArrayMetadata validation) completed. Time taken: 0.026463s. use_zarr3=False, enable_post_merge_validation=True, directory=/home/seul/Desktop/project/mujoco/ppo_ckpt/000041287680.orbax-checkpoint-tmp
[2025-09-23 12:18:31,354][absl][INFO] - Renaming /home/seul/Desktop/project/mujoco/ppo_ckpt/000041287680.orbax-checkpoint-tmp to /home/seul/Desktop/project/mujoco/ppo_ckpt/000041287680
[2025-09-23 12:18:31,355][absl][INFO] - [process=0][thread=MainThread] Finished saving checkpoint (finalized tmp dir) to `/home/seul/Desktop/project/mujoco/ppo_ckpt/000041287680`.
[2025-09-23 12:18:31,355][absl][INFO] - Finished synchronous save in 0.17 seconds to /home/seul/Desktop/project/mujoco/ppo_ckpt/000041287680
[2025-09-23 12:18:31,488][absl][INFO] - {'eval/walltime': 9.751794338226318, 'training/sps': np.float64(432871.6339066884), 'training/walltime': 107.1301589012146, 'training/entropy_loss': Array(0.02162238, dtype=float32), 'training/policy_loss': Array(-0.00089078, dtype=float32), 'training/total_loss': Array(0.03364724, dtype=float32), 'training/v_loss': Array(0.01291564, dtype=float32), 'eval/episode_reward': Array(999.48596, dtype=float32), 'eval/episode_reward/angle_in_bounds': Array(0., dtype=float32), 'eval/episode_reward/cart_in_bounds': Array(0., dtype=float32), 'eval/episode_reward/centered': Array(999.6658, dtype=float32), 'eval/episode_reward/small_control': Array(999.83295, dtype=float32), 'eval/episode_reward/small_velocity': Array(999.99365, dtype=float32), 'eval/episode_reward/upright': Array(999.9985, dtype=float32), 'eval/episode_reward_std': Array(0.46607846, dtype=float32), 'eval/episode_reward/angle_in_bounds_std': Array(0., dtype=float32), 'eval/episode_reward/cart_in_bounds_std': Array(0., dtype=float32), 'eval/episode_reward/centered_std': Array(0.4462528, dtype=float32), 'eval/episode_reward/small_control_std': Array(0.02490409, dtype=float32), 'eval/episode_reward/small_velocity_std': Array(0.00627917, dtype=float32), 'eval/episode_reward/upright_std': Array(0.00154745, dtype=float32), 'eval/avg_episode_length': Array(1000., dtype=float32), 'eval/std_episode_length': Array(0., dtype=float32), 'eval/epoch_eval_time': 0.1305532455444336, 'eval/sps': 980442.8795792395}
[2025-09-23 12:18:31,533][absl][INFO] - starting iteration 6 125.32886552810669
[2025-09-23 12:18:47,457][root][INFO] - saving checkpoint to /home/seul/Desktop/project/mujoco/ppo_ckpt/000048168960
[2025-09-23 12:18:47,457][absl][INFO] - Created BasePyTreeCheckpointHandler: use_ocdbt=True, use_zarr3=False, pytree_metadata_options=PyTreeMetadataOptions(support_rich_types=False), array_metadata_store=<orbax.checkpoint._src.metadata.array_metadata_store.Store object at 0x7744eb5e8a90>, enable_pinned_host_transfer=True, save_concurrent_bytes: 96000000000 (89.4 GiB), restore_concurrent_bytes: 96000000000 (89.4 GiB)
[2025-09-23 12:18:47,457][absl][INFO] - [process=0] Started saving checkpoint to /home/seul/Desktop/project/mujoco/ppo_ckpt/000048168960.
[2025-09-23 12:18:47,458][absl][INFO] - Specified `force`: removing existing directory.
[2025-09-23 12:18:47,459][absl][INFO] - Creating tmp directory /home/seul/Desktop/project/mujoco/ppo_ckpt/000048168960.orbax-checkpoint-tmp
[2025-09-23 12:18:47,461][absl][INFO] - Transferring arrays to host memory with options: use_replica_parallel=True, min_slice_bytes_for_replica_parallel=None, max_replicas_for_replica_parallel=None, enable_pinned_host_transfer=True
[2025-09-23 12:18:47,464][absl][INFO] - [process=0][thread=MainThread] Initiated "orbax.checkpoint._src.serialization.type_handlers.ArrayHandler".serialize. Time taken: 0.002981s
[2025-09-23 12:18:47,467][absl][INFO] - [process=0] /jax/checkpoint/write/blocking_gbytes_per_sec: 0 Bytes/s (total gbytes: 1.0 MiB) (time elapsed: 6 milliseconds) (per-host)
[2025-09-23 12:18:47,468][absl][INFO] - [process=0][thread=MainThread] Initiated Pytree async_save. Time taken: 0.008502s (batch_requests_ready=0.000647s, total_serialization_initiated=0.003997s, others=0.003857s)
[2025-09-23 12:18:47,469][absl][WARNING] - [process=0][thread=MainThread][operation_id=7] _SignalingThread.join() waiting for signals ([]) blocking the main thread will slow down blocking save times. This is likely due to main thread calling result() on a CommitFuture.
[2025-09-23 12:18:47,470][absl][INFO] - [process=0][thread=array_type_handler] Wrote 26 array_metadata.ArrayMetadata to /home/seul/Desktop/project/mujoco/ppo_ckpt/000048168960.orbax-checkpoint-tmp/array_metadatas/process_0
[2025-09-23 12:18:47,593][absl][INFO] - [process=0][thread=write_metadata_after_commits] Commit + Array metadata written. Time taken: 0.124525s (commit=0.123394s, array_metadata_write=0.001131s)
[2025-09-23 12:18:47,593][absl][INFO] - [process=0] /jax/checkpoint/write/gbytes_per_sec: 0 Bytes/s (total gbytes: 1.0 MiB) (time elapsed: 133 milliseconds) (per-host)
[2025-09-23 12:18:47,595][absl][INFO] - [process=0][thread=MainThread] Skipped cross-host ArrayMetadata validation because only one process is found: process_index=0.
[2025-09-23 12:18:47,620][absl][INFO] - [process=0][thread=MainThread] Pytree save finalize (merge_ocdbt + ArrayMetadata validation) completed. Time taken: 0.026562s. use_zarr3=False, enable_post_merge_validation=True, directory=/home/seul/Desktop/project/mujoco/ppo_ckpt/000048168960.orbax-checkpoint-tmp
[2025-09-23 12:18:47,621][absl][INFO] - Renaming /home/seul/Desktop/project/mujoco/ppo_ckpt/000048168960.orbax-checkpoint-tmp to /home/seul/Desktop/project/mujoco/ppo_ckpt/000048168960
[2025-09-23 12:18:47,622][absl][INFO] - [process=0][thread=MainThread] Finished saving checkpoint (finalized tmp dir) to `/home/seul/Desktop/project/mujoco/ppo_ckpt/000048168960`.
[2025-09-23 12:18:47,623][absl][INFO] - Finished synchronous save in 0.17 seconds to /home/seul/Desktop/project/mujoco/ppo_ckpt/000048168960
[2025-09-23 12:18:47,757][absl][INFO] - {'eval/walltime': 9.883743047714233, 'training/sps': np.float64(432305.3181822614), 'training/walltime': 123.0477979183197, 'training/entropy_loss': Array(0.02371019, dtype=float32), 'training/policy_loss': Array(0.00037684, dtype=float32), 'training/total_loss': Array(0.04091143, dtype=float32), 'training/v_loss': Array(0.01682439, dtype=float32), 'eval/episode_reward': Array(999.53894, dtype=float32), 'eval/episode_reward/angle_in_bounds': Array(0., dtype=float32), 'eval/episode_reward/cart_in_bounds': Array(0., dtype=float32), 'eval/episode_reward/centered': Array(999.6661, dtype=float32), 'eval/episode_reward/small_control': Array(999.88403, dtype=float32), 'eval/episode_reward/small_velocity': Array(999.9945, dtype=float32), 'eval/episode_reward/upright': Array(999.9977, dtype=float32), 'eval/episode_reward_std': Array(0.3881514, dtype=float32), 'eval/episode_reward/angle_in_bounds_std': Array(0., dtype=float32), 'eval/episode_reward/cart_in_bounds_std': Array(0., dtype=float32), 'eval/episode_reward/centered_std': Array(0.37536925, dtype=float32), 'eval/episode_reward/small_control_std': Array(0.01473646, dtype=float32), 'eval/episode_reward/small_velocity_std': Array(0.00496251, dtype=float32), 'eval/episode_reward/upright_std': Array(0.00210005, dtype=float32), 'eval/avg_episode_length': Array(1000., dtype=float32), 'eval/std_episode_length': Array(0., dtype=float32), 'eval/epoch_eval_time': 0.13194870948791504, 'eval/sps': 970073.9059651304}
[2025-09-23 12:18:47,805][absl][INFO] - starting iteration 7 141.60069060325623
[2025-09-23 12:19:03,737][root][INFO] - saving checkpoint to /home/seul/Desktop/project/mujoco/ppo_ckpt/000055050240
[2025-09-23 12:19:03,738][absl][INFO] - Created BasePyTreeCheckpointHandler: use_ocdbt=True, use_zarr3=False, pytree_metadata_options=PyTreeMetadataOptions(support_rich_types=False), array_metadata_store=<orbax.checkpoint._src.metadata.array_metadata_store.Store object at 0x7744eb5e8a90>, enable_pinned_host_transfer=True, save_concurrent_bytes: 96000000000 (89.4 GiB), restore_concurrent_bytes: 96000000000 (89.4 GiB)
[2025-09-23 12:19:03,738][absl][INFO] - [process=0] Started saving checkpoint to /home/seul/Desktop/project/mujoco/ppo_ckpt/000055050240.
[2025-09-23 12:19:03,738][absl][INFO] - Specified `force`: removing existing directory.
[2025-09-23 12:19:03,740][absl][INFO] - Creating tmp directory /home/seul/Desktop/project/mujoco/ppo_ckpt/000055050240.orbax-checkpoint-tmp
[2025-09-23 12:19:03,742][absl][INFO] - Transferring arrays to host memory with options: use_replica_parallel=True, min_slice_bytes_for_replica_parallel=None, max_replicas_for_replica_parallel=None, enable_pinned_host_transfer=True
[2025-09-23 12:19:03,746][absl][INFO] - [process=0][thread=MainThread] Initiated "orbax.checkpoint._src.serialization.type_handlers.ArrayHandler".serialize. Time taken: 0.004052s
[2025-09-23 12:19:03,746][absl][INFO] - [process=0] /jax/checkpoint/write/blocking_gbytes_per_sec: 0 Bytes/s (total gbytes: 1.0 MiB) (time elapsed: 5 milliseconds) (per-host)
[2025-09-23 12:19:03,750][absl][INFO] - [process=0][thread=MainThread] Initiated Pytree async_save. Time taken: 0.009346s (batch_requests_ready=0.000660s, total_serialization_initiated=0.005075s, others=0.003610s)
[2025-09-23 12:19:03,750][absl][WARNING] - [process=0][thread=MainThread][operation_id=8] _SignalingThread.join() waiting for signals ([]) blocking the main thread will slow down blocking save times. This is likely due to main thread calling result() on a CommitFuture.
[2025-09-23 12:19:03,752][absl][INFO] - [process=0][thread=array_type_handler] Wrote 26 array_metadata.ArrayMetadata to /home/seul/Desktop/project/mujoco/ppo_ckpt/000055050240.orbax-checkpoint-tmp/array_metadatas/process_0
[2025-09-23 12:19:03,876][absl][INFO] - [process=0][thread=write_metadata_after_commits] Commit + Array metadata written. Time taken: 0.126219s (commit=0.124919s, array_metadata_write=0.001300s)
[2025-09-23 12:19:03,877][absl][INFO] - [process=0] /jax/checkpoint/write/gbytes_per_sec: 0 Bytes/s (total gbytes: 1.0 MiB) (time elapsed: 135 milliseconds) (per-host)
[2025-09-23 12:19:03,878][absl][INFO] - [process=0][thread=MainThread] Skipped cross-host ArrayMetadata validation because only one process is found: process_index=0.
[2025-09-23 12:19:03,904][absl][INFO] - [process=0][thread=MainThread] Pytree save finalize (merge_ocdbt + ArrayMetadata validation) completed. Time taken: 0.026565s. use_zarr3=False, enable_post_merge_validation=True, directory=/home/seul/Desktop/project/mujoco/ppo_ckpt/000055050240.orbax-checkpoint-tmp
[2025-09-23 12:19:03,905][absl][INFO] - Renaming /home/seul/Desktop/project/mujoco/ppo_ckpt/000055050240.orbax-checkpoint-tmp to /home/seul/Desktop/project/mujoco/ppo_ckpt/000055050240
[2025-09-23 12:19:03,905][absl][INFO] - [process=0][thread=MainThread] Finished saving checkpoint (finalized tmp dir) to `/home/seul/Desktop/project/mujoco/ppo_ckpt/000055050240`.
[2025-09-23 12:19:03,906][absl][INFO] - Finished synchronous save in 0.17 seconds to /home/seul/Desktop/project/mujoco/ppo_ckpt/000055050240
[2025-09-23 12:19:04,038][absl][INFO] - {'eval/walltime': 10.014264345169067, 'training/sps': np.float64(432068.13941052096), 'training/walltime': 138.9741747379303, 'training/entropy_loss': Array(0.02502119, dtype=float32), 'training/policy_loss': Array(-0.00051235, dtype=float32), 'training/total_loss': Array(0.05144468, dtype=float32), 'training/v_loss': Array(0.02693584, dtype=float32), 'eval/episode_reward': Array(999.1052, dtype=float32), 'eval/episode_reward/angle_in_bounds': Array(0., dtype=float32), 'eval/episode_reward/cart_in_bounds': Array(0., dtype=float32), 'eval/episode_reward/centered': Array(999.2008, dtype=float32), 'eval/episode_reward/small_control': Array(999.91473, dtype=float32), 'eval/episode_reward/small_velocity': Array(999.99554, dtype=float32), 'eval/episode_reward/upright': Array(999.9972, dtype=float32), 'eval/episode_reward_std': Array(0.87011987, dtype=float32), 'eval/episode_reward/angle_in_bounds_std': Array(0., dtype=float32), 'eval/episode_reward/cart_in_bounds_std': Array(0., dtype=float32), 'eval/episode_reward/centered_std': Array(0.85875714, dtype=float32), 'eval/episode_reward/small_control_std': Array(0.01455632, dtype=float32), 'eval/episode_reward/small_velocity_std': Array(0.00373954, dtype=float32), 'eval/episode_reward/upright_std': Array(0.00252486, dtype=float32), 'eval/avg_episode_length': Array(1000., dtype=float32), 'eval/std_episode_length': Array(0., dtype=float32), 'eval/epoch_eval_time': 0.13052129745483398, 'eval/sps': 980682.8655246362}
[2025-09-23 12:19:04,084][absl][INFO] - starting iteration 8 157.8804485797882
[2025-09-23 12:19:20,021][root][INFO] - saving checkpoint to /home/seul/Desktop/project/mujoco/ppo_ckpt/000061931520
[2025-09-23 12:19:20,021][absl][INFO] - Created BasePyTreeCheckpointHandler: use_ocdbt=True, use_zarr3=False, pytree_metadata_options=PyTreeMetadataOptions(support_rich_types=False), array_metadata_store=<orbax.checkpoint._src.metadata.array_metadata_store.Store object at 0x7744eb5e8a90>, enable_pinned_host_transfer=True, save_concurrent_bytes: 96000000000 (89.4 GiB), restore_concurrent_bytes: 96000000000 (89.4 GiB)
[2025-09-23 12:19:20,021][absl][INFO] - [process=0] Started saving checkpoint to /home/seul/Desktop/project/mujoco/ppo_ckpt/000061931520.
[2025-09-23 12:19:20,021][absl][INFO] - Specified `force`: removing existing directory.
[2025-09-23 12:19:20,023][absl][INFO] - Creating tmp directory /home/seul/Desktop/project/mujoco/ppo_ckpt/000061931520.orbax-checkpoint-tmp
[2025-09-23 12:19:20,025][absl][INFO] - Transferring arrays to host memory with options: use_replica_parallel=True, min_slice_bytes_for_replica_parallel=None, max_replicas_for_replica_parallel=None, enable_pinned_host_transfer=True
[2025-09-23 12:19:20,028][absl][INFO] - [process=0][thread=MainThread] Initiated "orbax.checkpoint._src.serialization.type_handlers.ArrayHandler".serialize. Time taken: 0.002932s
[2025-09-23 12:19:20,032][absl][INFO] - [process=0] /jax/checkpoint/write/blocking_gbytes_per_sec: 0 Bytes/s (total gbytes: 1.0 MiB) (time elapsed: 8 milliseconds) (per-host)
[2025-09-23 12:19:20,032][absl][INFO] - [process=0][thread=MainThread] Initiated Pytree async_save. Time taken: 0.008257s (batch_requests_ready=0.000675s, total_serialization_initiated=0.006350s, others=0.001232s)
[2025-09-23 12:19:20,032][absl][WARNING] - [process=0][thread=MainThread][operation_id=9] _SignalingThread.join() waiting for signals ([]) blocking the main thread will slow down blocking save times. This is likely due to main thread calling result() on a CommitFuture.
[2025-09-23 12:19:20,034][absl][INFO] - [process=0][thread=array_type_handler] Wrote 26 array_metadata.ArrayMetadata to /home/seul/Desktop/project/mujoco/ppo_ckpt/000061931520.orbax-checkpoint-tmp/array_metadatas/process_0
[2025-09-23 12:19:20,149][absl][INFO] - [process=0][thread=write_metadata_after_commits] Commit + Array metadata written. Time taken: 0.117479s (commit=0.116279s, array_metadata_write=0.001200s)
[2025-09-23 12:19:20,150][absl][INFO] - [process=0] /jax/checkpoint/write/gbytes_per_sec: 0 Bytes/s (total gbytes: 1.0 MiB) (time elapsed: 125 milliseconds) (per-host)
[2025-09-23 12:19:20,151][absl][INFO] - [process=0][thread=MainThread] Skipped cross-host ArrayMetadata validation because only one process is found: process_index=0.
[2025-09-23 12:19:20,177][absl][INFO] - [process=0][thread=MainThread] Pytree save finalize (merge_ocdbt + ArrayMetadata validation) completed. Time taken: 0.026490s. use_zarr3=False, enable_post_merge_validation=True, directory=/home/seul/Desktop/project/mujoco/ppo_ckpt/000061931520.orbax-checkpoint-tmp
[2025-09-23 12:19:20,178][absl][INFO] - Renaming /home/seul/Desktop/project/mujoco/ppo_ckpt/000061931520.orbax-checkpoint-tmp to /home/seul/Desktop/project/mujoco/ppo_ckpt/000061931520
[2025-09-23 12:19:20,179][absl][INFO] - [process=0][thread=MainThread] Finished saving checkpoint (finalized tmp dir) to `/home/seul/Desktop/project/mujoco/ppo_ckpt/000061931520`.
[2025-09-23 12:19:20,179][absl][INFO] - Finished synchronous save in 0.16 seconds to /home/seul/Desktop/project/mujoco/ppo_ckpt/000061931520
[2025-09-23 12:19:20,312][absl][INFO] - {'eval/walltime': 10.144960165023804, 'training/sps': np.float64(431964.6167351195), 'training/walltime': 154.90436840057373, 'training/entropy_loss': Array(0.0268895, dtype=float32), 'training/policy_loss': Array(-0.00011974, dtype=float32), 'training/total_loss': Array(0.08613204, dtype=float32), 'training/v_loss': Array(0.0593623, dtype=float32), 'eval/episode_reward': Array(999.2749, dtype=float32), 'eval/episode_reward/angle_in_bounds': Array(0., dtype=float32), 'eval/episode_reward/cart_in_bounds': Array(0., dtype=float32), 'eval/episode_reward/centered': Array(999.34503, dtype=float32), 'eval/episode_reward/small_control': Array(999.93933, dtype=float32), 'eval/episode_reward/small_velocity': Array(999.99664, dtype=float32), 'eval/episode_reward/upright': Array(999.9975, dtype=float32), 'eval/episode_reward_std': Array(1.1150066, dtype=float32), 'eval/episode_reward/angle_in_bounds_std': Array(0., dtype=float32), 'eval/episode_reward/cart_in_bounds_std': Array(0., dtype=float32), 'eval/episode_reward/centered_std': Array(1.1072284, dtype=float32), 'eval/episode_reward/small_control_std': Array(0.00924406, dtype=float32), 'eval/episode_reward/small_velocity_std': Array(0.00346296, dtype=float32), 'eval/episode_reward/upright_std': Array(0.00269361, dtype=float32), 'eval/avg_episode_length': Array(1000., dtype=float32), 'eval/std_episode_length': Array(0., dtype=float32), 'eval/epoch_eval_time': 0.13069581985473633, 'eval/sps': 979373.3276417514}
[2025-09-23 12:19:20,629][absl][INFO] - total steps: 61931520
[2025-09-23 12:19:20,709][root][INFO] - Using JAX default device: cuda:0.
