[2025-09-22 18:04:48,263][jax._src.xla_bridge][INFO] - Unable to initialize backend 'tpu': INTERNAL: Failed to open libtpu.so: libtpu.so: cannot open shared object file: No such file or directory
[2025-09-22 18:04:48,336][root][INFO] - Using JAX default device: cuda:0.
[2025-09-22 18:04:48,469][absl][INFO] - Device count: 1, process count: 1 (id 0), local device count: 1, devices to be used count: 1
[2025-09-22 18:04:49,073][root][INFO] - Using JAX default device: cuda:0.
[2025-09-22 18:04:55,170][root][INFO] - Using JAX default device: cuda:0.
[2025-09-22 18:05:04,223][absl][INFO] - {'eval/walltime': 8.987848043441772, 'eval/episode_reward': Array(280.1272, dtype=float32), 'eval/episode_reward/angle_in_bounds': Array(0., dtype=float32), 'eval/episode_reward/cart_in_bounds': Array(0., dtype=float32), 'eval/episode_reward/centered': Array(721.52405, dtype=float32), 'eval/episode_reward/small_control': Array(923.9684, dtype=float32), 'eval/episode_reward/small_velocity': Array(631.84155, dtype=float32), 'eval/episode_reward/upright': Array(570.74536, dtype=float32), 'eval/episode_reward_std': Array(59.778, dtype=float32), 'eval/episode_reward/angle_in_bounds_std': Array(0., dtype=float32), 'eval/episode_reward/cart_in_bounds_std': Array(0., dtype=float32), 'eval/episode_reward/centered_std': Array(65.59639, dtype=float32), 'eval/episode_reward/small_control_std': Array(11.044095, dtype=float32), 'eval/episode_reward/small_velocity_std': Array(68.4579, dtype=float32), 'eval/episode_reward/upright_std': Array(89.32887, dtype=float32), 'eval/avg_episode_length': Array(1000., dtype=float32), 'eval/std_episode_length': Array(0., dtype=float32), 'eval/epoch_eval_time': 8.987848043441772, 'eval/sps': 14241.451277472217}
[2025-09-22 18:05:04,370][absl][INFO] - starting iteration 0 15.901230573654175
[2025-09-22 18:05:17,934][root][INFO] - saving checkpoint to /home/seul/Desktop/project/mujoco/ppo_ckpt/000000983040
[2025-09-22 18:05:17,934][absl][INFO] - orbax-checkpoint version: 0.11.25
[2025-09-22 18:05:17,935][absl][INFO] - Created BasePyTreeCheckpointHandler: use_ocdbt=True, use_zarr3=False, pytree_metadata_options=PyTreeMetadataOptions(support_rich_types=False), array_metadata_store=<orbax.checkpoint._src.metadata.array_metadata_store.Store object at 0x754dd2a7a2d0>, enable_pinned_host_transfer=True, save_concurrent_bytes: 96000000000 (89.4 GiB), restore_concurrent_bytes: 96000000000 (89.4 GiB)
[2025-09-22 18:05:17,935][absl][INFO] - [thread=MainThread] Failed to get flag value for EXPERIMENTAL_ORBAX_USE_DISTRIBUTED_PROCESS_ID.
[2025-09-22 18:05:17,935][absl][INFO] - [process=0] Started saving checkpoint to /home/seul/Desktop/project/mujoco/ppo_ckpt/000000983040.
[2025-09-22 18:05:17,935][absl][INFO] - Specified `force`: removing existing directory.
[2025-09-22 18:05:17,935][absl][INFO] - Creating tmp directory /home/seul/Desktop/project/mujoco/ppo_ckpt/000000983040.orbax-checkpoint-tmp
[2025-09-22 18:05:17,936][absl][INFO] - Wrote Metadata={'item_handlers': None, 'metrics': {}, 'performance_metrics': {}, 'init_timestamp_nsecs': 1758531917936262558, 'commit_timestamp_nsecs': None, 'custom_metadata': {}}, json={"item_handlers": null, "metrics": {}, "performance_metrics": {}, "init_timestamp_nsecs": 1758531917936262558, "commit_timestamp_nsecs": null, "custom_metadata": {}} to /home/seul/Desktop/project/mujoco/ppo_ckpt/000000983040.orbax-checkpoint-tmp/_CHECKPOINT_METADATA
[2025-09-22 18:05:17,938][absl][INFO] - Transferring arrays to host memory with options: use_replica_parallel=True, min_slice_bytes_for_replica_parallel=None, max_replicas_for_replica_parallel=None, enable_pinned_host_transfer=True
[2025-09-22 18:05:17,943][absl][INFO] - Using ThreadSafeKeyValueSignalingClient
[2025-09-22 18:05:17,943][absl][INFO] - [process=0][thread=MainThread] Initiated "orbax.checkpoint._src.serialization.type_handlers.ArrayHandler".serialize. Time taken: 0.004360s
[2025-09-22 18:05:17,943][absl][INFO] - [process=0] /jax/checkpoint/write/blocking_gbytes_per_sec: 0 Bytes/s (total gbytes: 1.0 MiB) (time elapsed: 6 milliseconds) (per-host)
[2025-09-22 18:05:17,943][absl][INFO] - [process=0][thread=MainThread] Initiated Pytree async_save. Time taken: 0.006723s (batch_requests_ready=0.000779s, total_serialization_initiated=0.005635s, others=0.000309s)
[2025-09-22 18:05:17,945][absl][WARNING] - [process=0][thread=MainThread][operation_id=1] _SignalingThread.join() waiting for signals ([]) blocking the main thread will slow down blocking save times. This is likely due to main thread calling result() on a CommitFuture.
[2025-09-22 18:05:17,948][absl][INFO] - [process=0][thread=array_type_handler] Wrote 26 array_metadata.ArrayMetadata to /home/seul/Desktop/project/mujoco/ppo_ckpt/000000983040.orbax-checkpoint-tmp/array_metadatas/process_0
[2025-09-22 18:05:18,083][absl][INFO] - [process=0][thread=write_metadata_after_commits] Commit + Array metadata written. Time taken: 0.140069s (commit=0.138644s, array_metadata_write=0.001425s)
[2025-09-22 18:05:18,084][absl][INFO] - [process=0] /jax/checkpoint/write/gbytes_per_sec: 0 Bytes/s (total gbytes: 1.0 MiB) (time elapsed: 147 milliseconds) (per-host)
[2025-09-22 18:05:18,084][absl][INFO] - Read Metadata={'item_handlers': None, 'metrics': {}, 'performance_metrics': {}, 'init_timestamp_nsecs': 1758531917936262558, 'commit_timestamp_nsecs': None, 'custom_metadata': {}} from /home/seul/Desktop/project/mujoco/ppo_ckpt/000000983040.orbax-checkpoint-tmp/_CHECKPOINT_METADATA
[2025-09-22 18:05:18,084][absl][INFO] - Updated Metadata={'item_handlers': 'orbax.checkpoint._src.handlers.pytree_checkpoint_handler.PyTreeCheckpointHandler', 'metrics': {}, 'performance_metrics': {}, 'init_timestamp_nsecs': 1758531917936262558, 'commit_timestamp_nsecs': None, 'custom_metadata': {}} to /home/seul/Desktop/project/mujoco/ppo_ckpt/000000983040.orbax-checkpoint-tmp/_CHECKPOINT_METADATA
[2025-09-22 18:05:18,085][absl][INFO] - [process=0][thread=MainThread] Skipped cross-host ArrayMetadata validation because only one process is found: process_index=0.
[2025-09-22 18:05:18,111][absl][INFO] - [process=0][thread=MainThread] Pytree save finalize (merge_ocdbt + ArrayMetadata validation) completed. Time taken: 0.026551s. use_zarr3=False, enable_post_merge_validation=True, directory=/home/seul/Desktop/project/mujoco/ppo_ckpt/000000983040.orbax-checkpoint-tmp
[2025-09-22 18:05:18,112][absl][INFO] - Renaming /home/seul/Desktop/project/mujoco/ppo_ckpt/000000983040.orbax-checkpoint-tmp to /home/seul/Desktop/project/mujoco/ppo_ckpt/000000983040
[2025-09-22 18:05:18,113][absl][INFO] - [process=0][thread=MainThread] Finished saving checkpoint (finalized tmp dir) to `/home/seul/Desktop/project/mujoco/ppo_ckpt/000000983040`.
[2025-09-22 18:05:18,113][absl][INFO] - Finished synchronous save in 0.18 seconds to /home/seul/Desktop/project/mujoco/ppo_ckpt/000000983040
[2025-09-22 18:05:18,247][absl][INFO] - {'eval/walltime': 9.11914873123169, 'training/sps': np.float64(73824.1126793145), 'training/walltime': 13.315974473953247, 'training/entropy_loss': Array(-0.00522284, dtype=float32), 'training/policy_loss': Array(-0.00057095, dtype=float32), 'training/total_loss': Array(910.90125, dtype=float32), 'training/v_loss': Array(910.90704, dtype=float32), 'eval/episode_reward': Array(282.65762, dtype=float32), 'eval/episode_reward/angle_in_bounds': Array(0., dtype=float32), 'eval/episode_reward/cart_in_bounds': Array(0., dtype=float32), 'eval/episode_reward/centered': Array(729.676, dtype=float32), 'eval/episode_reward/small_control': Array(919.87256, dtype=float32), 'eval/episode_reward/small_velocity': Array(614.1146, dtype=float32), 'eval/episode_reward/upright': Array(582.3014, dtype=float32), 'eval/episode_reward_std': Array(55.537495, dtype=float32), 'eval/episode_reward/angle_in_bounds_std': Array(0., dtype=float32), 'eval/episode_reward/cart_in_bounds_std': Array(0., dtype=float32), 'eval/episode_reward/centered_std': Array(67.72888, dtype=float32), 'eval/episode_reward/small_control_std': Array(14.074052, dtype=float32), 'eval/episode_reward/small_velocity_std': Array(59.8503, dtype=float32), 'eval/episode_reward/upright_std': Array(58.709053, dtype=float32), 'eval/avg_episode_length': Array(1000., dtype=float32), 'eval/std_episode_length': Array(0., dtype=float32), 'eval/epoch_eval_time': 0.131300687789917, 'eval/sps': 974861.6108150313}
[2025-09-22 18:05:18,285][absl][INFO] - starting iteration 1 29.81625008583069
[2025-09-22 18:05:20,552][root][INFO] - saving checkpoint to /home/seul/Desktop/project/mujoco/ppo_ckpt/000001966080
[2025-09-22 18:05:20,553][absl][INFO] - Created BasePyTreeCheckpointHandler: use_ocdbt=True, use_zarr3=False, pytree_metadata_options=PyTreeMetadataOptions(support_rich_types=False), array_metadata_store=<orbax.checkpoint._src.metadata.array_metadata_store.Store object at 0x754dd2a7a2d0>, enable_pinned_host_transfer=True, save_concurrent_bytes: 96000000000 (89.4 GiB), restore_concurrent_bytes: 96000000000 (89.4 GiB)
[2025-09-22 18:05:20,553][absl][INFO] - [process=0] Started saving checkpoint to /home/seul/Desktop/project/mujoco/ppo_ckpt/000001966080.
[2025-09-22 18:05:20,553][absl][INFO] - Specified `force`: removing existing directory.
[2025-09-22 18:05:20,554][absl][INFO] - Creating tmp directory /home/seul/Desktop/project/mujoco/ppo_ckpt/000001966080.orbax-checkpoint-tmp
[2025-09-22 18:05:20,556][absl][INFO] - Transferring arrays to host memory with options: use_replica_parallel=True, min_slice_bytes_for_replica_parallel=None, max_replicas_for_replica_parallel=None, enable_pinned_host_transfer=True
[2025-09-22 18:05:20,559][absl][INFO] - [process=0][thread=MainThread] Initiated "orbax.checkpoint._src.serialization.type_handlers.ArrayHandler".serialize. Time taken: 0.003237s
[2025-09-22 18:05:20,562][absl][INFO] - [process=0] /jax/checkpoint/write/blocking_gbytes_per_sec: 0 Bytes/s (total gbytes: 1.0 MiB) (time elapsed: 7 milliseconds) (per-host)
[2025-09-22 18:05:20,562][absl][INFO] - [process=0][thread=MainThread] Initiated Pytree async_save. Time taken: 0.008061s (batch_requests_ready=0.000653s, total_serialization_initiated=0.006979s, others=0.000429s)
[2025-09-22 18:05:20,562][absl][WARNING] - [process=0][thread=MainThread][operation_id=2] _SignalingThread.join() waiting for signals ([]) blocking the main thread will slow down blocking save times. This is likely due to main thread calling result() on a CommitFuture.
[2025-09-22 18:05:20,565][absl][INFO] - [process=0][thread=array_type_handler] Wrote 26 array_metadata.ArrayMetadata to /home/seul/Desktop/project/mujoco/ppo_ckpt/000001966080.orbax-checkpoint-tmp/array_metadatas/process_0
[2025-09-22 18:05:20,688][absl][INFO] - [process=0][thread=write_metadata_after_commits] Commit + Array metadata written. Time taken: 0.125861s (commit=0.124831s, array_metadata_write=0.001030s)
[2025-09-22 18:05:20,689][absl][INFO] - [process=0] /jax/checkpoint/write/gbytes_per_sec: 0 Bytes/s (total gbytes: 1.0 MiB) (time elapsed: 134 milliseconds) (per-host)
[2025-09-22 18:05:20,690][absl][INFO] - [process=0][thread=MainThread] Skipped cross-host ArrayMetadata validation because only one process is found: process_index=0.
[2025-09-22 18:05:20,716][absl][INFO] - [process=0][thread=MainThread] Pytree save finalize (merge_ocdbt + ArrayMetadata validation) completed. Time taken: 0.026315s. use_zarr3=False, enable_post_merge_validation=True, directory=/home/seul/Desktop/project/mujoco/ppo_ckpt/000001966080.orbax-checkpoint-tmp
[2025-09-22 18:05:20,716][absl][INFO] - Renaming /home/seul/Desktop/project/mujoco/ppo_ckpt/000001966080.orbax-checkpoint-tmp to /home/seul/Desktop/project/mujoco/ppo_ckpt/000001966080
[2025-09-22 18:05:20,717][absl][INFO] - [process=0][thread=MainThread] Finished saving checkpoint (finalized tmp dir) to `/home/seul/Desktop/project/mujoco/ppo_ckpt/000001966080`.
[2025-09-22 18:05:20,718][absl][INFO] - Finished synchronous save in 0.16 seconds to /home/seul/Desktop/project/mujoco/ppo_ckpt/000001966080
[2025-09-22 18:05:20,849][absl][INFO] - {'eval/walltime': 9.248225927352905, 'training/sps': np.float64(434711.9140944013), 'training/walltime': 15.57733416557312, 'training/entropy_loss': Array(-0.00498872, dtype=float32), 'training/policy_loss': Array(-0.0030702, dtype=float32), 'training/total_loss': Array(271.77454, dtype=float32), 'training/v_loss': Array(271.7826, dtype=float32), 'eval/episode_reward': Array(253.66617, dtype=float32), 'eval/episode_reward/angle_in_bounds': Array(0., dtype=float32), 'eval/episode_reward/cart_in_bounds': Array(0., dtype=float32), 'eval/episode_reward/centered': Array(704.0929, dtype=float32), 'eval/episode_reward/small_control': Array(922.27026, dtype=float32), 'eval/episode_reward/small_velocity': Array(577.5694, dtype=float32), 'eval/episode_reward/upright': Array(584.94635, dtype=float32), 'eval/episode_reward_std': Array(39.313335, dtype=float32), 'eval/episode_reward/angle_in_bounds_std': Array(0., dtype=float32), 'eval/episode_reward/cart_in_bounds_std': Array(0., dtype=float32), 'eval/episode_reward/centered_std': Array(41.85918, dtype=float32), 'eval/episode_reward/small_control_std': Array(8.745147, dtype=float32), 'eval/episode_reward/small_velocity_std': Array(45.105392, dtype=float32), 'eval/episode_reward/upright_std': Array(38.188335, dtype=float32), 'eval/avg_episode_length': Array(1000., dtype=float32), 'eval/std_episode_length': Array(0., dtype=float32), 'eval/epoch_eval_time': 0.12907719612121582, 'eval/sps': 991654.6364998181}
[2025-09-22 18:05:20,888][absl][INFO] - starting iteration 2 32.41942763328552
[2025-09-22 18:05:23,157][root][INFO] - saving checkpoint to /home/seul/Desktop/project/mujoco/ppo_ckpt/000002949120
[2025-09-22 18:05:23,157][absl][INFO] - Created BasePyTreeCheckpointHandler: use_ocdbt=True, use_zarr3=False, pytree_metadata_options=PyTreeMetadataOptions(support_rich_types=False), array_metadata_store=<orbax.checkpoint._src.metadata.array_metadata_store.Store object at 0x754dd2a7a2d0>, enable_pinned_host_transfer=True, save_concurrent_bytes: 96000000000 (89.4 GiB), restore_concurrent_bytes: 96000000000 (89.4 GiB)
[2025-09-22 18:05:23,157][absl][INFO] - [process=0] Started saving checkpoint to /home/seul/Desktop/project/mujoco/ppo_ckpt/000002949120.
[2025-09-22 18:05:23,157][absl][INFO] - Specified `force`: removing existing directory.
[2025-09-22 18:05:23,158][absl][INFO] - Creating tmp directory /home/seul/Desktop/project/mujoco/ppo_ckpt/000002949120.orbax-checkpoint-tmp
[2025-09-22 18:05:23,160][absl][INFO] - Transferring arrays to host memory with options: use_replica_parallel=True, min_slice_bytes_for_replica_parallel=None, max_replicas_for_replica_parallel=None, enable_pinned_host_transfer=True
[2025-09-22 18:05:23,163][absl][INFO] - [process=0][thread=MainThread] Initiated "orbax.checkpoint._src.serialization.type_handlers.ArrayHandler".serialize. Time taken: 0.003438s
[2025-09-22 18:05:23,167][absl][INFO] - [process=0] /jax/checkpoint/write/blocking_gbytes_per_sec: 0 Bytes/s (total gbytes: 1.0 MiB) (time elapsed: 8 milliseconds) (per-host)
[2025-09-22 18:05:23,167][absl][INFO] - [process=0][thread=MainThread] Initiated Pytree async_save. Time taken: 0.008581s (batch_requests_ready=0.000662s, total_serialization_initiated=0.004340s, others=0.003579s)
[2025-09-22 18:05:23,168][absl][WARNING] - [process=0][thread=MainThread][operation_id=3] _SignalingThread.join() waiting for signals ([]) blocking the main thread will slow down blocking save times. This is likely due to main thread calling result() on a CommitFuture.
[2025-09-22 18:05:23,169][absl][INFO] - [process=0][thread=array_type_handler] Wrote 26 array_metadata.ArrayMetadata to /home/seul/Desktop/project/mujoco/ppo_ckpt/000002949120.orbax-checkpoint-tmp/array_metadatas/process_0
[2025-09-22 18:05:23,295][absl][INFO] - [process=0][thread=write_metadata_after_commits] Commit + Array metadata written. Time taken: 0.128590s (commit=0.127008s, array_metadata_write=0.001582s)
[2025-09-22 18:05:23,296][absl][INFO] - [process=0] /jax/checkpoint/write/gbytes_per_sec: 0 Bytes/s (total gbytes: 1.0 MiB) (time elapsed: 137 milliseconds) (per-host)
[2025-09-22 18:05:23,298][absl][INFO] - [process=0][thread=MainThread] Skipped cross-host ArrayMetadata validation because only one process is found: process_index=0.
[2025-09-22 18:05:23,324][absl][INFO] - [process=0][thread=MainThread] Pytree save finalize (merge_ocdbt + ArrayMetadata validation) completed. Time taken: 0.026889s. use_zarr3=False, enable_post_merge_validation=True, directory=/home/seul/Desktop/project/mujoco/ppo_ckpt/000002949120.orbax-checkpoint-tmp
[2025-09-22 18:05:23,324][absl][INFO] - Renaming /home/seul/Desktop/project/mujoco/ppo_ckpt/000002949120.orbax-checkpoint-tmp to /home/seul/Desktop/project/mujoco/ppo_ckpt/000002949120
[2025-09-22 18:05:23,325][absl][INFO] - [process=0][thread=MainThread] Finished saving checkpoint (finalized tmp dir) to `/home/seul/Desktop/project/mujoco/ppo_ckpt/000002949120`.
[2025-09-22 18:05:23,326][absl][INFO] - Finished synchronous save in 0.17 seconds to /home/seul/Desktop/project/mujoco/ppo_ckpt/000002949120
[2025-09-22 18:05:23,457][absl][INFO] - {'eval/walltime': 9.37753677368164, 'training/sps': np.float64(434502.28646134434), 'training/walltime': 17.839784860610962, 'training/entropy_loss': Array(-0.00473914, dtype=float32), 'training/policy_loss': Array(-0.0159769, dtype=float32), 'training/total_loss': Array(110.10527, dtype=float32), 'training/v_loss': Array(110.12598, dtype=float32), 'eval/episode_reward': Array(338.898, dtype=float32), 'eval/episode_reward/angle_in_bounds': Array(0., dtype=float32), 'eval/episode_reward/cart_in_bounds': Array(0., dtype=float32), 'eval/episode_reward/centered': Array(781.04266, dtype=float32), 'eval/episode_reward/small_control': Array(933.42303, dtype=float32), 'eval/episode_reward/small_velocity': Array(640.8939, dtype=float32), 'eval/episode_reward/upright': Array(625.3329, dtype=float32), 'eval/episode_reward_std': Array(54.86738, dtype=float32), 'eval/episode_reward/angle_in_bounds_std': Array(0., dtype=float32), 'eval/episode_reward/cart_in_bounds_std': Array(0., dtype=float32), 'eval/episode_reward/centered_std': Array(64.56995, dtype=float32), 'eval/episode_reward/small_control_std': Array(5.6965194, dtype=float32), 'eval/episode_reward/small_velocity_std': Array(45.640335, dtype=float32), 'eval/episode_reward/upright_std': Array(47.858624, dtype=float32), 'eval/avg_episode_length': Array(1000., dtype=float32), 'eval/std_episode_length': Array(0., dtype=float32), 'eval/epoch_eval_time': 0.12931084632873535, 'eval/sps': 989862.8277058607}
[2025-09-22 18:05:23,500][absl][INFO] - starting iteration 3 35.03100657463074
[2025-09-22 18:05:25,771][root][INFO] - saving checkpoint to /home/seul/Desktop/project/mujoco/ppo_ckpt/000003932160
[2025-09-22 18:05:25,772][absl][INFO] - Created BasePyTreeCheckpointHandler: use_ocdbt=True, use_zarr3=False, pytree_metadata_options=PyTreeMetadataOptions(support_rich_types=False), array_metadata_store=<orbax.checkpoint._src.metadata.array_metadata_store.Store object at 0x754dd2a7a2d0>, enable_pinned_host_transfer=True, save_concurrent_bytes: 96000000000 (89.4 GiB), restore_concurrent_bytes: 96000000000 (89.4 GiB)
[2025-09-22 18:05:25,772][absl][INFO] - [process=0] Started saving checkpoint to /home/seul/Desktop/project/mujoco/ppo_ckpt/000003932160.
[2025-09-22 18:05:25,772][absl][INFO] - Specified `force`: removing existing directory.
[2025-09-22 18:05:25,772][absl][INFO] - Creating tmp directory /home/seul/Desktop/project/mujoco/ppo_ckpt/000003932160.orbax-checkpoint-tmp
[2025-09-22 18:05:25,774][absl][INFO] - Transferring arrays to host memory with options: use_replica_parallel=True, min_slice_bytes_for_replica_parallel=None, max_replicas_for_replica_parallel=None, enable_pinned_host_transfer=True
[2025-09-22 18:05:25,778][absl][INFO] - [process=0][thread=MainThread] Initiated "orbax.checkpoint._src.serialization.type_handlers.ArrayHandler".serialize. Time taken: 0.003385s
[2025-09-22 18:05:25,778][absl][INFO] - [process=0] /jax/checkpoint/write/blocking_gbytes_per_sec: 0 Bytes/s (total gbytes: 1.0 MiB) (time elapsed: 5 milliseconds) (per-host)
[2025-09-22 18:05:25,778][absl][INFO] - [process=0][thread=MainThread] Initiated Pytree async_save. Time taken: 0.005152s (batch_requests_ready=0.000674s, total_serialization_initiated=0.004287s, others=0.000192s)
[2025-09-22 18:05:25,781][absl][WARNING] - [process=0][thread=MainThread][operation_id=4] _SignalingThread.join() waiting for signals ([]) blocking the main thread will slow down blocking save times. This is likely due to main thread calling result() on a CommitFuture.
[2025-09-22 18:05:25,784][absl][INFO] - [process=0][thread=array_type_handler] Wrote 26 array_metadata.ArrayMetadata to /home/seul/Desktop/project/mujoco/ppo_ckpt/000003932160.orbax-checkpoint-tmp/array_metadatas/process_0
[2025-09-22 18:05:25,906][absl][INFO] - [process=0][thread=write_metadata_after_commits] Commit + Array metadata written. Time taken: 0.125025s (commit=0.123874s, array_metadata_write=0.001151s)
[2025-09-22 18:05:25,907][absl][INFO] - [process=0] /jax/checkpoint/write/gbytes_per_sec: 0 Bytes/s (total gbytes: 1.0 MiB) (time elapsed: 133 milliseconds) (per-host)
[2025-09-22 18:05:25,908][absl][INFO] - [process=0][thread=MainThread] Skipped cross-host ArrayMetadata validation because only one process is found: process_index=0.
[2025-09-22 18:05:25,934][absl][INFO] - [process=0][thread=MainThread] Pytree save finalize (merge_ocdbt + ArrayMetadata validation) completed. Time taken: 0.026747s. use_zarr3=False, enable_post_merge_validation=True, directory=/home/seul/Desktop/project/mujoco/ppo_ckpt/000003932160.orbax-checkpoint-tmp
[2025-09-22 18:05:25,935][absl][INFO] - Renaming /home/seul/Desktop/project/mujoco/ppo_ckpt/000003932160.orbax-checkpoint-tmp to /home/seul/Desktop/project/mujoco/ppo_ckpt/000003932160
[2025-09-22 18:05:25,936][absl][INFO] - [process=0][thread=MainThread] Finished saving checkpoint (finalized tmp dir) to `/home/seul/Desktop/project/mujoco/ppo_ckpt/000003932160`.
[2025-09-22 18:05:25,936][absl][INFO] - Finished synchronous save in 0.16 seconds to /home/seul/Desktop/project/mujoco/ppo_ckpt/000003932160
[2025-09-22 18:05:26,067][absl][INFO] - {'eval/walltime': 9.506790399551392, 'training/sps': np.float64(433945.53013440606), 'training/walltime': 20.105138301849365, 'training/entropy_loss': Array(-0.00543476, dtype=float32), 'training/policy_loss': Array(-0.00342235, dtype=float32), 'training/total_loss': Array(148.07388, dtype=float32), 'training/v_loss': Array(148.08273, dtype=float32), 'eval/episode_reward': Array(378.09763, dtype=float32), 'eval/episode_reward/angle_in_bounds': Array(0., dtype=float32), 'eval/episode_reward/cart_in_bounds': Array(0., dtype=float32), 'eval/episode_reward/centered': Array(786.9232, dtype=float32), 'eval/episode_reward/small_control': Array(939.55566, dtype=float32), 'eval/episode_reward/small_velocity': Array(696.9636, dtype=float32), 'eval/episode_reward/upright': Array(631.6523, dtype=float32), 'eval/episode_reward_std': Array(58.05901, dtype=float32), 'eval/episode_reward/angle_in_bounds_std': Array(0., dtype=float32), 'eval/episode_reward/cart_in_bounds_std': Array(0., dtype=float32), 'eval/episode_reward/centered_std': Array(54.331306, dtype=float32), 'eval/episode_reward/small_control_std': Array(3.8364606, dtype=float32), 'eval/episode_reward/small_velocity_std': Array(41.13298, dtype=float32), 'eval/episode_reward/upright_std': Array(60.402256, dtype=float32), 'eval/avg_episode_length': Array(1000., dtype=float32), 'eval/std_episode_length': Array(0., dtype=float32), 'eval/epoch_eval_time': 0.12925362586975098, 'eval/sps': 990301.0390515911}
[2025-09-22 18:05:26,109][absl][INFO] - starting iteration 4 37.640055418014526
[2025-09-22 18:05:28,380][root][INFO] - saving checkpoint to /home/seul/Desktop/project/mujoco/ppo_ckpt/000004915200
[2025-09-22 18:05:28,380][absl][INFO] - Created BasePyTreeCheckpointHandler: use_ocdbt=True, use_zarr3=False, pytree_metadata_options=PyTreeMetadataOptions(support_rich_types=False), array_metadata_store=<orbax.checkpoint._src.metadata.array_metadata_store.Store object at 0x754dd2a7a2d0>, enable_pinned_host_transfer=True, save_concurrent_bytes: 96000000000 (89.4 GiB), restore_concurrent_bytes: 96000000000 (89.4 GiB)
[2025-09-22 18:05:28,381][absl][INFO] - [process=0] Started saving checkpoint to /home/seul/Desktop/project/mujoco/ppo_ckpt/000004915200.
[2025-09-22 18:05:28,381][absl][INFO] - Specified `force`: removing existing directory.
[2025-09-22 18:05:28,381][absl][INFO] - Creating tmp directory /home/seul/Desktop/project/mujoco/ppo_ckpt/000004915200.orbax-checkpoint-tmp
[2025-09-22 18:05:28,383][absl][INFO] - Transferring arrays to host memory with options: use_replica_parallel=True, min_slice_bytes_for_replica_parallel=None, max_replicas_for_replica_parallel=None, enable_pinned_host_transfer=True
[2025-09-22 18:05:28,386][absl][INFO] - [process=0][thread=MainThread] Initiated "orbax.checkpoint._src.serialization.type_handlers.ArrayHandler".serialize. Time taken: 0.002764s
[2025-09-22 18:05:28,389][absl][INFO] - [process=0] /jax/checkpoint/write/blocking_gbytes_per_sec: 0 Bytes/s (total gbytes: 1.0 MiB) (time elapsed: 7 milliseconds) (per-host)
[2025-09-22 18:05:28,390][absl][INFO] - [process=0][thread=MainThread] Initiated Pytree async_save. Time taken: 0.007719s (batch_requests_ready=0.000657s, total_serialization_initiated=0.006258s, others=0.000804s)
[2025-09-22 18:05:28,390][absl][WARNING] - [process=0][thread=MainThread][operation_id=5] _SignalingThread.join() waiting for signals ([]) blocking the main thread will slow down blocking save times. This is likely due to main thread calling result() on a CommitFuture.
[2025-09-22 18:05:28,391][absl][INFO] - [process=0][thread=array_type_handler] Wrote 26 array_metadata.ArrayMetadata to /home/seul/Desktop/project/mujoco/ppo_ckpt/000004915200.orbax-checkpoint-tmp/array_metadatas/process_0
[2025-09-22 18:05:28,518][absl][INFO] - [process=0][thread=write_metadata_after_commits] Commit + Array metadata written. Time taken: 0.129089s (commit=0.127755s, array_metadata_write=0.001333s)
[2025-09-22 18:05:28,519][absl][INFO] - [process=0] /jax/checkpoint/write/gbytes_per_sec: 0 Bytes/s (total gbytes: 1.0 MiB) (time elapsed: 136 milliseconds) (per-host)
[2025-09-22 18:05:28,521][absl][INFO] - [process=0][thread=MainThread] Skipped cross-host ArrayMetadata validation because only one process is found: process_index=0.
[2025-09-22 18:05:28,546][absl][INFO] - [process=0][thread=MainThread] Pytree save finalize (merge_ocdbt + ArrayMetadata validation) completed. Time taken: 0.026380s. use_zarr3=False, enable_post_merge_validation=True, directory=/home/seul/Desktop/project/mujoco/ppo_ckpt/000004915200.orbax-checkpoint-tmp
[2025-09-22 18:05:28,547][absl][INFO] - Renaming /home/seul/Desktop/project/mujoco/ppo_ckpt/000004915200.orbax-checkpoint-tmp to /home/seul/Desktop/project/mujoco/ppo_ckpt/000004915200
[2025-09-22 18:05:28,548][absl][INFO] - [process=0][thread=MainThread] Finished saving checkpoint (finalized tmp dir) to `/home/seul/Desktop/project/mujoco/ppo_ckpt/000004915200`.
[2025-09-22 18:05:28,548][absl][INFO] - Finished synchronous save in 0.17 seconds to /home/seul/Desktop/project/mujoco/ppo_ckpt/000004915200
[2025-09-22 18:05:28,679][absl][INFO] - {'eval/walltime': 9.63581657409668, 'training/sps': np.float64(433982.02423337364), 'training/walltime': 22.370301246643066, 'training/entropy_loss': Array(-0.0058212, dtype=float32), 'training/policy_loss': Array(-0.01352109, dtype=float32), 'training/total_loss': Array(307.49988, dtype=float32), 'training/v_loss': Array(307.51926, dtype=float32), 'eval/episode_reward': Array(468.9989, dtype=float32), 'eval/episode_reward/angle_in_bounds': Array(0., dtype=float32), 'eval/episode_reward/cart_in_bounds': Array(0., dtype=float32), 'eval/episode_reward/centered': Array(840.6163, dtype=float32), 'eval/episode_reward/small_control': Array(944.08057, dtype=float32), 'eval/episode_reward/small_velocity': Array(757.50684, dtype=float32), 'eval/episode_reward/upright': Array(677.9625, dtype=float32), 'eval/episode_reward_std': Array(57.735443, dtype=float32), 'eval/episode_reward/angle_in_bounds_std': Array(0., dtype=float32), 'eval/episode_reward/cart_in_bounds_std': Array(0., dtype=float32), 'eval/episode_reward/centered_std': Array(50.736565, dtype=float32), 'eval/episode_reward/small_control_std': Array(2.9809656, dtype=float32), 'eval/episode_reward/small_velocity_std': Array(31.465874, dtype=float32), 'eval/episode_reward/upright_std': Array(55.111958, dtype=float32), 'eval/avg_episode_length': Array(1000., dtype=float32), 'eval/std_episode_length': Array(0., dtype=float32), 'eval/epoch_eval_time': 0.12902617454528809, 'eval/sps': 992046.7723010117}
[2025-09-22 18:05:28,720][absl][INFO] - starting iteration 5 40.25132608413696
[2025-09-22 18:05:30,994][root][INFO] - saving checkpoint to /home/seul/Desktop/project/mujoco/ppo_ckpt/000005898240
[2025-09-22 18:05:30,994][absl][INFO] - Created BasePyTreeCheckpointHandler: use_ocdbt=True, use_zarr3=False, pytree_metadata_options=PyTreeMetadataOptions(support_rich_types=False), array_metadata_store=<orbax.checkpoint._src.metadata.array_metadata_store.Store object at 0x754dd2a7a2d0>, enable_pinned_host_transfer=True, save_concurrent_bytes: 96000000000 (89.4 GiB), restore_concurrent_bytes: 96000000000 (89.4 GiB)
[2025-09-22 18:05:30,994][absl][INFO] - [process=0] Started saving checkpoint to /home/seul/Desktop/project/mujoco/ppo_ckpt/000005898240.
[2025-09-22 18:05:30,994][absl][INFO] - Specified `force`: removing existing directory.
[2025-09-22 18:05:30,995][absl][INFO] - Creating tmp directory /home/seul/Desktop/project/mujoco/ppo_ckpt/000005898240.orbax-checkpoint-tmp
[2025-09-22 18:05:30,997][absl][INFO] - Transferring arrays to host memory with options: use_replica_parallel=True, min_slice_bytes_for_replica_parallel=None, max_replicas_for_replica_parallel=None, enable_pinned_host_transfer=True
[2025-09-22 18:05:31,000][absl][INFO] - [process=0][thread=MainThread] Initiated "orbax.checkpoint._src.serialization.type_handlers.ArrayHandler".serialize. Time taken: 0.002784s
[2025-09-22 18:05:31,000][absl][INFO] - [process=0] /jax/checkpoint/write/blocking_gbytes_per_sec: 0 Bytes/s (total gbytes: 1.0 MiB) (time elapsed: 4 milliseconds) (per-host)
[2025-09-22 18:05:31,001][absl][INFO] - [process=0][thread=MainThread] Initiated Pytree async_save. Time taken: 0.005589s (batch_requests_ready=0.000674s, total_serialization_initiated=0.003685s, others=0.001230s)
[2025-09-22 18:05:31,001][absl][WARNING] - [process=0][thread=MainThread][operation_id=6] _SignalingThread.join() waiting for signals ([]) blocking the main thread will slow down blocking save times. This is likely due to main thread calling result() on a CommitFuture.
[2025-09-22 18:05:31,006][absl][INFO] - [process=0][thread=array_type_handler] Wrote 26 array_metadata.ArrayMetadata to /home/seul/Desktop/project/mujoco/ppo_ckpt/000005898240.orbax-checkpoint-tmp/array_metadatas/process_0
[2025-09-22 18:05:31,129][absl][INFO] - [process=0][thread=write_metadata_after_commits] Commit + Array metadata written. Time taken: 0.124825s (commit=0.123477s, array_metadata_write=0.001347s)
[2025-09-22 18:05:31,129][absl][INFO] - [process=0] /jax/checkpoint/write/gbytes_per_sec: 0 Bytes/s (total gbytes: 1.0 MiB) (time elapsed: 133 milliseconds) (per-host)
[2025-09-22 18:05:31,130][absl][INFO] - [process=0][thread=MainThread] Skipped cross-host ArrayMetadata validation because only one process is found: process_index=0.
[2025-09-22 18:05:31,156][absl][INFO] - [process=0][thread=MainThread] Pytree save finalize (merge_ocdbt + ArrayMetadata validation) completed. Time taken: 0.026225s. use_zarr3=False, enable_post_merge_validation=True, directory=/home/seul/Desktop/project/mujoco/ppo_ckpt/000005898240.orbax-checkpoint-tmp
[2025-09-22 18:05:31,156][absl][INFO] - Renaming /home/seul/Desktop/project/mujoco/ppo_ckpt/000005898240.orbax-checkpoint-tmp to /home/seul/Desktop/project/mujoco/ppo_ckpt/000005898240
[2025-09-22 18:05:31,157][absl][INFO] - [process=0][thread=MainThread] Finished saving checkpoint (finalized tmp dir) to `/home/seul/Desktop/project/mujoco/ppo_ckpt/000005898240`.
[2025-09-22 18:05:31,157][absl][INFO] - Finished synchronous save in 0.16 seconds to /home/seul/Desktop/project/mujoco/ppo_ckpt/000005898240
[2025-09-22 18:05:31,287][absl][INFO] - {'eval/walltime': 9.764498710632324, 'training/sps': np.float64(433478.72841486684), 'training/walltime': 24.638094186782837, 'training/entropy_loss': Array(-0.00595254, dtype=float32), 'training/policy_loss': Array(-0.00203532, dtype=float32), 'training/total_loss': Array(979.7821, dtype=float32), 'training/v_loss': Array(979.79016, dtype=float32), 'eval/episode_reward': Array(445.84625, dtype=float32), 'eval/episode_reward/angle_in_bounds': Array(0., dtype=float32), 'eval/episode_reward/cart_in_bounds': Array(0., dtype=float32), 'eval/episode_reward/centered': Array(831.14923, dtype=float32), 'eval/episode_reward/small_control': Array(942.4804, dtype=float32), 'eval/episode_reward/small_velocity': Array(736.7728, dtype=float32), 'eval/episode_reward/upright': Array(672.2774, dtype=float32), 'eval/episode_reward_std': Array(55.482162, dtype=float32), 'eval/episode_reward/angle_in_bounds_std': Array(0., dtype=float32), 'eval/episode_reward/cart_in_bounds_std': Array(0., dtype=float32), 'eval/episode_reward/centered_std': Array(39.972286, dtype=float32), 'eval/episode_reward/small_control_std': Array(3.105059, dtype=float32), 'eval/episode_reward/small_velocity_std': Array(45.22046, dtype=float32), 'eval/episode_reward/upright_std': Array(56.648354, dtype=float32), 'eval/avg_episode_length': Array(1000., dtype=float32), 'eval/std_episode_length': Array(0., dtype=float32), 'eval/epoch_eval_time': 0.12868213653564453, 'eval/sps': 994699.0580510327}
[2025-09-22 18:05:31,328][absl][INFO] - starting iteration 6 42.85942482948303
[2025-09-22 18:05:33,601][root][INFO] - saving checkpoint to /home/seul/Desktop/project/mujoco/ppo_ckpt/000006881280
[2025-09-22 18:05:33,601][absl][INFO] - Created BasePyTreeCheckpointHandler: use_ocdbt=True, use_zarr3=False, pytree_metadata_options=PyTreeMetadataOptions(support_rich_types=False), array_metadata_store=<orbax.checkpoint._src.metadata.array_metadata_store.Store object at 0x754dd2a7a2d0>, enable_pinned_host_transfer=True, save_concurrent_bytes: 96000000000 (89.4 GiB), restore_concurrent_bytes: 96000000000 (89.4 GiB)
[2025-09-22 18:05:33,601][absl][INFO] - [process=0] Started saving checkpoint to /home/seul/Desktop/project/mujoco/ppo_ckpt/000006881280.
[2025-09-22 18:05:33,602][absl][INFO] - Specified `force`: removing existing directory.
[2025-09-22 18:05:33,602][absl][INFO] - Creating tmp directory /home/seul/Desktop/project/mujoco/ppo_ckpt/000006881280.orbax-checkpoint-tmp
[2025-09-22 18:05:33,604][absl][INFO] - Transferring arrays to host memory with options: use_replica_parallel=True, min_slice_bytes_for_replica_parallel=None, max_replicas_for_replica_parallel=None, enable_pinned_host_transfer=True
[2025-09-22 18:05:33,607][absl][INFO] - [process=0][thread=MainThread] Initiated "orbax.checkpoint._src.serialization.type_handlers.ArrayHandler".serialize. Time taken: 0.002801s
[2025-09-22 18:05:33,610][absl][INFO] - [process=0] /jax/checkpoint/write/blocking_gbytes_per_sec: 0 Bytes/s (total gbytes: 1.0 MiB) (time elapsed: 7 milliseconds) (per-host)
[2025-09-22 18:05:33,611][absl][INFO] - [process=0][thread=MainThread] Initiated Pytree async_save. Time taken: 0.007871s (batch_requests_ready=0.000636s, total_serialization_initiated=0.003733s, others=0.003502s)
[2025-09-22 18:05:33,611][absl][WARNING] - [process=0][thread=MainThread][operation_id=7] _SignalingThread.join() waiting for signals ([]) blocking the main thread will slow down blocking save times. This is likely due to main thread calling result() on a CommitFuture.
[2025-09-22 18:05:33,612][absl][INFO] - [process=0][thread=array_type_handler] Wrote 26 array_metadata.ArrayMetadata to /home/seul/Desktop/project/mujoco/ppo_ckpt/000006881280.orbax-checkpoint-tmp/array_metadatas/process_0
[2025-09-22 18:05:33,734][absl][INFO] - [process=0][thread=write_metadata_after_commits] Commit + Array metadata written. Time taken: 0.123783s (commit=0.122674s, array_metadata_write=0.001108s)
[2025-09-22 18:05:33,734][absl][INFO] - [process=0] /jax/checkpoint/write/gbytes_per_sec: 0 Bytes/s (total gbytes: 1.0 MiB) (time elapsed: 131 milliseconds) (per-host)
[2025-09-22 18:05:33,736][absl][INFO] - [process=0][thread=MainThread] Skipped cross-host ArrayMetadata validation because only one process is found: process_index=0.
[2025-09-22 18:05:33,761][absl][INFO] - [process=0][thread=MainThread] Pytree save finalize (merge_ocdbt + ArrayMetadata validation) completed. Time taken: 0.026087s. use_zarr3=False, enable_post_merge_validation=True, directory=/home/seul/Desktop/project/mujoco/ppo_ckpt/000006881280.orbax-checkpoint-tmp
[2025-09-22 18:05:33,761][absl][INFO] - Renaming /home/seul/Desktop/project/mujoco/ppo_ckpt/000006881280.orbax-checkpoint-tmp to /home/seul/Desktop/project/mujoco/ppo_ckpt/000006881280
[2025-09-22 18:05:33,762][absl][INFO] - [process=0][thread=MainThread] Finished saving checkpoint (finalized tmp dir) to `/home/seul/Desktop/project/mujoco/ppo_ckpt/000006881280`.
[2025-09-22 18:05:33,762][absl][INFO] - Finished synchronous save in 0.16 seconds to /home/seul/Desktop/project/mujoco/ppo_ckpt/000006881280
[2025-09-22 18:05:33,894][absl][INFO] - {'eval/walltime': 9.893889904022217, 'training/sps': np.float64(433625.1116788777), 'training/walltime': 26.905121564865112, 'training/entropy_loss': Array(-0.00572052, dtype=float32), 'training/policy_loss': Array(-0.00268652, dtype=float32), 'training/total_loss': Array(1047.8245, dtype=float32), 'training/v_loss': Array(1047.8329, dtype=float32), 'eval/episode_reward': Array(404.41156, dtype=float32), 'eval/episode_reward/angle_in_bounds': Array(0., dtype=float32), 'eval/episode_reward/cart_in_bounds': Array(0., dtype=float32), 'eval/episode_reward/centered': Array(803.8996, dtype=float32), 'eval/episode_reward/small_control': Array(942.0166, dtype=float32), 'eval/episode_reward/small_velocity': Array(718.6502, dtype=float32), 'eval/episode_reward/upright': Array(629.9785, dtype=float32), 'eval/episode_reward_std': Array(68.83592, dtype=float32), 'eval/episode_reward/angle_in_bounds_std': Array(0., dtype=float32), 'eval/episode_reward/cart_in_bounds_std': Array(0., dtype=float32), 'eval/episode_reward/centered_std': Array(46.133976, dtype=float32), 'eval/episode_reward/small_control_std': Array(4.040792, dtype=float32), 'eval/episode_reward/small_velocity_std': Array(69.88254, dtype=float32), 'eval/episode_reward/upright_std': Array(84.93473, dtype=float32), 'eval/avg_episode_length': Array(1000., dtype=float32), 'eval/std_episode_length': Array(0., dtype=float32), 'eval/epoch_eval_time': 0.12939119338989258, 'eval/sps': 989248.1601456406}
[2025-09-22 18:05:33,939][absl][INFO] - starting iteration 7 45.470484018325806
[2025-09-22 18:05:36,215][root][INFO] - saving checkpoint to /home/seul/Desktop/project/mujoco/ppo_ckpt/000007864320
[2025-09-22 18:05:36,216][absl][INFO] - Created BasePyTreeCheckpointHandler: use_ocdbt=True, use_zarr3=False, pytree_metadata_options=PyTreeMetadataOptions(support_rich_types=False), array_metadata_store=<orbax.checkpoint._src.metadata.array_metadata_store.Store object at 0x754dd2a7a2d0>, enable_pinned_host_transfer=True, save_concurrent_bytes: 96000000000 (89.4 GiB), restore_concurrent_bytes: 96000000000 (89.4 GiB)
[2025-09-22 18:05:36,216][absl][INFO] - [process=0] Started saving checkpoint to /home/seul/Desktop/project/mujoco/ppo_ckpt/000007864320.
[2025-09-22 18:05:36,216][absl][INFO] - Specified `force`: removing existing directory.
[2025-09-22 18:05:36,216][absl][INFO] - Creating tmp directory /home/seul/Desktop/project/mujoco/ppo_ckpt/000007864320.orbax-checkpoint-tmp
[2025-09-22 18:05:36,219][absl][INFO] - Transferring arrays to host memory with options: use_replica_parallel=True, min_slice_bytes_for_replica_parallel=None, max_replicas_for_replica_parallel=None, enable_pinned_host_transfer=True
[2025-09-22 18:05:36,222][absl][INFO] - [process=0][thread=MainThread] Initiated "orbax.checkpoint._src.serialization.type_handlers.ArrayHandler".serialize. Time taken: 0.003406s
[2025-09-22 18:05:36,223][absl][INFO] - [process=0] /jax/checkpoint/write/blocking_gbytes_per_sec: 0 Bytes/s (total gbytes: 1.0 MiB) (time elapsed: 6 milliseconds) (per-host)
[2025-09-22 18:05:36,224][absl][INFO] - [process=0][thread=MainThread] Initiated Pytree async_save. Time taken: 0.006641s (batch_requests_ready=0.000636s, total_serialization_initiated=0.004300s, others=0.001705s)
[2025-09-22 18:05:36,224][absl][WARNING] - [process=0][thread=MainThread][operation_id=8] _SignalingThread.join() waiting for signals ([]) blocking the main thread will slow down blocking save times. This is likely due to main thread calling result() on a CommitFuture.
[2025-09-22 18:05:36,228][absl][INFO] - [process=0][thread=array_type_handler] Wrote 26 array_metadata.ArrayMetadata to /home/seul/Desktop/project/mujoco/ppo_ckpt/000007864320.orbax-checkpoint-tmp/array_metadatas/process_0
[2025-09-22 18:05:36,351][absl][INFO] - [process=0][thread=write_metadata_after_commits] Commit + Array metadata written. Time taken: 0.127661s (commit=0.126455s, array_metadata_write=0.001205s)
[2025-09-22 18:05:36,352][absl][INFO] - [process=0] /jax/checkpoint/write/gbytes_per_sec: 0 Bytes/s (total gbytes: 1.0 MiB) (time elapsed: 134 milliseconds) (per-host)
[2025-09-22 18:05:36,353][absl][INFO] - [process=0][thread=MainThread] Skipped cross-host ArrayMetadata validation because only one process is found: process_index=0.
[2025-09-22 18:05:36,379][absl][INFO] - [process=0][thread=MainThread] Pytree save finalize (merge_ocdbt + ArrayMetadata validation) completed. Time taken: 0.026445s. use_zarr3=False, enable_post_merge_validation=True, directory=/home/seul/Desktop/project/mujoco/ppo_ckpt/000007864320.orbax-checkpoint-tmp
[2025-09-22 18:05:36,379][absl][INFO] - Renaming /home/seul/Desktop/project/mujoco/ppo_ckpt/000007864320.orbax-checkpoint-tmp to /home/seul/Desktop/project/mujoco/ppo_ckpt/000007864320
[2025-09-22 18:05:36,380][absl][INFO] - [process=0][thread=MainThread] Finished saving checkpoint (finalized tmp dir) to `/home/seul/Desktop/project/mujoco/ppo_ckpt/000007864320`.
[2025-09-22 18:05:36,380][absl][INFO] - Finished synchronous save in 0.16 seconds to /home/seul/Desktop/project/mujoco/ppo_ckpt/000007864320
[2025-09-22 18:05:36,512][absl][INFO] - {'eval/walltime': 10.023267269134521, 'training/sps': np.float64(433061.2295138012), 'training/walltime': 29.175100803375244, 'training/entropy_loss': Array(-0.00591921, dtype=float32), 'training/policy_loss': Array(-0.00499534, dtype=float32), 'training/total_loss': Array(299.4702, dtype=float32), 'training/v_loss': Array(299.48114, dtype=float32), 'eval/episode_reward': Array(468.6529, dtype=float32), 'eval/episode_reward/angle_in_bounds': Array(0., dtype=float32), 'eval/episode_reward/cart_in_bounds': Array(0., dtype=float32), 'eval/episode_reward/centered': Array(840.0349, dtype=float32), 'eval/episode_reward/small_control': Array(946.4452, dtype=float32), 'eval/episode_reward/small_velocity': Array(770.8342, dtype=float32), 'eval/episode_reward/upright': Array(654.4155, dtype=float32), 'eval/episode_reward_std': Array(65.83487, dtype=float32), 'eval/episode_reward/angle_in_bounds_std': Array(0., dtype=float32), 'eval/episode_reward/cart_in_bounds_std': Array(0., dtype=float32), 'eval/episode_reward/centered_std': Array(38.116, dtype=float32), 'eval/episode_reward/small_control_std': Array(3.7819703, dtype=float32), 'eval/episode_reward/small_velocity_std': Array(45.951836, dtype=float32), 'eval/episode_reward/upright_std': Array(89.82497, dtype=float32), 'eval/avg_episode_length': Array(1000., dtype=float32), 'eval/std_episode_length': Array(0., dtype=float32), 'eval/epoch_eval_time': 0.1293773651123047, 'eval/sps': 989353.8942371482}
[2025-09-22 18:05:36,557][absl][INFO] - starting iteration 8 48.08807635307312
[2025-09-22 18:05:38,829][root][INFO] - saving checkpoint to /home/seul/Desktop/project/mujoco/ppo_ckpt/000008847360
[2025-09-22 18:05:38,830][absl][INFO] - Created BasePyTreeCheckpointHandler: use_ocdbt=True, use_zarr3=False, pytree_metadata_options=PyTreeMetadataOptions(support_rich_types=False), array_metadata_store=<orbax.checkpoint._src.metadata.array_metadata_store.Store object at 0x754dd2a7a2d0>, enable_pinned_host_transfer=True, save_concurrent_bytes: 96000000000 (89.4 GiB), restore_concurrent_bytes: 96000000000 (89.4 GiB)
[2025-09-22 18:05:38,830][absl][INFO] - [process=0] Started saving checkpoint to /home/seul/Desktop/project/mujoco/ppo_ckpt/000008847360.
[2025-09-22 18:05:38,830][absl][INFO] - Specified `force`: removing existing directory.
[2025-09-22 18:05:38,830][absl][INFO] - Creating tmp directory /home/seul/Desktop/project/mujoco/ppo_ckpt/000008847360.orbax-checkpoint-tmp
[2025-09-22 18:05:38,833][absl][INFO] - Transferring arrays to host memory with options: use_replica_parallel=True, min_slice_bytes_for_replica_parallel=None, max_replicas_for_replica_parallel=None, enable_pinned_host_transfer=True
[2025-09-22 18:05:38,836][absl][INFO] - [process=0][thread=MainThread] Initiated "orbax.checkpoint._src.serialization.type_handlers.ArrayHandler".serialize. Time taken: 0.003370s
[2025-09-22 18:05:38,839][absl][INFO] - [process=0] /jax/checkpoint/write/blocking_gbytes_per_sec: 0 Bytes/s (total gbytes: 1.0 MiB) (time elapsed: 8 milliseconds) (per-host)
[2025-09-22 18:05:38,840][absl][INFO] - [process=0][thread=MainThread] Initiated Pytree async_save. Time taken: 0.008473s (batch_requests_ready=0.000633s, total_serialization_initiated=0.004265s, others=0.003576s)
[2025-09-22 18:05:38,840][absl][WARNING] - [process=0][thread=MainThread][operation_id=9] _SignalingThread.join() waiting for signals ([]) blocking the main thread will slow down blocking save times. This is likely due to main thread calling result() on a CommitFuture.
[2025-09-22 18:05:38,842][absl][INFO] - [process=0][thread=array_type_handler] Wrote 26 array_metadata.ArrayMetadata to /home/seul/Desktop/project/mujoco/ppo_ckpt/000008847360.orbax-checkpoint-tmp/array_metadatas/process_0
[2025-09-22 18:05:38,964][absl][INFO] - [process=0][thread=write_metadata_after_commits] Commit + Array metadata written. Time taken: 0.124648s (commit=0.123587s, array_metadata_write=0.001061s)
[2025-09-22 18:05:38,965][absl][INFO] - [process=0] /jax/checkpoint/write/gbytes_per_sec: 0 Bytes/s (total gbytes: 1.0 MiB) (time elapsed: 133 milliseconds) (per-host)
[2025-09-22 18:05:38,966][absl][INFO] - [process=0][thread=MainThread] Skipped cross-host ArrayMetadata validation because only one process is found: process_index=0.
[2025-09-22 18:05:38,992][absl][INFO] - [process=0][thread=MainThread] Pytree save finalize (merge_ocdbt + ArrayMetadata validation) completed. Time taken: 0.026694s. use_zarr3=False, enable_post_merge_validation=True, directory=/home/seul/Desktop/project/mujoco/ppo_ckpt/000008847360.orbax-checkpoint-tmp
[2025-09-22 18:05:38,993][absl][INFO] - Renaming /home/seul/Desktop/project/mujoco/ppo_ckpt/000008847360.orbax-checkpoint-tmp to /home/seul/Desktop/project/mujoco/ppo_ckpt/000008847360
[2025-09-22 18:05:38,993][absl][INFO] - [process=0][thread=MainThread] Finished saving checkpoint (finalized tmp dir) to `/home/seul/Desktop/project/mujoco/ppo_ckpt/000008847360`.
[2025-09-22 18:05:38,994][absl][INFO] - Finished synchronous save in 0.16 seconds to /home/seul/Desktop/project/mujoco/ppo_ckpt/000008847360
[2025-09-22 18:05:39,125][absl][INFO] - {'eval/walltime': 10.152361631393433, 'training/sps': np.float64(433707.94337434333), 'training/walltime': 31.44169521331787, 'training/entropy_loss': Array(-0.00492603, dtype=float32), 'training/policy_loss': Array(-0.01346306, dtype=float32), 'training/total_loss': Array(302.95276, dtype=float32), 'training/v_loss': Array(302.97113, dtype=float32), 'eval/episode_reward': Array(765.34546, dtype=float32), 'eval/episode_reward/angle_in_bounds': Array(0., dtype=float32), 'eval/episode_reward/cart_in_bounds': Array(0., dtype=float32), 'eval/episode_reward/centered': Array(913.8264, dtype=float32), 'eval/episode_reward/small_control': Array(961.34265, dtype=float32), 'eval/episode_reward/small_velocity': Array(913.2207, dtype=float32), 'eval/episode_reward/upright': Array(880.78406, dtype=float32), 'eval/episode_reward_std': Array(130.23514, dtype=float32), 'eval/episode_reward/angle_in_bounds_std': Array(0., dtype=float32), 'eval/episode_reward/cart_in_bounds_std': Array(0., dtype=float32), 'eval/episode_reward/centered_std': Array(46.673634, dtype=float32), 'eval/episode_reward/small_control_std': Array(5.621271, dtype=float32), 'eval/episode_reward/small_velocity_std': Array(63.551292, dtype=float32), 'eval/episode_reward/upright_std': Array(91.26154, dtype=float32), 'eval/avg_episode_length': Array(1000., dtype=float32), 'eval/std_episode_length': Array(0., dtype=float32), 'eval/epoch_eval_time': 0.12909436225891113, 'eval/sps': 991522.7726465988}
[2025-09-22 18:05:39,436][absl][INFO] - total steps: 8847360
[2025-09-22 18:05:39,516][root][INFO] - Using JAX default device: cuda:0.
