[2025-09-23 12:49:14,970][jax._src.xla_bridge][INFO] - Unable to initialize backend 'tpu': INTERNAL: Failed to open libtpu.so: libtpu.so: cannot open shared object file: No such file or directory
[2025-09-23 12:49:15,036][root][INFO] - Using JAX default device: cuda:0.
[2025-09-23 12:49:15,175][absl][INFO] - Device count: 1, process count: 1 (id 0), local device count: 1, devices to be used count: 1
[2025-09-23 12:49:15,694][root][INFO] - Using JAX default device: cuda:0.
[2025-09-23 12:49:21,872][root][INFO] - Using JAX default device: cuda:0.
[2025-09-23 12:49:30,933][absl][INFO] - {'eval/walltime': 8.994731187820435, 'eval/episode_reward': Array(280.1272, dtype=float32), 'eval/episode_reward/angle_in_bounds': Array(0., dtype=float32), 'eval/episode_reward/cart_in_bounds': Array(0., dtype=float32), 'eval/episode_reward/centered': Array(721.52405, dtype=float32), 'eval/episode_reward/small_control': Array(923.9684, dtype=float32), 'eval/episode_reward/small_velocity': Array(631.84155, dtype=float32), 'eval/episode_reward/upright': Array(570.74536, dtype=float32), 'eval/episode_reward_std': Array(59.778, dtype=float32), 'eval/episode_reward/angle_in_bounds_std': Array(0., dtype=float32), 'eval/episode_reward/cart_in_bounds_std': Array(0., dtype=float32), 'eval/episode_reward/centered_std': Array(65.59639, dtype=float32), 'eval/episode_reward/small_control_std': Array(11.044095, dtype=float32), 'eval/episode_reward/small_velocity_std': Array(68.4579, dtype=float32), 'eval/episode_reward/upright_std': Array(89.32887, dtype=float32), 'eval/avg_episode_length': Array(1000., dtype=float32), 'eval/std_episode_length': Array(0., dtype=float32), 'eval/epoch_eval_time': 8.994731187820435, 'eval/sps': 14230.553123513235}
[2025-09-23 12:49:31,087][absl][INFO] - starting iteration 0 15.911306619644165
[2025-09-23 12:49:58,872][root][INFO] - saving checkpoint to /home/seul/Desktop/project/mujoco/ppo_ckpt/000006881280
[2025-09-23 12:49:58,873][absl][INFO] - orbax-checkpoint version: 0.11.25
[2025-09-23 12:49:58,873][absl][INFO] - Created BasePyTreeCheckpointHandler: use_ocdbt=True, use_zarr3=False, pytree_metadata_options=PyTreeMetadataOptions(support_rich_types=False), array_metadata_store=<orbax.checkpoint._src.metadata.array_metadata_store.Store object at 0x7b3f8577c950>, enable_pinned_host_transfer=True, save_concurrent_bytes: 96000000000 (89.4 GiB), restore_concurrent_bytes: 96000000000 (89.4 GiB)
[2025-09-23 12:49:58,873][absl][INFO] - [thread=MainThread] Failed to get flag value for EXPERIMENTAL_ORBAX_USE_DISTRIBUTED_PROCESS_ID.
[2025-09-23 12:49:58,873][absl][INFO] - [process=0] Started saving checkpoint to /home/seul/Desktop/project/mujoco/ppo_ckpt/000006881280.
[2025-09-23 12:49:58,874][absl][INFO] - Specified `force`: removing existing directory.
[2025-09-23 12:49:58,875][absl][INFO] - Creating tmp directory /home/seul/Desktop/project/mujoco/ppo_ckpt/000006881280.orbax-checkpoint-tmp
[2025-09-23 12:49:58,875][absl][INFO] - Wrote Metadata={'item_handlers': None, 'metrics': {}, 'performance_metrics': {}, 'init_timestamp_nsecs': 1758599398875730675, 'commit_timestamp_nsecs': None, 'custom_metadata': {}}, json={"item_handlers": null, "metrics": {}, "performance_metrics": {}, "init_timestamp_nsecs": 1758599398875730675, "commit_timestamp_nsecs": null, "custom_metadata": {}} to /home/seul/Desktop/project/mujoco/ppo_ckpt/000006881280.orbax-checkpoint-tmp/_CHECKPOINT_METADATA
[2025-09-23 12:49:58,878][absl][INFO] - Transferring arrays to host memory with options: use_replica_parallel=True, min_slice_bytes_for_replica_parallel=None, max_replicas_for_replica_parallel=None, enable_pinned_host_transfer=True
[2025-09-23 12:49:58,884][absl][INFO] - Using ThreadSafeKeyValueSignalingClient
[2025-09-23 12:49:58,885][absl][INFO] - [process=0][thread=MainThread] Initiated "orbax.checkpoint._src.serialization.type_handlers.ArrayHandler".serialize. Time taken: 0.006477s
[2025-09-23 12:49:58,889][absl][INFO] - [process=0] /jax/checkpoint/write/blocking_gbytes_per_sec: 0 Bytes/s (total gbytes: 1.0 MiB) (time elapsed: 12 milliseconds) (per-host)
[2025-09-23 12:49:58,889][absl][INFO] - [process=0][thread=MainThread] Initiated Pytree async_save. Time taken: 0.012993s (batch_requests_ready=0.000949s, total_serialization_initiated=0.011484s, others=0.000560s)
[2025-09-23 12:49:58,890][absl][WARNING] - [process=0][thread=MainThread][operation_id=1] _SignalingThread.join() waiting for signals ([]) blocking the main thread will slow down blocking save times. This is likely due to main thread calling result() on a CommitFuture.
[2025-09-23 12:49:58,891][absl][INFO] - [process=0][thread=array_type_handler] Wrote 26 array_metadata.ArrayMetadata to /home/seul/Desktop/project/mujoco/ppo_ckpt/000006881280.orbax-checkpoint-tmp/array_metadatas/process_0
[2025-09-23 12:49:59,042][absl][INFO] - [process=0][thread=write_metadata_after_commits] Commit + Array metadata written. Time taken: 0.152132s (commit=0.150256s, array_metadata_write=0.001876s)
[2025-09-23 12:49:59,043][absl][INFO] - [process=0] /jax/checkpoint/write/gbytes_per_sec: 0 Bytes/s (total gbytes: 1.0 MiB) (time elapsed: 166 milliseconds) (per-host)
[2025-09-23 12:49:59,043][absl][INFO] - Read Metadata={'item_handlers': None, 'metrics': {}, 'performance_metrics': {}, 'init_timestamp_nsecs': 1758599398875730675, 'commit_timestamp_nsecs': None, 'custom_metadata': {}} from /home/seul/Desktop/project/mujoco/ppo_ckpt/000006881280.orbax-checkpoint-tmp/_CHECKPOINT_METADATA
[2025-09-23 12:49:59,043][absl][INFO] - Updated Metadata={'item_handlers': 'orbax.checkpoint._src.handlers.pytree_checkpoint_handler.PyTreeCheckpointHandler', 'metrics': {}, 'performance_metrics': {}, 'init_timestamp_nsecs': 1758599398875730675, 'commit_timestamp_nsecs': None, 'custom_metadata': {}} to /home/seul/Desktop/project/mujoco/ppo_ckpt/000006881280.orbax-checkpoint-tmp/_CHECKPOINT_METADATA
[2025-09-23 12:49:59,045][absl][INFO] - [process=0][thread=MainThread] Skipped cross-host ArrayMetadata validation because only one process is found: process_index=0.
[2025-09-23 12:49:59,074][absl][INFO] - [process=0][thread=MainThread] Pytree save finalize (merge_ocdbt + ArrayMetadata validation) completed. Time taken: 0.030101s. use_zarr3=False, enable_post_merge_validation=True, directory=/home/seul/Desktop/project/mujoco/ppo_ckpt/000006881280.orbax-checkpoint-tmp
[2025-09-23 12:49:59,075][absl][INFO] - Renaming /home/seul/Desktop/project/mujoco/ppo_ckpt/000006881280.orbax-checkpoint-tmp to /home/seul/Desktop/project/mujoco/ppo_ckpt/000006881280
[2025-09-23 12:49:59,076][absl][INFO] - [process=0][thread=MainThread] Finished saving checkpoint (finalized tmp dir) to `/home/seul/Desktop/project/mujoco/ppo_ckpt/000006881280`.
[2025-09-23 12:49:59,076][absl][INFO] - Finished synchronous save in 0.20 seconds to /home/seul/Desktop/project/mujoco/ppo_ckpt/000006881280
[2025-09-23 12:49:59,221][absl][INFO] - {'eval/walltime': 9.137817621231079, 'training/sps': np.float64(249905.49358425205), 'training/walltime': 27.535529136657715, 'training/entropy_loss': Array(-0.00519498, dtype=float32), 'training/policy_loss': Array(-0.00757152, dtype=float32), 'training/total_loss': Array(439.14807, dtype=float32), 'training/v_loss': Array(439.1608, dtype=float32), 'eval/episode_reward': Array(660.9866, dtype=float32), 'eval/episode_reward/angle_in_bounds': Array(0., dtype=float32), 'eval/episode_reward/cart_in_bounds': Array(0., dtype=float32), 'eval/episode_reward/centered': Array(904.8583, dtype=float32), 'eval/episode_reward/small_control': Array(954.1882, dtype=float32), 'eval/episode_reward/small_velocity': Array(868.567, dtype=float32), 'eval/episode_reward/upright': Array(794.46716, dtype=float32), 'eval/episode_reward_std': Array(143.85664, dtype=float32), 'eval/episode_reward/angle_in_bounds_std': Array(0., dtype=float32), 'eval/episode_reward/cart_in_bounds_std': Array(0., dtype=float32), 'eval/episode_reward/centered_std': Array(49.89462, dtype=float32), 'eval/episode_reward/small_control_std': Array(5.005298, dtype=float32), 'eval/episode_reward/small_velocity_std': Array(67.490486, dtype=float32), 'eval/episode_reward/upright_std': Array(131.19185, dtype=float32), 'eval/avg_episode_length': Array(1000., dtype=float32), 'eval/std_episode_length': Array(0., dtype=float32), 'eval/epoch_eval_time': 0.14308643341064453, 'eval/sps': 894564.1941654392}
[2025-09-23 12:49:59,262][absl][INFO] - starting iteration 1 44.08640766143799
[2025-09-23 12:50:15,129][root][INFO] - saving checkpoint to /home/seul/Desktop/project/mujoco/ppo_ckpt/000013762560
[2025-09-23 12:50:15,129][absl][INFO] - Created BasePyTreeCheckpointHandler: use_ocdbt=True, use_zarr3=False, pytree_metadata_options=PyTreeMetadataOptions(support_rich_types=False), array_metadata_store=<orbax.checkpoint._src.metadata.array_metadata_store.Store object at 0x7b3f8577c950>, enable_pinned_host_transfer=True, save_concurrent_bytes: 96000000000 (89.4 GiB), restore_concurrent_bytes: 96000000000 (89.4 GiB)
[2025-09-23 12:50:15,129][absl][INFO] - [process=0] Started saving checkpoint to /home/seul/Desktop/project/mujoco/ppo_ckpt/000013762560.
[2025-09-23 12:50:15,130][absl][INFO] - Specified `force`: removing existing directory.
[2025-09-23 12:50:15,131][absl][INFO] - Creating tmp directory /home/seul/Desktop/project/mujoco/ppo_ckpt/000013762560.orbax-checkpoint-tmp
[2025-09-23 12:50:15,133][absl][INFO] - Transferring arrays to host memory with options: use_replica_parallel=True, min_slice_bytes_for_replica_parallel=None, max_replicas_for_replica_parallel=None, enable_pinned_host_transfer=True
[2025-09-23 12:50:15,136][absl][INFO] - [process=0][thread=MainThread] Initiated "orbax.checkpoint._src.serialization.type_handlers.ArrayHandler".serialize. Time taken: 0.003025s
[2025-09-23 12:50:15,140][absl][INFO] - [process=0] /jax/checkpoint/write/blocking_gbytes_per_sec: 0 Bytes/s (total gbytes: 1.0 MiB) (time elapsed: 8 milliseconds) (per-host)
[2025-09-23 12:50:15,140][absl][INFO] - [process=0][thread=MainThread] Initiated Pytree async_save. Time taken: 0.008586s (batch_requests_ready=0.000681s, total_serialization_initiated=0.007256s, others=0.000648s)
[2025-09-23 12:50:15,141][absl][WARNING] - [process=0][thread=MainThread][operation_id=2] _SignalingThread.join() waiting for signals ([]) blocking the main thread will slow down blocking save times. This is likely due to main thread calling result() on a CommitFuture.
[2025-09-23 12:50:15,143][absl][INFO] - [process=0][thread=array_type_handler] Wrote 26 array_metadata.ArrayMetadata to /home/seul/Desktop/project/mujoco/ppo_ckpt/000013762560.orbax-checkpoint-tmp/array_metadatas/process_0
[2025-09-23 12:50:15,257][absl][INFO] - [process=0][thread=write_metadata_after_commits] Commit + Array metadata written. Time taken: 0.116836s (commit=0.115778s, array_metadata_write=0.001058s)
[2025-09-23 12:50:15,258][absl][INFO] - [process=0] /jax/checkpoint/write/gbytes_per_sec: 0 Bytes/s (total gbytes: 1.0 MiB) (time elapsed: 126 milliseconds) (per-host)
[2025-09-23 12:50:15,260][absl][INFO] - [process=0][thread=MainThread] Skipped cross-host ArrayMetadata validation because only one process is found: process_index=0.
[2025-09-23 12:50:15,285][absl][INFO] - [process=0][thread=MainThread] Pytree save finalize (merge_ocdbt + ArrayMetadata validation) completed. Time taken: 0.026279s. use_zarr3=False, enable_post_merge_validation=True, directory=/home/seul/Desktop/project/mujoco/ppo_ckpt/000013762560.orbax-checkpoint-tmp
[2025-09-23 12:50:15,286][absl][INFO] - Renaming /home/seul/Desktop/project/mujoco/ppo_ckpt/000013762560.orbax-checkpoint-tmp to /home/seul/Desktop/project/mujoco/ppo_ckpt/000013762560
[2025-09-23 12:50:15,287][absl][INFO] - [process=0][thread=MainThread] Finished saving checkpoint (finalized tmp dir) to `/home/seul/Desktop/project/mujoco/ppo_ckpt/000013762560`.
[2025-09-23 12:50:15,287][absl][INFO] - Finished synchronous save in 0.16 seconds to /home/seul/Desktop/project/mujoco/ppo_ckpt/000013762560
[2025-09-23 12:50:15,430][absl][INFO] - {'eval/walltime': 9.278843879699707, 'training/sps': np.float64(433853.44457100634), 'training/walltime': 43.396368980407715, 'training/entropy_loss': Array(-0.00106881, dtype=float32), 'training/policy_loss': Array(-0.03250438, dtype=float32), 'training/total_loss': Array(228.548, dtype=float32), 'training/v_loss': Array(228.58156, dtype=float32), 'eval/episode_reward': Array(994.85144, dtype=float32), 'eval/episode_reward/angle_in_bounds': Array(0., dtype=float32), 'eval/episode_reward/cart_in_bounds': Array(0., dtype=float32), 'eval/episode_reward/centered': Array(999.8061, dtype=float32), 'eval/episode_reward/small_control': Array(995.16235, dtype=float32), 'eval/episode_reward/small_velocity': Array(999.89526, dtype=float32), 'eval/episode_reward/upright': Array(999.9922, dtype=float32), 'eval/episode_reward_std': Array(0.2914431, dtype=float32), 'eval/episode_reward/angle_in_bounds_std': Array(0., dtype=float32), 'eval/episode_reward/cart_in_bounds_std': Array(0., dtype=float32), 'eval/episode_reward/centered_std': Array(0.14781953, dtype=float32), 'eval/episode_reward/small_control_std': Array(0.21854053, dtype=float32), 'eval/episode_reward/small_velocity_std': Array(0.01760782, dtype=float32), 'eval/episode_reward/upright_std': Array(0.00362086, dtype=float32), 'eval/avg_episode_length': Array(1000., dtype=float32), 'eval/std_episode_length': Array(0., dtype=float32), 'eval/epoch_eval_time': 0.14102625846862793, 'eval/sps': 907632.3898111096}
[2025-09-23 12:50:15,473][absl][INFO] - starting iteration 2 60.29744911193848
[2025-09-23 12:50:31,351][root][INFO] - saving checkpoint to /home/seul/Desktop/project/mujoco/ppo_ckpt/000020643840
[2025-09-23 12:50:31,351][absl][INFO] - Created BasePyTreeCheckpointHandler: use_ocdbt=True, use_zarr3=False, pytree_metadata_options=PyTreeMetadataOptions(support_rich_types=False), array_metadata_store=<orbax.checkpoint._src.metadata.array_metadata_store.Store object at 0x7b3f8577c950>, enable_pinned_host_transfer=True, save_concurrent_bytes: 96000000000 (89.4 GiB), restore_concurrent_bytes: 96000000000 (89.4 GiB)
[2025-09-23 12:50:31,351][absl][INFO] - [process=0] Started saving checkpoint to /home/seul/Desktop/project/mujoco/ppo_ckpt/000020643840.
[2025-09-23 12:50:31,352][absl][INFO] - Specified `force`: removing existing directory.
[2025-09-23 12:50:31,353][absl][INFO] - Creating tmp directory /home/seul/Desktop/project/mujoco/ppo_ckpt/000020643840.orbax-checkpoint-tmp
[2025-09-23 12:50:31,355][absl][INFO] - Transferring arrays to host memory with options: use_replica_parallel=True, min_slice_bytes_for_replica_parallel=None, max_replicas_for_replica_parallel=None, enable_pinned_host_transfer=True
[2025-09-23 12:50:31,358][absl][INFO] - [process=0][thread=MainThread] Initiated "orbax.checkpoint._src.serialization.type_handlers.ArrayHandler".serialize. Time taken: 0.003042s
[2025-09-23 12:50:31,362][absl][INFO] - [process=0] /jax/checkpoint/write/blocking_gbytes_per_sec: 0 Bytes/s (total gbytes: 1.0 MiB) (time elapsed: 8 milliseconds) (per-host)
[2025-09-23 12:50:31,363][absl][INFO] - [process=0][thread=MainThread] Initiated Pytree async_save. Time taken: 0.008720s (batch_requests_ready=0.000668s, total_serialization_initiated=0.007313s, others=0.000738s)
[2025-09-23 12:50:31,363][absl][WARNING] - [process=0][thread=MainThread][operation_id=3] _SignalingThread.join() waiting for signals ([]) blocking the main thread will slow down blocking save times. This is likely due to main thread calling result() on a CommitFuture.
[2025-09-23 12:50:31,365][absl][INFO] - [process=0][thread=array_type_handler] Wrote 26 array_metadata.ArrayMetadata to /home/seul/Desktop/project/mujoco/ppo_ckpt/000020643840.orbax-checkpoint-tmp/array_metadatas/process_0
[2025-09-23 12:50:31,487][absl][INFO] - [process=0][thread=write_metadata_after_commits] Commit + Array metadata written. Time taken: 0.124384s (commit=0.122969s, array_metadata_write=0.001415s)
[2025-09-23 12:50:31,487][absl][INFO] - [process=0] /jax/checkpoint/write/gbytes_per_sec: 0 Bytes/s (total gbytes: 1.0 MiB) (time elapsed: 133 milliseconds) (per-host)
[2025-09-23 12:50:31,489][absl][INFO] - [process=0][thread=MainThread] Skipped cross-host ArrayMetadata validation because only one process is found: process_index=0.
[2025-09-23 12:50:31,515][absl][INFO] - [process=0][thread=MainThread] Pytree save finalize (merge_ocdbt + ArrayMetadata validation) completed. Time taken: 0.026197s. use_zarr3=False, enable_post_merge_validation=True, directory=/home/seul/Desktop/project/mujoco/ppo_ckpt/000020643840.orbax-checkpoint-tmp
[2025-09-23 12:50:31,515][absl][INFO] - Renaming /home/seul/Desktop/project/mujoco/ppo_ckpt/000020643840.orbax-checkpoint-tmp to /home/seul/Desktop/project/mujoco/ppo_ckpt/000020643840
[2025-09-23 12:50:31,516][absl][INFO] - [process=0][thread=MainThread] Finished saving checkpoint (finalized tmp dir) to `/home/seul/Desktop/project/mujoco/ppo_ckpt/000020643840`.
[2025-09-23 12:50:31,517][absl][INFO] - Finished synchronous save in 0.17 seconds to /home/seul/Desktop/project/mujoco/ppo_ckpt/000020643840
[2025-09-23 12:50:31,661][absl][INFO] - {'eval/walltime': 9.420650720596313, 'training/sps': np.float64(433558.32593333017), 'training/walltime': 59.26800513267517, 'training/entropy_loss': Array(0.01157966, dtype=float32), 'training/policy_loss': Array(-0.01663696, dtype=float32), 'training/total_loss': Array(0.02139398, dtype=float32), 'training/v_loss': Array(0.02645128, dtype=float32), 'eval/episode_reward': Array(998.9576, dtype=float32), 'eval/episode_reward/angle_in_bounds': Array(0., dtype=float32), 'eval/episode_reward/cart_in_bounds': Array(0., dtype=float32), 'eval/episode_reward/centered': Array(999.68207, dtype=float32), 'eval/episode_reward/small_control': Array(999.29364, dtype=float32), 'eval/episode_reward/small_velocity': Array(999.9872, dtype=float32), 'eval/episode_reward/upright': Array(999.9987, dtype=float32), 'eval/episode_reward_std': Array(0.17584841, dtype=float32), 'eval/episode_reward/angle_in_bounds_std': Array(0., dtype=float32), 'eval/episode_reward/cart_in_bounds_std': Array(0., dtype=float32), 'eval/episode_reward/centered_std': Array(0.15758468, dtype=float32), 'eval/episode_reward/small_control_std': Array(0.04132248, dtype=float32), 'eval/episode_reward/small_velocity_std': Array(0.00778037, dtype=float32), 'eval/episode_reward/upright_std': Array(0.00111692, dtype=float32), 'eval/avg_episode_length': Array(1000., dtype=float32), 'eval/std_episode_length': Array(0., dtype=float32), 'eval/epoch_eval_time': 0.14180684089660645, 'eval/sps': 902636.2846156821}
[2025-09-23 12:50:31,704][absl][INFO] - starting iteration 3 76.52860856056213
[2025-09-23 12:50:47,582][root][INFO] - saving checkpoint to /home/seul/Desktop/project/mujoco/ppo_ckpt/000027525120
[2025-09-23 12:50:47,583][absl][INFO] - Created BasePyTreeCheckpointHandler: use_ocdbt=True, use_zarr3=False, pytree_metadata_options=PyTreeMetadataOptions(support_rich_types=False), array_metadata_store=<orbax.checkpoint._src.metadata.array_metadata_store.Store object at 0x7b3f8577c950>, enable_pinned_host_transfer=True, save_concurrent_bytes: 96000000000 (89.4 GiB), restore_concurrent_bytes: 96000000000 (89.4 GiB)
[2025-09-23 12:50:47,583][absl][INFO] - [process=0] Started saving checkpoint to /home/seul/Desktop/project/mujoco/ppo_ckpt/000027525120.
[2025-09-23 12:50:47,583][absl][INFO] - Specified `force`: removing existing directory.
[2025-09-23 12:50:47,584][absl][INFO] - Creating tmp directory /home/seul/Desktop/project/mujoco/ppo_ckpt/000027525120.orbax-checkpoint-tmp
[2025-09-23 12:50:47,587][absl][INFO] - Transferring arrays to host memory with options: use_replica_parallel=True, min_slice_bytes_for_replica_parallel=None, max_replicas_for_replica_parallel=None, enable_pinned_host_transfer=True
[2025-09-23 12:50:47,590][absl][INFO] - [process=0][thread=MainThread] Initiated "orbax.checkpoint._src.serialization.type_handlers.ArrayHandler".serialize. Time taken: 0.003278s
[2025-09-23 12:50:47,594][absl][INFO] - [process=0] /jax/checkpoint/write/blocking_gbytes_per_sec: 0 Bytes/s (total gbytes: 1.0 MiB) (time elapsed: 8 milliseconds) (per-host)
[2025-09-23 12:50:47,594][absl][INFO] - [process=0][thread=MainThread] Initiated Pytree async_save. Time taken: 0.008704s (batch_requests_ready=0.000679s, total_serialization_initiated=0.005232s, others=0.002794s)
[2025-09-23 12:50:47,594][absl][WARNING] - [process=0][thread=MainThread][operation_id=4] _SignalingThread.join() waiting for signals ([]) blocking the main thread will slow down blocking save times. This is likely due to main thread calling result() on a CommitFuture.
[2025-09-23 12:50:47,596][absl][INFO] - [process=0][thread=array_type_handler] Wrote 26 array_metadata.ArrayMetadata to /home/seul/Desktop/project/mujoco/ppo_ckpt/000027525120.orbax-checkpoint-tmp/array_metadatas/process_0
[2025-09-23 12:50:47,719][absl][INFO] - [process=0][thread=write_metadata_after_commits] Commit + Array metadata written. Time taken: 0.124583s (commit=0.123373s, array_metadata_write=0.001210s)
[2025-09-23 12:50:47,719][absl][INFO] - [process=0] /jax/checkpoint/write/gbytes_per_sec: 0 Bytes/s (total gbytes: 1.0 MiB) (time elapsed: 133 milliseconds) (per-host)
[2025-09-23 12:50:47,721][absl][INFO] - [process=0][thread=MainThread] Skipped cross-host ArrayMetadata validation because only one process is found: process_index=0.
[2025-09-23 12:50:47,747][absl][INFO] - [process=0][thread=MainThread] Pytree save finalize (merge_ocdbt + ArrayMetadata validation) completed. Time taken: 0.026680s. use_zarr3=False, enable_post_merge_validation=True, directory=/home/seul/Desktop/project/mujoco/ppo_ckpt/000027525120.orbax-checkpoint-tmp
[2025-09-23 12:50:47,748][absl][INFO] - Renaming /home/seul/Desktop/project/mujoco/ppo_ckpt/000027525120.orbax-checkpoint-tmp to /home/seul/Desktop/project/mujoco/ppo_ckpt/000027525120
[2025-09-23 12:50:47,749][absl][INFO] - [process=0][thread=MainThread] Finished saving checkpoint (finalized tmp dir) to `/home/seul/Desktop/project/mujoco/ppo_ckpt/000027525120`.
[2025-09-23 12:50:47,749][absl][INFO] - Finished synchronous save in 0.17 seconds to /home/seul/Desktop/project/mujoco/ppo_ckpt/000027525120
[2025-09-23 12:50:47,898][absl][INFO] - {'eval/walltime': 9.567488193511963, 'training/sps': np.float64(433548.76539370534), 'training/walltime': 75.13999128341675, 'training/entropy_loss': Array(0.01709967, dtype=float32), 'training/policy_loss': Array(-0.00286447, dtype=float32), 'training/total_loss': Array(0.0397802, dtype=float32), 'training/v_loss': Array(0.025545, dtype=float32), 'eval/episode_reward': Array(999.1498, dtype=float32), 'eval/episode_reward/angle_in_bounds': Array(0., dtype=float32), 'eval/episode_reward/cart_in_bounds': Array(0., dtype=float32), 'eval/episode_reward/centered': Array(999.53357, dtype=float32), 'eval/episode_reward/small_control': Array(999.6294, dtype=float32), 'eval/episode_reward/small_velocity': Array(999.99146, dtype=float32), 'eval/episode_reward/upright': Array(999.9986, dtype=float32), 'eval/episode_reward_std': Array(0.29378274, dtype=float32), 'eval/episode_reward/angle_in_bounds_std': Array(0., dtype=float32), 'eval/episode_reward/cart_in_bounds_std': Array(0., dtype=float32), 'eval/episode_reward/centered_std': Array(0.2676101, dtype=float32), 'eval/episode_reward/small_control_std': Array(0.03289587, dtype=float32), 'eval/episode_reward/small_velocity_std': Array(0.00709138, dtype=float32), 'eval/episode_reward/upright_std': Array(0.00122037, dtype=float32), 'eval/avg_episode_length': Array(1000., dtype=float32), 'eval/std_episode_length': Array(0., dtype=float32), 'eval/epoch_eval_time': 0.14683747291564941, 'eval/sps': 871712.0872376319}
[2025-09-23 12:50:47,942][absl][INFO] - starting iteration 4 92.76632499694824
[2025-09-23 12:51:03,825][root][INFO] - saving checkpoint to /home/seul/Desktop/project/mujoco/ppo_ckpt/000034406400
[2025-09-23 12:51:03,826][absl][INFO] - Created BasePyTreeCheckpointHandler: use_ocdbt=True, use_zarr3=False, pytree_metadata_options=PyTreeMetadataOptions(support_rich_types=False), array_metadata_store=<orbax.checkpoint._src.metadata.array_metadata_store.Store object at 0x7b3f8577c950>, enable_pinned_host_transfer=True, save_concurrent_bytes: 96000000000 (89.4 GiB), restore_concurrent_bytes: 96000000000 (89.4 GiB)
[2025-09-23 12:51:03,826][absl][INFO] - [process=0] Started saving checkpoint to /home/seul/Desktop/project/mujoco/ppo_ckpt/000034406400.
[2025-09-23 12:51:03,826][absl][INFO] - Specified `force`: removing existing directory.
[2025-09-23 12:51:03,827][absl][INFO] - Creating tmp directory /home/seul/Desktop/project/mujoco/ppo_ckpt/000034406400.orbax-checkpoint-tmp
[2025-09-23 12:51:03,830][absl][INFO] - Transferring arrays to host memory with options: use_replica_parallel=True, min_slice_bytes_for_replica_parallel=None, max_replicas_for_replica_parallel=None, enable_pinned_host_transfer=True
[2025-09-23 12:51:03,833][absl][INFO] - [process=0][thread=MainThread] Initiated "orbax.checkpoint._src.serialization.type_handlers.ArrayHandler".serialize. Time taken: 0.003320s
[2025-09-23 12:51:03,836][absl][INFO] - [process=0] /jax/checkpoint/write/blocking_gbytes_per_sec: 0 Bytes/s (total gbytes: 1.0 MiB) (time elapsed: 7 milliseconds) (per-host)
[2025-09-23 12:51:03,837][absl][INFO] - [process=0][thread=MainThread] Initiated Pytree async_save. Time taken: 0.008735s (batch_requests_ready=0.000653s, total_serialization_initiated=0.005382s, others=0.002700s)
[2025-09-23 12:51:03,838][absl][WARNING] - [process=0][thread=MainThread][operation_id=5] _SignalingThread.join() waiting for signals ([]) blocking the main thread will slow down blocking save times. This is likely due to main thread calling result() on a CommitFuture.
[2025-09-23 12:51:03,839][absl][INFO] - [process=0][thread=array_type_handler] Wrote 26 array_metadata.ArrayMetadata to /home/seul/Desktop/project/mujoco/ppo_ckpt/000034406400.orbax-checkpoint-tmp/array_metadatas/process_0
[2025-09-23 12:51:03,963][absl][INFO] - [process=0][thread=write_metadata_after_commits] Commit + Array metadata written. Time taken: 0.128210s (commit=0.127037s, array_metadata_write=0.001173s)
[2025-09-23 12:51:03,964][absl][INFO] - [process=0] /jax/checkpoint/write/gbytes_per_sec: 0 Bytes/s (total gbytes: 1.0 MiB) (time elapsed: 135 milliseconds) (per-host)
[2025-09-23 12:51:03,966][absl][INFO] - [process=0][thread=MainThread] Skipped cross-host ArrayMetadata validation because only one process is found: process_index=0.
[2025-09-23 12:51:03,992][absl][INFO] - [process=0][thread=MainThread] Pytree save finalize (merge_ocdbt + ArrayMetadata validation) completed. Time taken: 0.026570s. use_zarr3=False, enable_post_merge_validation=True, directory=/home/seul/Desktop/project/mujoco/ppo_ckpt/000034406400.orbax-checkpoint-tmp
[2025-09-23 12:51:03,993][absl][INFO] - Renaming /home/seul/Desktop/project/mujoco/ppo_ckpt/000034406400.orbax-checkpoint-tmp to /home/seul/Desktop/project/mujoco/ppo_ckpt/000034406400
[2025-09-23 12:51:03,994][absl][INFO] - [process=0][thread=MainThread] Finished saving checkpoint (finalized tmp dir) to `/home/seul/Desktop/project/mujoco/ppo_ckpt/000034406400`.
[2025-09-23 12:51:03,994][absl][INFO] - Finished synchronous save in 0.17 seconds to /home/seul/Desktop/project/mujoco/ppo_ckpt/000034406400
[2025-09-23 12:51:04,137][absl][INFO] - {'eval/walltime': 9.708666563034058, 'training/sps': np.float64(433403.70274373825), 'training/walltime': 91.01728987693787, 'training/entropy_loss': Array(0.01957593, dtype=float32), 'training/policy_loss': Array(-0.00084711, dtype=float32), 'training/total_loss': Array(0.05713402, dtype=float32), 'training/v_loss': Array(0.0384052, dtype=float32), 'eval/episode_reward': Array(999.3666, dtype=float32), 'eval/episode_reward/angle_in_bounds': Array(0., dtype=float32), 'eval/episode_reward/cart_in_bounds': Array(0., dtype=float32), 'eval/episode_reward/centered': Array(999.6483, dtype=float32), 'eval/episode_reward/small_control': Array(999.731, dtype=float32), 'eval/episode_reward/small_velocity': Array(999.9917, dtype=float32), 'eval/episode_reward/upright': Array(999.9984, dtype=float32), 'eval/episode_reward_std': Array(0.43278396, dtype=float32), 'eval/episode_reward/angle_in_bounds_std': Array(0., dtype=float32), 'eval/episode_reward/cart_in_bounds_std': Array(0., dtype=float32), 'eval/episode_reward/centered_std': Array(0.4095338, dtype=float32), 'eval/episode_reward/small_control_std': Array(0.02861469, dtype=float32), 'eval/episode_reward/small_velocity_std': Array(0.00655718, dtype=float32), 'eval/episode_reward/upright_std': Array(0.00130149, dtype=float32), 'eval/avg_episode_length': Array(1000., dtype=float32), 'eval/std_episode_length': Array(0., dtype=float32), 'eval/epoch_eval_time': 0.14117836952209473, 'eval/sps': 906654.4714554712}
[2025-09-23 12:51:04,182][absl][INFO] - starting iteration 5 109.00639820098877
[2025-09-23 12:51:20,109][root][INFO] - saving checkpoint to /home/seul/Desktop/project/mujoco/ppo_ckpt/000041287680
[2025-09-23 12:51:20,110][absl][INFO] - Created BasePyTreeCheckpointHandler: use_ocdbt=True, use_zarr3=False, pytree_metadata_options=PyTreeMetadataOptions(support_rich_types=False), array_metadata_store=<orbax.checkpoint._src.metadata.array_metadata_store.Store object at 0x7b3f8577c950>, enable_pinned_host_transfer=True, save_concurrent_bytes: 96000000000 (89.4 GiB), restore_concurrent_bytes: 96000000000 (89.4 GiB)
[2025-09-23 12:51:20,110][absl][INFO] - [process=0] Started saving checkpoint to /home/seul/Desktop/project/mujoco/ppo_ckpt/000041287680.
[2025-09-23 12:51:20,110][absl][INFO] - Specified `force`: removing existing directory.
[2025-09-23 12:51:20,111][absl][INFO] - Creating tmp directory /home/seul/Desktop/project/mujoco/ppo_ckpt/000041287680.orbax-checkpoint-tmp
[2025-09-23 12:51:20,114][absl][INFO] - Transferring arrays to host memory with options: use_replica_parallel=True, min_slice_bytes_for_replica_parallel=None, max_replicas_for_replica_parallel=None, enable_pinned_host_transfer=True
[2025-09-23 12:51:20,117][absl][INFO] - [process=0][thread=MainThread] Initiated "orbax.checkpoint._src.serialization.type_handlers.ArrayHandler".serialize. Time taken: 0.003014s
[2025-09-23 12:51:20,120][absl][INFO] - [process=0] /jax/checkpoint/write/blocking_gbytes_per_sec: 0 Bytes/s (total gbytes: 1.0 MiB) (time elapsed: 7 milliseconds) (per-host)
[2025-09-23 12:51:20,121][absl][INFO] - [process=0][thread=MainThread] Initiated Pytree async_save. Time taken: 0.008844s (batch_requests_ready=0.000672s, total_serialization_initiated=0.006171s, others=0.002001s)
[2025-09-23 12:51:20,121][absl][WARNING] - [process=0][thread=MainThread][operation_id=6] _SignalingThread.join() waiting for signals ([]) blocking the main thread will slow down blocking save times. This is likely due to main thread calling result() on a CommitFuture.
[2025-09-23 12:51:20,124][absl][INFO] - [process=0][thread=array_type_handler] Wrote 26 array_metadata.ArrayMetadata to /home/seul/Desktop/project/mujoco/ppo_ckpt/000041287680.orbax-checkpoint-tmp/array_metadatas/process_0
[2025-09-23 12:51:20,248][absl][INFO] - [process=0][thread=write_metadata_after_commits] Commit + Array metadata written. Time taken: 0.126612s (commit=0.125609s, array_metadata_write=0.001004s)
[2025-09-23 12:51:20,249][absl][INFO] - [process=0] /jax/checkpoint/write/gbytes_per_sec: 0 Bytes/s (total gbytes: 1.0 MiB) (time elapsed: 136 milliseconds) (per-host)
[2025-09-23 12:51:20,251][absl][INFO] - [process=0][thread=MainThread] Skipped cross-host ArrayMetadata validation because only one process is found: process_index=0.
[2025-09-23 12:51:20,276][absl][INFO] - [process=0][thread=MainThread] Pytree save finalize (merge_ocdbt + ArrayMetadata validation) completed. Time taken: 0.026713s. use_zarr3=False, enable_post_merge_validation=True, directory=/home/seul/Desktop/project/mujoco/ppo_ckpt/000041287680.orbax-checkpoint-tmp
[2025-09-23 12:51:20,277][absl][INFO] - Renaming /home/seul/Desktop/project/mujoco/ppo_ckpt/000041287680.orbax-checkpoint-tmp to /home/seul/Desktop/project/mujoco/ppo_ckpt/000041287680
[2025-09-23 12:51:20,279][absl][INFO] - [process=0][thread=MainThread] Finished saving checkpoint (finalized tmp dir) to `/home/seul/Desktop/project/mujoco/ppo_ckpt/000041287680`.
[2025-09-23 12:51:20,280][absl][INFO] - Finished synchronous save in 0.17 seconds to /home/seul/Desktop/project/mujoco/ppo_ckpt/000041287680
[2025-09-23 12:51:20,423][absl][INFO] - {'eval/walltime': 9.849674940109253, 'training/sps': np.float64(432203.06039126276), 'training/walltime': 106.93869495391846, 'training/entropy_loss': Array(0.02162238, dtype=float32), 'training/policy_loss': Array(-0.00089078, dtype=float32), 'training/total_loss': Array(0.03364724, dtype=float32), 'training/v_loss': Array(0.01291564, dtype=float32), 'eval/episode_reward': Array(999.48596, dtype=float32), 'eval/episode_reward/angle_in_bounds': Array(0., dtype=float32), 'eval/episode_reward/cart_in_bounds': Array(0., dtype=float32), 'eval/episode_reward/centered': Array(999.6658, dtype=float32), 'eval/episode_reward/small_control': Array(999.83295, dtype=float32), 'eval/episode_reward/small_velocity': Array(999.99365, dtype=float32), 'eval/episode_reward/upright': Array(999.9985, dtype=float32), 'eval/episode_reward_std': Array(0.46607846, dtype=float32), 'eval/episode_reward/angle_in_bounds_std': Array(0., dtype=float32), 'eval/episode_reward/cart_in_bounds_std': Array(0., dtype=float32), 'eval/episode_reward/centered_std': Array(0.4462528, dtype=float32), 'eval/episode_reward/small_control_std': Array(0.02490409, dtype=float32), 'eval/episode_reward/small_velocity_std': Array(0.00627917, dtype=float32), 'eval/episode_reward/upright_std': Array(0.00154745, dtype=float32), 'eval/avg_episode_length': Array(1000., dtype=float32), 'eval/std_episode_length': Array(0., dtype=float32), 'eval/epoch_eval_time': 0.1410083770751953, 'eval/sps': 907747.487454179}
[2025-09-23 12:51:20,468][absl][INFO] - starting iteration 6 125.29226231575012
[2025-09-23 12:51:36,397][root][INFO] - saving checkpoint to /home/seul/Desktop/project/mujoco/ppo_ckpt/000048168960
[2025-09-23 12:51:36,398][absl][INFO] - Created BasePyTreeCheckpointHandler: use_ocdbt=True, use_zarr3=False, pytree_metadata_options=PyTreeMetadataOptions(support_rich_types=False), array_metadata_store=<orbax.checkpoint._src.metadata.array_metadata_store.Store object at 0x7b3f8577c950>, enable_pinned_host_transfer=True, save_concurrent_bytes: 96000000000 (89.4 GiB), restore_concurrent_bytes: 96000000000 (89.4 GiB)
[2025-09-23 12:51:36,398][absl][INFO] - [process=0] Started saving checkpoint to /home/seul/Desktop/project/mujoco/ppo_ckpt/000048168960.
[2025-09-23 12:51:36,398][absl][INFO] - Specified `force`: removing existing directory.
[2025-09-23 12:51:36,399][absl][INFO] - Creating tmp directory /home/seul/Desktop/project/mujoco/ppo_ckpt/000048168960.orbax-checkpoint-tmp
[2025-09-23 12:51:36,402][absl][INFO] - Transferring arrays to host memory with options: use_replica_parallel=True, min_slice_bytes_for_replica_parallel=None, max_replicas_for_replica_parallel=None, enable_pinned_host_transfer=True
[2025-09-23 12:51:36,404][absl][INFO] - [process=0][thread=MainThread] Initiated "orbax.checkpoint._src.serialization.type_handlers.ArrayHandler".serialize. Time taken: 0.002924s
[2025-09-23 12:51:36,407][absl][INFO] - [process=0] /jax/checkpoint/write/blocking_gbytes_per_sec: 0 Bytes/s (total gbytes: 1.0 MiB) (time elapsed: 7 milliseconds) (per-host)
[2025-09-23 12:51:36,409][absl][INFO] - [process=0][thread=MainThread] Initiated Pytree async_save. Time taken: 0.008610s (batch_requests_ready=0.000647s, total_serialization_initiated=0.003946s, others=0.004017s)
[2025-09-23 12:51:36,409][absl][WARNING] - [process=0][thread=MainThread][operation_id=7] _SignalingThread.join() waiting for signals ([]) blocking the main thread will slow down blocking save times. This is likely due to main thread calling result() on a CommitFuture.
[2025-09-23 12:51:36,411][absl][INFO] - [process=0][thread=array_type_handler] Wrote 26 array_metadata.ArrayMetadata to /home/seul/Desktop/project/mujoco/ppo_ckpt/000048168960.orbax-checkpoint-tmp/array_metadatas/process_0
[2025-09-23 12:51:36,529][absl][INFO] - [process=0][thread=write_metadata_after_commits] Commit + Array metadata written. Time taken: 0.120703s (commit=0.119667s, array_metadata_write=0.001036s)
[2025-09-23 12:51:36,529][absl][INFO] - [process=0] /jax/checkpoint/write/gbytes_per_sec: 0 Bytes/s (total gbytes: 1.0 MiB) (time elapsed: 128 milliseconds) (per-host)
[2025-09-23 12:51:36,531][absl][INFO] - [process=0][thread=MainThread] Skipped cross-host ArrayMetadata validation because only one process is found: process_index=0.
[2025-09-23 12:51:36,557][absl][INFO] - [process=0][thread=MainThread] Pytree save finalize (merge_ocdbt + ArrayMetadata validation) completed. Time taken: 0.026838s. use_zarr3=False, enable_post_merge_validation=True, directory=/home/seul/Desktop/project/mujoco/ppo_ckpt/000048168960.orbax-checkpoint-tmp
[2025-09-23 12:51:36,558][absl][INFO] - Renaming /home/seul/Desktop/project/mujoco/ppo_ckpt/000048168960.orbax-checkpoint-tmp to /home/seul/Desktop/project/mujoco/ppo_ckpt/000048168960
[2025-09-23 12:51:36,559][absl][INFO] - [process=0][thread=MainThread] Finished saving checkpoint (finalized tmp dir) to `/home/seul/Desktop/project/mujoco/ppo_ckpt/000048168960`.
[2025-09-23 12:51:36,559][absl][INFO] - Finished synchronous save in 0.16 seconds to /home/seul/Desktop/project/mujoco/ppo_ckpt/000048168960
[2025-09-23 12:51:36,697][absl][INFO] - {'eval/walltime': 9.985082387924194, 'training/sps': np.float64(432145.07797840197), 'training/walltime': 122.8622362613678, 'training/entropy_loss': Array(0.02371019, dtype=float32), 'training/policy_loss': Array(0.00037684, dtype=float32), 'training/total_loss': Array(0.04091143, dtype=float32), 'training/v_loss': Array(0.01682439, dtype=float32), 'eval/episode_reward': Array(999.53894, dtype=float32), 'eval/episode_reward/angle_in_bounds': Array(0., dtype=float32), 'eval/episode_reward/cart_in_bounds': Array(0., dtype=float32), 'eval/episode_reward/centered': Array(999.6661, dtype=float32), 'eval/episode_reward/small_control': Array(999.88403, dtype=float32), 'eval/episode_reward/small_velocity': Array(999.9945, dtype=float32), 'eval/episode_reward/upright': Array(999.9977, dtype=float32), 'eval/episode_reward_std': Array(0.3881514, dtype=float32), 'eval/episode_reward/angle_in_bounds_std': Array(0., dtype=float32), 'eval/episode_reward/cart_in_bounds_std': Array(0., dtype=float32), 'eval/episode_reward/centered_std': Array(0.37536925, dtype=float32), 'eval/episode_reward/small_control_std': Array(0.01473646, dtype=float32), 'eval/episode_reward/small_velocity_std': Array(0.00496251, dtype=float32), 'eval/episode_reward/upright_std': Array(0.00210005, dtype=float32), 'eval/avg_episode_length': Array(1000., dtype=float32), 'eval/std_episode_length': Array(0., dtype=float32), 'eval/epoch_eval_time': 0.1354074478149414, 'eval/sps': 945295.1227242314}
[2025-09-23 12:51:36,743][absl][INFO] - starting iteration 7 141.56795978546143
[2025-09-23 12:51:52,675][root][INFO] - saving checkpoint to /home/seul/Desktop/project/mujoco/ppo_ckpt/000055050240
[2025-09-23 12:51:52,675][absl][INFO] - Created BasePyTreeCheckpointHandler: use_ocdbt=True, use_zarr3=False, pytree_metadata_options=PyTreeMetadataOptions(support_rich_types=False), array_metadata_store=<orbax.checkpoint._src.metadata.array_metadata_store.Store object at 0x7b3f8577c950>, enable_pinned_host_transfer=True, save_concurrent_bytes: 96000000000 (89.4 GiB), restore_concurrent_bytes: 96000000000 (89.4 GiB)
[2025-09-23 12:51:52,675][absl][INFO] - [process=0] Started saving checkpoint to /home/seul/Desktop/project/mujoco/ppo_ckpt/000055050240.
[2025-09-23 12:51:52,676][absl][INFO] - Specified `force`: removing existing directory.
[2025-09-23 12:51:52,677][absl][INFO] - Creating tmp directory /home/seul/Desktop/project/mujoco/ppo_ckpt/000055050240.orbax-checkpoint-tmp
[2025-09-23 12:51:52,679][absl][INFO] - Transferring arrays to host memory with options: use_replica_parallel=True, min_slice_bytes_for_replica_parallel=None, max_replicas_for_replica_parallel=None, enable_pinned_host_transfer=True
[2025-09-23 12:51:52,683][absl][INFO] - [process=0][thread=MainThread] Initiated "orbax.checkpoint._src.serialization.type_handlers.ArrayHandler".serialize. Time taken: 0.003378s
[2025-09-23 12:51:52,684][absl][INFO] - [process=0] /jax/checkpoint/write/blocking_gbytes_per_sec: 0 Bytes/s (total gbytes: 1.0 MiB) (time elapsed: 6 milliseconds) (per-host)
[2025-09-23 12:51:52,687][absl][INFO] - [process=0][thread=MainThread] Initiated Pytree async_save. Time taken: 0.008942s (batch_requests_ready=0.000663s, total_serialization_initiated=0.004404s, others=0.003875s)
[2025-09-23 12:51:52,687][absl][WARNING] - [process=0][thread=MainThread][operation_id=8] _SignalingThread.join() waiting for signals ([]) blocking the main thread will slow down blocking save times. This is likely due to main thread calling result() on a CommitFuture.
[2025-09-23 12:51:52,689][absl][INFO] - [process=0][thread=array_type_handler] Wrote 26 array_metadata.ArrayMetadata to /home/seul/Desktop/project/mujoco/ppo_ckpt/000055050240.orbax-checkpoint-tmp/array_metadatas/process_0
[2025-09-23 12:51:52,813][absl][INFO] - [process=0][thread=write_metadata_after_commits] Commit + Array metadata written. Time taken: 0.127794s (commit=0.126412s, array_metadata_write=0.001382s)
[2025-09-23 12:51:52,814][absl][INFO] - [process=0] /jax/checkpoint/write/gbytes_per_sec: 0 Bytes/s (total gbytes: 1.0 MiB) (time elapsed: 135 milliseconds) (per-host)
[2025-09-23 12:51:52,815][absl][INFO] - [process=0][thread=MainThread] Skipped cross-host ArrayMetadata validation because only one process is found: process_index=0.
[2025-09-23 12:51:52,841][absl][INFO] - [process=0][thread=MainThread] Pytree save finalize (merge_ocdbt + ArrayMetadata validation) completed. Time taken: 0.026830s. use_zarr3=False, enable_post_merge_validation=True, directory=/home/seul/Desktop/project/mujoco/ppo_ckpt/000055050240.orbax-checkpoint-tmp
[2025-09-23 12:51:52,842][absl][INFO] - Renaming /home/seul/Desktop/project/mujoco/ppo_ckpt/000055050240.orbax-checkpoint-tmp to /home/seul/Desktop/project/mujoco/ppo_ckpt/000055050240
[2025-09-23 12:51:52,843][absl][INFO] - [process=0][thread=MainThread] Finished saving checkpoint (finalized tmp dir) to `/home/seul/Desktop/project/mujoco/ppo_ckpt/000055050240`.
[2025-09-23 12:51:52,843][absl][INFO] - Finished synchronous save in 0.17 seconds to /home/seul/Desktop/project/mujoco/ppo_ckpt/000055050240
[2025-09-23 12:51:52,987][absl][INFO] - {'eval/walltime': 10.12649655342102, 'training/sps': np.float64(432108.0640862172), 'training/walltime': 138.78714156150818, 'training/entropy_loss': Array(0.02502119, dtype=float32), 'training/policy_loss': Array(-0.00051235, dtype=float32), 'training/total_loss': Array(0.05144468, dtype=float32), 'training/v_loss': Array(0.02693584, dtype=float32), 'eval/episode_reward': Array(999.1052, dtype=float32), 'eval/episode_reward/angle_in_bounds': Array(0., dtype=float32), 'eval/episode_reward/cart_in_bounds': Array(0., dtype=float32), 'eval/episode_reward/centered': Array(999.2008, dtype=float32), 'eval/episode_reward/small_control': Array(999.91473, dtype=float32), 'eval/episode_reward/small_velocity': Array(999.99554, dtype=float32), 'eval/episode_reward/upright': Array(999.9972, dtype=float32), 'eval/episode_reward_std': Array(0.87011987, dtype=float32), 'eval/episode_reward/angle_in_bounds_std': Array(0., dtype=float32), 'eval/episode_reward/cart_in_bounds_std': Array(0., dtype=float32), 'eval/episode_reward/centered_std': Array(0.85875714, dtype=float32), 'eval/episode_reward/small_control_std': Array(0.01455632, dtype=float32), 'eval/episode_reward/small_velocity_std': Array(0.00373954, dtype=float32), 'eval/episode_reward/upright_std': Array(0.00252486, dtype=float32), 'eval/avg_episode_length': Array(1000., dtype=float32), 'eval/std_episode_length': Array(0., dtype=float32), 'eval/epoch_eval_time': 0.14141416549682617, 'eval/sps': 905142.7029979734}
[2025-09-23 12:51:53,033][absl][INFO] - starting iteration 8 157.85765504837036
[2025-09-23 12:52:08,971][root][INFO] - saving checkpoint to /home/seul/Desktop/project/mujoco/ppo_ckpt/000061931520
[2025-09-23 12:52:08,972][absl][INFO] - Created BasePyTreeCheckpointHandler: use_ocdbt=True, use_zarr3=False, pytree_metadata_options=PyTreeMetadataOptions(support_rich_types=False), array_metadata_store=<orbax.checkpoint._src.metadata.array_metadata_store.Store object at 0x7b3f8577c950>, enable_pinned_host_transfer=True, save_concurrent_bytes: 96000000000 (89.4 GiB), restore_concurrent_bytes: 96000000000 (89.4 GiB)
[2025-09-23 12:52:08,972][absl][INFO] - [process=0] Started saving checkpoint to /home/seul/Desktop/project/mujoco/ppo_ckpt/000061931520.
[2025-09-23 12:52:08,972][absl][INFO] - Specified `force`: removing existing directory.
[2025-09-23 12:52:08,973][absl][INFO] - Creating tmp directory /home/seul/Desktop/project/mujoco/ppo_ckpt/000061931520.orbax-checkpoint-tmp
[2025-09-23 12:52:08,976][absl][INFO] - Transferring arrays to host memory with options: use_replica_parallel=True, min_slice_bytes_for_replica_parallel=None, max_replicas_for_replica_parallel=None, enable_pinned_host_transfer=True
[2025-09-23 12:52:08,979][absl][INFO] - [process=0][thread=MainThread] Initiated "orbax.checkpoint._src.serialization.type_handlers.ArrayHandler".serialize. Time taken: 0.003093s
[2025-09-23 12:52:08,981][absl][INFO] - [process=0] /jax/checkpoint/write/blocking_gbytes_per_sec: 0 Bytes/s (total gbytes: 1.0 MiB) (time elapsed: 6 milliseconds) (per-host)
[2025-09-23 12:52:08,983][absl][INFO] - [process=0][thread=MainThread] Initiated Pytree async_save. Time taken: 0.008643s (batch_requests_ready=0.000656s, total_serialization_initiated=0.004075s, others=0.003912s)
[2025-09-23 12:52:08,983][absl][WARNING] - [process=0][thread=MainThread][operation_id=9] _SignalingThread.join() waiting for signals ([]) blocking the main thread will slow down blocking save times. This is likely due to main thread calling result() on a CommitFuture.
[2025-09-23 12:52:08,985][absl][INFO] - [process=0][thread=array_type_handler] Wrote 26 array_metadata.ArrayMetadata to /home/seul/Desktop/project/mujoco/ppo_ckpt/000061931520.orbax-checkpoint-tmp/array_metadatas/process_0
[2025-09-23 12:52:09,109][absl][INFO] - [process=0][thread=write_metadata_after_commits] Commit + Array metadata written. Time taken: 0.127167s (commit=0.126025s, array_metadata_write=0.001143s)
[2025-09-23 12:52:09,109][absl][INFO] - [process=0] /jax/checkpoint/write/gbytes_per_sec: 0 Bytes/s (total gbytes: 1.0 MiB) (time elapsed: 135 milliseconds) (per-host)
[2025-09-23 12:52:09,111][absl][INFO] - [process=0][thread=MainThread] Skipped cross-host ArrayMetadata validation because only one process is found: process_index=0.
[2025-09-23 12:52:09,137][absl][INFO] - [process=0][thread=MainThread] Pytree save finalize (merge_ocdbt + ArrayMetadata validation) completed. Time taken: 0.026619s. use_zarr3=False, enable_post_merge_validation=True, directory=/home/seul/Desktop/project/mujoco/ppo_ckpt/000061931520.orbax-checkpoint-tmp
[2025-09-23 12:52:09,137][absl][INFO] - Renaming /home/seul/Desktop/project/mujoco/ppo_ckpt/000061931520.orbax-checkpoint-tmp to /home/seul/Desktop/project/mujoco/ppo_ckpt/000061931520
[2025-09-23 12:52:09,139][absl][INFO] - [process=0][thread=MainThread] Finished saving checkpoint (finalized tmp dir) to `/home/seul/Desktop/project/mujoco/ppo_ckpt/000061931520`.
[2025-09-23 12:52:09,139][absl][INFO] - Finished synchronous save in 0.17 seconds to /home/seul/Desktop/project/mujoco/ppo_ckpt/000061931520
[2025-09-23 12:52:09,283][absl][INFO] - {'eval/walltime': 10.26822829246521, 'training/sps': np.float64(431915.48200850247), 'training/walltime': 154.71914744377136, 'training/entropy_loss': Array(0.0268895, dtype=float32), 'training/policy_loss': Array(-0.00011974, dtype=float32), 'training/total_loss': Array(0.08613204, dtype=float32), 'training/v_loss': Array(0.0593623, dtype=float32), 'eval/episode_reward': Array(999.2749, dtype=float32), 'eval/episode_reward/angle_in_bounds': Array(0., dtype=float32), 'eval/episode_reward/cart_in_bounds': Array(0., dtype=float32), 'eval/episode_reward/centered': Array(999.34503, dtype=float32), 'eval/episode_reward/small_control': Array(999.93933, dtype=float32), 'eval/episode_reward/small_velocity': Array(999.99664, dtype=float32), 'eval/episode_reward/upright': Array(999.9975, dtype=float32), 'eval/episode_reward_std': Array(1.1150066, dtype=float32), 'eval/episode_reward/angle_in_bounds_std': Array(0., dtype=float32), 'eval/episode_reward/cart_in_bounds_std': Array(0., dtype=float32), 'eval/episode_reward/centered_std': Array(1.1072284, dtype=float32), 'eval/episode_reward/small_control_std': Array(0.00924406, dtype=float32), 'eval/episode_reward/small_velocity_std': Array(0.00346296, dtype=float32), 'eval/episode_reward/upright_std': Array(0.00269361, dtype=float32), 'eval/avg_episode_length': Array(1000., dtype=float32), 'eval/std_episode_length': Array(0., dtype=float32), 'eval/epoch_eval_time': 0.14173173904418945, 'eval/sps': 903114.5801441966}
[2025-09-23 12:52:09,600][absl][INFO] - total steps: 61931520
[2025-09-23 12:52:09,679][root][INFO] - Using JAX default device: cuda:0.
